[ 2018-09-06T10:23:28+08:00 ] 127.0.0.1 /weixiaotong2016/index.php?g=apps&m=Teacher&a=teacher_login
INFO: [ app_begin ] --START--
INFO: Run Behavior\ReadHtmlCacheBehavior [ RunTime:0.003000s ]
INFO: Run Behavior\CheckLangBehavior [ RunTime:0.004000s ]
INFO: [ app_begin ] --END-- [ RunTime:0.008000s ]
SQL: SHOW COLUMNS FROM `wxt_wxtuser` [ RunTime:0.0070s ]
SQL: SELECT `id`,`password` FROM `wxt_wxtuser` WHERE `phone` = 'root' LIMIT 1   [ RunTime:0.0290s ]

[ 2018-09-06T10:23:33+08:00 ] 127.0.0.1 /weixiaotong2016/index.php?g=apps&m=Teacher&a=teacher_login_pc
INFO: [ app_begin ] --START--
INFO: Run Behavior\ReadHtmlCacheBehavior [ RunTime:0.003000s ]
INFO: Run Behavior\CheckLangBehavior [ RunTime:0.005000s ]
INFO: [ app_begin ] --END-- [ RunTime:0.009000s ]
SQL: SHOW COLUMNS FROM `wxt_wxtuser` [ RunTime:0.0070s ]
SQL: SELECT `id`,`password` FROM `wxt_wxtuser` WHERE `phone` = '13022682231' LIMIT 1   [ RunTime:0.0010s ]
SQL: SHOW COLUMNS FROM `wxt_duty_teacher` [ RunTime:0.0310s ]
SQL: SELECT COUNT(*) AS tp_count FROM `wxt_duty_teacher` WHERE ( teacher_id=2433 ) LIMIT 1   [ RunTime:0.0060s ]
SQL: SELECT `schoolid` FROM `wxt_duty_teacher` WHERE ( teacher_id=2433 ) GROUP BY schoolid  [ RunTime:0.0000s ]
SQL: SHOW COLUMNS FROM `wxt_school` [ RunTime:0.0070s ]
SQL: SELECT `school_name` FROM `wxt_school` WHERE ( schoolid = 7 ) LIMIT 1   [ RunTime:0.0000s ]
SQL: SELECT `school_name` FROM `wxt_school` WHERE ( schoolid = 13 ) LIMIT 1   [ RunTime:0.0010s ]
SQL: SELECT `school_name` FROM `wxt_school` WHERE ( schoolid = 26 ) LIMIT 1   [ RunTime:0.0000s ]

[ 2018-09-06T15:27:10+08:00 ] 127.0.0.1 /weixiaotong2016/index.php?g=apps&m=Teacher&a=teacher_login_pc
INFO: [ app_begin ] --START--
INFO: Run Behavior\ReadHtmlCacheBehavior [ RunTime:0.001000s ]
INFO: Run Behavior\CheckLangBehavior [ RunTime:0.002000s ]
INFO: [ app_begin ] --END-- [ RunTime:0.003000s ]

[ 2018-09-06T15:27:10+08:00 ] 127.0.0.1 /weixiaotong2016/index.php?g=apps&m=Teacher&a=teacher_login
INFO: [ app_begin ] --START--
INFO: Run Behavior\ReadHtmlCacheBehavior [ RunTime:0.001000s ]
INFO: Run Behavior\CheckLangBehavior [ RunTime:0.002000s ]
INFO: [ app_begin ] --END-- [ RunTime:0.003000s ]
SQL: SHOW COLUMNS FROM `wxt_wxtuser` [ RunTime:0.0150s ]
SQL: SELECT `id`,`password` FROM `wxt_wxtuser` WHERE `phone` = '13022682231' LIMIT 1   [ RunTime:0.0120s ]

[ 2018-09-06T15:27:13+08:00 ] 127.0.0.1 /weixiaotong2016/index.php?g=apps&m=Teacher&a=teacher_login_pc
INFO: [ app_begin ] --START--
INFO: Run Behavior\ReadHtmlCacheBehavior [ RunTime:0.000000s ]
INFO: Run Behavior\CheckLangBehavior [ RunTime:0.002000s ]
INFO: [ app_begin ] --END-- [ RunTime:0.003000s ]
SQL: SHOW COLUMNS FROM `wxt_wxtuser` [ RunTime:0.0050s ]
SQL: SELECT `id`,`password` FROM `wxt_wxtuser` WHERE `phone` = '13022682231' LIMIT 1   [ RunTime:0.0020s ]
SQL: SHOW COLUMNS FROM `wxt_duty_teacher` [ RunTime:0.0060s ]
SQL: SELECT COUNT(*) AS tp_count FROM `wxt_duty_teacher` WHERE ( teacher_id=2433 ) LIMIT 1   [ RunTime:0.0000s ]
SQL: SELECT `schoolid` FROM `wxt_duty_teacher` WHERE ( teacher_id=2433 ) GROUP BY schoolid  [ RunTime:0.0010s ]
SQL: SHOW COLUMNS FROM `wxt_school` [ RunTime:0.0140s ]
SQL: SELECT `school_name` FROM `wxt_school` WHERE ( schoolid = 7 ) LIMIT 1   [ RunTime:0.0100s ]
SQL: SELECT `school_name` FROM `wxt_school` WHERE ( schoolid = 13 ) LIMIT 1   [ RunTime:0.0010s ]
SQL: SELECT `school_name` FROM `wxt_school` WHERE ( schoolid = 26 ) LIMIT 1   [ RunTime:0.0000s ]

[ 2018-09-06T15:27:14+08:00 ] 127.0.0.1 /weixiaotong2016/index.php?g=apps&m=Teacher&a=teacher_login_pc
INFO: [ app_begin ] --START--
INFO: Run Behavior\ReadHtmlCacheBehavior [ RunTime:0.001000s ]
INFO: Run Behavior\CheckLangBehavior [ RunTime:0.002000s ]
INFO: [ app_begin ] --END-- [ RunTime:0.003000s ]
SQL: SHOW COLUMNS FROM `wxt_wxtuser` [ RunTime:0.0060s ]
SQL: SELECT `id`,`password` FROM `wxt_wxtuser` WHERE `phone` = '13022682231' LIMIT 1   [ RunTime:0.0010s ]

[ 2018-09-06T15:45:37+08:00 ] 127.0.0.1 /weixiaotong2016/index.php?g=apps&m=Teacher&a=teacher_login_pc
INFO: [ app_begin ] --START--
INFO: Run Behavior\ReadHtmlCacheBehavior [ RunTime:0.001000s ]
INFO: Run Behavior\CheckLangBehavior [ RunTime:0.001000s ]
INFO: [ app_begin ] --END-- [ RunTime:0.003000s ]

[ 2018-09-06T15:45:38+08:00 ] 127.0.0.1 /weixiaotong2016/index.php?g=apps&m=Teacher&a=teacher_login
INFO: [ app_begin ] --START--
INFO: Run Behavior\ReadHtmlCacheBehavior [ RunTime:0.001000s ]
INFO: Run Behavior\CheckLangBehavior [ RunTime:0.001000s ]
INFO: [ app_begin ] --END-- [ RunTime:0.003000s ]
SQL: SHOW COLUMNS FROM `wxt_wxtuser` [ RunTime:0.0070s ]
SQL: SELECT `id`,`password` FROM `wxt_wxtuser` WHERE `phone` = '13022682231' LIMIT 1   [ RunTime:0.0020s ]

[ 2018-09-06T15:45:40+08:00 ] 127.0.0.1 /weixiaotong2016/index.php?g=apps&m=Teacher&a=teacher_login_pc
INFO: [ app_begin ] --START--
INFO: Run Behavior\ReadHtmlCacheBehavior [ RunTime:0.001000s ]
INFO: Run Behavior\CheckLangBehavior [ RunTime:0.002000s ]
INFO: [ app_begin ] --END-- [ RunTime:0.003000s ]
SQL: SHOW COLUMNS FROM `wxt_wxtuser` [ RunTime:0.0070s ]
SQL: SELECT `id`,`password` FROM `wxt_wxtuser` WHERE `phone` = '13022682231' LIMIT 1   [ RunTime:0.0010s ]

[ 2018-09-06T15:45:46+08:00 ] 127.0.0.1 /weixiaotong2016/index.php?g=apps&m=Teacher&a=teacher_login_pc
INFO: [ app_begin ] --START--
INFO: Run Behavior\ReadHtmlCacheBehavior [ RunTime:0.000000s ]
INFO: Run Behavior\CheckLangBehavior [ RunTime:0.002000s ]
INFO: [ app_begin ] --END-- [ RunTime:0.003000s ]
SQL: SHOW COLUMNS FROM `wxt_wxtuser` [ RunTime:0.0180s ]
SQL: SELECT `id`,`password` FROM `wxt_wxtuser` WHERE `phone` = '13022682231' LIMIT 1   [ RunTime:0.0010s ]
SQL: SHOW COLUMNS FROM `wxt_duty_teacher` [ RunTime:0.0070s ]
SQL: SELECT COUNT(*) AS tp_count FROM `wxt_duty_teacher` WHERE ( teacher_id=2433 ) LIMIT 1   [ RunTime:0.0000s ]
SQL: SELECT `schoolid` FROM `wxt_duty_teacher` WHERE ( teacher_id=2433 ) GROUP BY schoolid  [ RunTime:0.0000s ]
SQL: SHOW COLUMNS FROM `wxt_school` [ RunTime:0.0080s ]
SQL: SELECT `school_name` FROM `wxt_school` WHERE ( schoolid = 7 ) LIMIT 1   [ RunTime:0.0010s ]
SQL: SELECT `school_name` FROM `wxt_school` WHERE ( schoolid = 13 ) LIMIT 1   [ RunTime:0.0000s ]
SQL: SELECT `school_name` FROM `wxt_school` WHERE ( schoolid = 26 ) LIMIT 1   [ RunTime:0.0000s ]

