[ 2018-09-01T08:45:24+08:00 ] 127.0.0.1 /weixiaotong2016/index.php/Apps/Illegality/index
NOTIC: D方法实例化没找到模型类Common\Model\IllegalityModel
NOTIC: D方法实例化没找到模型类Common\Model\IllegalityStudentModel
NOTIC: D方法实例化没找到模型类Common\Model\IllegalityTypeDetailModel
NOTIC: D方法实例化没找到模型类Common\Model\IllegalityTypeModel
NOTIC: D方法实例化没找到模型类Common\Model\EducationTypeModel

[ 2018-09-01T08:45:37+08:00 ] 127.0.0.1 /weixiaotong2016/index.php?g=apps&m=Teacher&a=teacher_login
INFO: [ app_begin ] --START--
INFO: Run Behavior\ReadHtmlCacheBehavior [ RunTime:0.000000s ]
INFO: Run Behavior\CheckLangBehavior [ RunTime:0.001000s ]
INFO: [ app_begin ] --END-- [ RunTime:0.002000s ]
SQL: SHOW COLUMNS FROM `wxt_wxtuser` [ RunTime:0.0120s ]
SQL: SELECT `id`,`password` FROM `wxt_wxtuser` WHERE `phone` = 'root' LIMIT 1   [ RunTime:0.0160s ]

[ 2018-09-01T08:45:48+08:00 ] 127.0.0.1 /weixiaotong2016/index.php?g=apps&m=Teacher&a=teacher_login_pc
INFO: [ app_begin ] --START--
INFO: Run Behavior\ReadHtmlCacheBehavior [ RunTime:0.001000s ]
INFO: Run Behavior\CheckLangBehavior [ RunTime:0.000000s ]
INFO: [ app_begin ] --END-- [ RunTime:0.002001s ]
SQL: SHOW COLUMNS FROM `wxt_wxtuser` [ RunTime:0.0110s ]
SQL: SELECT `id`,`password` FROM `wxt_wxtuser` WHERE `phone` = '13022682231' LIMIT 1   [ RunTime:0.0020s ]
SQL: SHOW COLUMNS FROM `wxt_duty_teacher` [ RunTime:0.0290s ]
SQL: SELECT COUNT(*) AS tp_count FROM `wxt_duty_teacher` WHERE ( teacher_id=2433 ) LIMIT 1   [ RunTime:0.0210s ]
SQL: SELECT `schoolid` FROM `wxt_duty_teacher` WHERE ( teacher_id=2433 ) GROUP BY schoolid  [ RunTime:0.0020s ]
SQL: SHOW COLUMNS FROM `wxt_school` [ RunTime:0.0160s ]
SQL: SELECT `school_name` FROM `wxt_school` WHERE ( schoolid = 7 ) LIMIT 1   [ RunTime:0.0000s ]
SQL: SELECT `school_name` FROM `wxt_school` WHERE ( schoolid = 13 ) LIMIT 1   [ RunTime:0.0000s ]
SQL: SELECT `school_name` FROM `wxt_school` WHERE ( schoolid = 26 ) LIMIT 1   [ RunTime:0.0000s ]

[ 2018-09-01T08:45:53+08:00 ] 127.0.0.1 /weixiaotong2016/index.php/Apps/Illegality/index
NOTIC: D方法实例化没找到模型类Common\Model\IllegalityModel
NOTIC: D方法实例化没找到模型类Common\Model\IllegalityStudentModel
NOTIC: D方法实例化没找到模型类Common\Model\IllegalityTypeDetailModel
NOTIC: D方法实例化没找到模型类Common\Model\IllegalityTypeModel
NOTIC: D方法实例化没找到模型类Common\Model\EducationTypeModel

[ 2018-09-01T09:06:14+08:00 ] 127.0.0.1 /weixiaotong2016/index.php/Apps/Illegality/index?type=1
NOTIC: D方法实例化没找到模型类Common\Model\IllegalityModel
NOTIC: D方法实例化没找到模型类Common\Model\IllegalityStudentModel
NOTIC: D方法实例化没找到模型类Common\Model\IllegalityTypeDetailModel
NOTIC: D方法实例化没找到模型类Common\Model\IllegalityTypeModel
NOTIC: D方法实例化没找到模型类Common\Model\EducationTypeModel

[ 2018-09-01T09:06:20+08:00 ] 127.0.0.1 /weixiaotong2016/index.php/Apps/Illegality/index?type=1
NOTIC: D方法实例化没找到模型类Common\Model\IllegalityModel
NOTIC: D方法实例化没找到模型类Common\Model\IllegalityStudentModel
NOTIC: D方法实例化没找到模型类Common\Model\IllegalityTypeDetailModel
NOTIC: D方法实例化没找到模型类Common\Model\IllegalityTypeModel
NOTIC: D方法实例化没找到模型类Common\Model\EducationTypeModel

[ 2018-09-01T09:09:12+08:00 ] 127.0.0.1 /weixiaotong2016/index.php/Apps/Illegality/index?type=1
NOTIC: D方法实例化没找到模型类Common\Model\IllegalityModel
NOTIC: D方法实例化没找到模型类Common\Model\IllegalityStudentModel
NOTIC: D方法实例化没找到模型类Common\Model\IllegalityTypeDetailModel
NOTIC: D方法实例化没找到模型类Common\Model\IllegalityTypeModel
NOTIC: D方法实例化没找到模型类Common\Model\EducationTypeModel

[ 2018-09-01T09:09:56+08:00 ] 127.0.0.1 /weixiaotong2016/index.php/Apps/Illegality/index?type=1
NOTIC: D方法实例化没找到模型类Common\Model\IllegalityModel
NOTIC: D方法实例化没找到模型类Common\Model\IllegalityStudentModel
NOTIC: D方法实例化没找到模型类Common\Model\IllegalityTypeDetailModel
NOTIC: D方法实例化没找到模型类Common\Model\IllegalityTypeModel
NOTIC: D方法实例化没找到模型类Common\Model\EducationTypeModel

[ 2018-09-01T09:29:26+08:00 ] 127.0.0.1 /weixiaotong2016/index.php/Apps/Illegality/index?type=1
NOTIC: D方法实例化没找到模型类Common\Model\IllegalityModel
NOTIC: D方法实例化没找到模型类Common\Model\IllegalityStudentModel
NOTIC: D方法实例化没找到模型类Common\Model\IllegalityTypeDetailModel
NOTIC: D方法实例化没找到模型类Common\Model\IllegalityTypeModel
NOTIC: D方法实例化没找到模型类Common\Model\EducationTypeModel

[ 2018-09-01T09:31:39+08:00 ] 127.0.0.1 /weixiaotong2016/index.php/Apps/Illegality/index?type=1
NOTIC: D方法实例化没找到模型类Common\Model\IllegalityModel
NOTIC: D方法实例化没找到模型类Common\Model\IllegalityStudentModel
NOTIC: D方法实例化没找到模型类Common\Model\IllegalityTypeDetailModel
NOTIC: D方法实例化没找到模型类Common\Model\IllegalityTypeModel
NOTIC: D方法实例化没找到模型类Common\Model\EducationTypeModel
ERR: SQLSTATE[23000]: Integrity constraint violation: 1052 Column 'id' in field list is ambiguous

[ 2018-09-01T09:32:05+08:00 ] 127.0.0.1 /weixiaotong2016/index.php/Apps/Illegality/index?type=1
NOTIC: D方法实例化没找到模型类Common\Model\IllegalityModel
NOTIC: D方法实例化没找到模型类Common\Model\IllegalityStudentModel
NOTIC: D方法实例化没找到模型类Common\Model\IllegalityTypeDetailModel
NOTIC: D方法实例化没找到模型类Common\Model\IllegalityTypeModel
NOTIC: D方法实例化没找到模型类Common\Model\EducationTypeModel

[ 2018-09-01T09:32:19+08:00 ] 127.0.0.1 /weixiaotong2016/index.php/Apps/Illegality/index?type=1
NOTIC: D方法实例化没找到模型类Common\Model\IllegalityModel
NOTIC: D方法实例化没找到模型类Common\Model\IllegalityStudentModel
NOTIC: D方法实例化没找到模型类Common\Model\IllegalityTypeDetailModel
NOTIC: D方法实例化没找到模型类Common\Model\IllegalityTypeModel
NOTIC: D方法实例化没找到模型类Common\Model\EducationTypeModel

[ 2018-09-01T09:32:32+08:00 ] 127.0.0.1 /weixiaotong2016/index.php/Apps/Illegality/index?type=1
NOTIC: D方法实例化没找到模型类Common\Model\IllegalityModel
NOTIC: D方法实例化没找到模型类Common\Model\IllegalityStudentModel
NOTIC: D方法实例化没找到模型类Common\Model\IllegalityTypeDetailModel
NOTIC: D方法实例化没找到模型类Common\Model\IllegalityTypeModel
NOTIC: D方法实例化没找到模型类Common\Model\EducationTypeModel

[ 2018-09-01T09:32:46+08:00 ] 127.0.0.1 /weixiaotong2016/index.php/Apps/Illegality/index?type=1
NOTIC: D方法实例化没找到模型类Common\Model\IllegalityModel
NOTIC: D方法实例化没找到模型类Common\Model\IllegalityStudentModel
NOTIC: D方法实例化没找到模型类Common\Model\IllegalityTypeDetailModel
NOTIC: D方法实例化没找到模型类Common\Model\IllegalityTypeModel
NOTIC: D方法实例化没找到模型类Common\Model\EducationTypeModel

[ 2018-09-01T09:33:16+08:00 ] 127.0.0.1 /weixiaotong2016/index.php/Apps/Illegality/index?type=2
NOTIC: D方法实例化没找到模型类Common\Model\IllegalityModel
NOTIC: D方法实例化没找到模型类Common\Model\IllegalityStudentModel
NOTIC: D方法实例化没找到模型类Common\Model\IllegalityTypeDetailModel
NOTIC: D方法实例化没找到模型类Common\Model\IllegalityTypeModel
NOTIC: D方法实例化没找到模型类Common\Model\EducationTypeModel

[ 2018-09-01T09:33:35+08:00 ] 127.0.0.1 /weixiaotong2016/index.php/Apps/Illegality/index?type=2
NOTIC: D方法实例化没找到模型类Common\Model\IllegalityModel
NOTIC: D方法实例化没找到模型类Common\Model\IllegalityStudentModel
NOTIC: D方法实例化没找到模型类Common\Model\IllegalityTypeDetailModel
NOTIC: D方法实例化没找到模型类Common\Model\IllegalityTypeModel
NOTIC: D方法实例化没找到模型类Common\Model\EducationTypeModel

[ 2018-09-01T09:33:35+08:00 ] 127.0.0.1 /weixiaotong2016/index.php/Apps/Illegality/index?type=2
NOTIC: D方法实例化没找到模型类Common\Model\IllegalityModel
NOTIC: D方法实例化没找到模型类Common\Model\IllegalityStudentModel
NOTIC: D方法实例化没找到模型类Common\Model\IllegalityTypeDetailModel
NOTIC: D方法实例化没找到模型类Common\Model\IllegalityTypeModel
NOTIC: D方法实例化没找到模型类Common\Model\EducationTypeModel

[ 2018-09-01T09:33:36+08:00 ] 127.0.0.1 /weixiaotong2016/index.php/Apps/Illegality/index?type=2
NOTIC: D方法实例化没找到模型类Common\Model\IllegalityModel
NOTIC: D方法实例化没找到模型类Common\Model\IllegalityStudentModel
NOTIC: D方法实例化没找到模型类Common\Model\IllegalityTypeDetailModel
NOTIC: D方法实例化没找到模型类Common\Model\IllegalityTypeModel
NOTIC: D方法实例化没找到模型类Common\Model\EducationTypeModel

[ 2018-09-01T09:33:36+08:00 ] 127.0.0.1 /weixiaotong2016/index.php/Apps/Illegality/index?type=2
NOTIC: D方法实例化没找到模型类Common\Model\IllegalityModel
NOTIC: D方法实例化没找到模型类Common\Model\IllegalityStudentModel
NOTIC: D方法实例化没找到模型类Common\Model\IllegalityTypeDetailModel
NOTIC: D方法实例化没找到模型类Common\Model\IllegalityTypeModel
NOTIC: D方法实例化没找到模型类Common\Model\EducationTypeModel

[ 2018-09-01T09:33:36+08:00 ] 127.0.0.1 /weixiaotong2016/index.php/Apps/Illegality/index?type=2
NOTIC: D方法实例化没找到模型类Common\Model\IllegalityModel
NOTIC: D方法实例化没找到模型类Common\Model\IllegalityStudentModel
NOTIC: D方法实例化没找到模型类Common\Model\IllegalityTypeDetailModel
NOTIC: D方法实例化没找到模型类Common\Model\IllegalityTypeModel
NOTIC: D方法实例化没找到模型类Common\Model\EducationTypeModel

[ 2018-09-01T09:33:56+08:00 ] 127.0.0.1 /weixiaotong2016/index.php/Apps/Illegality/index?type=2
NOTIC: D方法实例化没找到模型类Common\Model\IllegalityModel
NOTIC: D方法实例化没找到模型类Common\Model\IllegalityStudentModel
NOTIC: D方法实例化没找到模型类Common\Model\IllegalityTypeDetailModel
NOTIC: D方法实例化没找到模型类Common\Model\IllegalityTypeModel
NOTIC: D方法实例化没找到模型类Common\Model\EducationTypeModel

[ 2018-09-01T09:34:09+08:00 ] 127.0.0.1 /weixiaotong2016/index.php/Apps/Illegality/index?type=2
NOTIC: D方法实例化没找到模型类Common\Model\IllegalityModel
NOTIC: D方法实例化没找到模型类Common\Model\IllegalityStudentModel
NOTIC: D方法实例化没找到模型类Common\Model\IllegalityTypeDetailModel
NOTIC: D方法实例化没找到模型类Common\Model\IllegalityTypeModel
NOTIC: D方法实例化没找到模型类Common\Model\EducationTypeModel

[ 2018-09-01T09:37:38+08:00 ] 127.0.0.1 /weixiaotong2016/index.php/Apps/Illegality/index?type=2
NOTIC: D方法实例化没找到模型类Common\Model\IllegalityModel
NOTIC: D方法实例化没找到模型类Common\Model\IllegalityStudentModel
NOTIC: D方法实例化没找到模型类Common\Model\IllegalityTypeDetailModel
NOTIC: D方法实例化没找到模型类Common\Model\IllegalityTypeModel
NOTIC: D方法实例化没找到模型类Common\Model\EducationTypeModel

[ 2018-09-01T09:37:51+08:00 ] 127.0.0.1 /weixiaotong2016/index.php/Apps/Illegality/index?type=2
NOTIC: D方法实例化没找到模型类Common\Model\IllegalityModel
NOTIC: D方法实例化没找到模型类Common\Model\IllegalityStudentModel
NOTIC: D方法实例化没找到模型类Common\Model\IllegalityTypeDetailModel
NOTIC: D方法实例化没找到模型类Common\Model\IllegalityTypeModel
NOTIC: D方法实例化没找到模型类Common\Model\EducationTypeModel

[ 2018-09-01T09:43:41+08:00 ] 127.0.0.1 /weixiaotong2016/index.php/Apps/Illegality_detail?id=%201
ERR: 无法加载控制器:Illegality_detail

[ 2018-09-01T09:43:56+08:00 ] 127.0.0.1 /weixiaotong2016/index.php/Apps/Illegality/Illegality_detail?id=1
NOTIC: D方法实例化没找到模型类Common\Model\IllegalityModel
NOTIC: D方法实例化没找到模型类Common\Model\IllegalityStudentModel
NOTIC: D方法实例化没找到模型类Common\Model\IllegalityTypeDetailModel
NOTIC: D方法实例化没找到模型类Common\Model\IllegalityTypeModel
NOTIC: D方法实例化没找到模型类Common\Model\EducationTypeModel

[ 2018-09-01T09:44:07+08:00 ] 127.0.0.1 /weixiaotong2016/index.php/Apps/Illegality/Illegality_detail?id=1
NOTIC: D方法实例化没找到模型类Common\Model\IllegalityModel
NOTIC: D方法实例化没找到模型类Common\Model\IllegalityStudentModel
NOTIC: D方法实例化没找到模型类Common\Model\IllegalityTypeDetailModel
NOTIC: D方法实例化没找到模型类Common\Model\IllegalityTypeModel
NOTIC: D方法实例化没找到模型类Common\Model\EducationTypeModel

[ 2018-09-01T10:22:15+08:00 ] 127.0.0.1 /weixiaotong2016/index.php/Apps/Illegality/Illegality_detail?id=1
NOTIC: D方法实例化没找到模型类Common\Model\IllegalityModel
NOTIC: D方法实例化没找到模型类Common\Model\IllegalityStudentModel
NOTIC: D方法实例化没找到模型类Common\Model\IllegalityTypeDetailModel
NOTIC: D方法实例化没找到模型类Common\Model\IllegalityTypeModel
NOTIC: D方法实例化没找到模型类Common\Model\EducationTypeModel

[ 2018-09-01T10:22:22+08:00 ] 127.0.0.1 /weixiaotong2016/index.php/Apps/Illegality/Illegality_detail?id=1
NOTIC: D方法实例化没找到模型类Common\Model\IllegalityModel
NOTIC: D方法实例化没找到模型类Common\Model\IllegalityStudentModel
NOTIC: D方法实例化没找到模型类Common\Model\IllegalityTypeDetailModel
NOTIC: D方法实例化没找到模型类Common\Model\IllegalityTypeModel
NOTIC: D方法实例化没找到模型类Common\Model\EducationTypeModel

[ 2018-09-01T10:23:37+08:00 ] 127.0.0.1 /weixiaotong2016/index.php/Apps/Illegality/Illegality_detail?id=1
NOTIC: D方法实例化没找到模型类Common\Model\IllegalityModel
NOTIC: D方法实例化没找到模型类Common\Model\IllegalityStudentModel
NOTIC: D方法实例化没找到模型类Common\Model\IllegalityTypeDetailModel
NOTIC: D方法实例化没找到模型类Common\Model\IllegalityTypeModel
NOTIC: D方法实例化没找到模型类Common\Model\EducationTypeModel

[ 2018-09-01T10:26:03+08:00 ] 127.0.0.1 /weixiaotong2016/index.php/Apps/Illegality/Illegality_detail?id=1
NOTIC: D方法实例化没找到模型类Common\Model\IllegalityModel
NOTIC: D方法实例化没找到模型类Common\Model\IllegalityStudentModel
NOTIC: D方法实例化没找到模型类Common\Model\IllegalityTypeDetailModel
NOTIC: D方法实例化没找到模型类Common\Model\IllegalityTypeModel
NOTIC: D方法实例化没找到模型类Common\Model\EducationTypeModel

[ 2018-09-01T10:26:18+08:00 ] 127.0.0.1 /weixiaotong2016/index.php/Apps/Illegality/Illegality_detail?id=1
NOTIC: D方法实例化没找到模型类Common\Model\IllegalityModel
NOTIC: D方法实例化没找到模型类Common\Model\IllegalityStudentModel
NOTIC: D方法实例化没找到模型类Common\Model\IllegalityTypeDetailModel
NOTIC: D方法实例化没找到模型类Common\Model\IllegalityTypeModel
NOTIC: D方法实例化没找到模型类Common\Model\EducationTypeModel

[ 2018-09-01T10:26:35+08:00 ] 127.0.0.1 /weixiaotong2016/index.php/Apps/Illegality/Illegality_detail?id=1
NOTIC: D方法实例化没找到模型类Common\Model\IllegalityModel
NOTIC: D方法实例化没找到模型类Common\Model\IllegalityStudentModel
NOTIC: D方法实例化没找到模型类Common\Model\IllegalityTypeDetailModel
NOTIC: D方法实例化没找到模型类Common\Model\IllegalityTypeModel
NOTIC: D方法实例化没找到模型类Common\Model\EducationTypeModel

[ 2018-09-01T10:27:13+08:00 ] 127.0.0.1 /weixiaotong2016/index.php/Apps/Illegality/Illegality_detail?id=1
NOTIC: D方法实例化没找到模型类Common\Model\IllegalityModel
NOTIC: D方法实例化没找到模型类Common\Model\IllegalityStudentModel
NOTIC: D方法实例化没找到模型类Common\Model\IllegalityTypeDetailModel
NOTIC: D方法实例化没找到模型类Common\Model\IllegalityTypeModel
NOTIC: D方法实例化没找到模型类Common\Model\EducationTypeModel

[ 2018-09-01T10:27:26+08:00 ] 127.0.0.1 /weixiaotong2016/index.php/Apps/Illegality/Illegality_detail?id=1
NOTIC: D方法实例化没找到模型类Common\Model\IllegalityModel
NOTIC: D方法实例化没找到模型类Common\Model\IllegalityStudentModel
NOTIC: D方法实例化没找到模型类Common\Model\IllegalityTypeDetailModel
NOTIC: D方法实例化没找到模型类Common\Model\IllegalityTypeModel
NOTIC: D方法实例化没找到模型类Common\Model\EducationTypeModel

[ 2018-09-01T10:27:43+08:00 ] 127.0.0.1 /weixiaotong2016/index.php/Apps/Illegality/Illegality_detail?id=1
NOTIC: D方法实例化没找到模型类Common\Model\IllegalityModel
NOTIC: D方法实例化没找到模型类Common\Model\IllegalityStudentModel
NOTIC: D方法实例化没找到模型类Common\Model\IllegalityTypeDetailModel
NOTIC: D方法实例化没找到模型类Common\Model\IllegalityTypeModel
NOTIC: D方法实例化没找到模型类Common\Model\EducationTypeModel

[ 2018-09-01T10:28:23+08:00 ] 127.0.0.1 /weixiaotong2016/index.php/Apps/Illegality/Illegality_detail?id=1
NOTIC: D方法实例化没找到模型类Common\Model\IllegalityModel
NOTIC: D方法实例化没找到模型类Common\Model\IllegalityStudentModel
NOTIC: D方法实例化没找到模型类Common\Model\IllegalityTypeDetailModel
NOTIC: D方法实例化没找到模型类Common\Model\IllegalityTypeModel
NOTIC: D方法实例化没找到模型类Common\Model\EducationTypeModel

[ 2018-09-01T13:38:33+08:00 ] 127.0.0.1 /weixiaotong2016/index.php?g=apps&m=Teacher&a=teacher_login_pc
INFO: [ app_begin ] --START--
INFO: Run Behavior\ReadHtmlCacheBehavior [ RunTime:0.001000s ]
INFO: Run Behavior\CheckLangBehavior [ RunTime:0.001000s ]
INFO: [ app_begin ] --END-- [ RunTime:0.002000s ]

[ 2018-09-01T13:38:33+08:00 ] 127.0.0.1 /weixiaotong2016/index.php?g=apps&m=Teacher&a=teacher_login
INFO: [ app_begin ] --START--
INFO: Run Behavior\ReadHtmlCacheBehavior [ RunTime:0.001000s ]
INFO: Run Behavior\CheckLangBehavior [ RunTime:0.001000s ]
INFO: [ app_begin ] --END-- [ RunTime:0.002000s ]
SQL: SHOW COLUMNS FROM `wxt_wxtuser` [ RunTime:0.0080s ]
SQL: SELECT `id`,`password` FROM `wxt_wxtuser` WHERE `phone` = '13022682231' LIMIT 1   [ RunTime:0.0020s ]

[ 2018-09-01T13:38:42+08:00 ] 127.0.0.1 /weixiaotong2016/index.php?g=apps&m=Teacher&a=teacher_login_pc
INFO: [ app_begin ] --START--
INFO: Run Behavior\ReadHtmlCacheBehavior [ RunTime:0.002000s ]
INFO: Run Behavior\CheckLangBehavior [ RunTime:0.001000s ]
INFO: [ app_begin ] --END-- [ RunTime:0.003000s ]
SQL: SHOW COLUMNS FROM `wxt_wxtuser` [ RunTime:0.0080s ]
SQL: SELECT `id`,`password` FROM `wxt_wxtuser` WHERE `phone` = '13022682231' LIMIT 1   [ RunTime:0.0020s ]
SQL: SHOW COLUMNS FROM `wxt_duty_teacher` [ RunTime:0.0090s ]
SQL: SELECT COUNT(*) AS tp_count FROM `wxt_duty_teacher` WHERE ( teacher_id=2433 ) LIMIT 1   [ RunTime:0.0000s ]
SQL: SELECT `schoolid` FROM `wxt_duty_teacher` WHERE ( teacher_id=2433 ) GROUP BY schoolid  [ RunTime:0.0010s ]
SQL: SHOW COLUMNS FROM `wxt_school` [ RunTime:0.0080s ]
SQL: SELECT `school_name` FROM `wxt_school` WHERE ( schoolid = 7 ) LIMIT 1   [ RunTime:0.0010s ]
SQL: SELECT `school_name` FROM `wxt_school` WHERE ( schoolid = 13 ) LIMIT 1   [ RunTime:0.0000s ]
SQL: SELECT `school_name` FROM `wxt_school` WHERE ( schoolid = 26 ) LIMIT 1   [ RunTime:0.0000s ]

[ 2018-09-01T14:51:48+08:00 ] 127.0.0.1 /weixiaotong2016/index.php/Apps/Illegality/index
NOTIC: D方法实例化没找到模型类Common\Model\IllegalityModel
NOTIC: D方法实例化没找到模型类Common\Model\IllegalityStudentModel
NOTIC: D方法实例化没找到模型类Common\Model\IllegalityTypeDetailModel
NOTIC: D方法实例化没找到模型类Common\Model\IllegalityTypeModel
NOTIC: D方法实例化没找到模型类Common\Model\EducationTypeModel
ERR: SQLSTATE[42000]: Syntax error or access violation: 1064 You have an error in your SQL syntax; check the manual that corresponds to your MySQL server version for the right syntax to use near '-10,10' at line 1

[ 2018-09-01T14:52:21+08:00 ] 127.0.0.1 /weixiaotong2016/index.php/Apps/Illegality/index?schoolid=7&page=1&num=10
NOTIC: D方法实例化没找到模型类Common\Model\IllegalityModel
NOTIC: D方法实例化没找到模型类Common\Model\IllegalityStudentModel
NOTIC: D方法实例化没找到模型类Common\Model\IllegalityTypeDetailModel
NOTIC: D方法实例化没找到模型类Common\Model\IllegalityTypeModel
NOTIC: D方法实例化没找到模型类Common\Model\EducationTypeModel

[ 2018-09-01T14:52:37+08:00 ] 127.0.0.1 /weixiaotong2016/index.php/Apps/Illegality/index?schoolid=7&page=1&num=10
NOTIC: D方法实例化没找到模型类Common\Model\IllegalityModel
NOTIC: D方法实例化没找到模型类Common\Model\IllegalityStudentModel
NOTIC: D方法实例化没找到模型类Common\Model\IllegalityTypeDetailModel
NOTIC: D方法实例化没找到模型类Common\Model\IllegalityTypeModel
NOTIC: D方法实例化没找到模型类Common\Model\EducationTypeModel

[ 2018-09-01T14:52:58+08:00 ] 127.0.0.1 /weixiaotong2016/index.php/Apps/Illegality/index?schoolid=7&page=1&num=10
NOTIC: D方法实例化没找到模型类Common\Model\IllegalityModel
NOTIC: D方法实例化没找到模型类Common\Model\IllegalityStudentModel
NOTIC: D方法实例化没找到模型类Common\Model\IllegalityTypeDetailModel
NOTIC: D方法实例化没找到模型类Common\Model\IllegalityTypeModel
NOTIC: D方法实例化没找到模型类Common\Model\EducationTypeModel

[ 2018-09-01T14:54:19+08:00 ] 127.0.0.1 /weixiaotong2016/index.php/Apps/Illegality/index?schoolid=7&page=1&num=10
NOTIC: D方法实例化没找到模型类Common\Model\IllegalityModel
NOTIC: D方法实例化没找到模型类Common\Model\IllegalityStudentModel
NOTIC: D方法实例化没找到模型类Common\Model\IllegalityTypeDetailModel
NOTIC: D方法实例化没找到模型类Common\Model\IllegalityTypeModel
NOTIC: D方法实例化没找到模型类Common\Model\EducationTypeModel

[ 2018-09-01T14:54:29+08:00 ] 127.0.0.1 /weixiaotong2016/index.php/Apps/Illegality/index?schoolid=7&page=1&num=10
NOTIC: D方法实例化没找到模型类Common\Model\IllegalityModel
NOTIC: D方法实例化没找到模型类Common\Model\IllegalityStudentModel
NOTIC: D方法实例化没找到模型类Common\Model\IllegalityTypeDetailModel
NOTIC: D方法实例化没找到模型类Common\Model\IllegalityTypeModel
NOTIC: D方法实例化没找到模型类Common\Model\EducationTypeModel

[ 2018-09-01T14:54:59+08:00 ] 127.0.0.1 /weixiaotong2016/index.php/Apps/Illegality/index?schoolid=7&page=1&num=10
NOTIC: D方法实例化没找到模型类Common\Model\IllegalityModel
NOTIC: D方法实例化没找到模型类Common\Model\IllegalityStudentModel
NOTIC: D方法实例化没找到模型类Common\Model\IllegalityTypeDetailModel
NOTIC: D方法实例化没找到模型类Common\Model\IllegalityTypeModel
NOTIC: D方法实例化没找到模型类Common\Model\EducationTypeModel

[ 2018-09-01T14:58:50+08:00 ] 127.0.0.1 /weixiaotong2016/index.php/Apps/Illegality/Illegality_detail?id=1&schoolid=7
NOTIC: D方法实例化没找到模型类Common\Model\IllegalityModel
NOTIC: D方法实例化没找到模型类Common\Model\IllegalityStudentModel
NOTIC: D方法实例化没找到模型类Common\Model\IllegalityTypeDetailModel
NOTIC: D方法实例化没找到模型类Common\Model\IllegalityTypeModel
NOTIC: D方法实例化没找到模型类Common\Model\EducationTypeModel

[ 2018-09-01T14:59:25+08:00 ] 127.0.0.1 /weixiaotong2016/index.php/Apps/Illegality/Illegality_detail?id=1&schoolid=7
NOTIC: D方法实例化没找到模型类Common\Model\IllegalityModel
NOTIC: D方法实例化没找到模型类Common\Model\IllegalityStudentModel
NOTIC: D方法实例化没找到模型类Common\Model\IllegalityTypeDetailModel
NOTIC: D方法实例化没找到模型类Common\Model\IllegalityTypeModel
NOTIC: D方法实例化没找到模型类Common\Model\EducationTypeModel

[ 2018-09-01T14:59:59+08:00 ] 127.0.0.1 /weixiaotong2016/index.php/Apps/Illegality/Illegality_detail?id=1&schoolid=7
NOTIC: D方法实例化没找到模型类Common\Model\IllegalityModel
NOTIC: D方法实例化没找到模型类Common\Model\IllegalityStudentModel
NOTIC: D方法实例化没找到模型类Common\Model\IllegalityTypeDetailModel
NOTIC: D方法实例化没找到模型类Common\Model\IllegalityTypeModel
NOTIC: D方法实例化没找到模型类Common\Model\EducationTypeModel

[ 2018-09-01T15:00:05+08:00 ] 127.0.0.1 /weixiaotong2016/index.php/Apps/Illegality/Illegality_detail?id=1&schoolid=7
NOTIC: D方法实例化没找到模型类Common\Model\IllegalityModel
NOTIC: D方法实例化没找到模型类Common\Model\IllegalityStudentModel
NOTIC: D方法实例化没找到模型类Common\Model\IllegalityTypeDetailModel
NOTIC: D方法实例化没找到模型类Common\Model\IllegalityTypeModel
NOTIC: D方法实例化没找到模型类Common\Model\EducationTypeModel

[ 2018-09-01T15:00:18+08:00 ] 127.0.0.1 /weixiaotong2016/index.php/Apps/Illegality/Illegality_detail?id=1&schoolid=7
NOTIC: D方法实例化没找到模型类Common\Model\IllegalityModel
NOTIC: D方法实例化没找到模型类Common\Model\IllegalityStudentModel
NOTIC: D方法实例化没找到模型类Common\Model\IllegalityTypeDetailModel
NOTIC: D方法实例化没找到模型类Common\Model\IllegalityTypeModel
NOTIC: D方法实例化没找到模型类Common\Model\EducationTypeModel

[ 2018-09-01T15:00:38+08:00 ] 127.0.0.1 /weixiaotong2016/index.php/Apps/Illegality/Illegality_detail?id=1&schoolid=7
NOTIC: D方法实例化没找到模型类Common\Model\IllegalityModel
NOTIC: D方法实例化没找到模型类Common\Model\IllegalityStudentModel
NOTIC: D方法实例化没找到模型类Common\Model\IllegalityTypeDetailModel
NOTIC: D方法实例化没找到模型类Common\Model\IllegalityTypeModel
NOTIC: D方法实例化没找到模型类Common\Model\EducationTypeModel

[ 2018-09-01T15:00:51+08:00 ] 127.0.0.1 /weixiaotong2016/index.php/Apps/Illegality/Illegality_detail?id=1&schoolid=7
NOTIC: D方法实例化没找到模型类Common\Model\IllegalityModel
NOTIC: D方法实例化没找到模型类Common\Model\IllegalityStudentModel
NOTIC: D方法实例化没找到模型类Common\Model\IllegalityTypeDetailModel
NOTIC: D方法实例化没找到模型类Common\Model\IllegalityTypeModel
NOTIC: D方法实例化没找到模型类Common\Model\EducationTypeModel

[ 2018-09-01T15:01:24+08:00 ] 127.0.0.1 /weixiaotong2016/index.php/Apps/Illegality/Illegality_detail?id=1&schoolid=7
NOTIC: D方法实例化没找到模型类Common\Model\IllegalityModel
NOTIC: D方法实例化没找到模型类Common\Model\IllegalityStudentModel
NOTIC: D方法实例化没找到模型类Common\Model\IllegalityTypeDetailModel
NOTIC: D方法实例化没找到模型类Common\Model\IllegalityTypeModel
NOTIC: D方法实例化没找到模型类Common\Model\EducationTypeModel

[ 2018-09-01T15:01:41+08:00 ] 127.0.0.1 /weixiaotong2016/index.php/Apps/Illegality/Illegality_detail?id=1&schoolid=7
NOTIC: D方法实例化没找到模型类Common\Model\IllegalityModel
NOTIC: D方法实例化没找到模型类Common\Model\IllegalityStudentModel
NOTIC: D方法实例化没找到模型类Common\Model\IllegalityTypeDetailModel
NOTIC: D方法实例化没找到模型类Common\Model\IllegalityTypeModel
NOTIC: D方法实例化没找到模型类Common\Model\EducationTypeModel

[ 2018-09-01T17:48:26+08:00 ] 127.0.0.1 /weixiaotong2016/index.php/Apps/Illegality/Illegality_detail?id=1&schoolid=7
NOTIC: D方法实例化没找到模型类Common\Model\IllegalityModel
NOTIC: D方法实例化没找到模型类Common\Model\IllegalityStudentModel
NOTIC: D方法实例化没找到模型类Common\Model\IllegalityTypeDetailModel
NOTIC: D方法实例化没找到模型类Common\Model\IllegalityTypeModel
NOTIC: D方法实例化没找到模型类Common\Model\EducationTypeModel

