[ 2018-09-10T08:39:35+08:00 ] 127.0.0.1 /weixiaotong2016/index.php?g=apps&m=Teacher&a=teacher_login
INFO: [ app_begin ] --START--
INFO: Run Behavior\ReadHtmlCacheBehavior [ RunTime:0.001000s ]
INFO: Run Behavior\CheckLangBehavior [ RunTime:0.001000s ]
INFO: [ app_begin ] --END-- [ RunTime:0.003000s ]
SQL: SHOW COLUMNS FROM `wxt_wxtuser` [ RunTime:0.0220s ]
SQL: SELECT `id`,`password` FROM `wxt_wxtuser` WHERE `phone` = 'root' LIMIT 1   [ RunTime:0.0310s ]

[ 2018-09-10T08:39:41+08:00 ] 127.0.0.1 /weixiaotong2016/index.php?g=apps&m=Teacher&a=teacher_login
INFO: [ app_begin ] --START--
INFO: Run Behavior\ReadHtmlCacheBehavior [ RunTime:0.000000s ]
INFO: Run Behavior\CheckLangBehavior [ RunTime:0.001000s ]
INFO: [ app_begin ] --END-- [ RunTime:0.002000s ]
SQL: SHOW COLUMNS FROM `wxt_wxtuser` [ RunTime:0.0150s ]
SQL: SELECT `id`,`password` FROM `wxt_wxtuser` WHERE `phone` = '13022682231' LIMIT 1   [ RunTime:0.0020s ]

[ 2018-09-10T08:39:53+08:00 ] 127.0.0.1 /weixiaotong2016/index.php?g=apps&m=Teacher&a=teacher_login_pc
INFO: [ app_begin ] --START--
INFO: Run Behavior\ReadHtmlCacheBehavior [ RunTime:0.000000s ]
INFO: Run Behavior\CheckLangBehavior [ RunTime:0.001000s ]
INFO: [ app_begin ] --END-- [ RunTime:0.002000s ]
SQL: SHOW COLUMNS FROM `wxt_wxtuser` [ RunTime:0.0110s ]
SQL: SELECT `id`,`password` FROM `wxt_wxtuser` WHERE `phone` = '13022682231' LIMIT 1   [ RunTime:0.0020s ]
SQL: SHOW COLUMNS FROM `wxt_duty_teacher` [ RunTime:0.0130s ]
SQL: SELECT COUNT(*) AS tp_count FROM `wxt_duty_teacher` WHERE ( teacher_id=2433 ) LIMIT 1   [ RunTime:0.0010s ]
SQL: SELECT `schoolid` FROM `wxt_duty_teacher` WHERE ( teacher_id=2433 ) GROUP BY schoolid  [ RunTime:0.0020s ]
SQL: SHOW COLUMNS FROM `wxt_school` [ RunTime:0.0110s ]
SQL: SELECT `school_name` FROM `wxt_school` WHERE ( schoolid = 7 ) LIMIT 1   [ RunTime:0.0000s ]
SQL: SELECT `school_name` FROM `wxt_school` WHERE ( schoolid = 13 ) LIMIT 1   [ RunTime:0.0000s ]
SQL: SELECT `school_name` FROM `wxt_school` WHERE ( schoolid = 26 ) LIMIT 1   [ RunTime:0.0010s ]

[ 2018-09-10T16:01:22+08:00 ] 127.0.0.1 /weixiaotong2016/index.php?g=apps&m=school&a=getclasslist&schoolid=9
INFO: [ app_begin ] --START--
INFO: Run Behavior\ReadHtmlCacheBehavior [ RunTime:0.001000s ]
INFO: Run Behavior\CheckLangBehavior [ RunTime:0.001000s ]
INFO: [ app_begin ] --END-- [ RunTime:0.003000s ]
SQL: SHOW COLUMNS FROM `wxt_school_class` [ RunTime:0.0090s ]
SQL: SELECT `id`,classname as name FROM `wxt_school_class` WHERE `schoolid` = 9 ORDER BY id asc  [ RunTime:0.0150s ]

