[ 2018-09-11T09:26:56+08:00 ] 127.0.0.1 /weixiaotong2016/index.php?g=apps&m=Teacher&a=teacher_login
INFO: [ app_begin ] --START--
INFO: Run Behavior\ReadHtmlCacheBehavior [ RunTime:0.001000s ]
INFO: Run Behavior\CheckLangBehavior [ RunTime:0.002000s ]
INFO: [ app_begin ] --END-- [ RunTime:0.003000s ]
SQL: SHOW COLUMNS FROM `wxt_wxtuser` [ RunTime:0.0250s ]
SQL: SELECT `id`,`password` FROM `wxt_wxtuser` WHERE `phone` = 'root' LIMIT 1   [ RunTime:0.0260s ]

[ 2018-09-11T09:27:01+08:00 ] 127.0.0.1 /weixiaotong2016/index.php?g=apps&m=Teacher&a=teacher_login_pc
INFO: [ app_begin ] --START--
INFO: Run Behavior\ReadHtmlCacheBehavior [ RunTime:0.001000s ]
INFO: Run Behavior\CheckLangBehavior [ RunTime:0.001000s ]
INFO: [ app_begin ] --END-- [ RunTime:0.002000s ]
SQL: SHOW COLUMNS FROM `wxt_wxtuser` [ RunTime:0.0140s ]
SQL: SELECT `id`,`password` FROM `wxt_wxtuser` WHERE `phone` = '13022682231' LIMIT 1   [ RunTime:0.0020s ]
SQL: SHOW COLUMNS FROM `wxt_duty_teacher` [ RunTime:0.0330s ]
SQL: SELECT COUNT(*) AS tp_count FROM `wxt_duty_teacher` WHERE ( teacher_id=2433 ) LIMIT 1   [ RunTime:0.0100s ]
SQL: SELECT `schoolid` FROM `wxt_duty_teacher` WHERE ( teacher_id=2433 ) GROUP BY schoolid  [ RunTime:0.0020s ]
SQL: SHOW COLUMNS FROM `wxt_school` [ RunTime:0.0180s ]
SQL: SELECT `school_name` FROM `wxt_school` WHERE ( schoolid = 7 ) LIMIT 1   [ RunTime:0.0000s ]
SQL: SELECT `school_name` FROM `wxt_school` WHERE ( schoolid = 13 ) LIMIT 1   [ RunTime:0.0000s ]
SQL: SELECT `school_name` FROM `wxt_school` WHERE ( schoolid = 26 ) LIMIT 1   [ RunTime:0.0010s ]

[ 2018-09-11T18:36:29+08:00 ] 127.0.0.1 /weixiaotong2016/index.php?g=apps&m=Teacher&a=teacher_login
INFO: [ app_begin ] --START--
INFO: Run Behavior\ReadHtmlCacheBehavior [ RunTime:0.001000s ]
INFO: Run Behavior\CheckLangBehavior [ RunTime:0.003000s ]
INFO: [ app_begin ] --END-- [ RunTime:0.005000s ]
SQL: SHOW COLUMNS FROM `wxt_wxtuser` [ RunTime:0.0120s ]
SQL: SELECT `id`,`password` FROM `wxt_wxtuser` WHERE `phone` = 'root' LIMIT 1   [ RunTime:0.0290s ]

[ 2018-09-11T18:36:34+08:00 ] 127.0.0.1 /weixiaotong2016/index.php?g=apps&m=Teacher&a=teacher_login_pc
INFO: [ app_begin ] --START--
INFO: Run Behavior\ReadHtmlCacheBehavior [ RunTime:0.001000s ]
INFO: Run Behavior\CheckLangBehavior [ RunTime:0.002000s ]
INFO: [ app_begin ] --END-- [ RunTime:0.004001s ]
SQL: SHOW COLUMNS FROM `wxt_wxtuser` [ RunTime:0.0090s ]
SQL: SELECT `id`,`password` FROM `wxt_wxtuser` WHERE `phone` = '13022682231' LIMIT 1   [ RunTime:0.0010s ]

[ 2018-09-11T18:36:45+08:00 ] 127.0.0.1 /weixiaotong2016/index.php?g=apps&m=Teacher&a=teacher_login_pc
INFO: [ app_begin ] --START--
INFO: Run Behavior\ReadHtmlCacheBehavior [ RunTime:0.001000s ]
INFO: Run Behavior\CheckLangBehavior [ RunTime:0.002000s ]
INFO: [ app_begin ] --END-- [ RunTime:0.004000s ]
SQL: SHOW COLUMNS FROM `wxt_wxtuser` [ RunTime:0.0080s ]
SQL: SELECT `id`,`password` FROM `wxt_wxtuser` WHERE `phone` = '13022682231' LIMIT 1   [ RunTime:0.0020s ]
SQL: SHOW COLUMNS FROM `wxt_duty_teacher` [ RunTime:0.0100s ]
SQL: SELECT COUNT(*) AS tp_count FROM `wxt_duty_teacher` WHERE ( teacher_id=2433 ) LIMIT 1   [ RunTime:0.0150s ]
SQL: SELECT `schoolid` FROM `wxt_duty_teacher` WHERE ( teacher_id=2433 ) GROUP BY schoolid  [ RunTime:0.0010s ]
SQL: SHOW COLUMNS FROM `wxt_school` [ RunTime:0.0110s ]
SQL: SELECT `school_name` FROM `wxt_school` WHERE ( schoolid = 7 ) LIMIT 1   [ RunTime:0.0000s ]
SQL: SELECT `school_name` FROM `wxt_school` WHERE ( schoolid = 13 ) LIMIT 1   [ RunTime:0.0010s ]
SQL: SELECT `school_name` FROM `wxt_school` WHERE ( schoolid = 26 ) LIMIT 1   [ RunTime:0.0000s ]

