[ 2018-09-11T09:27:08+08:00 ] 127.0.0.1 /weixiaotong2016/index.php/Teacher/Main/index
NOTIC: D方法实例化没找到模型类Common\Model\WxtuserModel
NOTIC: D方法实例化没找到模型类Common\Model\ScheduleModel
NOTIC: D方法实例化没找到模型类Common\Model\EntrustModel
NOTIC: D方法实例化没找到模型类Common\Model\NoticeModel
NOTIC: D方法实例化没找到模型类Common\Model\UserMessageModel
NOTIC: D方法实例化没找到模型类Common\Model\ActivityModel
NOTIC: D方法实例化没找到模型类Common\Model\MicroblogMainModel
NOTIC: D方法实例化没找到模型类Common\Model\SchoolCoursewareModel

[ 2018-09-11T09:27:08+08:00 ] 127.0.0.1 /weixiaotong2016/index.php/Teacher/Main/js/datetime.js
NOTIC: D方法实例化没找到模型类Common\Model\WxtuserModel
NOTIC: D方法实例化没找到模型类Common\Model\ScheduleModel
NOTIC: D方法实例化没找到模型类Common\Model\EntrustModel
NOTIC: D方法实例化没找到模型类Common\Model\NoticeModel
NOTIC: D方法实例化没找到模型类Common\Model\UserMessageModel
NOTIC: D方法实例化没找到模型类Common\Model\ActivityModel
NOTIC: D方法实例化没找到模型类Common\Model\MicroblogMainModel
NOTIC: D方法实例化没找到模型类Common\Model\SchoolCoursewareModel

[ 2018-09-11T09:27:08+08:00 ] 127.0.0.1 /weixiaotong2016/index.php/Teacher/Main/js/fileinput.js
NOTIC: D方法实例化没找到模型类Common\Model\WxtuserModel
NOTIC: D方法实例化没找到模型类Common\Model\ScheduleModel
NOTIC: D方法实例化没找到模型类Common\Model\EntrustModel
NOTIC: D方法实例化没找到模型类Common\Model\NoticeModel
NOTIC: D方法实例化没找到模型类Common\Model\UserMessageModel
NOTIC: D方法实例化没找到模型类Common\Model\ActivityModel
NOTIC: D方法实例化没找到模型类Common\Model\MicroblogMainModel
NOTIC: D方法实例化没找到模型类Common\Model\SchoolCoursewareModel

[ 2018-09-11T09:27:08+08:00 ] 127.0.0.1 /weixiaotong2016/index.php/Teacher/Main/js/fileinput_locale_zh.js
NOTIC: D方法实例化没找到模型类Common\Model\WxtuserModel
NOTIC: D方法实例化没找到模型类Common\Model\ScheduleModel
NOTIC: D方法实例化没找到模型类Common\Model\EntrustModel
NOTIC: D方法实例化没找到模型类Common\Model\NoticeModel
NOTIC: D方法实例化没找到模型类Common\Model\UserMessageModel
NOTIC: D方法实例化没找到模型类Common\Model\ActivityModel
NOTIC: D方法实例化没找到模型类Common\Model\MicroblogMainModel
NOTIC: D方法实例化没找到模型类Common\Model\SchoolCoursewareModel

[ 2018-09-11T09:57:43+08:00 ] 127.0.0.1 /weixiaotong2016/index.php/Teacher/Main/index
NOTIC: D方法实例化没找到模型类Common\Model\WxtuserModel
NOTIC: D方法实例化没找到模型类Common\Model\ScheduleModel
NOTIC: D方法实例化没找到模型类Common\Model\EntrustModel
NOTIC: D方法实例化没找到模型类Common\Model\NoticeModel
NOTIC: D方法实例化没找到模型类Common\Model\UserMessageModel
NOTIC: D方法实例化没找到模型类Common\Model\ActivityModel
NOTIC: D方法实例化没找到模型类Common\Model\MicroblogMainModel
NOTIC: D方法实例化没找到模型类Common\Model\SchoolCoursewareModel

[ 2018-09-11T09:57:43+08:00 ] 127.0.0.1 /weixiaotong2016/index.php/Teacher/Main/js/datetime.js
NOTIC: D方法实例化没找到模型类Common\Model\WxtuserModel
NOTIC: D方法实例化没找到模型类Common\Model\ScheduleModel
NOTIC: D方法实例化没找到模型类Common\Model\EntrustModel
NOTIC: D方法实例化没找到模型类Common\Model\NoticeModel
NOTIC: D方法实例化没找到模型类Common\Model\UserMessageModel
NOTIC: D方法实例化没找到模型类Common\Model\ActivityModel
NOTIC: D方法实例化没找到模型类Common\Model\MicroblogMainModel
NOTIC: D方法实例化没找到模型类Common\Model\SchoolCoursewareModel

[ 2018-09-11T09:57:43+08:00 ] 127.0.0.1 /weixiaotong2016/index.php/Teacher/Main/js/fileinput.js
NOTIC: D方法实例化没找到模型类Common\Model\WxtuserModel
NOTIC: D方法实例化没找到模型类Common\Model\ScheduleModel
NOTIC: D方法实例化没找到模型类Common\Model\EntrustModel
NOTIC: D方法实例化没找到模型类Common\Model\NoticeModel
NOTIC: D方法实例化没找到模型类Common\Model\UserMessageModel
NOTIC: D方法实例化没找到模型类Common\Model\ActivityModel
NOTIC: D方法实例化没找到模型类Common\Model\MicroblogMainModel
NOTIC: D方法实例化没找到模型类Common\Model\SchoolCoursewareModel

[ 2018-09-11T09:57:43+08:00 ] 127.0.0.1 /weixiaotong2016/index.php/Teacher/Main/js/fileinput_locale_zh.js
NOTIC: D方法实例化没找到模型类Common\Model\WxtuserModel
NOTIC: D方法实例化没找到模型类Common\Model\ScheduleModel
NOTIC: D方法实例化没找到模型类Common\Model\EntrustModel
NOTIC: D方法实例化没找到模型类Common\Model\NoticeModel
NOTIC: D方法实例化没找到模型类Common\Model\UserMessageModel
NOTIC: D方法实例化没找到模型类Common\Model\ActivityModel
NOTIC: D方法实例化没找到模型类Common\Model\MicroblogMainModel
NOTIC: D方法实例化没找到模型类Common\Model\SchoolCoursewareModel

[ 2018-09-11T10:32:49+08:00 ] 127.0.0.1 /weixiaotong2016/index.php/Teacher/StudentInfo/index/menuid/317
NOTIC: D方法实例化没找到模型类Common\Model\SchoolModel
NOTIC: D方法实例化没找到模型类Common\Model\SchoolClassModel
NOTIC: D方法实例化没找到模型类Common\Model\ClassRelationshipModel
NOTIC: D方法实例化没找到模型类Common\Model\AppellationModel
NOTIC: D方法实例化没找到模型类Common\Model\WxtuserModel
NOTIC: D方法实例化没找到模型类Common\Model\RelationStuUserModel

[ 2018-09-11T10:32:49+08:00 ] 127.0.0.1 /weixiaotong2016/index.php?g=Teacher&m=TeacherUtils&a=get_class&grade=0
INFO: [ app_begin ] --START--
INFO: Run Behavior\ReadHtmlCacheBehavior [ RunTime:0.001000s ]
INFO: Run Behavior\CheckLangBehavior [ RunTime:0.003000s ]
INFO: [ app_begin ] --END-- [ RunTime:0.005001s ]
SQL: SHOW COLUMNS FROM `wxt_school_class` [ RunTime:0.0180s ]
NOTIC: [8] Undefined variable: join D:\phpStudy\WWW\weixiaotong2016\application\Teacher\Controller\TeacherUtilsController.class.php 第 42 行.
SQL: SELECT class.id,class.classname FROM wxt_school_class class WHERE class.schoolid = '7' AND class.grade = '0'  [ RunTime:0.0000s ]

[ 2018-09-11T10:32:51+08:00 ] 127.0.0.1 /weixiaotong2016/index.php/Teacher/StudentInfo/index/menuid/317
NOTIC: D方法实例化没找到模型类Common\Model\SchoolModel
NOTIC: D方法实例化没找到模型类Common\Model\SchoolClassModel
NOTIC: D方法实例化没找到模型类Common\Model\ClassRelationshipModel
NOTIC: D方法实例化没找到模型类Common\Model\AppellationModel
NOTIC: D方法实例化没找到模型类Common\Model\WxtuserModel
NOTIC: D方法实例化没找到模型类Common\Model\RelationStuUserModel

[ 2018-09-11T10:32:51+08:00 ] 127.0.0.1 /weixiaotong2016/index.php?g=Teacher&m=TeacherUtils&a=get_class&grade=0
INFO: [ app_begin ] --START--
INFO: Run Behavior\ReadHtmlCacheBehavior [ RunTime:0.001000s ]
INFO: Run Behavior\CheckLangBehavior [ RunTime:0.002000s ]
INFO: [ app_begin ] --END-- [ RunTime:0.004000s ]
SQL: SHOW COLUMNS FROM `wxt_school_class` [ RunTime:0.0150s ]
NOTIC: [8] Undefined variable: join D:\phpStudy\WWW\weixiaotong2016\application\Teacher\Controller\TeacherUtilsController.class.php 第 42 行.
SQL: SELECT class.id,class.classname FROM wxt_school_class class WHERE class.schoolid = '7' AND class.grade = '0'  [ RunTime:0.0010s ]

[ 2018-09-11T10:32:59+08:00 ] 127.0.0.1 /weixiaotong2016/index.php/Teacher/StudentInfo/edit_post
NOTIC: D方法实例化没找到模型类Common\Model\SchoolModel
NOTIC: D方法实例化没找到模型类Common\Model\SchoolClassModel
NOTIC: D方法实例化没找到模型类Common\Model\ClassRelationshipModel
NOTIC: D方法实例化没找到模型类Common\Model\AppellationModel
NOTIC: D方法实例化没找到模型类Common\Model\WxtuserModel
NOTIC: D方法实例化没找到模型类Common\Model\RelationStuUserModel

[ 2018-09-11T10:33:00+08:00 ] 127.0.0.1 /weixiaotong2016/index.php/Teacher/StudentInfo/js/datetime.js
NOTIC: D方法实例化没找到模型类Common\Model\SchoolModel
NOTIC: D方法实例化没找到模型类Common\Model\SchoolClassModel
NOTIC: D方法实例化没找到模型类Common\Model\ClassRelationshipModel
NOTIC: D方法实例化没找到模型类Common\Model\AppellationModel
NOTIC: D方法实例化没找到模型类Common\Model\WxtuserModel
NOTIC: D方法实例化没找到模型类Common\Model\RelationStuUserModel

[ 2018-09-11T10:33:00+08:00 ] 127.0.0.1 /weixiaotong2016/index.php/Teacher/StudentInfo/js/fileinput.js
NOTIC: D方法实例化没找到模型类Common\Model\SchoolModel
NOTIC: D方法实例化没找到模型类Common\Model\SchoolClassModel
NOTIC: D方法实例化没找到模型类Common\Model\ClassRelationshipModel
NOTIC: D方法实例化没找到模型类Common\Model\AppellationModel
NOTIC: D方法实例化没找到模型类Common\Model\WxtuserModel
NOTIC: D方法实例化没找到模型类Common\Model\RelationStuUserModel

[ 2018-09-11T10:33:00+08:00 ] 127.0.0.1 /weixiaotong2016/index.php/Teacher/StudentInfo/js/fileinput_locale_zh.js
NOTIC: D方法实例化没找到模型类Common\Model\SchoolModel
NOTIC: D方法实例化没找到模型类Common\Model\SchoolClassModel
NOTIC: D方法实例化没找到模型类Common\Model\ClassRelationshipModel
NOTIC: D方法实例化没找到模型类Common\Model\AppellationModel
NOTIC: D方法实例化没找到模型类Common\Model\WxtuserModel
NOTIC: D方法实例化没找到模型类Common\Model\RelationStuUserModel

[ 2018-09-11T10:33:01+08:00 ] 127.0.0.1 /weixiaotong2016/index.php?g=Teacher&m=TeacherUtils&a=get_class&grade=0
INFO: [ app_begin ] --START--
INFO: Run Behavior\ReadHtmlCacheBehavior [ RunTime:0.001000s ]
INFO: Run Behavior\CheckLangBehavior [ RunTime:0.002001s ]
INFO: [ app_begin ] --END-- [ RunTime:0.004001s ]
SQL: SHOW COLUMNS FROM `wxt_school_class` [ RunTime:0.0150s ]
NOTIC: [8] Undefined variable: join D:\phpStudy\WWW\weixiaotong2016\application\Teacher\Controller\TeacherUtilsController.class.php 第 42 行.
SQL: SELECT class.id,class.classname FROM wxt_school_class class WHERE class.schoolid = '7' AND class.grade = '0'  [ RunTime:0.0010s ]

[ 2018-09-11T10:35:33+08:00 ] 127.0.0.1 /weixiaotong2016/index.php/Teacher/StudentInfo/index/menuid/317
NOTIC: D方法实例化没找到模型类Common\Model\SchoolModel
NOTIC: D方法实例化没找到模型类Common\Model\SchoolClassModel
NOTIC: D方法实例化没找到模型类Common\Model\ClassRelationshipModel
NOTIC: D方法实例化没找到模型类Common\Model\AppellationModel
NOTIC: D方法实例化没找到模型类Common\Model\WxtuserModel
NOTIC: D方法实例化没找到模型类Common\Model\RelationStuUserModel

[ 2018-09-11T10:35:33+08:00 ] 127.0.0.1 /weixiaotong2016/index.php?g=Teacher&m=TeacherUtils&a=get_class&grade=0
INFO: [ app_begin ] --START--
INFO: Run Behavior\ReadHtmlCacheBehavior [ RunTime:0.001000s ]
INFO: Run Behavior\CheckLangBehavior [ RunTime:0.003000s ]
INFO: [ app_begin ] --END-- [ RunTime:0.005000s ]
SQL: SHOW COLUMNS FROM `wxt_school_class` [ RunTime:0.0110s ]
NOTIC: [8] Undefined variable: join D:\phpStudy\WWW\weixiaotong2016\application\Teacher\Controller\TeacherUtilsController.class.php 第 42 行.
SQL: SELECT class.id,class.classname FROM wxt_school_class class WHERE class.schoolid = '7' AND class.grade = '0'  [ RunTime:0.0000s ]

[ 2018-09-11T10:35:38+08:00 ] 127.0.0.1 /weixiaotong2016/index.php/Teacher/StudentInfo/edit_post
NOTIC: D方法实例化没找到模型类Common\Model\SchoolModel
NOTIC: D方法实例化没找到模型类Common\Model\SchoolClassModel
NOTIC: D方法实例化没找到模型类Common\Model\ClassRelationshipModel
NOTIC: D方法实例化没找到模型类Common\Model\AppellationModel
NOTIC: D方法实例化没找到模型类Common\Model\WxtuserModel
NOTIC: D方法实例化没找到模型类Common\Model\RelationStuUserModel

[ 2018-09-11T10:35:38+08:00 ] 127.0.0.1 /weixiaotong2016/index.php/Teacher/StudentInfo/__TMPL__assets/css/mychangestyle.css
NOTIC: D方法实例化没找到模型类Common\Model\SchoolModel
NOTIC: D方法实例化没找到模型类Common\Model\SchoolClassModel
NOTIC: D方法实例化没找到模型类Common\Model\ClassRelationshipModel
NOTIC: D方法实例化没找到模型类Common\Model\AppellationModel
NOTIC: D方法实例化没找到模型类Common\Model\WxtuserModel
NOTIC: D方法实例化没找到模型类Common\Model\RelationStuUserModel

[ 2018-09-11T10:35:40+08:00 ] 127.0.0.1 /weixiaotong2016/index.php/Teacher/StudentInfo/index/menuid/317
NOTIC: D方法实例化没找到模型类Common\Model\SchoolModel
NOTIC: D方法实例化没找到模型类Common\Model\SchoolClassModel
NOTIC: D方法实例化没找到模型类Common\Model\ClassRelationshipModel
NOTIC: D方法实例化没找到模型类Common\Model\AppellationModel
NOTIC: D方法实例化没找到模型类Common\Model\WxtuserModel
NOTIC: D方法实例化没找到模型类Common\Model\RelationStuUserModel

[ 2018-09-11T10:35:40+08:00 ] 127.0.0.1 /weixiaotong2016/index.php?g=Teacher&m=TeacherUtils&a=get_class&grade=0
INFO: [ app_begin ] --START--
INFO: Run Behavior\ReadHtmlCacheBehavior [ RunTime:0.001000s ]
INFO: Run Behavior\CheckLangBehavior [ RunTime:0.015001s ]
INFO: [ app_begin ] --END-- [ RunTime:0.017001s ]
SQL: SHOW COLUMNS FROM `wxt_school_class` [ RunTime:0.0100s ]
NOTIC: [8] Undefined variable: join D:\phpStudy\WWW\weixiaotong2016\application\Teacher\Controller\TeacherUtilsController.class.php 第 42 行.
SQL: SELECT class.id,class.classname FROM wxt_school_class class WHERE class.schoolid = '7' AND class.grade = '0'  [ RunTime:0.0000s ]

[ 2018-09-11T13:57:14+08:00 ] 127.0.0.1 /weixiaotong2016/index.php/Teacher/StudentInfo/index/menuid/317
NOTIC: D方法实例化没找到模型类Common\Model\SchoolModel
NOTIC: D方法实例化没找到模型类Common\Model\SchoolClassModel
NOTIC: D方法实例化没找到模型类Common\Model\ClassRelationshipModel
NOTIC: D方法实例化没找到模型类Common\Model\AppellationModel
NOTIC: D方法实例化没找到模型类Common\Model\WxtuserModel
NOTIC: D方法实例化没找到模型类Common\Model\RelationStuUserModel

[ 2018-09-11T13:57:15+08:00 ] 127.0.0.1 /weixiaotong2016/index.php?g=Teacher&m=TeacherUtils&a=get_class&grade=0
INFO: [ app_begin ] --START--
INFO: Run Behavior\ReadHtmlCacheBehavior [ RunTime:0.002000s ]
INFO: Run Behavior\CheckLangBehavior [ RunTime:0.003000s ]
INFO: [ app_begin ] --END-- [ RunTime:0.005000s ]
SQL: SHOW COLUMNS FROM `wxt_school_class` [ RunTime:0.0090s ]
NOTIC: [8] Undefined variable: join D:\phpStudy\WWW\weixiaotong2016\application\Teacher\Controller\TeacherUtilsController.class.php 第 42 行.
SQL: SELECT class.id,class.classname FROM wxt_school_class class WHERE class.schoolid = '7' AND class.grade = '0'  [ RunTime:0.0010s ]

[ 2018-09-11T14:00:14+08:00 ] 127.0.0.1 /weixiaotong2016/index.php/Teacher/StudentInfo/index/menuid/317
NOTIC: D方法实例化没找到模型类Common\Model\SchoolModel
NOTIC: D方法实例化没找到模型类Common\Model\SchoolClassModel
NOTIC: D方法实例化没找到模型类Common\Model\ClassRelationshipModel
NOTIC: D方法实例化没找到模型类Common\Model\AppellationModel
NOTIC: D方法实例化没找到模型类Common\Model\WxtuserModel
NOTIC: D方法实例化没找到模型类Common\Model\RelationStuUserModel

[ 2018-09-11T14:00:15+08:00 ] 127.0.0.1 /weixiaotong2016/index.php/Teacher/TeacherInfo/index/menuid/310
NOTIC: D方法实例化没找到模型类Common\Model\SchoolModel
NOTIC: D方法实例化没找到模型类Common\Model\SchoolClassModel
NOTIC: D方法实例化没找到模型类Common\Model\WxtuserModel
NOTIC: D方法实例化没找到模型类Common\Model\ClassRelationshipModel
NOTIC: D方法实例化没找到模型类Common\Model\TeacherClassModel
NOTIC: D方法实例化没找到模型类Common\Model\DepartmentModel
NOTIC: D方法实例化没找到模型类Common\Model\DutyModel
NOTIC: D方法实例化没找到模型类Common\Model\DutyTeacherModel
NOTIC: D方法实例化没找到模型类Common\Model\DepartmentTeacherModel
NOTIC: D方法实例化没找到模型类Common\Model\CityModel

[ 2018-09-11T14:00:15+08:00 ] 127.0.0.1 /weixiaotong2016/index.php?g=Teacher&m=TeacherUtils&a=get_class&grade=0
INFO: [ app_begin ] --START--
INFO: Run Behavior\ReadHtmlCacheBehavior [ RunTime:0.001000s ]
INFO: Run Behavior\CheckLangBehavior [ RunTime:0.002000s ]
INFO: [ app_begin ] --END-- [ RunTime:0.004000s ]
SQL: SHOW COLUMNS FROM `wxt_school_class` [ RunTime:0.0090s ]
NOTIC: [8] Undefined variable: join D:\phpStudy\WWW\weixiaotong2016\application\Teacher\Controller\TeacherUtilsController.class.php 第 42 行.
SQL: SELECT class.id,class.classname FROM wxt_school_class class WHERE class.schoolid = '7' AND class.grade = '0'  [ RunTime:0.0000s ]

[ 2018-09-11T14:00:15+08:00 ] 127.0.0.1 /weixiaotong2016/index.php?g=teacher&m=TeacherUtils&a=get_class&grade=0
INFO: [ app_begin ] --START--
INFO: Run Behavior\ReadHtmlCacheBehavior [ RunTime:0.001000s ]
INFO: Run Behavior\CheckLangBehavior [ RunTime:0.003000s ]
INFO: [ app_begin ] --END-- [ RunTime:0.005000s ]
SQL: SHOW COLUMNS FROM `wxt_school_class` [ RunTime:0.0110s ]
NOTIC: [8] Undefined variable: join D:\phpStudy\WWW\weixiaotong2016\application\Teacher\Controller\TeacherUtilsController.class.php 第 42 行.
SQL: SELECT class.id,class.classname FROM wxt_school_class class WHERE class.schoolid = '7' AND class.grade = '0'  [ RunTime:0.0000s ]

[ 2018-09-11T14:00:25+08:00 ] 127.0.0.1 /weixiaotong2016/index.php/Teacher/TeacherInfo/index/menuid/310
NOTIC: D方法实例化没找到模型类Common\Model\SchoolModel
NOTIC: D方法实例化没找到模型类Common\Model\SchoolClassModel
NOTIC: D方法实例化没找到模型类Common\Model\WxtuserModel
NOTIC: D方法实例化没找到模型类Common\Model\ClassRelationshipModel
NOTIC: D方法实例化没找到模型类Common\Model\TeacherClassModel
NOTIC: D方法实例化没找到模型类Common\Model\DepartmentModel
NOTIC: D方法实例化没找到模型类Common\Model\DutyModel
NOTIC: D方法实例化没找到模型类Common\Model\DutyTeacherModel
NOTIC: D方法实例化没找到模型类Common\Model\DepartmentTeacherModel
NOTIC: D方法实例化没找到模型类Common\Model\CityModel

[ 2018-09-11T14:00:25+08:00 ] 127.0.0.1 /weixiaotong2016/index.php?g=teacher&m=TeacherUtils&a=get_class&grade=0
INFO: [ app_begin ] --START--
INFO: Run Behavior\ReadHtmlCacheBehavior [ RunTime:0.001000s ]
INFO: Run Behavior\CheckLangBehavior [ RunTime:0.002000s ]
INFO: [ app_begin ] --END-- [ RunTime:0.004000s ]
SQL: SHOW COLUMNS FROM `wxt_school_class` [ RunTime:0.0090s ]
NOTIC: [8] Undefined variable: join D:\phpStudy\WWW\weixiaotong2016\application\Teacher\Controller\TeacherUtilsController.class.php 第 42 行.
SQL: SELECT class.id,class.classname FROM wxt_school_class class WHERE class.schoolid = '7' AND class.grade = '0'  [ RunTime:0.0000s ]

[ 2018-09-11T14:00:31+08:00 ] 127.0.0.1 /weixiaotong2016/index.php?g=teacher&m=TeacherInfo&a=expUser&search_grade=0&search_class=0&search_name=&search_card=&search_phone=&button_level=1
NOTIC: D方法实例化没找到模型类Common\Model\SchoolModel
NOTIC: D方法实例化没找到模型类Common\Model\SchoolClassModel
NOTIC: D方法实例化没找到模型类Common\Model\WxtuserModel
NOTIC: D方法实例化没找到模型类Common\Model\ClassRelationshipModel
NOTIC: D方法实例化没找到模型类Common\Model\TeacherClassModel
NOTIC: D方法实例化没找到模型类Common\Model\DepartmentModel
NOTIC: D方法实例化没找到模型类Common\Model\DutyModel
NOTIC: D方法实例化没找到模型类Common\Model\DutyTeacherModel
NOTIC: D方法实例化没找到模型类Common\Model\DepartmentTeacherModel
NOTIC: D方法实例化没找到模型类Common\Model\CityModel

[ 2018-09-11T14:00:57+08:00 ] 127.0.0.1 /weixiaotong2016/index.php/Teacher/MessageInfo/get_remark?remarkid=1
INFO: [ app_begin ] --START--
INFO: Run Behavior\ReadHtmlCacheBehavior [ RunTime:0.001000s ]
INFO: Run Behavior\CheckLangBehavior [ RunTime:0.001001s ]
INFO: [ app_begin ] --END-- [ RunTime:0.003001s ]
SQL: SHOW COLUMNS FROM `wxt_wxtuser` [ RunTime:0.0100s ]
SQL: SELECT * FROM `wxt_wxtuser` WHERE `id` = 2433 LIMIT 1   [ RunTime:0.0010s ]
SQL: SHOW COLUMNS FROM `wxt_remarks_detail` [ RunTime:0.0390s ]
SQL: SELECT COUNT(*) AS tp_count FROM `wxt_remarks_detail` WHERE (  (  `schoolid` = '7' AND `rid` = '1' AND `isdefault` = 1 ) OR (  `rid` = '1' AND `isdefault` = 0 ) ) LIMIT 1   [ RunTime:0.0000s ]
SQL: SELECT * FROM `wxt_remarks_detail` WHERE (  (  `schoolid` = '7' AND `rid` = '1' AND `isdefault` = 1 ) OR (  `rid` = '1' AND `isdefault` = 0 ) ) LIMIT 0,5   [ RunTime:0.0010s ]

[ 2018-09-11T14:01:00+08:00 ] 127.0.0.1 /weixiaotong2016/index.php/Teacher/MessageInfo/showstu?classid=37
INFO: [ app_begin ] --START--
INFO: Run Behavior\ReadHtmlCacheBehavior [ RunTime:0.001000s ]
INFO: Run Behavior\CheckLangBehavior [ RunTime:0.012001s ]
INFO: [ app_begin ] --END-- [ RunTime:0.013001s ]
SQL: SHOW COLUMNS FROM `wxt_wxtuser` [ RunTime:0.0100s ]
SQL: SELECT * FROM `wxt_wxtuser` WHERE `id` = 2433 LIMIT 1   [ RunTime:0.0000s ]
SQL: SHOW COLUMNS FROM `wxt_class_relationship` [ RunTime:0.0100s ]
SQL: SELECT c.userid,u.stu_name as name,r.phone FROM wxt_class_relationship c INNER JOIN wxt_student_info u ON c.userid=u.userid INNER JOIN wxt_relation_stu_user r ON c.userid = r.studentid  WHERE c.schoolid = '7' AND c.classid = '37' AND r.type = 1  [ RunTime:0.0050s ]
INFO: [ app_end ] --START--
INFO: Run Behavior\ShowPageTraceBehavior [ RunTime:0.001000s ]
INFO: [ app_end ] --END-- [ RunTime:0.001000s ]

[ 2018-09-11T14:01:01+08:00 ] 127.0.0.1 /weixiaotong2016/index.php/Teacher/MessageInfo/showstu?classid=38
INFO: [ app_begin ] --START--
INFO: Run Behavior\ReadHtmlCacheBehavior [ RunTime:0.001000s ]
INFO: Run Behavior\CheckLangBehavior [ RunTime:0.001001s ]
INFO: [ app_begin ] --END-- [ RunTime:0.003001s ]
SQL: SHOW COLUMNS FROM `wxt_wxtuser` [ RunTime:0.0100s ]
SQL: SELECT * FROM `wxt_wxtuser` WHERE `id` = 2433 LIMIT 1   [ RunTime:0.0000s ]
SQL: SHOW COLUMNS FROM `wxt_class_relationship` [ RunTime:0.0100s ]
SQL: SELECT c.userid,u.stu_name as name,r.phone FROM wxt_class_relationship c INNER JOIN wxt_student_info u ON c.userid=u.userid INNER JOIN wxt_relation_stu_user r ON c.userid = r.studentid  WHERE c.schoolid = '7' AND c.classid = '38' AND r.type = 1  [ RunTime:0.0030s ]
INFO: [ app_end ] --START--
INFO: Run Behavior\ShowPageTraceBehavior [ RunTime:0.001000s ]
INFO: [ app_end ] --END-- [ RunTime:0.001000s ]

[ 2018-09-11T14:01:03+08:00 ] 127.0.0.1 /weixiaotong2016/index.php/Teacher/MessageInfo/showstu?classid=39
INFO: [ app_begin ] --START--
INFO: Run Behavior\ReadHtmlCacheBehavior [ RunTime:0.000000s ]
INFO: Run Behavior\CheckLangBehavior [ RunTime:0.002000s ]
INFO: [ app_begin ] --END-- [ RunTime:0.003000s ]
SQL: SHOW COLUMNS FROM `wxt_wxtuser` [ RunTime:0.0100s ]
SQL: SELECT * FROM `wxt_wxtuser` WHERE `id` = 2433 LIMIT 1   [ RunTime:0.0000s ]
SQL: SHOW COLUMNS FROM `wxt_class_relationship` [ RunTime:0.0110s ]
SQL: SELECT c.userid,u.stu_name as name,r.phone FROM wxt_class_relationship c INNER JOIN wxt_student_info u ON c.userid=u.userid INNER JOIN wxt_relation_stu_user r ON c.userid = r.studentid  WHERE c.schoolid = '7' AND c.classid = '39' AND r.type = 1  [ RunTime:0.0360s ]
INFO: [ app_end ] --START--
INFO: Run Behavior\ShowPageTraceBehavior [ RunTime:0.002000s ]
INFO: [ app_end ] --END-- [ RunTime:0.002000s ]

[ 2018-09-11T14:01:05+08:00 ] 127.0.0.1 /weixiaotong2016/index.php/Teacher/MessageInfo/showstu?classid=40
INFO: [ app_begin ] --START--
INFO: Run Behavior\ReadHtmlCacheBehavior [ RunTime:0.000000s ]
INFO: Run Behavior\CheckLangBehavior [ RunTime:0.002000s ]
INFO: [ app_begin ] --END-- [ RunTime:0.003000s ]
SQL: SHOW COLUMNS FROM `wxt_wxtuser` [ RunTime:0.0100s ]
SQL: SELECT * FROM `wxt_wxtuser` WHERE `id` = 2433 LIMIT 1   [ RunTime:0.0010s ]
SQL: SHOW COLUMNS FROM `wxt_class_relationship` [ RunTime:0.0100s ]
SQL: SELECT c.userid,u.stu_name as name,r.phone FROM wxt_class_relationship c INNER JOIN wxt_student_info u ON c.userid=u.userid INNER JOIN wxt_relation_stu_user r ON c.userid = r.studentid  WHERE c.schoolid = '7' AND c.classid = '40' AND r.type = 1  [ RunTime:0.0050s ]
INFO: [ app_end ] --START--
INFO: Run Behavior\ShowPageTraceBehavior [ RunTime:0.001000s ]
INFO: [ app_end ] --END-- [ RunTime:0.001000s ]

[ 2018-09-11T14:01:07+08:00 ] 127.0.0.1 /weixiaotong2016/index.php/Teacher/MessageInfo/showstu?classid=41
INFO: [ app_begin ] --START--
INFO: Run Behavior\ReadHtmlCacheBehavior [ RunTime:0.001000s ]
INFO: Run Behavior\CheckLangBehavior [ RunTime:0.002000s ]
INFO: [ app_begin ] --END-- [ RunTime:0.004000s ]
SQL: SHOW COLUMNS FROM `wxt_wxtuser` [ RunTime:0.0110s ]
SQL: SELECT * FROM `wxt_wxtuser` WHERE `id` = 2433 LIMIT 1   [ RunTime:0.0010s ]
SQL: SHOW COLUMNS FROM `wxt_class_relationship` [ RunTime:0.0100s ]
SQL: SELECT c.userid,u.stu_name as name,r.phone FROM wxt_class_relationship c INNER JOIN wxt_student_info u ON c.userid=u.userid INNER JOIN wxt_relation_stu_user r ON c.userid = r.studentid  WHERE c.schoolid = '7' AND c.classid = '41' AND r.type = 1  [ RunTime:0.0040s ]
INFO: [ app_end ] --START--
INFO: Run Behavior\ShowPageTraceBehavior [ RunTime:0.001000s ]
INFO: [ app_end ] --END-- [ RunTime:0.001000s ]

[ 2018-09-11T14:01:09+08:00 ] 127.0.0.1 /weixiaotong2016/index.php/Teacher/MessageInfo/showstu?classid=42
INFO: [ app_begin ] --START--
INFO: Run Behavior\ReadHtmlCacheBehavior [ RunTime:0.001000s ]
INFO: Run Behavior\CheckLangBehavior [ RunTime:0.001000s ]
INFO: [ app_begin ] --END-- [ RunTime:0.003000s ]
SQL: SHOW COLUMNS FROM `wxt_wxtuser` [ RunTime:0.0100s ]
SQL: SELECT * FROM `wxt_wxtuser` WHERE `id` = 2433 LIMIT 1   [ RunTime:0.0000s ]
SQL: SHOW COLUMNS FROM `wxt_class_relationship` [ RunTime:0.0110s ]
SQL: SELECT c.userid,u.stu_name as name,r.phone FROM wxt_class_relationship c INNER JOIN wxt_student_info u ON c.userid=u.userid INNER JOIN wxt_relation_stu_user r ON c.userid = r.studentid  WHERE c.schoolid = '7' AND c.classid = '42' AND r.type = 1  [ RunTime:0.0040s ]
INFO: [ app_end ] --START--
INFO: Run Behavior\ShowPageTraceBehavior [ RunTime:0.001001s ]
INFO: [ app_end ] --END-- [ RunTime:0.001001s ]

[ 2018-09-11T14:02:04+08:00 ] 127.0.0.1 /weixiaotong2016/index.php/Teacher/AttendanceSet/getAttendance
INFO: [ app_begin ] --START--
INFO: Run Behavior\ReadHtmlCacheBehavior [ RunTime:0.001000s ]
INFO: Run Behavior\CheckLangBehavior [ RunTime:0.002000s ]
INFO: [ app_begin ] --END-- [ RunTime:0.003000s ]
SQL: SHOW COLUMNS FROM `wxt_wxtuser` [ RunTime:0.0100s ]
SQL: SELECT * FROM `wxt_wxtuser` WHERE `id` = 2433 LIMIT 1   [ RunTime:0.0000s ]
SQL: SHOW COLUMNS FROM `wxt_attendancesetting` [ RunTime:0.0180s ]
SQL: SELECT * FROM `wxt_attendancesetting` WHERE `gradeid` = 0 AND `week` = 1 AND `schoolid` = 7 AND `stay` = 2  [ RunTime:0.0010s ]
INFO: [ app_end ] --START--
INFO: Run Behavior\ShowPageTraceBehavior [ RunTime:0.001000s ]
INFO: [ app_end ] --END-- [ RunTime:0.001000s ]

[ 2018-09-11T14:02:06+08:00 ] 127.0.0.1 /weixiaotong2016/index.php/Teacher/AttendanceSet/getAttendance
INFO: [ app_begin ] --START--
INFO: Run Behavior\ReadHtmlCacheBehavior [ RunTime:0.002000s ]
INFO: Run Behavior\CheckLangBehavior [ RunTime:0.002000s ]
INFO: [ app_begin ] --END-- [ RunTime:0.004000s ]
SQL: SHOW COLUMNS FROM `wxt_wxtuser` [ RunTime:0.0100s ]
SQL: SELECT * FROM `wxt_wxtuser` WHERE `id` = 2433 LIMIT 1   [ RunTime:0.0010s ]
SQL: SHOW COLUMNS FROM `wxt_attendancesetting` [ RunTime:0.0100s ]
SQL: SELECT * FROM `wxt_attendancesetting` WHERE `gradeid` = 0 AND `week` = 1 AND `schoolid` = 7 AND `stay` = 1  [ RunTime:0.0000s ]
INFO: [ app_end ] --START--
INFO: Run Behavior\ShowPageTraceBehavior [ RunTime:0.002000s ]
INFO: [ app_end ] --END-- [ RunTime:0.002000s ]

[ 2018-09-11T14:02:07+08:00 ] 127.0.0.1 /weixiaotong2016/index.php/Teacher/AttendanceSet/getAttendance
INFO: [ app_begin ] --START--
INFO: Run Behavior\ReadHtmlCacheBehavior [ RunTime:0.002000s ]
INFO: Run Behavior\CheckLangBehavior [ RunTime:0.002000s ]
INFO: [ app_begin ] --END-- [ RunTime:0.004000s ]
SQL: SHOW COLUMNS FROM `wxt_wxtuser` [ RunTime:0.0110s ]
SQL: SELECT * FROM `wxt_wxtuser` WHERE `id` = 2433 LIMIT 1   [ RunTime:0.0010s ]
SQL: SHOW COLUMNS FROM `wxt_attendancesetting` [ RunTime:0.0110s ]
SQL: SELECT * FROM `wxt_attendancesetting` WHERE `gradeid` = 3 AND `week` = 1 AND `schoolid` = 7 AND `stay` = 1  [ RunTime:0.0000s ]
INFO: [ app_end ] --START--
INFO: Run Behavior\ShowPageTraceBehavior [ RunTime:0.001000s ]
INFO: [ app_end ] --END-- [ RunTime:0.001000s ]

[ 2018-09-11T14:02:08+08:00 ] 127.0.0.1 /weixiaotong2016/index.php/Teacher/AttendanceSet/getAttendance
INFO: [ app_begin ] --START--
INFO: Run Behavior\ReadHtmlCacheBehavior [ RunTime:0.001000s ]
INFO: Run Behavior\CheckLangBehavior [ RunTime:0.003000s ]
INFO: [ app_begin ] --END-- [ RunTime:0.005000s ]
SQL: SHOW COLUMNS FROM `wxt_wxtuser` [ RunTime:0.0110s ]
SQL: SELECT * FROM `wxt_wxtuser` WHERE `id` = 2433 LIMIT 1   [ RunTime:0.0010s ]
SQL: SHOW COLUMNS FROM `wxt_attendancesetting` [ RunTime:0.0100s ]
SQL: SELECT * FROM `wxt_attendancesetting` WHERE `gradeid` = 3 AND `week` = 3 AND `schoolid` = 7 AND `stay` = 1  [ RunTime:0.0010s ]
INFO: [ app_end ] --START--
INFO: Run Behavior\ShowPageTraceBehavior [ RunTime:0.002000s ]
INFO: [ app_end ] --END-- [ RunTime:0.002000s ]

[ 2018-09-11T14:02:16+08:00 ] 127.0.0.1 /weixiaotong2016/index.php/Teacher/TeacherScheduleSelect/index/menuid/316
NOTIC: D方法实例化没找到模型类Common\Model\TeacherScheduleModel
NOTIC: D方法实例化没找到模型类Common\Model\TeacherScheduleAttendanceModel
NOTIC: D方法实例化没找到模型类Common\Model\TeacherScheduleDetailModel
NOTIC: D方法实例化没找到模型类Common\Model\TeacherScheduleFixationModel
NOTIC: D方法实例化没找到模型类Common\Model\TeacherScheduleGroupModel
NOTIC: D方法实例化没找到模型类Common\Model\TeacherSchedulePeriodModel
NOTIC: D方法实例化没找到模型类Common\Model\TeacherSchedulePeriodDetailModel
NOTIC: D方法实例化没找到模型类Common\Model\TeacherSchedulePersonModel
NOTIC: D方法实例化没找到模型类Common\Model\TeacherSchedulePersonDetailModel

[ 2018-09-11T14:02:16+08:00 ] 127.0.0.1 /weixiaotong2016/index.php/Teacher/TeacherScheduleSelect/index/menuid/js/fileinput.js
NOTIC: D方法实例化没找到模型类Common\Model\TeacherScheduleModel
NOTIC: D方法实例化没找到模型类Common\Model\TeacherScheduleAttendanceModel
NOTIC: D方法实例化没找到模型类Common\Model\TeacherScheduleDetailModel
NOTIC: D方法实例化没找到模型类Common\Model\TeacherScheduleFixationModel
NOTIC: D方法实例化没找到模型类Common\Model\TeacherScheduleGroupModel
NOTIC: D方法实例化没找到模型类Common\Model\TeacherSchedulePeriodModel
NOTIC: D方法实例化没找到模型类Common\Model\TeacherSchedulePeriodDetailModel
NOTIC: D方法实例化没找到模型类Common\Model\TeacherSchedulePersonModel
NOTIC: D方法实例化没找到模型类Common\Model\TeacherSchedulePersonDetailModel

[ 2018-09-11T14:02:16+08:00 ] 127.0.0.1 /weixiaotong2016/index.php/Teacher/TeacherScheduleSelect/index/menuid/js/fileinput_locale_zh.js
NOTIC: D方法实例化没找到模型类Common\Model\TeacherScheduleModel
NOTIC: D方法实例化没找到模型类Common\Model\TeacherScheduleAttendanceModel
NOTIC: D方法实例化没找到模型类Common\Model\TeacherScheduleDetailModel
NOTIC: D方法实例化没找到模型类Common\Model\TeacherScheduleFixationModel
NOTIC: D方法实例化没找到模型类Common\Model\TeacherScheduleGroupModel
NOTIC: D方法实例化没找到模型类Common\Model\TeacherSchedulePeriodModel
NOTIC: D方法实例化没找到模型类Common\Model\TeacherSchedulePeriodDetailModel
NOTIC: D方法实例化没找到模型类Common\Model\TeacherSchedulePersonModel
NOTIC: D方法实例化没找到模型类Common\Model\TeacherSchedulePersonDetailModel

[ 2018-09-11T14:02:17+08:00 ] 127.0.0.1 /weixiaotong2016/index.php/Teacher/TeacherScheduleSelect/index_scheudle/menuid/398
NOTIC: D方法实例化没找到模型类Common\Model\TeacherScheduleModel
NOTIC: D方法实例化没找到模型类Common\Model\TeacherScheduleAttendanceModel
NOTIC: D方法实例化没找到模型类Common\Model\TeacherScheduleDetailModel
NOTIC: D方法实例化没找到模型类Common\Model\TeacherScheduleFixationModel
NOTIC: D方法实例化没找到模型类Common\Model\TeacherScheduleGroupModel
NOTIC: D方法实例化没找到模型类Common\Model\TeacherSchedulePeriodModel
NOTIC: D方法实例化没找到模型类Common\Model\TeacherSchedulePeriodDetailModel
NOTIC: D方法实例化没找到模型类Common\Model\TeacherSchedulePersonModel
NOTIC: D方法实例化没找到模型类Common\Model\TeacherSchedulePersonDetailModel

[ 2018-09-11T14:02:17+08:00 ] 127.0.0.1 /weixiaotong2016/index.php/Teacher/TeacherScheduleSelect/index_scheudle/menuid/js/fileinput.js
NOTIC: D方法实例化没找到模型类Common\Model\TeacherScheduleModel
NOTIC: D方法实例化没找到模型类Common\Model\TeacherScheduleAttendanceModel
NOTIC: D方法实例化没找到模型类Common\Model\TeacherScheduleDetailModel
NOTIC: D方法实例化没找到模型类Common\Model\TeacherScheduleFixationModel
NOTIC: D方法实例化没找到模型类Common\Model\TeacherScheduleGroupModel
NOTIC: D方法实例化没找到模型类Common\Model\TeacherSchedulePeriodModel
NOTIC: D方法实例化没找到模型类Common\Model\TeacherSchedulePeriodDetailModel
NOTIC: D方法实例化没找到模型类Common\Model\TeacherSchedulePersonModel
NOTIC: D方法实例化没找到模型类Common\Model\TeacherSchedulePersonDetailModel

[ 2018-09-11T14:02:17+08:00 ] 127.0.0.1 /weixiaotong2016/index.php/Teacher/TeacherScheduleSelect/index_scheudle/menuid/js/fileinput_locale_zh.js
NOTIC: D方法实例化没找到模型类Common\Model\TeacherScheduleModel
NOTIC: D方法实例化没找到模型类Common\Model\TeacherScheduleAttendanceModel
NOTIC: D方法实例化没找到模型类Common\Model\TeacherScheduleDetailModel
NOTIC: D方法实例化没找到模型类Common\Model\TeacherScheduleFixationModel
NOTIC: D方法实例化没找到模型类Common\Model\TeacherScheduleGroupModel
NOTIC: D方法实例化没找到模型类Common\Model\TeacherSchedulePeriodModel
NOTIC: D方法实例化没找到模型类Common\Model\TeacherSchedulePeriodDetailModel
NOTIC: D方法实例化没找到模型类Common\Model\TeacherSchedulePersonModel
NOTIC: D方法实例化没找到模型类Common\Model\TeacherSchedulePersonDetailModel

[ 2018-09-11T14:02:19+08:00 ] 127.0.0.1 /weixiaotong2016/index.php/Teacher/TeacherScheduleSelect/index/menuid/316
NOTIC: D方法实例化没找到模型类Common\Model\TeacherScheduleModel
NOTIC: D方法实例化没找到模型类Common\Model\TeacherScheduleAttendanceModel
NOTIC: D方法实例化没找到模型类Common\Model\TeacherScheduleDetailModel
NOTIC: D方法实例化没找到模型类Common\Model\TeacherScheduleFixationModel
NOTIC: D方法实例化没找到模型类Common\Model\TeacherScheduleGroupModel
NOTIC: D方法实例化没找到模型类Common\Model\TeacherSchedulePeriodModel
NOTIC: D方法实例化没找到模型类Common\Model\TeacherSchedulePeriodDetailModel
NOTIC: D方法实例化没找到模型类Common\Model\TeacherSchedulePersonModel
NOTIC: D方法实例化没找到模型类Common\Model\TeacherSchedulePersonDetailModel

[ 2018-09-11T14:02:19+08:00 ] 127.0.0.1 /weixiaotong2016/index.php/Teacher/TeacherScheduleSelect/index/menuid/js/fileinput.js
NOTIC: D方法实例化没找到模型类Common\Model\TeacherScheduleModel
NOTIC: D方法实例化没找到模型类Common\Model\TeacherScheduleAttendanceModel
NOTIC: D方法实例化没找到模型类Common\Model\TeacherScheduleDetailModel
NOTIC: D方法实例化没找到模型类Common\Model\TeacherScheduleFixationModel
NOTIC: D方法实例化没找到模型类Common\Model\TeacherScheduleGroupModel
NOTIC: D方法实例化没找到模型类Common\Model\TeacherSchedulePeriodModel
NOTIC: D方法实例化没找到模型类Common\Model\TeacherSchedulePeriodDetailModel
NOTIC: D方法实例化没找到模型类Common\Model\TeacherSchedulePersonModel
NOTIC: D方法实例化没找到模型类Common\Model\TeacherSchedulePersonDetailModel

[ 2018-09-11T14:02:20+08:00 ] 127.0.0.1 /weixiaotong2016/index.php/Teacher/TeacherScheduleSelect/index/menuid/js/fileinput_locale_zh.js
NOTIC: D方法实例化没找到模型类Common\Model\TeacherScheduleModel
NOTIC: D方法实例化没找到模型类Common\Model\TeacherScheduleAttendanceModel
NOTIC: D方法实例化没找到模型类Common\Model\TeacherScheduleDetailModel
NOTIC: D方法实例化没找到模型类Common\Model\TeacherScheduleFixationModel
NOTIC: D方法实例化没找到模型类Common\Model\TeacherScheduleGroupModel
NOTIC: D方法实例化没找到模型类Common\Model\TeacherSchedulePeriodModel
NOTIC: D方法实例化没找到模型类Common\Model\TeacherSchedulePeriodDetailModel
NOTIC: D方法实例化没找到模型类Common\Model\TeacherSchedulePersonModel
NOTIC: D方法实例化没找到模型类Common\Model\TeacherSchedulePersonDetailModel

[ 2018-09-11T14:02:26+08:00 ] 127.0.0.1 /weixiaotong2016/index.php/Teacher/TeacherScheduleSelect/index/menuid/316
NOTIC: D方法实例化没找到模型类Common\Model\TeacherScheduleModel
NOTIC: D方法实例化没找到模型类Common\Model\TeacherScheduleAttendanceModel
NOTIC: D方法实例化没找到模型类Common\Model\TeacherScheduleDetailModel
NOTIC: D方法实例化没找到模型类Common\Model\TeacherScheduleFixationModel
NOTIC: D方法实例化没找到模型类Common\Model\TeacherScheduleGroupModel
NOTIC: D方法实例化没找到模型类Common\Model\TeacherSchedulePeriodModel
NOTIC: D方法实例化没找到模型类Common\Model\TeacherSchedulePeriodDetailModel
NOTIC: D方法实例化没找到模型类Common\Model\TeacherSchedulePersonModel
NOTIC: D方法实例化没找到模型类Common\Model\TeacherSchedulePersonDetailModel

[ 2018-09-11T14:02:26+08:00 ] 127.0.0.1 /weixiaotong2016/index.php/Teacher/TeacherScheduleSelect/index/menuid/js/fileinput.js
NOTIC: D方法实例化没找到模型类Common\Model\TeacherScheduleModel
NOTIC: D方法实例化没找到模型类Common\Model\TeacherScheduleAttendanceModel
NOTIC: D方法实例化没找到模型类Common\Model\TeacherScheduleDetailModel
NOTIC: D方法实例化没找到模型类Common\Model\TeacherScheduleFixationModel
NOTIC: D方法实例化没找到模型类Common\Model\TeacherScheduleGroupModel
NOTIC: D方法实例化没找到模型类Common\Model\TeacherSchedulePeriodModel
NOTIC: D方法实例化没找到模型类Common\Model\TeacherSchedulePeriodDetailModel
NOTIC: D方法实例化没找到模型类Common\Model\TeacherSchedulePersonModel
NOTIC: D方法实例化没找到模型类Common\Model\TeacherSchedulePersonDetailModel

[ 2018-09-11T14:02:26+08:00 ] 127.0.0.1 /weixiaotong2016/index.php/Teacher/TeacherScheduleSelect/index/menuid/js/fileinput_locale_zh.js
NOTIC: D方法实例化没找到模型类Common\Model\TeacherScheduleModel
NOTIC: D方法实例化没找到模型类Common\Model\TeacherScheduleAttendanceModel
NOTIC: D方法实例化没找到模型类Common\Model\TeacherScheduleDetailModel
NOTIC: D方法实例化没找到模型类Common\Model\TeacherScheduleFixationModel
NOTIC: D方法实例化没找到模型类Common\Model\TeacherScheduleGroupModel
NOTIC: D方法实例化没找到模型类Common\Model\TeacherSchedulePeriodModel
NOTIC: D方法实例化没找到模型类Common\Model\TeacherSchedulePeriodDetailModel
NOTIC: D方法实例化没找到模型类Common\Model\TeacherSchedulePersonModel
NOTIC: D方法实例化没找到模型类Common\Model\TeacherSchedulePersonDetailModel

[ 2018-09-11T18:36:50+08:00 ] 127.0.0.1 /weixiaotong2016/index.php/Teacher/Main/index
NOTIC: D方法实例化没找到模型类Common\Model\WxtuserModel
NOTIC: D方法实例化没找到模型类Common\Model\ScheduleModel
NOTIC: D方法实例化没找到模型类Common\Model\EntrustModel
NOTIC: D方法实例化没找到模型类Common\Model\NoticeModel
NOTIC: D方法实例化没找到模型类Common\Model\UserMessageModel
NOTIC: D方法实例化没找到模型类Common\Model\ActivityModel
NOTIC: D方法实例化没找到模型类Common\Model\MicroblogMainModel
NOTIC: D方法实例化没找到模型类Common\Model\SchoolCoursewareModel

[ 2018-09-11T18:36:51+08:00 ] 127.0.0.1 /weixiaotong2016/index.php/Teacher/Main/js/datetime.js
NOTIC: D方法实例化没找到模型类Common\Model\WxtuserModel
NOTIC: D方法实例化没找到模型类Common\Model\ScheduleModel
NOTIC: D方法实例化没找到模型类Common\Model\EntrustModel
NOTIC: D方法实例化没找到模型类Common\Model\NoticeModel
NOTIC: D方法实例化没找到模型类Common\Model\UserMessageModel
NOTIC: D方法实例化没找到模型类Common\Model\ActivityModel
NOTIC: D方法实例化没找到模型类Common\Model\MicroblogMainModel
NOTIC: D方法实例化没找到模型类Common\Model\SchoolCoursewareModel

[ 2018-09-11T18:36:51+08:00 ] 127.0.0.1 /weixiaotong2016/index.php/Teacher/Main/js/fileinput_locale_zh.js
NOTIC: D方法实例化没找到模型类Common\Model\WxtuserModel
NOTIC: D方法实例化没找到模型类Common\Model\ScheduleModel
NOTIC: D方法实例化没找到模型类Common\Model\EntrustModel
NOTIC: D方法实例化没找到模型类Common\Model\NoticeModel
NOTIC: D方法实例化没找到模型类Common\Model\UserMessageModel
NOTIC: D方法实例化没找到模型类Common\Model\ActivityModel
NOTIC: D方法实例化没找到模型类Common\Model\MicroblogMainModel
NOTIC: D方法实例化没找到模型类Common\Model\SchoolCoursewareModel

[ 2018-09-11T18:36:51+08:00 ] 127.0.0.1 /weixiaotong2016/index.php/Teacher/Main/js/fileinput.js
NOTIC: D方法实例化没找到模型类Common\Model\WxtuserModel
NOTIC: D方法实例化没找到模型类Common\Model\ScheduleModel
NOTIC: D方法实例化没找到模型类Common\Model\EntrustModel
NOTIC: D方法实例化没找到模型类Common\Model\NoticeModel
NOTIC: D方法实例化没找到模型类Common\Model\UserMessageModel
NOTIC: D方法实例化没找到模型类Common\Model\ActivityModel
NOTIC: D方法实例化没找到模型类Common\Model\MicroblogMainModel
NOTIC: D方法实例化没找到模型类Common\Model\SchoolCoursewareModel

[ 2018-09-11T18:37:08+08:00 ] 127.0.0.1 /weixiaotong2016/index.php/Teacher/TeacherInfo/index/menuid/310
NOTIC: D方法实例化没找到模型类Common\Model\SchoolModel
NOTIC: D方法实例化没找到模型类Common\Model\SchoolClassModel
NOTIC: D方法实例化没找到模型类Common\Model\WxtuserModel
NOTIC: D方法实例化没找到模型类Common\Model\ClassRelationshipModel
NOTIC: D方法实例化没找到模型类Common\Model\TeacherClassModel
NOTIC: D方法实例化没找到模型类Common\Model\DepartmentModel
NOTIC: D方法实例化没找到模型类Common\Model\DutyModel
NOTIC: D方法实例化没找到模型类Common\Model\DutyTeacherModel
NOTIC: D方法实例化没找到模型类Common\Model\DepartmentTeacherModel
NOTIC: D方法实例化没找到模型类Common\Model\CityModel

[ 2018-09-11T18:37:08+08:00 ] 127.0.0.1 /weixiaotong2016/index.php?g=teacher&m=TeacherUtils&a=get_class&grade=0
INFO: [ app_begin ] --START--
INFO: Run Behavior\ReadHtmlCacheBehavior [ RunTime:0.002000s ]
INFO: Run Behavior\CheckLangBehavior [ RunTime:0.002000s ]
INFO: [ app_begin ] --END-- [ RunTime:0.004000s ]
SQL: SHOW COLUMNS FROM `wxt_school_class` [ RunTime:0.0080s ]
NOTIC: [8] Undefined variable: join D:\phpStudy\WWW\weixiaotong2016\application\Teacher\Controller\TeacherUtilsController.class.php 第 42 行.
SQL: SELECT class.id,class.classname FROM wxt_school_class class WHERE class.schoolid = '7' AND class.grade = '0'  [ RunTime:0.0000s ]

[ 2018-09-11T18:37:11+08:00 ] 127.0.0.1 /weixiaotong2016/index.php/?g=Teacher&m=TeacherInfo&a=teacher_class
INFO: [ app_begin ] --START--
INFO: Run Behavior\ReadHtmlCacheBehavior [ RunTime:0.001000s ]
INFO: Run Behavior\CheckLangBehavior [ RunTime:0.003000s ]
INFO: [ app_begin ] --END-- [ RunTime:0.004000s ]
SQL: SHOW COLUMNS FROM `wxt_wxtuser` [ RunTime:0.0090s ]
SQL: SELECT * FROM `wxt_wxtuser` WHERE `id` = 2433 LIMIT 1   [ RunTime:0.0000s ]
NOTIC: D方法实例化没找到模型类Common\Model\SchoolModel
SQL: SHOW COLUMNS FROM `wxt_school` [ RunTime:0.0100s ]
NOTIC: D方法实例化没找到模型类Common\Model\SchoolClassModel
SQL: SHOW COLUMNS FROM `wxt_school_class` [ RunTime:0.0090s ]
NOTIC: D方法实例化没找到模型类Common\Model\WxtuserModel
SQL: SHOW COLUMNS FROM `wxt_wxtuser` [ RunTime:0.0090s ]
NOTIC: D方法实例化没找到模型类Common\Model\ClassRelationshipModel
SQL: SHOW COLUMNS FROM `wxt_class_relationship` [ RunTime:0.0090s ]
NOTIC: D方法实例化没找到模型类Common\Model\TeacherClassModel
SQL: SHOW COLUMNS FROM `wxt_teacher_class` [ RunTime:0.0090s ]
NOTIC: D方法实例化没找到模型类Common\Model\DepartmentModel
SQL: SHOW COLUMNS FROM `wxt_department` [ RunTime:0.0100s ]
NOTIC: D方法实例化没找到模型类Common\Model\DutyModel
SQL: SHOW COLUMNS FROM `wxt_duty` [ RunTime:0.0090s ]
NOTIC: D方法实例化没找到模型类Common\Model\DutyTeacherModel
SQL: SHOW COLUMNS FROM `wxt_duty_teacher` [ RunTime:0.0100s ]
NOTIC: D方法实例化没找到模型类Common\Model\DepartmentTeacherModel
SQL: SHOW COLUMNS FROM `wxt_department_teacher` [ RunTime:0.0090s ]
NOTIC: D方法实例化没找到模型类Common\Model\CityModel
SQL: SHOW COLUMNS FROM `wxt_city` [ RunTime:0.0100s ]
SQL: SHOW COLUMNS FROM `wxt_teacher_class` [ RunTime:0.0100s ]
SQL: SELECT t.classid,s.classname FROM wxt_teacher_class t INNER JOIN wxt_school_class s ON s.id=t.classid  WHERE t.teacherid = '2433'  [ RunTime:0.0000s ]
SQL: SHOW COLUMNS FROM `wxt_school_class` [ RunTime:0.0090s ]
SQL: SELECT d.id,d.subject FROM wxt_school_class s INNER JOIN wxt_subject w ON w.gradeid=s.grade INNER JOIN wxt_default_subject d ON d.id=w.subjectid  WHERE ( s.id=37 )  [ RunTime:0.0010s ]
SQL: SHOW COLUMNS FROM `wxt_teacher_subject` [ RunTime:0.0090s ]
SQL: SELECT d.id,d.subject FROM wxt_teacher_subject t INNER JOIN wxt_default_subject d ON t.subjectid=d.id  WHERE t.teacherid = '2433' AND t.classid = '37'  [ RunTime:0.0000s ]
SQL: SELECT d.id,d.subject FROM wxt_school_class s INNER JOIN wxt_subject w ON w.gradeid=s.grade INNER JOIN wxt_default_subject d ON d.id=w.subjectid  WHERE ( s.id=39 )  [ RunTime:0.0000s ]
SQL: SELECT d.id,d.subject FROM wxt_teacher_subject t INNER JOIN wxt_default_subject d ON t.subjectid=d.id  WHERE t.teacherid = '2433' AND t.classid = '39'  [ RunTime:0.0000s ]
SQL: SELECT d.id,d.subject FROM wxt_school_class s INNER JOIN wxt_subject w ON w.gradeid=s.grade INNER JOIN wxt_default_subject d ON d.id=w.subjectid  WHERE ( s.id=42 )  [ RunTime:0.0010s ]
SQL: SELECT d.id,d.subject FROM wxt_teacher_subject t INNER JOIN wxt_default_subject d ON t.subjectid=d.id  WHERE t.teacherid = '2433' AND t.classid = '42'  [ RunTime:0.0000s ]
SQL: SELECT d.id,d.subject FROM wxt_school_class s INNER JOIN wxt_subject w ON w.gradeid=s.grade INNER JOIN wxt_default_subject d ON d.id=w.subjectid  WHERE ( s.id=172 )  [ RunTime:0.0000s ]
SQL: SELECT d.id,d.subject FROM wxt_teacher_subject t INNER JOIN wxt_default_subject d ON t.subjectid=d.id  WHERE t.teacherid = '2433' AND t.classid = '172'  [ RunTime:0.0010s ]
SQL: SELECT d.id,d.subject FROM wxt_school_class s INNER JOIN wxt_subject w ON w.gradeid=s.grade INNER JOIN wxt_default_subject d ON d.id=w.subjectid  WHERE ( s.id=173 )  [ RunTime:0.0000s ]
SQL: SELECT d.id,d.subject FROM wxt_teacher_subject t INNER JOIN wxt_default_subject d ON t.subjectid=d.id  WHERE t.teacherid = '2433' AND t.classid = '173'  [ RunTime:0.0000s ]
SQL: SELECT d.id,d.subject FROM wxt_school_class s INNER JOIN wxt_subject w ON w.gradeid=s.grade INNER JOIN wxt_default_subject d ON d.id=w.subjectid  WHERE ( s.id=174 )  [ RunTime:0.0010s ]
SQL: SELECT d.id,d.subject FROM wxt_teacher_subject t INNER JOIN wxt_default_subject d ON t.subjectid=d.id  WHERE t.teacherid = '2433' AND t.classid = '174'  [ RunTime:0.0000s ]
SQL: SELECT d.id,d.subject FROM wxt_school_class s INNER JOIN wxt_subject w ON w.gradeid=s.grade INNER JOIN wxt_default_subject d ON d.id=w.subjectid  WHERE ( s.id=175 )  [ RunTime:0.0000s ]
SQL: SELECT d.id,d.subject FROM wxt_teacher_subject t INNER JOIN wxt_default_subject d ON t.subjectid=d.id  WHERE t.teacherid = '2433' AND t.classid = '175'  [ RunTime:0.0000s ]
SQL: SELECT d.id,d.subject FROM wxt_school_class s INNER JOIN wxt_subject w ON w.gradeid=s.grade INNER JOIN wxt_default_subject d ON d.id=w.subjectid  WHERE ( s.id=176 )  [ RunTime:0.0000s ]
SQL: SELECT d.id,d.subject FROM wxt_teacher_subject t INNER JOIN wxt_default_subject d ON t.subjectid=d.id  WHERE t.teacherid = '2433' AND t.classid = '176'  [ RunTime:0.0000s ]
SQL: SELECT d.id,d.subject FROM wxt_school_class s INNER JOIN wxt_subject w ON w.gradeid=s.grade INNER JOIN wxt_default_subject d ON d.id=w.subjectid  WHERE ( s.id=177 )  [ RunTime:0.0000s ]
SQL: SELECT d.id,d.subject FROM wxt_teacher_subject t INNER JOIN wxt_default_subject d ON t.subjectid=d.id  WHERE t.teacherid = '2433' AND t.classid = '177'  [ RunTime:0.0000s ]

[ 2018-09-11T18:38:34+08:00 ] 127.0.0.1 /weixiaotong2016/index.php/Teacher/ClassSubject/add
INFO: [ app_begin ] --START--
INFO: Run Behavior\ReadHtmlCacheBehavior [ RunTime:0.001000s ]
INFO: Run Behavior\CheckLangBehavior [ RunTime:0.002001s ]
INFO: [ app_begin ] --END-- [ RunTime:0.004001s ]
SQL: SHOW COLUMNS FROM `wxt_wxtuser` [ RunTime:0.0090s ]
SQL: SELECT * FROM `wxt_wxtuser` WHERE `id` = 2433 LIMIT 1   [ RunTime:0.0010s ]
SQL: SHOW COLUMNS FROM `wxt_class_syllabus` [ RunTime:0.0080s ]
SQL: SELECT * FROM `wxt_class_syllabus` WHERE ( classid=39 )  [ RunTime:0.0010s ]
SQL: UPDATE `wxt_class_syllabus` SET `classid`='39',`schoolid`='7',`monday`='17',`tuesday`='30',`wednesday`='12',`thursday`='0',`friday`='0',`saturday`='0',`sunday`='3',`syllabus_no`='1' WHERE `classid` = 39 AND `syllabus_no` = 1 [ RunTime:0.0010s ]
SQL: UPDATE `wxt_class_syllabus` SET `classid`='39',`schoolid`='7',`monday`='0',`tuesday`='17',`wednesday`='7',`thursday`='12',`friday`='0',`saturday`='3',`sunday`='0',`syllabus_no`='2' WHERE `classid` = 39 AND `syllabus_no` = 2 [ RunTime:0.0010s ]
SQL: UPDATE `wxt_class_syllabus` SET `classid`='39',`schoolid`='7',`monday`='12',`tuesday`='10',`wednesday`='12',`thursday`='11',`friday`='0',`saturday`='0',`sunday`='0',`syllabus_no`='3' WHERE `classid` = 39 AND `syllabus_no` = 3 [ RunTime:0.0010s ]
SQL: UPDATE `wxt_class_syllabus` SET `classid`='39',`schoolid`='7',`monday`='6',`tuesday`='2',`wednesday`='2',`thursday`='3',`friday`='0',`saturday`='0',`sunday`='0',`syllabus_no`='4' WHERE `classid` = 39 AND `syllabus_no` = 4 [ RunTime:0.0010s ]
SQL: UPDATE `wxt_class_syllabus` SET `classid`='39',`schoolid`='7',`monday`='5',`tuesday`='6',`wednesday`='6',`thursday`='6',`friday`='0',`saturday`='0',`sunday`='0',`syllabus_no`='5' WHERE `classid` = 39 AND `syllabus_no` = 5 [ RunTime:0.0010s ]
SQL: UPDATE `wxt_class_syllabus` SET `classid`='39',`schoolid`='7',`monday`='3',`tuesday`='3',`wednesday`='6',`thursday`='0',`friday`='5',`saturday`='0',`sunday`='0',`syllabus_no`='6' WHERE `classid` = 39 AND `syllabus_no` = 6 [ RunTime:0.0010s ]
SQL: UPDATE `wxt_class_syllabus` SET `classid`='39',`schoolid`='7',`monday`='4',`tuesday`='0',`wednesday`='1',`thursday`='0',`friday`='0',`saturday`='0',`sunday`='0',`syllabus_no`='7' WHERE `classid` = 39 AND `syllabus_no` = 7 [ RunTime:0.0010s ]
SQL: UPDATE `wxt_class_syllabus` SET `classid`='39',`schoolid`='7',`monday`='0',`tuesday`='5',`wednesday`='1',`thursday`='0',`friday`='0',`saturday`='0',`sunday`='0',`syllabus_no`='8' WHERE `classid` = 39 AND `syllabus_no` = 8 [ RunTime:0.0010s ]
NOTIC: [2] Cannot modify header information - headers already sent by (output started at D:\phpStudy\WWW\weixiaotong2016\simplewind\Core\Common\functions.php:850) D:\phpStudy\WWW\weixiaotong2016\application\Common\Controller\AppframeController.class.php 第 50 行.

[ 2018-09-11T18:38:58+08:00 ] 127.0.0.1 /weixiaotong2016/index.php/Teacher/Main/index
NOTIC: D方法实例化没找到模型类Common\Model\WxtuserModel
NOTIC: D方法实例化没找到模型类Common\Model\ScheduleModel
NOTIC: D方法实例化没找到模型类Common\Model\EntrustModel
NOTIC: D方法实例化没找到模型类Common\Model\NoticeModel
NOTIC: D方法实例化没找到模型类Common\Model\UserMessageModel
NOTIC: D方法实例化没找到模型类Common\Model\ActivityModel
NOTIC: D方法实例化没找到模型类Common\Model\MicroblogMainModel
NOTIC: D方法实例化没找到模型类Common\Model\SchoolCoursewareModel

[ 2018-09-11T18:38:58+08:00 ] 127.0.0.1 /weixiaotong2016/index.php/Teacher/Main/js/datetime.js
NOTIC: D方法实例化没找到模型类Common\Model\WxtuserModel
NOTIC: D方法实例化没找到模型类Common\Model\ScheduleModel
NOTIC: D方法实例化没找到模型类Common\Model\EntrustModel
NOTIC: D方法实例化没找到模型类Common\Model\NoticeModel
NOTIC: D方法实例化没找到模型类Common\Model\UserMessageModel
NOTIC: D方法实例化没找到模型类Common\Model\ActivityModel
NOTIC: D方法实例化没找到模型类Common\Model\MicroblogMainModel
NOTIC: D方法实例化没找到模型类Common\Model\SchoolCoursewareModel

[ 2018-09-11T18:38:58+08:00 ] 127.0.0.1 /weixiaotong2016/index.php/Teacher/Main/js/fileinput.js
NOTIC: D方法实例化没找到模型类Common\Model\WxtuserModel
NOTIC: D方法实例化没找到模型类Common\Model\ScheduleModel
NOTIC: D方法实例化没找到模型类Common\Model\EntrustModel
NOTIC: D方法实例化没找到模型类Common\Model\NoticeModel
NOTIC: D方法实例化没找到模型类Common\Model\UserMessageModel
NOTIC: D方法实例化没找到模型类Common\Model\ActivityModel
NOTIC: D方法实例化没找到模型类Common\Model\MicroblogMainModel
NOTIC: D方法实例化没找到模型类Common\Model\SchoolCoursewareModel

[ 2018-09-11T18:38:58+08:00 ] 127.0.0.1 /weixiaotong2016/index.php/Teacher/Main/js/fileinput_locale_zh.js
NOTIC: D方法实例化没找到模型类Common\Model\WxtuserModel
NOTIC: D方法实例化没找到模型类Common\Model\ScheduleModel
NOTIC: D方法实例化没找到模型类Common\Model\EntrustModel
NOTIC: D方法实例化没找到模型类Common\Model\NoticeModel
NOTIC: D方法实例化没找到模型类Common\Model\UserMessageModel
NOTIC: D方法实例化没找到模型类Common\Model\ActivityModel
NOTIC: D方法实例化没找到模型类Common\Model\MicroblogMainModel
NOTIC: D方法实例化没找到模型类Common\Model\SchoolCoursewareModel

[ 2018-09-11T18:42:24+08:00 ] 127.0.0.1 /weixiaotong2016/index.php/Teacher/TeacherInfo/index/menuid/310
NOTIC: D方法实例化没找到模型类Common\Model\SchoolModel
NOTIC: D方法实例化没找到模型类Common\Model\SchoolClassModel
NOTIC: D方法实例化没找到模型类Common\Model\WxtuserModel
NOTIC: D方法实例化没找到模型类Common\Model\ClassRelationshipModel
NOTIC: D方法实例化没找到模型类Common\Model\TeacherClassModel
NOTIC: D方法实例化没找到模型类Common\Model\DepartmentModel
NOTIC: D方法实例化没找到模型类Common\Model\DutyModel
NOTIC: D方法实例化没找到模型类Common\Model\DutyTeacherModel
NOTIC: D方法实例化没找到模型类Common\Model\DepartmentTeacherModel
NOTIC: D方法实例化没找到模型类Common\Model\CityModel

[ 2018-09-11T18:42:25+08:00 ] 127.0.0.1 /weixiaotong2016/index.php?g=teacher&m=TeacherUtils&a=get_class&grade=0
INFO: [ app_begin ] --START--
INFO: Run Behavior\ReadHtmlCacheBehavior [ RunTime:0.001000s ]
INFO: Run Behavior\CheckLangBehavior [ RunTime:0.003000s ]
INFO: [ app_begin ] --END-- [ RunTime:0.005000s ]
SQL: SHOW COLUMNS FROM `wxt_school_class` [ RunTime:0.0100s ]
NOTIC: [8] Undefined variable: join D:\phpStudy\WWW\weixiaotong2016\application\Teacher\Controller\TeacherUtilsController.class.php 第 42 行.
SQL: SELECT class.id,class.classname FROM wxt_school_class class WHERE class.schoolid = '7' AND class.grade = '0'  [ RunTime:0.0000s ]

[ 2018-09-11T18:42:26+08:00 ] 127.0.0.1 /weixiaotong2016/index.php/?g=Teacher&m=TeacherInfo&a=teacher_class
INFO: [ app_begin ] --START--
INFO: Run Behavior\ReadHtmlCacheBehavior [ RunTime:0.001000s ]
INFO: Run Behavior\CheckLangBehavior [ RunTime:0.003001s ]
INFO: [ app_begin ] --END-- [ RunTime:0.005001s ]
SQL: SHOW COLUMNS FROM `wxt_wxtuser` [ RunTime:0.0090s ]
SQL: SELECT * FROM `wxt_wxtuser` WHERE `id` = 2433 LIMIT 1   [ RunTime:0.0000s ]
NOTIC: D方法实例化没找到模型类Common\Model\SchoolModel
SQL: SHOW COLUMNS FROM `wxt_school` [ RunTime:0.0090s ]
NOTIC: D方法实例化没找到模型类Common\Model\SchoolClassModel
SQL: SHOW COLUMNS FROM `wxt_school_class` [ RunTime:0.0080s ]
NOTIC: D方法实例化没找到模型类Common\Model\WxtuserModel
SQL: SHOW COLUMNS FROM `wxt_wxtuser` [ RunTime:0.0090s ]
NOTIC: D方法实例化没找到模型类Common\Model\ClassRelationshipModel
SQL: SHOW COLUMNS FROM `wxt_class_relationship` [ RunTime:0.0090s ]
NOTIC: D方法实例化没找到模型类Common\Model\TeacherClassModel
SQL: SHOW COLUMNS FROM `wxt_teacher_class` [ RunTime:0.0090s ]
NOTIC: D方法实例化没找到模型类Common\Model\DepartmentModel
SQL: SHOW COLUMNS FROM `wxt_department` [ RunTime:0.0100s ]
NOTIC: D方法实例化没找到模型类Common\Model\DutyModel
SQL: SHOW COLUMNS FROM `wxt_duty` [ RunTime:0.0090s ]
NOTIC: D方法实例化没找到模型类Common\Model\DutyTeacherModel
SQL: SHOW COLUMNS FROM `wxt_duty_teacher` [ RunTime:0.0090s ]
NOTIC: D方法实例化没找到模型类Common\Model\DepartmentTeacherModel
SQL: SHOW COLUMNS FROM `wxt_department_teacher` [ RunTime:0.0090s ]
NOTIC: D方法实例化没找到模型类Common\Model\CityModel
SQL: SHOW COLUMNS FROM `wxt_city` [ RunTime:0.0110s ]
SQL: SHOW COLUMNS FROM `wxt_teacher_class` [ RunTime:0.0100s ]
SQL: SELECT t.classid,s.classname FROM wxt_teacher_class t INNER JOIN wxt_school_class s ON s.id=t.classid  WHERE t.teacherid = '2433'  [ RunTime:0.0000s ]
SQL: SHOW COLUMNS FROM `wxt_school_class` [ RunTime:0.0100s ]
SQL: SELECT d.id,d.subject FROM wxt_school_class s INNER JOIN wxt_subject w ON w.gradeid=s.grade INNER JOIN wxt_default_subject d ON d.id=w.subjectid  WHERE ( s.id=37 )  [ RunTime:0.0000s ]
SQL: SHOW COLUMNS FROM `wxt_teacher_subject` [ RunTime:0.0100s ]
SQL: SELECT d.id,d.subject FROM wxt_teacher_subject t INNER JOIN wxt_default_subject d ON t.subjectid=d.id  WHERE t.teacherid = '2433' AND t.classid = '37'  [ RunTime:0.0000s ]
SQL: SELECT d.id,d.subject FROM wxt_school_class s INNER JOIN wxt_subject w ON w.gradeid=s.grade INNER JOIN wxt_default_subject d ON d.id=w.subjectid  WHERE ( s.id=39 )  [ RunTime:0.0010s ]
SQL: SELECT d.id,d.subject FROM wxt_teacher_subject t INNER JOIN wxt_default_subject d ON t.subjectid=d.id  WHERE t.teacherid = '2433' AND t.classid = '39'  [ RunTime:0.0000s ]
SQL: SELECT d.id,d.subject FROM wxt_school_class s INNER JOIN wxt_subject w ON w.gradeid=s.grade INNER JOIN wxt_default_subject d ON d.id=w.subjectid  WHERE ( s.id=42 )  [ RunTime:0.0000s ]
SQL: SELECT d.id,d.subject FROM wxt_teacher_subject t INNER JOIN wxt_default_subject d ON t.subjectid=d.id  WHERE t.teacherid = '2433' AND t.classid = '42'  [ RunTime:0.0010s ]
SQL: SELECT d.id,d.subject FROM wxt_school_class s INNER JOIN wxt_subject w ON w.gradeid=s.grade INNER JOIN wxt_default_subject d ON d.id=w.subjectid  WHERE ( s.id=172 )  [ RunTime:0.0000s ]
SQL: SELECT d.id,d.subject FROM wxt_teacher_subject t INNER JOIN wxt_default_subject d ON t.subjectid=d.id  WHERE t.teacherid = '2433' AND t.classid = '172'  [ RunTime:0.0000s ]
SQL: SELECT d.id,d.subject FROM wxt_school_class s INNER JOIN wxt_subject w ON w.gradeid=s.grade INNER JOIN wxt_default_subject d ON d.id=w.subjectid  WHERE ( s.id=173 )  [ RunTime:0.0010s ]
SQL: SELECT d.id,d.subject FROM wxt_teacher_subject t INNER JOIN wxt_default_subject d ON t.subjectid=d.id  WHERE t.teacherid = '2433' AND t.classid = '173'  [ RunTime:0.0000s ]
SQL: SELECT d.id,d.subject FROM wxt_school_class s INNER JOIN wxt_subject w ON w.gradeid=s.grade INNER JOIN wxt_default_subject d ON d.id=w.subjectid  WHERE ( s.id=174 )  [ RunTime:0.0000s ]
SQL: SELECT d.id,d.subject FROM wxt_teacher_subject t INNER JOIN wxt_default_subject d ON t.subjectid=d.id  WHERE t.teacherid = '2433' AND t.classid = '174'  [ RunTime:0.0010s ]
SQL: SELECT d.id,d.subject FROM wxt_school_class s INNER JOIN wxt_subject w ON w.gradeid=s.grade INNER JOIN wxt_default_subject d ON d.id=w.subjectid  WHERE ( s.id=175 )  [ RunTime:0.0000s ]
SQL: SELECT d.id,d.subject FROM wxt_teacher_subject t INNER JOIN wxt_default_subject d ON t.subjectid=d.id  WHERE t.teacherid = '2433' AND t.classid = '175'  [ RunTime:0.0000s ]
SQL: SELECT d.id,d.subject FROM wxt_school_class s INNER JOIN wxt_subject w ON w.gradeid=s.grade INNER JOIN wxt_default_subject d ON d.id=w.subjectid  WHERE ( s.id=176 )  [ RunTime:0.0000s ]
SQL: SELECT d.id,d.subject FROM wxt_teacher_subject t INNER JOIN wxt_default_subject d ON t.subjectid=d.id  WHERE t.teacherid = '2433' AND t.classid = '176'  [ RunTime:0.0000s ]
SQL: SELECT d.id,d.subject FROM wxt_school_class s INNER JOIN wxt_subject w ON w.gradeid=s.grade INNER JOIN wxt_default_subject d ON d.id=w.subjectid  WHERE ( s.id=177 )  [ RunTime:0.0000s ]
SQL: SELECT d.id,d.subject FROM wxt_teacher_subject t INNER JOIN wxt_default_subject d ON t.subjectid=d.id  WHERE t.teacherid = '2433' AND t.classid = '177'  [ RunTime:0.0000s ]

[ 2018-09-11T18:42:50+08:00 ] 127.0.0.1 /weixiaotong2016/index.php/Teacher/TeacherInfo/teacher_class_subject?teacherid=2433&class_subject%5B0%5D%5Bc_id%5D=39&class_subject%5B0%5D%5Bsubject%5D=12&class_subject%5B1%5D%5Bc_id%5D=39&class_subject%5B1%5D%5Bsubject%5D=17&class_subject%5B2%5D%5Bc_id%5D=39&class_subject%5B2%5D%5Bsubject%5D=6&class_subject%5B3%5D%5Bc_id%5D=39&class_subject%5B3%5D%5Bsubject%5D=21&class_subject%5B4%5D%5Bc_id%5D=39&class_subject%5B4%5D%5Bsubject%5D=5&class_subject%5B5%5D%5Bc_id%5D=39&class_subject%5B5%5D%5Bsubject%5D=4&class_subject%5B6%5D%5Bc_id%5D=39&class_subject%5B6%5D%5Bsubject%5D=3&class_subject%5B7%5D%5Bc_id%5D=39&class_subject%5B7%5D%5Bsubject%5D=9&class_banji%5B0%5D%5Bclassid%5D=42&class_banji%5B1%5D%5Bclassid%5D=39&class_banji%5B2%5D%5Bclassid%5D=37
INFO: [ app_begin ] --START--
INFO: Run Behavior\ReadHtmlCacheBehavior [ RunTime:0.003000s ]
INFO: Run Behavior\CheckLangBehavior [ RunTime:0.005000s ]
INFO: [ app_begin ] --END-- [ RunTime:0.009000s ]
SQL: SHOW COLUMNS FROM `wxt_wxtuser` [ RunTime:0.0180s ]
SQL: SELECT * FROM `wxt_wxtuser` WHERE `id` = 2433 LIMIT 1   [ RunTime:0.0010s ]
NOTIC: D方法实例化没找到模型类Common\Model\SchoolModel
SQL: SHOW COLUMNS FROM `wxt_school` [ RunTime:0.0130s ]
NOTIC: D方法实例化没找到模型类Common\Model\SchoolClassModel
SQL: SHOW COLUMNS FROM `wxt_school_class` [ RunTime:0.0090s ]
NOTIC: D方法实例化没找到模型类Common\Model\WxtuserModel
SQL: SHOW COLUMNS FROM `wxt_wxtuser` [ RunTime:0.0090s ]
NOTIC: D方法实例化没找到模型类Common\Model\ClassRelationshipModel
SQL: SHOW COLUMNS FROM `wxt_class_relationship` [ RunTime:0.0090s ]
NOTIC: D方法实例化没找到模型类Common\Model\TeacherClassModel
SQL: SHOW COLUMNS FROM `wxt_teacher_class` [ RunTime:0.0090s ]
NOTIC: D方法实例化没找到模型类Common\Model\DepartmentModel
SQL: SHOW COLUMNS FROM `wxt_department` [ RunTime:0.0090s ]
NOTIC: D方法实例化没找到模型类Common\Model\DutyModel
SQL: SHOW COLUMNS FROM `wxt_duty` [ RunTime:0.0090s ]
NOTIC: D方法实例化没找到模型类Common\Model\DutyTeacherModel
SQL: SHOW COLUMNS FROM `wxt_duty_teacher` [ RunTime:0.0090s ]
NOTIC: D方法实例化没找到模型类Common\Model\DepartmentTeacherModel
SQL: SHOW COLUMNS FROM `wxt_department_teacher` [ RunTime:0.0090s ]
NOTIC: D方法实例化没找到模型类Common\Model\CityModel
SQL: SHOW COLUMNS FROM `wxt_city` [ RunTime:0.0090s ]
SQL: SHOW COLUMNS FROM `wxt_teacher_class` [ RunTime:0.0090s ]
SQL: DELETE FROM `wxt_teacher_class` WHERE `type` = 2 AND `teacherid` = 2433 [ RunTime:0.0260s ]
SQL: SHOW COLUMNS FROM `wxt_teacher_subject` [ RunTime:0.0090s ]
SQL: DELETE FROM `wxt_teacher_subject` WHERE ( teacherid=2433 ) [ RunTime:0.0000s ]
SQL: INSERT INTO `wxt_teacher_class` (`schoolid`,`teacherid`,`classid`,`type`) VALUES ('7','2433','42','2') [ RunTime:0.0010s ]
SQL: INSERT INTO `wxt_teacher_class` (`schoolid`,`teacherid`,`classid`,`type`) VALUES ('7','2433','39','2') [ RunTime:0.0000s ]
SQL: INSERT INTO `wxt_teacher_class` (`schoolid`,`teacherid`,`classid`,`type`) VALUES ('7','2433','37','2') [ RunTime:0.0000s ]
SQL: INSERT INTO `wxt_teacher_subject` (`schoolid`,`teacherid`,`classid`,`subjectid`) VALUES ('7','2433','39','12') [ RunTime:0.0010s ]
SQL: INSERT INTO `wxt_teacher_subject` (`schoolid`,`teacherid`,`classid`,`subjectid`) VALUES ('7','2433','39','17') [ RunTime:0.0000s ]
SQL: INSERT INTO `wxt_teacher_subject` (`schoolid`,`teacherid`,`classid`,`subjectid`) VALUES ('7','2433','39','6') [ RunTime:0.0000s ]
SQL: INSERT INTO `wxt_teacher_subject` (`schoolid`,`teacherid`,`classid`,`subjectid`) VALUES ('7','2433','39','21') [ RunTime:0.0000s ]
SQL: INSERT INTO `wxt_teacher_subject` (`schoolid`,`teacherid`,`classid`,`subjectid`) VALUES ('7','2433','39','5') [ RunTime:0.0000s ]
SQL: INSERT INTO `wxt_teacher_subject` (`schoolid`,`teacherid`,`classid`,`subjectid`) VALUES ('7','2433','39','4') [ RunTime:0.0000s ]
SQL: INSERT INTO `wxt_teacher_subject` (`schoolid`,`teacherid`,`classid`,`subjectid`) VALUES ('7','2433','39','3') [ RunTime:0.0000s ]
SQL: INSERT INTO `wxt_teacher_subject` (`schoolid`,`teacherid`,`classid`,`subjectid`) VALUES ('7','2433','39','9') [ RunTime:0.0010s ]
INFO: [ app_end ] --START--
INFO: Run Behavior\ShowPageTraceBehavior [ RunTime:0.001000s ]
INFO: [ app_end ] --END-- [ RunTime:0.001000s ]

[ 2018-09-11T18:42:51+08:00 ] 127.0.0.1 /weixiaotong2016/index.php/Teacher/TeacherInfo/index/menuid/310
NOTIC: D方法实例化没找到模型类Common\Model\SchoolModel
NOTIC: D方法实例化没找到模型类Common\Model\SchoolClassModel
NOTIC: D方法实例化没找到模型类Common\Model\WxtuserModel
NOTIC: D方法实例化没找到模型类Common\Model\ClassRelationshipModel
NOTIC: D方法实例化没找到模型类Common\Model\TeacherClassModel
NOTIC: D方法实例化没找到模型类Common\Model\DepartmentModel
NOTIC: D方法实例化没找到模型类Common\Model\DutyModel
NOTIC: D方法实例化没找到模型类Common\Model\DutyTeacherModel
NOTIC: D方法实例化没找到模型类Common\Model\DepartmentTeacherModel
NOTIC: D方法实例化没找到模型类Common\Model\CityModel

[ 2018-09-11T18:42:51+08:00 ] 127.0.0.1 /weixiaotong2016/index.php?g=teacher&m=TeacherUtils&a=get_class&grade=0
INFO: [ app_begin ] --START--
INFO: Run Behavior\ReadHtmlCacheBehavior [ RunTime:0.001000s ]
INFO: Run Behavior\CheckLangBehavior [ RunTime:0.003001s ]
INFO: [ app_begin ] --END-- [ RunTime:0.005001s ]
SQL: SHOW COLUMNS FROM `wxt_school_class` [ RunTime:0.0090s ]
NOTIC: [8] Undefined variable: join D:\phpStudy\WWW\weixiaotong2016\application\Teacher\Controller\TeacherUtilsController.class.php 第 42 行.
SQL: SELECT class.id,class.classname FROM wxt_school_class class WHERE class.schoolid = '7' AND class.grade = '0'  [ RunTime:0.0010s ]

[ 2018-09-11T18:42:53+08:00 ] 127.0.0.1 /weixiaotong2016/index.php/?g=Teacher&m=TeacherInfo&a=teacher_class
INFO: [ app_begin ] --START--
INFO: Run Behavior\ReadHtmlCacheBehavior [ RunTime:0.001000s ]
INFO: Run Behavior\CheckLangBehavior [ RunTime:0.003000s ]
INFO: [ app_begin ] --END-- [ RunTime:0.005001s ]
SQL: SHOW COLUMNS FROM `wxt_wxtuser` [ RunTime:0.0100s ]
SQL: SELECT * FROM `wxt_wxtuser` WHERE `id` = 2433 LIMIT 1   [ RunTime:0.0000s ]
NOTIC: D方法实例化没找到模型类Common\Model\SchoolModel
SQL: SHOW COLUMNS FROM `wxt_school` [ RunTime:0.0090s ]
NOTIC: D方法实例化没找到模型类Common\Model\SchoolClassModel
SQL: SHOW COLUMNS FROM `wxt_school_class` [ RunTime:0.0100s ]
NOTIC: D方法实例化没找到模型类Common\Model\WxtuserModel
SQL: SHOW COLUMNS FROM `wxt_wxtuser` [ RunTime:0.0090s ]
NOTIC: D方法实例化没找到模型类Common\Model\ClassRelationshipModel
SQL: SHOW COLUMNS FROM `wxt_class_relationship` [ RunTime:0.0090s ]
NOTIC: D方法实例化没找到模型类Common\Model\TeacherClassModel
SQL: SHOW COLUMNS FROM `wxt_teacher_class` [ RunTime:0.0090s ]
NOTIC: D方法实例化没找到模型类Common\Model\DepartmentModel
SQL: SHOW COLUMNS FROM `wxt_department` [ RunTime:0.0090s ]
NOTIC: D方法实例化没找到模型类Common\Model\DutyModel
SQL: SHOW COLUMNS FROM `wxt_duty` [ RunTime:0.0100s ]
NOTIC: D方法实例化没找到模型类Common\Model\DutyTeacherModel
SQL: SHOW COLUMNS FROM `wxt_duty_teacher` [ RunTime:0.0090s ]
NOTIC: D方法实例化没找到模型类Common\Model\DepartmentTeacherModel
SQL: SHOW COLUMNS FROM `wxt_department_teacher` [ RunTime:0.0100s ]
NOTIC: D方法实例化没找到模型类Common\Model\CityModel
SQL: SHOW COLUMNS FROM `wxt_city` [ RunTime:0.0100s ]
SQL: SHOW COLUMNS FROM `wxt_teacher_class` [ RunTime:0.0090s ]
SQL: SELECT t.classid,s.classname FROM wxt_teacher_class t INNER JOIN wxt_school_class s ON s.id=t.classid  WHERE t.teacherid = '2433'  [ RunTime:0.0000s ]
SQL: SHOW COLUMNS FROM `wxt_school_class` [ RunTime:0.0090s ]
SQL: SELECT d.id,d.subject FROM wxt_school_class s INNER JOIN wxt_subject w ON w.gradeid=s.grade INNER JOIN wxt_default_subject d ON d.id=w.subjectid  WHERE ( s.id=37 )  [ RunTime:0.0010s ]
SQL: SHOW COLUMNS FROM `wxt_teacher_subject` [ RunTime:0.0090s ]
SQL: SELECT d.id,d.subject FROM wxt_teacher_subject t INNER JOIN wxt_default_subject d ON t.subjectid=d.id  WHERE t.teacherid = '2433' AND t.classid = '37'  [ RunTime:0.0000s ]
SQL: SELECT d.id,d.subject FROM wxt_school_class s INNER JOIN wxt_subject w ON w.gradeid=s.grade INNER JOIN wxt_default_subject d ON d.id=w.subjectid  WHERE ( s.id=39 )  [ RunTime:0.0010s ]
SQL: SELECT d.id,d.subject FROM wxt_teacher_subject t INNER JOIN wxt_default_subject d ON t.subjectid=d.id  WHERE t.teacherid = '2433' AND t.classid = '39'  [ RunTime:0.0000s ]
SQL: SELECT d.id,d.subject FROM wxt_school_class s INNER JOIN wxt_subject w ON w.gradeid=s.grade INNER JOIN wxt_default_subject d ON d.id=w.subjectid  WHERE ( s.id=42 )  [ RunTime:0.0010s ]
SQL: SELECT d.id,d.subject FROM wxt_teacher_subject t INNER JOIN wxt_default_subject d ON t.subjectid=d.id  WHERE t.teacherid = '2433' AND t.classid = '42'  [ RunTime:0.0000s ]

