[ 2018-08-29T13:48:09+08:00 ] 127.0.0.1 /weixiaotong2016/index.php/Teacher/Main/index
NOTIC: D方法实例化没找到模型类Common\Model\WxtuserModel
NOTIC: D方法实例化没找到模型类Common\Model\ScheduleModel
NOTIC: D方法实例化没找到模型类Common\Model\EntrustModel
NOTIC: D方法实例化没找到模型类Common\Model\NoticeModel
NOTIC: D方法实例化没找到模型类Common\Model\UserMessageModel
NOTIC: D方法实例化没找到模型类Common\Model\ActivityModel
NOTIC: D方法实例化没找到模型类Common\Model\MicroblogMainModel
NOTIC: D方法实例化没找到模型类Common\Model\SchoolCoursewareModel

[ 2018-08-29T13:48:09+08:00 ] 127.0.0.1 /weixiaotong2016/index.php/Teacher/Main/js/datetime.js
NOTIC: D方法实例化没找到模型类Common\Model\WxtuserModel
NOTIC: D方法实例化没找到模型类Common\Model\ScheduleModel
NOTIC: D方法实例化没找到模型类Common\Model\EntrustModel
NOTIC: D方法实例化没找到模型类Common\Model\NoticeModel
NOTIC: D方法实例化没找到模型类Common\Model\UserMessageModel
NOTIC: D方法实例化没找到模型类Common\Model\ActivityModel
NOTIC: D方法实例化没找到模型类Common\Model\MicroblogMainModel
NOTIC: D方法实例化没找到模型类Common\Model\SchoolCoursewareModel

[ 2018-08-29T13:48:10+08:00 ] 127.0.0.1 /weixiaotong2016/index.php/Teacher/Main/js/fileinput.js
NOTIC: D方法实例化没找到模型类Common\Model\WxtuserModel
NOTIC: D方法实例化没找到模型类Common\Model\ScheduleModel
NOTIC: D方法实例化没找到模型类Common\Model\EntrustModel
NOTIC: D方法实例化没找到模型类Common\Model\NoticeModel
NOTIC: D方法实例化没找到模型类Common\Model\UserMessageModel
NOTIC: D方法实例化没找到模型类Common\Model\ActivityModel
NOTIC: D方法实例化没找到模型类Common\Model\MicroblogMainModel
NOTIC: D方法实例化没找到模型类Common\Model\SchoolCoursewareModel

[ 2018-08-29T13:48:10+08:00 ] 127.0.0.1 /weixiaotong2016/index.php/Teacher/Main/js/fileinput_locale_zh.js
NOTIC: D方法实例化没找到模型类Common\Model\WxtuserModel
NOTIC: D方法实例化没找到模型类Common\Model\ScheduleModel
NOTIC: D方法实例化没找到模型类Common\Model\EntrustModel
NOTIC: D方法实例化没找到模型类Common\Model\NoticeModel
NOTIC: D方法实例化没找到模型类Common\Model\UserMessageModel
NOTIC: D方法实例化没找到模型类Common\Model\ActivityModel
NOTIC: D方法实例化没找到模型类Common\Model\MicroblogMainModel
NOTIC: D方法实例化没找到模型类Common\Model\SchoolCoursewareModel

[ 2018-08-29T13:48:11+08:00 ] 127.0.0.1 /weixiaotong2016/index.php/Teacher/Illegality/index/menuid/401
NOTIC: D方法实例化没找到模型类Common\Model\IllegalityModel
NOTIC: D方法实例化没找到模型类Common\Model\IllegalityStudentModel
NOTIC: D方法实例化没找到模型类Common\Model\IllegalityTypeDetailModel
NOTIC: D方法实例化没找到模型类Common\Model\IllegalityTypeModel
NOTIC: D方法实例化没找到模型类Common\Model\EducationTypeModel

[ 2018-08-29T13:48:11+08:00 ] 127.0.0.1 /weixiaotong2016/index.php?g=teacher&m=TeacherUtils&a=get_class&grade=0
INFO: [ app_begin ] --START--
INFO: Run Behavior\ReadHtmlCacheBehavior [ RunTime:0.001000s ]
INFO: Run Behavior\CheckLangBehavior [ RunTime:0.003000s ]
INFO: [ app_begin ] --END-- [ RunTime:0.005000s ]
SQL: SHOW COLUMNS FROM `wxt_school_class` [ RunTime:0.0080s ]
NOTIC: [8] Undefined variable: join D:\phpStudy\WWW\weixiaotong2016\application\Teacher\Controller\TeacherUtilsController.class.php 第 42 行.
SQL: SELECT class.id,class.classname FROM wxt_school_class class WHERE class.schoolid = '7' AND class.grade = '0'  [ RunTime:0.0000s ]

[ 2018-08-29T13:50:20+08:00 ] 127.0.0.1 /weixiaotong2016/index.php/Teacher/Illegality/index/menuid/401
NOTIC: D方法实例化没找到模型类Common\Model\IllegalityModel
NOTIC: D方法实例化没找到模型类Common\Model\IllegalityStudentModel
NOTIC: D方法实例化没找到模型类Common\Model\IllegalityTypeDetailModel
NOTIC: D方法实例化没找到模型类Common\Model\IllegalityTypeModel
NOTIC: D方法实例化没找到模型类Common\Model\EducationTypeModel

[ 2018-08-29T13:50:20+08:00 ] 127.0.0.1 /weixiaotong2016/index.php?g=teacher&m=TeacherUtils&a=get_class&grade=0
INFO: [ app_begin ] --START--
INFO: Run Behavior\ReadHtmlCacheBehavior [ RunTime:0.001000s ]
INFO: Run Behavior\CheckLangBehavior [ RunTime:0.003000s ]
INFO: [ app_begin ] --END-- [ RunTime:0.004000s ]
SQL: SHOW COLUMNS FROM `wxt_school_class` [ RunTime:0.0070s ]
NOTIC: [8] Undefined variable: join D:\phpStudy\WWW\weixiaotong2016\application\Teacher\Controller\TeacherUtilsController.class.php 第 42 行.
SQL: SELECT class.id,class.classname FROM wxt_school_class class WHERE class.schoolid = '7' AND class.grade = '0'  [ RunTime:0.0000s ]

[ 2018-08-29T14:06:47+08:00 ] 127.0.0.1 /weixiaotong2016/index.php/Teacher/Illegality/index/menuid/401
NOTIC: D方法实例化没找到模型类Common\Model\IllegalityModel
NOTIC: D方法实例化没找到模型类Common\Model\IllegalityStudentModel
NOTIC: D方法实例化没找到模型类Common\Model\IllegalityTypeDetailModel
NOTIC: D方法实例化没找到模型类Common\Model\IllegalityTypeModel
NOTIC: D方法实例化没找到模型类Common\Model\EducationTypeModel

[ 2018-08-29T14:06:47+08:00 ] 127.0.0.1 /weixiaotong2016/index.php?g=teacher&m=TeacherUtils&a=get_class&grade=0
INFO: [ app_begin ] --START--
INFO: Run Behavior\ReadHtmlCacheBehavior [ RunTime:0.001000s ]
INFO: Run Behavior\CheckLangBehavior [ RunTime:0.001000s ]
INFO: [ app_begin ] --END-- [ RunTime:0.003000s ]
SQL: SHOW COLUMNS FROM `wxt_school_class` [ RunTime:0.0080s ]
NOTIC: [8] Undefined variable: join D:\phpStudy\WWW\weixiaotong2016\application\Teacher\Controller\TeacherUtilsController.class.php 第 42 行.
SQL: SELECT class.id,class.classname FROM wxt_school_class class WHERE class.schoolid = '7' AND class.grade = '0'  [ RunTime:0.0000s ]

[ 2018-08-29T14:07:00+08:00 ] 127.0.0.1 /weixiaotong2016/index.php/Teacher/Illegality/index/menuid/401
NOTIC: D方法实例化没找到模型类Common\Model\IllegalityModel
NOTIC: D方法实例化没找到模型类Common\Model\IllegalityStudentModel
NOTIC: D方法实例化没找到模型类Common\Model\IllegalityTypeDetailModel
NOTIC: D方法实例化没找到模型类Common\Model\IllegalityTypeModel
NOTIC: D方法实例化没找到模型类Common\Model\EducationTypeModel

[ 2018-08-29T14:07:00+08:00 ] 127.0.0.1 /weixiaotong2016/index.php?g=teacher&m=TeacherUtils&a=get_class&grade=0
INFO: [ app_begin ] --START--
INFO: Run Behavior\ReadHtmlCacheBehavior [ RunTime:0.001000s ]
INFO: Run Behavior\CheckLangBehavior [ RunTime:0.003000s ]
INFO: [ app_begin ] --END-- [ RunTime:0.004000s ]
SQL: SHOW COLUMNS FROM `wxt_school_class` [ RunTime:0.0070s ]
NOTIC: [8] Undefined variable: join D:\phpStudy\WWW\weixiaotong2016\application\Teacher\Controller\TeacherUtilsController.class.php 第 42 行.
SQL: SELECT class.id,class.classname FROM wxt_school_class class WHERE class.schoolid = '7' AND class.grade = '0'  [ RunTime:0.0010s ]

[ 2018-08-29T14:07:05+08:00 ] 127.0.0.1 /weixiaotong2016/index.php/Teacher/Illegality/index/menuid/401
NOTIC: D方法实例化没找到模型类Common\Model\IllegalityModel
NOTIC: D方法实例化没找到模型类Common\Model\IllegalityStudentModel
NOTIC: D方法实例化没找到模型类Common\Model\IllegalityTypeDetailModel
NOTIC: D方法实例化没找到模型类Common\Model\IllegalityTypeModel
NOTIC: D方法实例化没找到模型类Common\Model\EducationTypeModel

[ 2018-08-29T14:07:05+08:00 ] 127.0.0.1 /weixiaotong2016/index.php?g=teacher&m=TeacherUtils&a=get_class&grade=0
INFO: [ app_begin ] --START--
INFO: Run Behavior\ReadHtmlCacheBehavior [ RunTime:0.001000s ]
INFO: Run Behavior\CheckLangBehavior [ RunTime:0.002000s ]
INFO: [ app_begin ] --END-- [ RunTime:0.003000s ]
SQL: SHOW COLUMNS FROM `wxt_school_class` [ RunTime:0.0080s ]
NOTIC: [8] Undefined variable: join D:\phpStudy\WWW\weixiaotong2016\application\Teacher\Controller\TeacherUtilsController.class.php 第 42 行.
SQL: SELECT class.id,class.classname FROM wxt_school_class class WHERE class.schoolid = '7' AND class.grade = '0'  [ RunTime:0.0010s ]

[ 2018-08-29T14:15:40+08:00 ] 127.0.0.1 /weixiaotong2016/index.php/Teacher/Illegality/index/menuid/401
NOTIC: D方法实例化没找到模型类Common\Model\IllegalityModel
NOTIC: D方法实例化没找到模型类Common\Model\IllegalityStudentModel
NOTIC: D方法实例化没找到模型类Common\Model\IllegalityTypeDetailModel
NOTIC: D方法实例化没找到模型类Common\Model\IllegalityTypeModel
NOTIC: D方法实例化没找到模型类Common\Model\EducationTypeModel

[ 2018-08-29T14:15:40+08:00 ] 127.0.0.1 /weixiaotong2016/index.php?g=teacher&m=TeacherUtils&a=get_class&grade=0
INFO: [ app_begin ] --START--
INFO: Run Behavior\ReadHtmlCacheBehavior [ RunTime:0.001000s ]
INFO: Run Behavior\CheckLangBehavior [ RunTime:0.003001s ]
INFO: [ app_begin ] --END-- [ RunTime:0.004001s ]
SQL: SHOW COLUMNS FROM `wxt_school_class` [ RunTime:0.0080s ]
NOTIC: [8] Undefined variable: join D:\phpStudy\WWW\weixiaotong2016\application\Teacher\Controller\TeacherUtilsController.class.php 第 42 行.
SQL: SELECT class.id,class.classname FROM wxt_school_class class WHERE class.schoolid = '7' AND class.grade = '0'  [ RunTime:0.0000s ]

[ 2018-08-29T14:16:19+08:00 ] 127.0.0.1 /weixiaotong2016/index.php/Teacher/StudentInfo/index/menuid/317
NOTIC: D方法实例化没找到模型类Common\Model\SchoolModel
NOTIC: D方法实例化没找到模型类Common\Model\SchoolClassModel
NOTIC: D方法实例化没找到模型类Common\Model\ClassRelationshipModel
NOTIC: D方法实例化没找到模型类Common\Model\AppellationModel
NOTIC: D方法实例化没找到模型类Common\Model\WxtuserModel
NOTIC: D方法实例化没找到模型类Common\Model\RelationStuUserModel

[ 2018-08-29T14:16:19+08:00 ] 127.0.0.1 /weixiaotong2016/index.php?g=Teacher&m=TeacherUtils&a=get_class&grade=0
INFO: [ app_begin ] --START--
INFO: Run Behavior\ReadHtmlCacheBehavior [ RunTime:0.000000s ]
INFO: Run Behavior\CheckLangBehavior [ RunTime:0.001000s ]
INFO: [ app_begin ] --END-- [ RunTime:0.003000s ]
SQL: SHOW COLUMNS FROM `wxt_school_class` [ RunTime:0.0080s ]
NOTIC: [8] Undefined variable: join D:\phpStudy\WWW\weixiaotong2016\application\Teacher\Controller\TeacherUtilsController.class.php 第 42 行.
SQL: SELECT class.id,class.classname FROM wxt_school_class class WHERE class.schoolid = '7' AND class.grade = '0'  [ RunTime:0.0000s ]

[ 2018-08-29T14:19:24+08:00 ] 127.0.0.1 /weixiaotong2016/index.php/Teacher/Illegality/index/menuid/401
NOTIC: D方法实例化没找到模型类Common\Model\IllegalityModel
NOTIC: D方法实例化没找到模型类Common\Model\IllegalityStudentModel
NOTIC: D方法实例化没找到模型类Common\Model\IllegalityTypeDetailModel
NOTIC: D方法实例化没找到模型类Common\Model\IllegalityTypeModel
NOTIC: D方法实例化没找到模型类Common\Model\EducationTypeModel

[ 2018-08-29T14:19:24+08:00 ] 127.0.0.1 /weixiaotong2016/index.php?g=teacher&m=TeacherUtils&a=get_class&grade=0
INFO: [ app_begin ] --START--
INFO: Run Behavior\ReadHtmlCacheBehavior [ RunTime:0.000000s ]
INFO: Run Behavior\CheckLangBehavior [ RunTime:0.002000s ]
INFO: [ app_begin ] --END-- [ RunTime:0.003001s ]
SQL: SHOW COLUMNS FROM `wxt_school_class` [ RunTime:0.0090s ]
NOTIC: [8] Undefined variable: join D:\phpStudy\WWW\weixiaotong2016\application\Teacher\Controller\TeacherUtilsController.class.php 第 42 行.
SQL: SELECT class.id,class.classname FROM wxt_school_class class WHERE class.schoolid = '7' AND class.grade = '0'  [ RunTime:0.0010s ]

[ 2018-08-29T14:20:33+08:00 ] 127.0.0.1 /weixiaotong2016/index.php/Teacher/Illegality/index/menuid/401
NOTIC: D方法实例化没找到模型类Common\Model\IllegalityModel
NOTIC: D方法实例化没找到模型类Common\Model\IllegalityStudentModel
NOTIC: D方法实例化没找到模型类Common\Model\IllegalityTypeDetailModel
NOTIC: D方法实例化没找到模型类Common\Model\IllegalityTypeModel
NOTIC: D方法实例化没找到模型类Common\Model\EducationTypeModel

[ 2018-08-29T14:20:34+08:00 ] 127.0.0.1 /weixiaotong2016/index.php?g=teacher&m=TeacherUtils&a=get_class&grade=0
INFO: [ app_begin ] --START--
INFO: Run Behavior\ReadHtmlCacheBehavior [ RunTime:0.001000s ]
INFO: Run Behavior\CheckLangBehavior [ RunTime:0.003000s ]
INFO: [ app_begin ] --END-- [ RunTime:0.005000s ]
SQL: SHOW COLUMNS FROM `wxt_school_class` [ RunTime:0.0080s ]
NOTIC: [8] Undefined variable: join D:\phpStudy\WWW\weixiaotong2016\application\Teacher\Controller\TeacherUtilsController.class.php 第 42 行.
SQL: SELECT class.id,class.classname FROM wxt_school_class class WHERE class.schoolid = '7' AND class.grade = '0'  [ RunTime:0.0000s ]

[ 2018-08-29T14:20:42+08:00 ] 127.0.0.1 /weixiaotong2016/index.php/Teacher/Illegality/index/menuid/401
NOTIC: D方法实例化没找到模型类Common\Model\IllegalityModel
NOTIC: D方法实例化没找到模型类Common\Model\IllegalityStudentModel
NOTIC: D方法实例化没找到模型类Common\Model\IllegalityTypeDetailModel
NOTIC: D方法实例化没找到模型类Common\Model\IllegalityTypeModel
NOTIC: D方法实例化没找到模型类Common\Model\EducationTypeModel

[ 2018-08-29T14:20:42+08:00 ] 127.0.0.1 /weixiaotong2016/index.php?g=teacher&m=TeacherUtils&a=get_class&grade=0
INFO: [ app_begin ] --START--
INFO: Run Behavior\ReadHtmlCacheBehavior [ RunTime:0.001000s ]
INFO: Run Behavior\CheckLangBehavior [ RunTime:0.001000s ]
INFO: [ app_begin ] --END-- [ RunTime:0.002000s ]
SQL: SHOW COLUMNS FROM `wxt_school_class` [ RunTime:0.0080s ]
NOTIC: [8] Undefined variable: join D:\phpStudy\WWW\weixiaotong2016\application\Teacher\Controller\TeacherUtilsController.class.php 第 42 行.
SQL: SELECT class.id,class.classname FROM wxt_school_class class WHERE class.schoolid = '7' AND class.grade = '0'  [ RunTime:0.0010s ]

[ 2018-08-29T14:24:31+08:00 ] 127.0.0.1 /weixiaotong2016/index.php/Teacher/Illegality/index/menuid/401
NOTIC: D方法实例化没找到模型类Common\Model\IllegalityModel
NOTIC: D方法实例化没找到模型类Common\Model\IllegalityStudentModel
NOTIC: D方法实例化没找到模型类Common\Model\IllegalityTypeDetailModel
NOTIC: D方法实例化没找到模型类Common\Model\IllegalityTypeModel
NOTIC: D方法实例化没找到模型类Common\Model\EducationTypeModel

[ 2018-08-29T14:24:31+08:00 ] 127.0.0.1 /weixiaotong2016/index.php?g=teacher&m=TeacherUtils&a=get_class&grade=0
INFO: [ app_begin ] --START--
INFO: Run Behavior\ReadHtmlCacheBehavior [ RunTime:0.001000s ]
INFO: Run Behavior\CheckLangBehavior [ RunTime:0.002000s ]
INFO: [ app_begin ] --END-- [ RunTime:0.004000s ]
SQL: SHOW COLUMNS FROM `wxt_school_class` [ RunTime:0.0080s ]
NOTIC: [8] Undefined variable: join D:\phpStudy\WWW\weixiaotong2016\application\Teacher\Controller\TeacherUtilsController.class.php 第 42 行.
SQL: SELECT class.id,class.classname FROM wxt_school_class class WHERE class.schoolid = '7' AND class.grade = '0'  [ RunTime:0.0000s ]

[ 2018-08-29T14:24:43+08:00 ] 127.0.0.1 /weixiaotong2016/index.php/Teacher/Illegality/index/menuid/401
NOTIC: D方法实例化没找到模型类Common\Model\IllegalityModel
NOTIC: D方法实例化没找到模型类Common\Model\IllegalityStudentModel
NOTIC: D方法实例化没找到模型类Common\Model\IllegalityTypeDetailModel
NOTIC: D方法实例化没找到模型类Common\Model\IllegalityTypeModel
NOTIC: D方法实例化没找到模型类Common\Model\EducationTypeModel

[ 2018-08-29T14:24:43+08:00 ] 127.0.0.1 /weixiaotong2016/index.php?g=teacher&m=TeacherUtils&a=get_class&grade=0
INFO: [ app_begin ] --START--
INFO: Run Behavior\ReadHtmlCacheBehavior [ RunTime:0.001000s ]
INFO: Run Behavior\CheckLangBehavior [ RunTime:0.001000s ]
INFO: [ app_begin ] --END-- [ RunTime:0.003000s ]
SQL: SHOW COLUMNS FROM `wxt_school_class` [ RunTime:0.0090s ]
NOTIC: [8] Undefined variable: join D:\phpStudy\WWW\weixiaotong2016\application\Teacher\Controller\TeacherUtilsController.class.php 第 42 行.
SQL: SELECT class.id,class.classname FROM wxt_school_class class WHERE class.schoolid = '7' AND class.grade = '0'  [ RunTime:0.0010s ]

[ 2018-08-29T14:25:26+08:00 ] 127.0.0.1 /weixiaotong2016/index.php/Teacher/Illegality/index/menuid/401
NOTIC: D方法实例化没找到模型类Common\Model\IllegalityModel
NOTIC: D方法实例化没找到模型类Common\Model\IllegalityStudentModel
NOTIC: D方法实例化没找到模型类Common\Model\IllegalityTypeDetailModel
NOTIC: D方法实例化没找到模型类Common\Model\IllegalityTypeModel
NOTIC: D方法实例化没找到模型类Common\Model\EducationTypeModel

[ 2018-08-29T14:25:27+08:00 ] 127.0.0.1 /weixiaotong2016/index.php?g=teacher&m=TeacherUtils&a=get_class&grade=0
INFO: [ app_begin ] --START--
INFO: Run Behavior\ReadHtmlCacheBehavior [ RunTime:0.000000s ]
INFO: Run Behavior\CheckLangBehavior [ RunTime:0.002000s ]
INFO: [ app_begin ] --END-- [ RunTime:0.002000s ]
SQL: SHOW COLUMNS FROM `wxt_school_class` [ RunTime:0.0080s ]
NOTIC: [8] Undefined variable: join D:\phpStudy\WWW\weixiaotong2016\application\Teacher\Controller\TeacherUtilsController.class.php 第 42 行.
SQL: SELECT class.id,class.classname FROM wxt_school_class class WHERE class.schoolid = '7' AND class.grade = '0'  [ RunTime:0.0000s ]

[ 2018-08-29T14:25:54+08:00 ] 127.0.0.1 /weixiaotong2016/index.php/Teacher/Illegality/index/menuid/401
NOTIC: D方法实例化没找到模型类Common\Model\IllegalityModel
NOTIC: D方法实例化没找到模型类Common\Model\IllegalityStudentModel
NOTIC: D方法实例化没找到模型类Common\Model\IllegalityTypeDetailModel
NOTIC: D方法实例化没找到模型类Common\Model\IllegalityTypeModel
NOTIC: D方法实例化没找到模型类Common\Model\EducationTypeModel

[ 2018-08-29T14:25:54+08:00 ] 127.0.0.1 /weixiaotong2016/index.php?g=teacher&m=TeacherUtils&a=get_class&grade=0
INFO: [ app_begin ] --START--
INFO: Run Behavior\ReadHtmlCacheBehavior [ RunTime:0.000000s ]
INFO: Run Behavior\CheckLangBehavior [ RunTime:0.001000s ]
INFO: [ app_begin ] --END-- [ RunTime:0.002000s ]
SQL: SHOW COLUMNS FROM `wxt_school_class` [ RunTime:0.0070s ]
NOTIC: [8] Undefined variable: join D:\phpStudy\WWW\weixiaotong2016\application\Teacher\Controller\TeacherUtilsController.class.php 第 42 行.
SQL: SELECT class.id,class.classname FROM wxt_school_class class WHERE class.schoolid = '7' AND class.grade = '0'  [ RunTime:0.0010s ]

[ 2018-08-29T14:26:24+08:00 ] 127.0.0.1 /weixiaotong2016/index.php/Teacher/Illegality/index/menuid/401
NOTIC: D方法实例化没找到模型类Common\Model\IllegalityModel
NOTIC: D方法实例化没找到模型类Common\Model\IllegalityStudentModel
NOTIC: D方法实例化没找到模型类Common\Model\IllegalityTypeDetailModel
NOTIC: D方法实例化没找到模型类Common\Model\IllegalityTypeModel
NOTIC: D方法实例化没找到模型类Common\Model\EducationTypeModel

[ 2018-08-29T14:26:24+08:00 ] 127.0.0.1 /weixiaotong2016/index.php?g=teacher&m=TeacherUtils&a=get_class&grade=0
INFO: [ app_begin ] --START--
INFO: Run Behavior\ReadHtmlCacheBehavior [ RunTime:0.001000s ]
INFO: Run Behavior\CheckLangBehavior [ RunTime:0.001000s ]
INFO: [ app_begin ] --END-- [ RunTime:0.002000s ]
SQL: SHOW COLUMNS FROM `wxt_school_class` [ RunTime:0.0070s ]
NOTIC: [8] Undefined variable: join D:\phpStudy\WWW\weixiaotong2016\application\Teacher\Controller\TeacherUtilsController.class.php 第 42 行.
SQL: SELECT class.id,class.classname FROM wxt_school_class class WHERE class.schoolid = '7' AND class.grade = '0'  [ RunTime:0.0010s ]

[ 2018-08-29T14:26:32+08:00 ] 127.0.0.1 /weixiaotong2016/index.php/Teacher/Illegality/index/menuid/401
NOTIC: D方法实例化没找到模型类Common\Model\IllegalityModel
NOTIC: D方法实例化没找到模型类Common\Model\IllegalityStudentModel
NOTIC: D方法实例化没找到模型类Common\Model\IllegalityTypeDetailModel
NOTIC: D方法实例化没找到模型类Common\Model\IllegalityTypeModel
NOTIC: D方法实例化没找到模型类Common\Model\EducationTypeModel

[ 2018-08-29T14:26:32+08:00 ] 127.0.0.1 /weixiaotong2016/index.php?g=teacher&m=TeacherUtils&a=get_class&grade=0
INFO: [ app_begin ] --START--
INFO: Run Behavior\ReadHtmlCacheBehavior [ RunTime:0.000000s ]
INFO: Run Behavior\CheckLangBehavior [ RunTime:0.001000s ]
INFO: [ app_begin ] --END-- [ RunTime:0.002000s ]
SQL: SHOW COLUMNS FROM `wxt_school_class` [ RunTime:0.0070s ]
NOTIC: [8] Undefined variable: join D:\phpStudy\WWW\weixiaotong2016\application\Teacher\Controller\TeacherUtilsController.class.php 第 42 行.
SQL: SELECT class.id,class.classname FROM wxt_school_class class WHERE class.schoolid = '7' AND class.grade = '0'  [ RunTime:0.0000s ]

[ 2018-08-29T14:26:38+08:00 ] 127.0.0.1 /weixiaotong2016/index.php/Teacher/Illegality/index/menuid/401
NOTIC: D方法实例化没找到模型类Common\Model\IllegalityModel
NOTIC: D方法实例化没找到模型类Common\Model\IllegalityStudentModel
NOTIC: D方法实例化没找到模型类Common\Model\IllegalityTypeDetailModel
NOTIC: D方法实例化没找到模型类Common\Model\IllegalityTypeModel
NOTIC: D方法实例化没找到模型类Common\Model\EducationTypeModel

[ 2018-08-29T14:26:39+08:00 ] 127.0.0.1 /weixiaotong2016/index.php?g=teacher&m=TeacherUtils&a=get_class&grade=0
INFO: [ app_begin ] --START--
INFO: Run Behavior\ReadHtmlCacheBehavior [ RunTime:0.001000s ]
INFO: Run Behavior\CheckLangBehavior [ RunTime:0.001000s ]
INFO: [ app_begin ] --END-- [ RunTime:0.002000s ]
SQL: SHOW COLUMNS FROM `wxt_school_class` [ RunTime:0.0120s ]
NOTIC: [8] Undefined variable: join D:\phpStudy\WWW\weixiaotong2016\application\Teacher\Controller\TeacherUtilsController.class.php 第 42 行.
SQL: SELECT class.id,class.classname FROM wxt_school_class class WHERE class.schoolid = '7' AND class.grade = '0'  [ RunTime:0.0000s ]

[ 2018-08-29T14:26:42+08:00 ] 127.0.0.1 /weixiaotong2016/index.php/Teacher/Illegality/index/menuid/401
NOTIC: D方法实例化没找到模型类Common\Model\IllegalityModel
NOTIC: D方法实例化没找到模型类Common\Model\IllegalityStudentModel
NOTIC: D方法实例化没找到模型类Common\Model\IllegalityTypeDetailModel
NOTIC: D方法实例化没找到模型类Common\Model\IllegalityTypeModel
NOTIC: D方法实例化没找到模型类Common\Model\EducationTypeModel

[ 2018-08-29T14:26:42+08:00 ] 127.0.0.1 /weixiaotong2016/index.php?g=teacher&m=TeacherUtils&a=get_class&grade=0
INFO: [ app_begin ] --START--
INFO: Run Behavior\ReadHtmlCacheBehavior [ RunTime:0.000000s ]
INFO: Run Behavior\CheckLangBehavior [ RunTime:0.001000s ]
INFO: [ app_begin ] --END-- [ RunTime:0.002000s ]
SQL: SHOW COLUMNS FROM `wxt_school_class` [ RunTime:0.0080s ]
NOTIC: [8] Undefined variable: join D:\phpStudy\WWW\weixiaotong2016\application\Teacher\Controller\TeacherUtilsController.class.php 第 42 行.
SQL: SELECT class.id,class.classname FROM wxt_school_class class WHERE class.schoolid = '7' AND class.grade = '0'  [ RunTime:0.0000s ]

[ 2018-08-29T14:29:46+08:00 ] 127.0.0.1 /weixiaotong2016/index.php/Teacher/Illegality/index/menuid/401
NOTIC: D方法实例化没找到模型类Common\Model\IllegalityModel
NOTIC: D方法实例化没找到模型类Common\Model\IllegalityStudentModel
NOTIC: D方法实例化没找到模型类Common\Model\IllegalityTypeDetailModel
NOTIC: D方法实例化没找到模型类Common\Model\IllegalityTypeModel
NOTIC: D方法实例化没找到模型类Common\Model\EducationTypeModel

[ 2018-08-29T14:29:46+08:00 ] 127.0.0.1 /weixiaotong2016/index.php?g=teacher&m=TeacherUtils&a=get_class&grade=0
INFO: [ app_begin ] --START--
INFO: Run Behavior\ReadHtmlCacheBehavior [ RunTime:0.001000s ]
INFO: Run Behavior\CheckLangBehavior [ RunTime:0.001000s ]
INFO: [ app_begin ] --END-- [ RunTime:0.002000s ]
SQL: SHOW COLUMNS FROM `wxt_school_class` [ RunTime:0.0090s ]
NOTIC: [8] Undefined variable: join D:\phpStudy\WWW\weixiaotong2016\application\Teacher\Controller\TeacherUtilsController.class.php 第 42 行.
SQL: SELECT class.id,class.classname FROM wxt_school_class class WHERE class.schoolid = '7' AND class.grade = '0'  [ RunTime:0.0000s ]

[ 2018-08-29T14:30:01+08:00 ] 127.0.0.1 /weixiaotong2016/index.php/Teacher/Illegality/index/menuid/401
NOTIC: D方法实例化没找到模型类Common\Model\IllegalityModel
NOTIC: D方法实例化没找到模型类Common\Model\IllegalityStudentModel
NOTIC: D方法实例化没找到模型类Common\Model\IllegalityTypeDetailModel
NOTIC: D方法实例化没找到模型类Common\Model\IllegalityTypeModel
NOTIC: D方法实例化没找到模型类Common\Model\EducationTypeModel

[ 2018-08-29T14:30:01+08:00 ] 127.0.0.1 /weixiaotong2016/index.php?g=teacher&m=TeacherUtils&a=get_class&grade=0
INFO: [ app_begin ] --START--
INFO: Run Behavior\ReadHtmlCacheBehavior [ RunTime:0.000000s ]
INFO: Run Behavior\CheckLangBehavior [ RunTime:0.001000s ]
INFO: [ app_begin ] --END-- [ RunTime:0.002000s ]
SQL: SHOW COLUMNS FROM `wxt_school_class` [ RunTime:0.0080s ]
NOTIC: [8] Undefined variable: join D:\phpStudy\WWW\weixiaotong2016\application\Teacher\Controller\TeacherUtilsController.class.php 第 42 行.
SQL: SELECT class.id,class.classname FROM wxt_school_class class WHERE class.schoolid = '7' AND class.grade = '0'  [ RunTime:0.0000s ]

[ 2018-08-29T14:45:00+08:00 ] 127.0.0.1 /weixiaotong2016/index.php/Teacher/Illegality/index/menuid/401
NOTIC: D方法实例化没找到模型类Common\Model\IllegalityModel
NOTIC: D方法实例化没找到模型类Common\Model\IllegalityStudentModel
NOTIC: D方法实例化没找到模型类Common\Model\IllegalityTypeDetailModel
NOTIC: D方法实例化没找到模型类Common\Model\IllegalityTypeModel
NOTIC: D方法实例化没找到模型类Common\Model\EducationTypeModel

[ 2018-08-29T14:45:00+08:00 ] 127.0.0.1 /weixiaotong2016/index.php?g=teacher&m=TeacherUtils&a=get_class&grade=0
INFO: [ app_begin ] --START--
INFO: Run Behavior\ReadHtmlCacheBehavior [ RunTime:0.000000s ]
INFO: Run Behavior\CheckLangBehavior [ RunTime:0.002000s ]
INFO: [ app_begin ] --END-- [ RunTime:0.003000s ]
SQL: SHOW COLUMNS FROM `wxt_school_class` [ RunTime:0.0080s ]
NOTIC: [8] Undefined variable: join D:\phpStudy\WWW\weixiaotong2016\application\Teacher\Controller\TeacherUtilsController.class.php 第 42 行.
SQL: SELECT class.id,class.classname FROM wxt_school_class class WHERE class.schoolid = '7' AND class.grade = '0'  [ RunTime:0.0000s ]

[ 2018-08-29T14:46:12+08:00 ] 127.0.0.1 /weixiaotong2016/index.php/Teacher/Illegality/index/menuid/401
NOTIC: D方法实例化没找到模型类Common\Model\IllegalityModel
NOTIC: D方法实例化没找到模型类Common\Model\IllegalityStudentModel
NOTIC: D方法实例化没找到模型类Common\Model\IllegalityTypeDetailModel
NOTIC: D方法实例化没找到模型类Common\Model\IllegalityTypeModel
NOTIC: D方法实例化没找到模型类Common\Model\EducationTypeModel

[ 2018-08-29T14:46:13+08:00 ] 127.0.0.1 /weixiaotong2016/index.php?g=teacher&m=TeacherUtils&a=get_class&grade=0
INFO: [ app_begin ] --START--
INFO: Run Behavior\ReadHtmlCacheBehavior [ RunTime:0.001000s ]
INFO: Run Behavior\CheckLangBehavior [ RunTime:0.001000s ]
INFO: [ app_begin ] --END-- [ RunTime:0.003000s ]
SQL: SHOW COLUMNS FROM `wxt_school_class` [ RunTime:0.0070s ]
NOTIC: [8] Undefined variable: join D:\phpStudy\WWW\weixiaotong2016\application\Teacher\Controller\TeacherUtilsController.class.php 第 42 行.
SQL: SELECT class.id,class.classname FROM wxt_school_class class WHERE class.schoolid = '7' AND class.grade = '0'  [ RunTime:0.0000s ]

[ 2018-08-29T14:51:53+08:00 ] 127.0.0.1 /weixiaotong2016/index.php/Teacher/Illegality/index/menuid/401
NOTIC: D方法实例化没找到模型类Common\Model\IllegalityModel
NOTIC: D方法实例化没找到模型类Common\Model\IllegalityStudentModel
NOTIC: D方法实例化没找到模型类Common\Model\IllegalityTypeDetailModel
NOTIC: D方法实例化没找到模型类Common\Model\IllegalityTypeModel
NOTIC: D方法实例化没找到模型类Common\Model\EducationTypeModel

[ 2018-08-29T14:51:54+08:00 ] 127.0.0.1 /weixiaotong2016/index.php?g=teacher&m=TeacherUtils&a=get_class&grade=0
INFO: [ app_begin ] --START--
INFO: Run Behavior\ReadHtmlCacheBehavior [ RunTime:0.001000s ]
INFO: Run Behavior\CheckLangBehavior [ RunTime:0.001000s ]
INFO: [ app_begin ] --END-- [ RunTime:0.002000s ]
SQL: SHOW COLUMNS FROM `wxt_school_class` [ RunTime:0.0070s ]
NOTIC: [8] Undefined variable: join D:\phpStudy\WWW\weixiaotong2016\application\Teacher\Controller\TeacherUtilsController.class.php 第 42 行.
SQL: SELECT class.id,class.classname FROM wxt_school_class class WHERE class.schoolid = '7' AND class.grade = '0'  [ RunTime:0.0000s ]

[ 2018-08-29T14:52:25+08:00 ] 127.0.0.1 /weixiaotong2016/index.php/Teacher/Illegality/index/menuid/401
NOTIC: D方法实例化没找到模型类Common\Model\IllegalityModel
NOTIC: D方法实例化没找到模型类Common\Model\IllegalityStudentModel
NOTIC: D方法实例化没找到模型类Common\Model\IllegalityTypeDetailModel
NOTIC: D方法实例化没找到模型类Common\Model\IllegalityTypeModel
NOTIC: D方法实例化没找到模型类Common\Model\EducationTypeModel

[ 2018-08-29T14:52:25+08:00 ] 127.0.0.1 /weixiaotong2016/index.php?g=teacher&m=TeacherUtils&a=get_class&grade=0
INFO: [ app_begin ] --START--
INFO: Run Behavior\ReadHtmlCacheBehavior [ RunTime:0.001000s ]
INFO: Run Behavior\CheckLangBehavior [ RunTime:0.001000s ]
INFO: [ app_begin ] --END-- [ RunTime:0.002000s ]
SQL: SHOW COLUMNS FROM `wxt_school_class` [ RunTime:0.0060s ]
NOTIC: [8] Undefined variable: join D:\phpStudy\WWW\weixiaotong2016\application\Teacher\Controller\TeacherUtilsController.class.php 第 42 行.
SQL: SELECT class.id,class.classname FROM wxt_school_class class WHERE class.schoolid = '7' AND class.grade = '0'  [ RunTime:0.0000s ]

[ 2018-08-29T14:54:11+08:00 ] 127.0.0.1 /weixiaotong2016/index.php/Teacher/Illegality/index/menuid/401
NOTIC: D方法实例化没找到模型类Common\Model\IllegalityModel
NOTIC: D方法实例化没找到模型类Common\Model\IllegalityStudentModel
NOTIC: D方法实例化没找到模型类Common\Model\IllegalityTypeDetailModel
NOTIC: D方法实例化没找到模型类Common\Model\IllegalityTypeModel
NOTIC: D方法实例化没找到模型类Common\Model\EducationTypeModel

[ 2018-08-29T14:54:12+08:00 ] 127.0.0.1 /weixiaotong2016/index.php?g=teacher&m=TeacherUtils&a=get_class&grade=0
INFO: [ app_begin ] --START--
INFO: Run Behavior\ReadHtmlCacheBehavior [ RunTime:0.001000s ]
INFO: Run Behavior\CheckLangBehavior [ RunTime:0.001000s ]
INFO: [ app_begin ] --END-- [ RunTime:0.003000s ]
SQL: SHOW COLUMNS FROM `wxt_school_class` [ RunTime:0.0050s ]
NOTIC: [8] Undefined variable: join D:\phpStudy\WWW\weixiaotong2016\application\Teacher\Controller\TeacherUtilsController.class.php 第 42 行.
SQL: SELECT class.id,class.classname FROM wxt_school_class class WHERE class.schoolid = '7' AND class.grade = '0'  [ RunTime:0.0000s ]

[ 2018-08-29T14:55:02+08:00 ] 127.0.0.1 /weixiaotong2016/index.php/Teacher/Illegality/index/menuid/401
NOTIC: D方法实例化没找到模型类Common\Model\IllegalityModel
NOTIC: D方法实例化没找到模型类Common\Model\IllegalityStudentModel
NOTIC: D方法实例化没找到模型类Common\Model\IllegalityTypeDetailModel
NOTIC: D方法实例化没找到模型类Common\Model\IllegalityTypeModel
NOTIC: D方法实例化没找到模型类Common\Model\EducationTypeModel

[ 2018-08-29T14:55:02+08:00 ] 127.0.0.1 /weixiaotong2016/index.php?g=teacher&m=TeacherUtils&a=get_class&grade=0
INFO: [ app_begin ] --START--
INFO: Run Behavior\ReadHtmlCacheBehavior [ RunTime:0.001000s ]
INFO: Run Behavior\CheckLangBehavior [ RunTime:0.001000s ]
INFO: [ app_begin ] --END-- [ RunTime:0.002000s ]
SQL: SHOW COLUMNS FROM `wxt_school_class` [ RunTime:0.0060s ]
NOTIC: [8] Undefined variable: join D:\phpStudy\WWW\weixiaotong2016\application\Teacher\Controller\TeacherUtilsController.class.php 第 42 行.
SQL: SELECT class.id,class.classname FROM wxt_school_class class WHERE class.schoolid = '7' AND class.grade = '0'  [ RunTime:0.0000s ]

[ 2018-08-29T14:57:05+08:00 ] 127.0.0.1 /weixiaotong2016/index.php/Teacher/Illegality/index/menuid/401
NOTIC: D方法实例化没找到模型类Common\Model\IllegalityModel
NOTIC: D方法实例化没找到模型类Common\Model\IllegalityStudentModel
NOTIC: D方法实例化没找到模型类Common\Model\IllegalityTypeDetailModel
NOTIC: D方法实例化没找到模型类Common\Model\IllegalityTypeModel
NOTIC: D方法实例化没找到模型类Common\Model\EducationTypeModel

[ 2018-08-29T14:57:05+08:00 ] 127.0.0.1 /weixiaotong2016/index.php?g=teacher&m=TeacherUtils&a=get_class&grade=0
INFO: [ app_begin ] --START--
INFO: Run Behavior\ReadHtmlCacheBehavior [ RunTime:0.001000s ]
INFO: Run Behavior\CheckLangBehavior [ RunTime:0.002000s ]
INFO: [ app_begin ] --END-- [ RunTime:0.003000s ]
SQL: SHOW COLUMNS FROM `wxt_school_class` [ RunTime:0.0070s ]
NOTIC: [8] Undefined variable: join D:\phpStudy\WWW\weixiaotong2016\application\Teacher\Controller\TeacherUtilsController.class.php 第 42 行.
SQL: SELECT class.id,class.classname FROM wxt_school_class class WHERE class.schoolid = '7' AND class.grade = '0'  [ RunTime:0.0000s ]

[ 2018-08-29T14:57:17+08:00 ] 127.0.0.1 /weixiaotong2016/index.php/Teacher/Illegality/index/menuid/401
NOTIC: D方法实例化没找到模型类Common\Model\IllegalityModel
NOTIC: D方法实例化没找到模型类Common\Model\IllegalityStudentModel
NOTIC: D方法实例化没找到模型类Common\Model\IllegalityTypeDetailModel
NOTIC: D方法实例化没找到模型类Common\Model\IllegalityTypeModel
NOTIC: D方法实例化没找到模型类Common\Model\EducationTypeModel

[ 2018-08-29T14:57:18+08:00 ] 127.0.0.1 /weixiaotong2016/index.php?g=teacher&m=TeacherUtils&a=get_class&grade=0
INFO: [ app_begin ] --START--
INFO: Run Behavior\ReadHtmlCacheBehavior [ RunTime:0.001000s ]
INFO: Run Behavior\CheckLangBehavior [ RunTime:0.002000s ]
INFO: [ app_begin ] --END-- [ RunTime:0.004000s ]
SQL: SHOW COLUMNS FROM `wxt_school_class` [ RunTime:0.0040s ]
NOTIC: [8] Undefined variable: join D:\phpStudy\WWW\weixiaotong2016\application\Teacher\Controller\TeacherUtilsController.class.php 第 42 行.
SQL: SELECT class.id,class.classname FROM wxt_school_class class WHERE class.schoolid = '7' AND class.grade = '0'  [ RunTime:0.0000s ]

[ 2018-08-29T14:57:24+08:00 ] 127.0.0.1 /weixiaotong2016/index.php/Teacher/Illegality/index/menuid/401
NOTIC: D方法实例化没找到模型类Common\Model\IllegalityModel
NOTIC: D方法实例化没找到模型类Common\Model\IllegalityStudentModel
NOTIC: D方法实例化没找到模型类Common\Model\IllegalityTypeDetailModel
NOTIC: D方法实例化没找到模型类Common\Model\IllegalityTypeModel
NOTIC: D方法实例化没找到模型类Common\Model\EducationTypeModel

[ 2018-08-29T14:57:24+08:00 ] 127.0.0.1 /weixiaotong2016/index.php?g=teacher&m=TeacherUtils&a=get_class&grade=0
INFO: [ app_begin ] --START--
INFO: Run Behavior\ReadHtmlCacheBehavior [ RunTime:0.001000s ]
INFO: Run Behavior\CheckLangBehavior [ RunTime:0.002000s ]
INFO: [ app_begin ] --END-- [ RunTime:0.003000s ]
SQL: SHOW COLUMNS FROM `wxt_school_class` [ RunTime:0.0070s ]
NOTIC: [8] Undefined variable: join D:\phpStudy\WWW\weixiaotong2016\application\Teacher\Controller\TeacherUtilsController.class.php 第 42 行.
SQL: SELECT class.id,class.classname FROM wxt_school_class class WHERE class.schoolid = '7' AND class.grade = '0'  [ RunTime:0.0010s ]

[ 2018-08-29T14:58:31+08:00 ] 127.0.0.1 /weixiaotong2016/index.php/Teacher/Illegality/index/menuid/401
NOTIC: D方法实例化没找到模型类Common\Model\IllegalityModel
NOTIC: D方法实例化没找到模型类Common\Model\IllegalityStudentModel
NOTIC: D方法实例化没找到模型类Common\Model\IllegalityTypeDetailModel
NOTIC: D方法实例化没找到模型类Common\Model\IllegalityTypeModel
NOTIC: D方法实例化没找到模型类Common\Model\EducationTypeModel

[ 2018-08-29T14:58:31+08:00 ] 127.0.0.1 /weixiaotong2016/index.php?g=teacher&m=TeacherUtils&a=get_class&grade=0
INFO: [ app_begin ] --START--
INFO: Run Behavior\ReadHtmlCacheBehavior [ RunTime:0.001000s ]
INFO: Run Behavior\CheckLangBehavior [ RunTime:0.002000s ]
INFO: [ app_begin ] --END-- [ RunTime:0.004000s ]
SQL: SHOW COLUMNS FROM `wxt_school_class` [ RunTime:0.0060s ]
NOTIC: [8] Undefined variable: join D:\phpStudy\WWW\weixiaotong2016\application\Teacher\Controller\TeacherUtilsController.class.php 第 42 行.
SQL: SELECT class.id,class.classname FROM wxt_school_class class WHERE class.schoolid = '7' AND class.grade = '0'  [ RunTime:0.0010s ]

[ 2018-08-29T14:59:02+08:00 ] 127.0.0.1 /weixiaotong2016/index.php/Teacher/Illegality/index/menuid/401
NOTIC: D方法实例化没找到模型类Common\Model\IllegalityModel
NOTIC: D方法实例化没找到模型类Common\Model\IllegalityStudentModel
NOTIC: D方法实例化没找到模型类Common\Model\IllegalityTypeDetailModel
NOTIC: D方法实例化没找到模型类Common\Model\IllegalityTypeModel
NOTIC: D方法实例化没找到模型类Common\Model\EducationTypeModel

[ 2018-08-29T14:59:02+08:00 ] 127.0.0.1 /weixiaotong2016/index.php?g=teacher&m=TeacherUtils&a=get_class&grade=0
INFO: [ app_begin ] --START--
INFO: Run Behavior\ReadHtmlCacheBehavior [ RunTime:0.001000s ]
INFO: Run Behavior\CheckLangBehavior [ RunTime:0.001000s ]
INFO: [ app_begin ] --END-- [ RunTime:0.002000s ]
SQL: SHOW COLUMNS FROM `wxt_school_class` [ RunTime:0.0070s ]
NOTIC: [8] Undefined variable: join D:\phpStudy\WWW\weixiaotong2016\application\Teacher\Controller\TeacherUtilsController.class.php 第 42 行.
SQL: SELECT class.id,class.classname FROM wxt_school_class class WHERE class.schoolid = '7' AND class.grade = '0'  [ RunTime:0.0000s ]

[ 2018-08-29T14:59:21+08:00 ] 127.0.0.1 /weixiaotong2016/index.php/Teacher/Illegality/index/menuid/401
NOTIC: D方法实例化没找到模型类Common\Model\IllegalityModel
NOTIC: D方法实例化没找到模型类Common\Model\IllegalityStudentModel
NOTIC: D方法实例化没找到模型类Common\Model\IllegalityTypeDetailModel
NOTIC: D方法实例化没找到模型类Common\Model\IllegalityTypeModel
NOTIC: D方法实例化没找到模型类Common\Model\EducationTypeModel

[ 2018-08-29T14:59:22+08:00 ] 127.0.0.1 /weixiaotong2016/index.php?g=teacher&m=TeacherUtils&a=get_class&grade=0
INFO: [ app_begin ] --START--
INFO: Run Behavior\ReadHtmlCacheBehavior [ RunTime:0.001000s ]
INFO: Run Behavior\CheckLangBehavior [ RunTime:0.002000s ]
INFO: [ app_begin ] --END-- [ RunTime:0.003000s ]
SQL: SHOW COLUMNS FROM `wxt_school_class` [ RunTime:0.0050s ]
NOTIC: [8] Undefined variable: join D:\phpStudy\WWW\weixiaotong2016\application\Teacher\Controller\TeacherUtilsController.class.php 第 42 行.
SQL: SELECT class.id,class.classname FROM wxt_school_class class WHERE class.schoolid = '7' AND class.grade = '0'  [ RunTime:0.0010s ]

[ 2018-08-29T14:59:32+08:00 ] 127.0.0.1 /weixiaotong2016/index.php/Teacher/Illegality/index/menuid/401
NOTIC: D方法实例化没找到模型类Common\Model\IllegalityModel
NOTIC: D方法实例化没找到模型类Common\Model\IllegalityStudentModel
NOTIC: D方法实例化没找到模型类Common\Model\IllegalityTypeDetailModel
NOTIC: D方法实例化没找到模型类Common\Model\IllegalityTypeModel
NOTIC: D方法实例化没找到模型类Common\Model\EducationTypeModel

[ 2018-08-29T14:59:32+08:00 ] 127.0.0.1 /weixiaotong2016/index.php?g=teacher&m=TeacherUtils&a=get_class&grade=0
INFO: [ app_begin ] --START--
INFO: Run Behavior\ReadHtmlCacheBehavior [ RunTime:0.001000s ]
INFO: Run Behavior\CheckLangBehavior [ RunTime:0.002001s ]
INFO: [ app_begin ] --END-- [ RunTime:0.003001s ]
SQL: SHOW COLUMNS FROM `wxt_school_class` [ RunTime:0.0070s ]
NOTIC: [8] Undefined variable: join D:\phpStudy\WWW\weixiaotong2016\application\Teacher\Controller\TeacherUtilsController.class.php 第 42 行.
SQL: SELECT class.id,class.classname FROM wxt_school_class class WHERE class.schoolid = '7' AND class.grade = '0'  [ RunTime:0.0000s ]

[ 2018-08-29T14:59:56+08:00 ] 127.0.0.1 /weixiaotong2016/index.php/Teacher/Illegality/index/menuid/401
NOTIC: D方法实例化没找到模型类Common\Model\IllegalityModel
NOTIC: D方法实例化没找到模型类Common\Model\IllegalityStudentModel
NOTIC: D方法实例化没找到模型类Common\Model\IllegalityTypeDetailModel
NOTIC: D方法实例化没找到模型类Common\Model\IllegalityTypeModel
NOTIC: D方法实例化没找到模型类Common\Model\EducationTypeModel

[ 2018-08-29T14:59:56+08:00 ] 127.0.0.1 /weixiaotong2016/index.php?g=teacher&m=TeacherUtils&a=get_class&grade=0
INFO: [ app_begin ] --START--
INFO: Run Behavior\ReadHtmlCacheBehavior [ RunTime:0.001000s ]
INFO: Run Behavior\CheckLangBehavior [ RunTime:0.001000s ]
INFO: [ app_begin ] --END-- [ RunTime:0.003000s ]
SQL: SHOW COLUMNS FROM `wxt_school_class` [ RunTime:0.0070s ]
NOTIC: [8] Undefined variable: join D:\phpStudy\WWW\weixiaotong2016\application\Teacher\Controller\TeacherUtilsController.class.php 第 42 行.
SQL: SELECT class.id,class.classname FROM wxt_school_class class WHERE class.schoolid = '7' AND class.grade = '0'  [ RunTime:0.0000s ]

[ 2018-08-29T15:00:05+08:00 ] 127.0.0.1 /weixiaotong2016/index.php/Teacher/Illegality/index/menuid/401
NOTIC: D方法实例化没找到模型类Common\Model\IllegalityModel
NOTIC: D方法实例化没找到模型类Common\Model\IllegalityStudentModel
NOTIC: D方法实例化没找到模型类Common\Model\IllegalityTypeDetailModel
NOTIC: D方法实例化没找到模型类Common\Model\IllegalityTypeModel
NOTIC: D方法实例化没找到模型类Common\Model\EducationTypeModel

[ 2018-08-29T15:00:05+08:00 ] 127.0.0.1 /weixiaotong2016/index.php?g=teacher&m=TeacherUtils&a=get_class&grade=0
INFO: [ app_begin ] --START--
INFO: Run Behavior\ReadHtmlCacheBehavior [ RunTime:0.001000s ]
INFO: Run Behavior\CheckLangBehavior [ RunTime:0.001000s ]
INFO: [ app_begin ] --END-- [ RunTime:0.003000s ]
SQL: SHOW COLUMNS FROM `wxt_school_class` [ RunTime:0.0060s ]
NOTIC: [8] Undefined variable: join D:\phpStudy\WWW\weixiaotong2016\application\Teacher\Controller\TeacherUtilsController.class.php 第 42 行.
SQL: SELECT class.id,class.classname FROM wxt_school_class class WHERE class.schoolid = '7' AND class.grade = '0'  [ RunTime:0.0010s ]

[ 2018-08-29T15:00:16+08:00 ] 127.0.0.1 /weixiaotong2016/index.php/Teacher/Illegality/index/menuid/401
NOTIC: D方法实例化没找到模型类Common\Model\IllegalityModel
NOTIC: D方法实例化没找到模型类Common\Model\IllegalityStudentModel
NOTIC: D方法实例化没找到模型类Common\Model\IllegalityTypeDetailModel
NOTIC: D方法实例化没找到模型类Common\Model\IllegalityTypeModel
NOTIC: D方法实例化没找到模型类Common\Model\EducationTypeModel

[ 2018-08-29T15:00:17+08:00 ] 127.0.0.1 /weixiaotong2016/index.php?g=teacher&m=TeacherUtils&a=get_class&grade=0
INFO: [ app_begin ] --START--
INFO: Run Behavior\ReadHtmlCacheBehavior [ RunTime:0.001000s ]
INFO: Run Behavior\CheckLangBehavior [ RunTime:0.002000s ]
INFO: [ app_begin ] --END-- [ RunTime:0.003000s ]
SQL: SHOW COLUMNS FROM `wxt_school_class` [ RunTime:0.0050s ]
NOTIC: [8] Undefined variable: join D:\phpStudy\WWW\weixiaotong2016\application\Teacher\Controller\TeacherUtilsController.class.php 第 42 行.
SQL: SELECT class.id,class.classname FROM wxt_school_class class WHERE class.schoolid = '7' AND class.grade = '0'  [ RunTime:0.0000s ]

[ 2018-08-29T15:00:22+08:00 ] 127.0.0.1 /weixiaotong2016/index.php/Teacher/Illegality/index/menuid/401
NOTIC: D方法实例化没找到模型类Common\Model\IllegalityModel
NOTIC: D方法实例化没找到模型类Common\Model\IllegalityStudentModel
NOTIC: D方法实例化没找到模型类Common\Model\IllegalityTypeDetailModel
NOTIC: D方法实例化没找到模型类Common\Model\IllegalityTypeModel
NOTIC: D方法实例化没找到模型类Common\Model\EducationTypeModel

[ 2018-08-29T15:00:22+08:00 ] 127.0.0.1 /weixiaotong2016/index.php?g=teacher&m=TeacherUtils&a=get_class&grade=0
INFO: [ app_begin ] --START--
INFO: Run Behavior\ReadHtmlCacheBehavior [ RunTime:0.001000s ]
INFO: Run Behavior\CheckLangBehavior [ RunTime:0.001000s ]
INFO: [ app_begin ] --END-- [ RunTime:0.003000s ]
SQL: SHOW COLUMNS FROM `wxt_school_class` [ RunTime:0.0060s ]
NOTIC: [8] Undefined variable: join D:\phpStudy\WWW\weixiaotong2016\application\Teacher\Controller\TeacherUtilsController.class.php 第 42 行.
SQL: SELECT class.id,class.classname FROM wxt_school_class class WHERE class.schoolid = '7' AND class.grade = '0'  [ RunTime:0.0000s ]

[ 2018-08-29T15:00:30+08:00 ] 127.0.0.1 /weixiaotong2016/index.php/Teacher/Illegality/index/menuid/401
NOTIC: D方法实例化没找到模型类Common\Model\IllegalityModel
NOTIC: D方法实例化没找到模型类Common\Model\IllegalityStudentModel
NOTIC: D方法实例化没找到模型类Common\Model\IllegalityTypeDetailModel
NOTIC: D方法实例化没找到模型类Common\Model\IllegalityTypeModel
NOTIC: D方法实例化没找到模型类Common\Model\EducationTypeModel

[ 2018-08-29T15:00:30+08:00 ] 127.0.0.1 /weixiaotong2016/index.php?g=teacher&m=TeacherUtils&a=get_class&grade=0
INFO: [ app_begin ] --START--
INFO: Run Behavior\ReadHtmlCacheBehavior [ RunTime:0.000000s ]
INFO: Run Behavior\CheckLangBehavior [ RunTime:0.001000s ]
INFO: [ app_begin ] --END-- [ RunTime:0.003000s ]
SQL: SHOW COLUMNS FROM `wxt_school_class` [ RunTime:0.0070s ]
NOTIC: [8] Undefined variable: join D:\phpStudy\WWW\weixiaotong2016\application\Teacher\Controller\TeacherUtilsController.class.php 第 42 行.
SQL: SELECT class.id,class.classname FROM wxt_school_class class WHERE class.schoolid = '7' AND class.grade = '0'  [ RunTime:0.0000s ]

[ 2018-08-29T15:00:53+08:00 ] 127.0.0.1 /weixiaotong2016/index.php/Teacher/Illegality/index/menuid/401
NOTIC: D方法实例化没找到模型类Common\Model\IllegalityModel
NOTIC: D方法实例化没找到模型类Common\Model\IllegalityStudentModel
NOTIC: D方法实例化没找到模型类Common\Model\IllegalityTypeDetailModel
NOTIC: D方法实例化没找到模型类Common\Model\IllegalityTypeModel
NOTIC: D方法实例化没找到模型类Common\Model\EducationTypeModel

[ 2018-08-29T15:00:53+08:00 ] 127.0.0.1 /weixiaotong2016/index.php?g=teacher&m=TeacherUtils&a=get_class&grade=0
INFO: [ app_begin ] --START--
INFO: Run Behavior\ReadHtmlCacheBehavior [ RunTime:0.001000s ]
INFO: Run Behavior\CheckLangBehavior [ RunTime:0.001000s ]
INFO: [ app_begin ] --END-- [ RunTime:0.002000s ]
SQL: SHOW COLUMNS FROM `wxt_school_class` [ RunTime:0.0070s ]
NOTIC: [8] Undefined variable: join D:\phpStudy\WWW\weixiaotong2016\application\Teacher\Controller\TeacherUtilsController.class.php 第 42 行.
SQL: SELECT class.id,class.classname FROM wxt_school_class class WHERE class.schoolid = '7' AND class.grade = '0'  [ RunTime:0.0010s ]

[ 2018-08-29T15:43:20+08:00 ] 127.0.0.1 /weixiaotong2016/index.php/Teacher/Main/index
NOTIC: D方法实例化没找到模型类Common\Model\WxtuserModel
NOTIC: D方法实例化没找到模型类Common\Model\ScheduleModel
NOTIC: D方法实例化没找到模型类Common\Model\EntrustModel
NOTIC: D方法实例化没找到模型类Common\Model\NoticeModel
NOTIC: D方法实例化没找到模型类Common\Model\UserMessageModel
NOTIC: D方法实例化没找到模型类Common\Model\ActivityModel
NOTIC: D方法实例化没找到模型类Common\Model\MicroblogMainModel
NOTIC: D方法实例化没找到模型类Common\Model\SchoolCoursewareModel

[ 2018-08-29T15:43:20+08:00 ] 127.0.0.1 /weixiaotong2016/index.php/Teacher/Main/js/datetime.js
NOTIC: D方法实例化没找到模型类Common\Model\WxtuserModel
NOTIC: D方法实例化没找到模型类Common\Model\ScheduleModel
NOTIC: D方法实例化没找到模型类Common\Model\EntrustModel
NOTIC: D方法实例化没找到模型类Common\Model\NoticeModel
NOTIC: D方法实例化没找到模型类Common\Model\UserMessageModel
NOTIC: D方法实例化没找到模型类Common\Model\ActivityModel
NOTIC: D方法实例化没找到模型类Common\Model\MicroblogMainModel
NOTIC: D方法实例化没找到模型类Common\Model\SchoolCoursewareModel

[ 2018-08-29T15:43:20+08:00 ] 127.0.0.1 /weixiaotong2016/index.php/Teacher/Main/js/fileinput.js
NOTIC: D方法实例化没找到模型类Common\Model\WxtuserModel
NOTIC: D方法实例化没找到模型类Common\Model\ScheduleModel
NOTIC: D方法实例化没找到模型类Common\Model\EntrustModel
NOTIC: D方法实例化没找到模型类Common\Model\NoticeModel
NOTIC: D方法实例化没找到模型类Common\Model\UserMessageModel
NOTIC: D方法实例化没找到模型类Common\Model\ActivityModel
NOTIC: D方法实例化没找到模型类Common\Model\MicroblogMainModel
NOTIC: D方法实例化没找到模型类Common\Model\SchoolCoursewareModel

[ 2018-08-29T15:43:20+08:00 ] 127.0.0.1 /weixiaotong2016/index.php/Teacher/Main/js/fileinput_locale_zh.js
NOTIC: D方法实例化没找到模型类Common\Model\WxtuserModel
NOTIC: D方法实例化没找到模型类Common\Model\ScheduleModel
NOTIC: D方法实例化没找到模型类Common\Model\EntrustModel
NOTIC: D方法实例化没找到模型类Common\Model\NoticeModel
NOTIC: D方法实例化没找到模型类Common\Model\UserMessageModel
NOTIC: D方法实例化没找到模型类Common\Model\ActivityModel
NOTIC: D方法实例化没找到模型类Common\Model\MicroblogMainModel
NOTIC: D方法实例化没找到模型类Common\Model\SchoolCoursewareModel

[ 2018-08-29T15:43:21+08:00 ] 127.0.0.1 /weixiaotong2016/index.php/Teacher/StudentInfo/index/menuid/317
NOTIC: D方法实例化没找到模型类Common\Model\SchoolModel
NOTIC: D方法实例化没找到模型类Common\Model\SchoolClassModel
NOTIC: D方法实例化没找到模型类Common\Model\ClassRelationshipModel
NOTIC: D方法实例化没找到模型类Common\Model\AppellationModel
NOTIC: D方法实例化没找到模型类Common\Model\WxtuserModel
NOTIC: D方法实例化没找到模型类Common\Model\RelationStuUserModel

[ 2018-08-29T15:43:21+08:00 ] 127.0.0.1 /weixiaotong2016/index.php?g=Teacher&m=TeacherUtils&a=get_class&grade=0
INFO: [ app_begin ] --START--
INFO: Run Behavior\ReadHtmlCacheBehavior [ RunTime:0.001000s ]
INFO: Run Behavior\CheckLangBehavior [ RunTime:0.002000s ]
INFO: [ app_begin ] --END-- [ RunTime:0.003000s ]
SQL: SHOW COLUMNS FROM `wxt_school_class` [ RunTime:0.0060s ]
NOTIC: [8] Undefined variable: join D:\phpStudy\WWW\weixiaotong2016\application\Teacher\Controller\TeacherUtilsController.class.php 第 42 行.
SQL: SELECT class.id,class.classname FROM wxt_school_class class WHERE class.schoolid = '7' AND class.grade = '0'  [ RunTime:0.0000s ]

[ 2018-08-29T15:44:10+08:00 ] 127.0.0.1 /weixiaotong2016/index.php/Teacher/StudentInfo/index/menuid/317
NOTIC: D方法实例化没找到模型类Common\Model\SchoolModel
NOTIC: D方法实例化没找到模型类Common\Model\SchoolClassModel
NOTIC: D方法实例化没找到模型类Common\Model\ClassRelationshipModel
NOTIC: D方法实例化没找到模型类Common\Model\AppellationModel
NOTIC: D方法实例化没找到模型类Common\Model\WxtuserModel
NOTIC: D方法实例化没找到模型类Common\Model\RelationStuUserModel

[ 2018-08-29T15:44:18+08:00 ] 127.0.0.1 /weixiaotong2016/index.php/Teacher/StudentInfo/index/menuid/317
NOTIC: D方法实例化没找到模型类Common\Model\SchoolModel
NOTIC: D方法实例化没找到模型类Common\Model\SchoolClassModel
NOTIC: D方法实例化没找到模型类Common\Model\ClassRelationshipModel
NOTIC: D方法实例化没找到模型类Common\Model\AppellationModel
NOTIC: D方法实例化没找到模型类Common\Model\WxtuserModel
NOTIC: D方法实例化没找到模型类Common\Model\RelationStuUserModel

[ 2018-08-29T15:44:37+08:00 ] 127.0.0.1 /weixiaotong2016/index.php/Teacher/StudentInfo/index/menuid/317
NOTIC: D方法实例化没找到模型类Common\Model\SchoolModel
NOTIC: D方法实例化没找到模型类Common\Model\SchoolClassModel
NOTIC: D方法实例化没找到模型类Common\Model\ClassRelationshipModel
NOTIC: D方法实例化没找到模型类Common\Model\AppellationModel
NOTIC: D方法实例化没找到模型类Common\Model\WxtuserModel
NOTIC: D方法实例化没找到模型类Common\Model\RelationStuUserModel

[ 2018-08-29T15:44:43+08:00 ] 127.0.0.1 /weixiaotong2016/index.php/Teacher/StudentInfo/index/menuid/317
NOTIC: D方法实例化没找到模型类Common\Model\SchoolModel
NOTIC: D方法实例化没找到模型类Common\Model\SchoolClassModel
NOTIC: D方法实例化没找到模型类Common\Model\ClassRelationshipModel
NOTIC: D方法实例化没找到模型类Common\Model\AppellationModel
NOTIC: D方法实例化没找到模型类Common\Model\WxtuserModel
NOTIC: D方法实例化没找到模型类Common\Model\RelationStuUserModel

[ 2018-08-29T15:45:02+08:00 ] 127.0.0.1 /weixiaotong2016/index.php/Teacher/StudentInfo/index/menuid/317
NOTIC: D方法实例化没找到模型类Common\Model\SchoolModel
NOTIC: D方法实例化没找到模型类Common\Model\SchoolClassModel
NOTIC: D方法实例化没找到模型类Common\Model\ClassRelationshipModel
NOTIC: D方法实例化没找到模型类Common\Model\AppellationModel
NOTIC: D方法实例化没找到模型类Common\Model\WxtuserModel
NOTIC: D方法实例化没找到模型类Common\Model\RelationStuUserModel

[ 2018-08-29T15:54:58+08:00 ] 127.0.0.1 /weixiaotong2016/index.php/Teacher/StudentInfo/index/menuid/317
NOTIC: D方法实例化没找到模型类Common\Model\SchoolModel
NOTIC: D方法实例化没找到模型类Common\Model\SchoolClassModel
NOTIC: D方法实例化没找到模型类Common\Model\ClassRelationshipModel
NOTIC: D方法实例化没找到模型类Common\Model\AppellationModel
NOTIC: D方法实例化没找到模型类Common\Model\WxtuserModel
NOTIC: D方法实例化没找到模型类Common\Model\RelationStuUserModel

[ 2018-08-29T15:55:01+08:00 ] 127.0.0.1 /weixiaotong2016/index.php/Teacher/Main/index
NOTIC: D方法实例化没找到模型类Common\Model\WxtuserModel
NOTIC: D方法实例化没找到模型类Common\Model\ScheduleModel
NOTIC: D方法实例化没找到模型类Common\Model\EntrustModel
NOTIC: D方法实例化没找到模型类Common\Model\NoticeModel
NOTIC: D方法实例化没找到模型类Common\Model\UserMessageModel
NOTIC: D方法实例化没找到模型类Common\Model\ActivityModel
NOTIC: D方法实例化没找到模型类Common\Model\MicroblogMainModel
NOTIC: D方法实例化没找到模型类Common\Model\SchoolCoursewareModel

[ 2018-08-29T15:55:01+08:00 ] 127.0.0.1 /weixiaotong2016/index.php/Teacher/Main/js/datetime.js
NOTIC: D方法实例化没找到模型类Common\Model\WxtuserModel
NOTIC: D方法实例化没找到模型类Common\Model\ScheduleModel
NOTIC: D方法实例化没找到模型类Common\Model\EntrustModel
NOTIC: D方法实例化没找到模型类Common\Model\NoticeModel
NOTIC: D方法实例化没找到模型类Common\Model\UserMessageModel
NOTIC: D方法实例化没找到模型类Common\Model\ActivityModel
NOTIC: D方法实例化没找到模型类Common\Model\MicroblogMainModel
NOTIC: D方法实例化没找到模型类Common\Model\SchoolCoursewareModel

[ 2018-08-29T15:55:01+08:00 ] 127.0.0.1 /weixiaotong2016/index.php/Teacher/Main/js/fileinput.js
NOTIC: D方法实例化没找到模型类Common\Model\WxtuserModel
NOTIC: D方法实例化没找到模型类Common\Model\ScheduleModel
NOTIC: D方法实例化没找到模型类Common\Model\EntrustModel
NOTIC: D方法实例化没找到模型类Common\Model\NoticeModel
NOTIC: D方法实例化没找到模型类Common\Model\UserMessageModel
NOTIC: D方法实例化没找到模型类Common\Model\ActivityModel
NOTIC: D方法实例化没找到模型类Common\Model\MicroblogMainModel
NOTIC: D方法实例化没找到模型类Common\Model\SchoolCoursewareModel

[ 2018-08-29T15:55:01+08:00 ] 127.0.0.1 /weixiaotong2016/index.php/Teacher/Main/js/fileinput_locale_zh.js
NOTIC: D方法实例化没找到模型类Common\Model\WxtuserModel
NOTIC: D方法实例化没找到模型类Common\Model\ScheduleModel
NOTIC: D方法实例化没找到模型类Common\Model\EntrustModel
NOTIC: D方法实例化没找到模型类Common\Model\NoticeModel
NOTIC: D方法实例化没找到模型类Common\Model\UserMessageModel
NOTIC: D方法实例化没找到模型类Common\Model\ActivityModel
NOTIC: D方法实例化没找到模型类Common\Model\MicroblogMainModel
NOTIC: D方法实例化没找到模型类Common\Model\SchoolCoursewareModel

[ 2018-08-29T15:55:03+08:00 ] 127.0.0.1 /weixiaotong2016/index.php/Teacher/StudentInfo/index/menuid/317
NOTIC: D方法实例化没找到模型类Common\Model\SchoolModel
NOTIC: D方法实例化没找到模型类Common\Model\SchoolClassModel
NOTIC: D方法实例化没找到模型类Common\Model\ClassRelationshipModel
NOTIC: D方法实例化没找到模型类Common\Model\AppellationModel
NOTIC: D方法实例化没找到模型类Common\Model\WxtuserModel
NOTIC: D方法实例化没找到模型类Common\Model\RelationStuUserModel

[ 2018-08-29T15:55:56+08:00 ] 127.0.0.1 /weixiaotong2016/index.php/Teacher/StudentInfo/index/menuid/317
NOTIC: D方法实例化没找到模型类Common\Model\SchoolModel
NOTIC: D方法实例化没找到模型类Common\Model\SchoolClassModel
NOTIC: D方法实例化没找到模型类Common\Model\ClassRelationshipModel
NOTIC: D方法实例化没找到模型类Common\Model\AppellationModel
NOTIC: D方法实例化没找到模型类Common\Model\WxtuserModel
NOTIC: D方法实例化没找到模型类Common\Model\RelationStuUserModel

[ 2018-08-29T15:56:10+08:00 ] 127.0.0.1 /weixiaotong2016/index.php/Teacher/StudentInfo/index/menuid/317
NOTIC: D方法实例化没找到模型类Common\Model\SchoolModel
NOTIC: D方法实例化没找到模型类Common\Model\SchoolClassModel
NOTIC: D方法实例化没找到模型类Common\Model\ClassRelationshipModel
NOTIC: D方法实例化没找到模型类Common\Model\AppellationModel
NOTIC: D方法实例化没找到模型类Common\Model\WxtuserModel
NOTIC: D方法实例化没找到模型类Common\Model\RelationStuUserModel

[ 2018-08-29T15:56:10+08:00 ] 127.0.0.1 /weixiaotong2016/index.php?g=Teacher&m=TeacherUtils&a=get_class&grade=0
INFO: [ app_begin ] --START--
INFO: Run Behavior\ReadHtmlCacheBehavior [ RunTime:0.001000s ]
INFO: Run Behavior\CheckLangBehavior [ RunTime:0.002000s ]
INFO: [ app_begin ] --END-- [ RunTime:0.003000s ]
SQL: SHOW COLUMNS FROM `wxt_school_class` [ RunTime:0.0070s ]
NOTIC: [8] Undefined variable: join D:\phpStudy\WWW\weixiaotong2016\application\Teacher\Controller\TeacherUtilsController.class.php 第 42 行.
SQL: SELECT class.id,class.classname FROM wxt_school_class class WHERE class.schoolid = '7' AND class.grade = '0'  [ RunTime:0.0000s ]

[ 2018-08-29T15:57:33+08:00 ] 127.0.0.1 /weixiaotong2016/index.php/Teacher/StudentInfo/index/menuid/317
NOTIC: D方法实例化没找到模型类Common\Model\SchoolModel
NOTIC: D方法实例化没找到模型类Common\Model\SchoolClassModel
NOTIC: D方法实例化没找到模型类Common\Model\ClassRelationshipModel
NOTIC: D方法实例化没找到模型类Common\Model\AppellationModel
NOTIC: D方法实例化没找到模型类Common\Model\WxtuserModel
NOTIC: D方法实例化没找到模型类Common\Model\RelationStuUserModel

[ 2018-08-29T15:57:33+08:00 ] 127.0.0.1 /weixiaotong2016/index.php?g=Teacher&m=TeacherUtils&a=get_class&grade=0
INFO: [ app_begin ] --START--
INFO: Run Behavior\ReadHtmlCacheBehavior [ RunTime:0.001000s ]
INFO: Run Behavior\CheckLangBehavior [ RunTime:0.002000s ]
INFO: [ app_begin ] --END-- [ RunTime:0.003000s ]
SQL: SHOW COLUMNS FROM `wxt_school_class` [ RunTime:0.0070s ]
NOTIC: [8] Undefined variable: join D:\phpStudy\WWW\weixiaotong2016\application\Teacher\Controller\TeacherUtilsController.class.php 第 42 行.
SQL: SELECT class.id,class.classname FROM wxt_school_class class WHERE class.schoolid = '7' AND class.grade = '0'  [ RunTime:0.0000s ]

[ 2018-08-29T15:57:50+08:00 ] 127.0.0.1 /weixiaotong2016/index.php/Teacher/StudentInfo/index/menuid/317
NOTIC: D方法实例化没找到模型类Common\Model\SchoolModel
NOTIC: D方法实例化没找到模型类Common\Model\SchoolClassModel
NOTIC: D方法实例化没找到模型类Common\Model\ClassRelationshipModel
NOTIC: D方法实例化没找到模型类Common\Model\AppellationModel
NOTIC: D方法实例化没找到模型类Common\Model\WxtuserModel
NOTIC: D方法实例化没找到模型类Common\Model\RelationStuUserModel

[ 2018-08-29T15:57:51+08:00 ] 127.0.0.1 /weixiaotong2016/index.php?g=Teacher&m=TeacherUtils&a=get_class&grade=0
INFO: [ app_begin ] --START--
INFO: Run Behavior\ReadHtmlCacheBehavior [ RunTime:0.001001s ]
INFO: Run Behavior\CheckLangBehavior [ RunTime:0.002000s ]
INFO: [ app_begin ] --END-- [ RunTime:0.004001s ]
SQL: SHOW COLUMNS FROM `wxt_school_class` [ RunTime:0.0060s ]
NOTIC: [8] Undefined variable: join D:\phpStudy\WWW\weixiaotong2016\application\Teacher\Controller\TeacherUtilsController.class.php 第 42 行.
SQL: SELECT class.id,class.classname FROM wxt_school_class class WHERE class.schoolid = '7' AND class.grade = '0'  [ RunTime:0.0010s ]

[ 2018-08-29T15:58:00+08:00 ] 127.0.0.1 /weixiaotong2016/index.php/Teacher/StudentInfo/index/menuid/317
NOTIC: D方法实例化没找到模型类Common\Model\SchoolModel
NOTIC: D方法实例化没找到模型类Common\Model\SchoolClassModel
NOTIC: D方法实例化没找到模型类Common\Model\ClassRelationshipModel
NOTIC: D方法实例化没找到模型类Common\Model\AppellationModel
NOTIC: D方法实例化没找到模型类Common\Model\WxtuserModel
NOTIC: D方法实例化没找到模型类Common\Model\RelationStuUserModel

[ 2018-08-29T15:58:01+08:00 ] 127.0.0.1 /weixiaotong2016/index.php?g=Teacher&m=TeacherUtils&a=get_class&grade=0
INFO: [ app_begin ] --START--
INFO: Run Behavior\ReadHtmlCacheBehavior [ RunTime:0.001000s ]
INFO: Run Behavior\CheckLangBehavior [ RunTime:0.002000s ]
INFO: [ app_begin ] --END-- [ RunTime:0.003000s ]
SQL: SHOW COLUMNS FROM `wxt_school_class` [ RunTime:0.0070s ]
NOTIC: [8] Undefined variable: join D:\phpStudy\WWW\weixiaotong2016\application\Teacher\Controller\TeacherUtilsController.class.php 第 42 行.
SQL: SELECT class.id,class.classname FROM wxt_school_class class WHERE class.schoolid = '7' AND class.grade = '0'  [ RunTime:0.0000s ]

[ 2018-08-29T15:58:25+08:00 ] 127.0.0.1 /weixiaotong2016/index.php/Teacher/StudentInfo/index/menuid/317
NOTIC: D方法实例化没找到模型类Common\Model\SchoolModel
NOTIC: D方法实例化没找到模型类Common\Model\SchoolClassModel
NOTIC: D方法实例化没找到模型类Common\Model\ClassRelationshipModel
NOTIC: D方法实例化没找到模型类Common\Model\AppellationModel
NOTIC: D方法实例化没找到模型类Common\Model\WxtuserModel
NOTIC: D方法实例化没找到模型类Common\Model\RelationStuUserModel

[ 2018-08-29T15:58:25+08:00 ] 127.0.0.1 /weixiaotong2016/index.php?g=Teacher&m=TeacherUtils&a=get_class&grade=0
INFO: [ app_begin ] --START--
INFO: Run Behavior\ReadHtmlCacheBehavior [ RunTime:0.001000s ]
INFO: Run Behavior\CheckLangBehavior [ RunTime:0.002000s ]
INFO: [ app_begin ] --END-- [ RunTime:0.003000s ]
SQL: SHOW COLUMNS FROM `wxt_school_class` [ RunTime:0.0080s ]
NOTIC: [8] Undefined variable: join D:\phpStudy\WWW\weixiaotong2016\application\Teacher\Controller\TeacherUtilsController.class.php 第 42 行.
SQL: SELECT class.id,class.classname FROM wxt_school_class class WHERE class.schoolid = '7' AND class.grade = '0'  [ RunTime:0.0000s ]

[ 2018-08-29T15:58:51+08:00 ] 127.0.0.1 /weixiaotong2016/index.php/Teacher/StudentInfo/index/menuid/317
NOTIC: D方法实例化没找到模型类Common\Model\SchoolModel
NOTIC: D方法实例化没找到模型类Common\Model\SchoolClassModel
NOTIC: D方法实例化没找到模型类Common\Model\ClassRelationshipModel
NOTIC: D方法实例化没找到模型类Common\Model\AppellationModel
NOTIC: D方法实例化没找到模型类Common\Model\WxtuserModel
NOTIC: D方法实例化没找到模型类Common\Model\RelationStuUserModel

[ 2018-08-29T15:58:52+08:00 ] 127.0.0.1 /weixiaotong2016/index.php?g=Teacher&m=TeacherUtils&a=get_class&grade=0
INFO: [ app_begin ] --START--
INFO: Run Behavior\ReadHtmlCacheBehavior [ RunTime:0.001000s ]
INFO: Run Behavior\CheckLangBehavior [ RunTime:0.001000s ]
INFO: [ app_begin ] --END-- [ RunTime:0.004000s ]
SQL: SHOW COLUMNS FROM `wxt_school_class` [ RunTime:0.0080s ]
NOTIC: [8] Undefined variable: join D:\phpStudy\WWW\weixiaotong2016\application\Teacher\Controller\TeacherUtilsController.class.php 第 42 行.
SQL: SELECT class.id,class.classname FROM wxt_school_class class WHERE class.schoolid = '7' AND class.grade = '0'  [ RunTime:0.0000s ]

[ 2018-08-29T15:59:02+08:00 ] 127.0.0.1 /weixiaotong2016/index.php/Teacher/StudentInfo/index/menuid/317
NOTIC: D方法实例化没找到模型类Common\Model\SchoolModel
NOTIC: D方法实例化没找到模型类Common\Model\SchoolClassModel
NOTIC: D方法实例化没找到模型类Common\Model\ClassRelationshipModel
NOTIC: D方法实例化没找到模型类Common\Model\AppellationModel
NOTIC: D方法实例化没找到模型类Common\Model\WxtuserModel
NOTIC: D方法实例化没找到模型类Common\Model\RelationStuUserModel

[ 2018-08-29T15:59:02+08:00 ] 127.0.0.1 /weixiaotong2016/index.php?g=Teacher&m=TeacherUtils&a=get_class&grade=0
INFO: [ app_begin ] --START--
INFO: Run Behavior\ReadHtmlCacheBehavior [ RunTime:0.001000s ]
INFO: Run Behavior\CheckLangBehavior [ RunTime:0.002000s ]
INFO: [ app_begin ] --END-- [ RunTime:0.003000s ]
SQL: SHOW COLUMNS FROM `wxt_school_class` [ RunTime:0.0040s ]
NOTIC: [8] Undefined variable: join D:\phpStudy\WWW\weixiaotong2016\application\Teacher\Controller\TeacherUtilsController.class.php 第 42 行.
SQL: SELECT class.id,class.classname FROM wxt_school_class class WHERE class.schoolid = '7' AND class.grade = '0'  [ RunTime:0.0010s ]

[ 2018-08-29T15:59:24+08:00 ] 127.0.0.1 /weixiaotong2016/index.php/Teacher/StudentInfo/index/menuid/317
NOTIC: D方法实例化没找到模型类Common\Model\SchoolModel
NOTIC: D方法实例化没找到模型类Common\Model\SchoolClassModel
NOTIC: D方法实例化没找到模型类Common\Model\ClassRelationshipModel
NOTIC: D方法实例化没找到模型类Common\Model\AppellationModel
NOTIC: D方法实例化没找到模型类Common\Model\WxtuserModel
NOTIC: D方法实例化没找到模型类Common\Model\RelationStuUserModel

[ 2018-08-29T15:59:24+08:00 ] 127.0.0.1 /weixiaotong2016/index.php?g=Teacher&m=TeacherUtils&a=get_class&grade=0
INFO: [ app_begin ] --START--
INFO: Run Behavior\ReadHtmlCacheBehavior [ RunTime:0.001000s ]
INFO: Run Behavior\CheckLangBehavior [ RunTime:0.002000s ]
INFO: [ app_begin ] --END-- [ RunTime:0.004000s ]
SQL: SHOW COLUMNS FROM `wxt_school_class` [ RunTime:0.0080s ]
NOTIC: [8] Undefined variable: join D:\phpStudy\WWW\weixiaotong2016\application\Teacher\Controller\TeacherUtilsController.class.php 第 42 行.
SQL: SELECT class.id,class.classname FROM wxt_school_class class WHERE class.schoolid = '7' AND class.grade = '0'  [ RunTime:0.0000s ]

[ 2018-08-29T15:59:45+08:00 ] 127.0.0.1 /weixiaotong2016/index.php/Teacher/StudentInfo/index/menuid/317
NOTIC: D方法实例化没找到模型类Common\Model\SchoolModel
NOTIC: D方法实例化没找到模型类Common\Model\SchoolClassModel
NOTIC: D方法实例化没找到模型类Common\Model\ClassRelationshipModel
NOTIC: D方法实例化没找到模型类Common\Model\AppellationModel
NOTIC: D方法实例化没找到模型类Common\Model\WxtuserModel
NOTIC: D方法实例化没找到模型类Common\Model\RelationStuUserModel

[ 2018-08-29T15:59:45+08:00 ] 127.0.0.1 /weixiaotong2016/index.php?g=Teacher&m=TeacherUtils&a=get_class&grade=0
INFO: [ app_begin ] --START--
INFO: Run Behavior\ReadHtmlCacheBehavior [ RunTime:0.001000s ]
INFO: Run Behavior\CheckLangBehavior [ RunTime:0.002000s ]
INFO: [ app_begin ] --END-- [ RunTime:0.003000s ]
SQL: SHOW COLUMNS FROM `wxt_school_class` [ RunTime:0.0080s ]
NOTIC: [8] Undefined variable: join D:\phpStudy\WWW\weixiaotong2016\application\Teacher\Controller\TeacherUtilsController.class.php 第 42 行.
SQL: SELECT class.id,class.classname FROM wxt_school_class class WHERE class.schoolid = '7' AND class.grade = '0'  [ RunTime:0.0000s ]

[ 2018-08-29T16:00:00+08:00 ] 127.0.0.1 /weixiaotong2016/index.php/Teacher/StudentInfo/index/menuid/317
NOTIC: D方法实例化没找到模型类Common\Model\SchoolModel
NOTIC: D方法实例化没找到模型类Common\Model\SchoolClassModel
NOTIC: D方法实例化没找到模型类Common\Model\ClassRelationshipModel
NOTIC: D方法实例化没找到模型类Common\Model\AppellationModel
NOTIC: D方法实例化没找到模型类Common\Model\WxtuserModel
NOTIC: D方法实例化没找到模型类Common\Model\RelationStuUserModel

[ 2018-08-29T16:00:01+08:00 ] 127.0.0.1 /weixiaotong2016/index.php?g=Teacher&m=TeacherUtils&a=get_class&grade=0
INFO: [ app_begin ] --START--
INFO: Run Behavior\ReadHtmlCacheBehavior [ RunTime:0.001000s ]
INFO: Run Behavior\CheckLangBehavior [ RunTime:0.002000s ]
INFO: [ app_begin ] --END-- [ RunTime:0.003000s ]
SQL: SHOW COLUMNS FROM `wxt_school_class` [ RunTime:0.0050s ]
NOTIC: [8] Undefined variable: join D:\phpStudy\WWW\weixiaotong2016\application\Teacher\Controller\TeacherUtilsController.class.php 第 42 行.
SQL: SELECT class.id,class.classname FROM wxt_school_class class WHERE class.schoolid = '7' AND class.grade = '0'  [ RunTime:0.0010s ]

[ 2018-08-29T16:00:16+08:00 ] 127.0.0.1 /weixiaotong2016/index.php/Teacher/StudentInfo/index/menuid/317
NOTIC: D方法实例化没找到模型类Common\Model\SchoolModel
NOTIC: D方法实例化没找到模型类Common\Model\SchoolClassModel
NOTIC: D方法实例化没找到模型类Common\Model\ClassRelationshipModel
NOTIC: D方法实例化没找到模型类Common\Model\AppellationModel
NOTIC: D方法实例化没找到模型类Common\Model\WxtuserModel
NOTIC: D方法实例化没找到模型类Common\Model\RelationStuUserModel

[ 2018-08-29T16:00:29+08:00 ] 127.0.0.1 /weixiaotong2016/index.php/Teacher/StudentInfo/index/menuid/317
NOTIC: D方法实例化没找到模型类Common\Model\SchoolModel
NOTIC: D方法实例化没找到模型类Common\Model\SchoolClassModel
NOTIC: D方法实例化没找到模型类Common\Model\ClassRelationshipModel
NOTIC: D方法实例化没找到模型类Common\Model\AppellationModel
NOTIC: D方法实例化没找到模型类Common\Model\WxtuserModel
NOTIC: D方法实例化没找到模型类Common\Model\RelationStuUserModel

[ 2018-08-29T16:00:34+08:00 ] 127.0.0.1 /weixiaotong2016/index.php/Teacher/StudentInfo/index/menuid/317
NOTIC: D方法实例化没找到模型类Common\Model\SchoolModel
NOTIC: D方法实例化没找到模型类Common\Model\SchoolClassModel
NOTIC: D方法实例化没找到模型类Common\Model\ClassRelationshipModel
NOTIC: D方法实例化没找到模型类Common\Model\AppellationModel
NOTIC: D方法实例化没找到模型类Common\Model\WxtuserModel
NOTIC: D方法实例化没找到模型类Common\Model\RelationStuUserModel

[ 2018-08-29T16:00:36+08:00 ] 127.0.0.1 /weixiaotong2016/index.php/Teacher/StudentInfo/index/menuid/317
NOTIC: D方法实例化没找到模型类Common\Model\SchoolModel
NOTIC: D方法实例化没找到模型类Common\Model\SchoolClassModel
NOTIC: D方法实例化没找到模型类Common\Model\ClassRelationshipModel
NOTIC: D方法实例化没找到模型类Common\Model\AppellationModel
NOTIC: D方法实例化没找到模型类Common\Model\WxtuserModel
NOTIC: D方法实例化没找到模型类Common\Model\RelationStuUserModel

[ 2018-08-29T16:00:47+08:00 ] 127.0.0.1 /weixiaotong2016/index.php/Teacher/StudentInfo/index/menuid/317
NOTIC: D方法实例化没找到模型类Common\Model\SchoolModel
NOTIC: D方法实例化没找到模型类Common\Model\SchoolClassModel
NOTIC: D方法实例化没找到模型类Common\Model\ClassRelationshipModel
NOTIC: D方法实例化没找到模型类Common\Model\AppellationModel
NOTIC: D方法实例化没找到模型类Common\Model\WxtuserModel
NOTIC: D方法实例化没找到模型类Common\Model\RelationStuUserModel

[ 2018-08-29T16:00:47+08:00 ] 127.0.0.1 /weixiaotong2016/index.php?g=Teacher&m=TeacherUtils&a=get_class&grade=0
INFO: [ app_begin ] --START--
INFO: Run Behavior\ReadHtmlCacheBehavior [ RunTime:0.001000s ]
INFO: Run Behavior\CheckLangBehavior [ RunTime:0.002000s ]
INFO: [ app_begin ] --END-- [ RunTime:0.004000s ]
SQL: SHOW COLUMNS FROM `wxt_school_class` [ RunTime:0.0070s ]
NOTIC: [8] Undefined variable: join D:\phpStudy\WWW\weixiaotong2016\application\Teacher\Controller\TeacherUtilsController.class.php 第 42 行.
SQL: SELECT class.id,class.classname FROM wxt_school_class class WHERE class.schoolid = '7' AND class.grade = '0'  [ RunTime:0.0000s ]

[ 2018-08-29T16:01:36+08:00 ] 127.0.0.1 /weixiaotong2016/index.php/Teacher/StudentInfo/index/menuid/317
NOTIC: D方法实例化没找到模型类Common\Model\SchoolModel
NOTIC: D方法实例化没找到模型类Common\Model\SchoolClassModel
NOTIC: D方法实例化没找到模型类Common\Model\ClassRelationshipModel
NOTIC: D方法实例化没找到模型类Common\Model\AppellationModel
NOTIC: D方法实例化没找到模型类Common\Model\WxtuserModel
NOTIC: D方法实例化没找到模型类Common\Model\RelationStuUserModel

[ 2018-08-29T16:01:36+08:00 ] 127.0.0.1 /weixiaotong2016/index.php?g=Teacher&m=TeacherUtils&a=get_class&grade=0
INFO: [ app_begin ] --START--
INFO: Run Behavior\ReadHtmlCacheBehavior [ RunTime:0.001000s ]
INFO: Run Behavior\CheckLangBehavior [ RunTime:0.002000s ]
INFO: [ app_begin ] --END-- [ RunTime:0.004000s ]
SQL: SHOW COLUMNS FROM `wxt_school_class` [ RunTime:0.0070s ]
NOTIC: [8] Undefined variable: join D:\phpStudy\WWW\weixiaotong2016\application\Teacher\Controller\TeacherUtilsController.class.php 第 42 行.
SQL: SELECT class.id,class.classname FROM wxt_school_class class WHERE class.schoolid = '7' AND class.grade = '0'  [ RunTime:0.0000s ]

[ 2018-08-29T16:02:56+08:00 ] 127.0.0.1 /weixiaotong2016/index.php/Teacher/StudentInfo/index/menuid/317
NOTIC: D方法实例化没找到模型类Common\Model\SchoolModel
NOTIC: D方法实例化没找到模型类Common\Model\SchoolClassModel
NOTIC: D方法实例化没找到模型类Common\Model\ClassRelationshipModel
NOTIC: D方法实例化没找到模型类Common\Model\AppellationModel
NOTIC: D方法实例化没找到模型类Common\Model\WxtuserModel
NOTIC: D方法实例化没找到模型类Common\Model\RelationStuUserModel

[ 2018-08-29T16:02:56+08:00 ] 127.0.0.1 /weixiaotong2016/index.php?g=Teacher&m=TeacherUtils&a=get_class&grade=0
INFO: [ app_begin ] --START--
INFO: Run Behavior\ReadHtmlCacheBehavior [ RunTime:0.001000s ]
INFO: Run Behavior\CheckLangBehavior [ RunTime:0.002000s ]
INFO: [ app_begin ] --END-- [ RunTime:0.004000s ]
SQL: SHOW COLUMNS FROM `wxt_school_class` [ RunTime:0.0040s ]
NOTIC: [8] Undefined variable: join D:\phpStudy\WWW\weixiaotong2016\application\Teacher\Controller\TeacherUtilsController.class.php 第 42 行.
SQL: SELECT class.id,class.classname FROM wxt_school_class class WHERE class.schoolid = '7' AND class.grade = '0'  [ RunTime:0.0000s ]

[ 2018-08-29T16:06:08+08:00 ] 127.0.0.1 /weixiaotong2016/index.php/Teacher/StudentInfo/index/menuid/317
NOTIC: D方法实例化没找到模型类Common\Model\SchoolModel
NOTIC: D方法实例化没找到模型类Common\Model\SchoolClassModel
NOTIC: D方法实例化没找到模型类Common\Model\ClassRelationshipModel
NOTIC: D方法实例化没找到模型类Common\Model\AppellationModel
NOTIC: D方法实例化没找到模型类Common\Model\WxtuserModel
NOTIC: D方法实例化没找到模型类Common\Model\RelationStuUserModel

[ 2018-08-29T16:06:08+08:00 ] 127.0.0.1 /weixiaotong2016/index.php?g=Teacher&m=TeacherUtils&a=get_class&grade=0
INFO: [ app_begin ] --START--
INFO: Run Behavior\ReadHtmlCacheBehavior [ RunTime:0.001000s ]
INFO: Run Behavior\CheckLangBehavior [ RunTime:0.006000s ]
INFO: [ app_begin ] --END-- [ RunTime:0.007000s ]
SQL: SHOW COLUMNS FROM `wxt_school_class` [ RunTime:0.0080s ]
NOTIC: [8] Undefined variable: join D:\phpStudy\WWW\weixiaotong2016\application\Teacher\Controller\TeacherUtilsController.class.php 第 42 行.
SQL: SELECT class.id,class.classname FROM wxt_school_class class WHERE class.schoolid = '7' AND class.grade = '0'  [ RunTime:0.0000s ]

[ 2018-08-29T16:06:54+08:00 ] 127.0.0.1 /weixiaotong2016/index.php/Teacher/StudentInfo/index/menuid/317
NOTIC: D方法实例化没找到模型类Common\Model\SchoolModel
NOTIC: D方法实例化没找到模型类Common\Model\SchoolClassModel
NOTIC: D方法实例化没找到模型类Common\Model\ClassRelationshipModel
NOTIC: D方法实例化没找到模型类Common\Model\AppellationModel
NOTIC: D方法实例化没找到模型类Common\Model\WxtuserModel
NOTIC: D方法实例化没找到模型类Common\Model\RelationStuUserModel

[ 2018-08-29T16:06:55+08:00 ] 127.0.0.1 /weixiaotong2016/index.php?g=Teacher&m=TeacherUtils&a=get_class&grade=0
INFO: [ app_begin ] --START--
INFO: Run Behavior\ReadHtmlCacheBehavior [ RunTime:0.000000s ]
INFO: Run Behavior\CheckLangBehavior [ RunTime:0.002000s ]
INFO: [ app_begin ] --END-- [ RunTime:0.004000s ]
SQL: SHOW COLUMNS FROM `wxt_school_class` [ RunTime:0.0070s ]
NOTIC: [8] Undefined variable: join D:\phpStudy\WWW\weixiaotong2016\application\Teacher\Controller\TeacherUtilsController.class.php 第 42 行.
SQL: SELECT class.id,class.classname FROM wxt_school_class class WHERE class.schoolid = '7' AND class.grade = '0'  [ RunTime:0.0010s ]

[ 2018-08-29T16:07:17+08:00 ] 127.0.0.1 /weixiaotong2016/index.php/Teacher/StudentInfo/index/menuid/317
NOTIC: D方法实例化没找到模型类Common\Model\SchoolModel
NOTIC: D方法实例化没找到模型类Common\Model\SchoolClassModel
NOTIC: D方法实例化没找到模型类Common\Model\ClassRelationshipModel
NOTIC: D方法实例化没找到模型类Common\Model\AppellationModel
NOTIC: D方法实例化没找到模型类Common\Model\WxtuserModel
NOTIC: D方法实例化没找到模型类Common\Model\RelationStuUserModel

[ 2018-08-29T16:07:17+08:00 ] 127.0.0.1 /weixiaotong2016/index.php?g=Teacher&m=TeacherUtils&a=get_class&grade=0
INFO: [ app_begin ] --START--
INFO: Run Behavior\ReadHtmlCacheBehavior [ RunTime:0.001000s ]
INFO: Run Behavior\CheckLangBehavior [ RunTime:0.003000s ]
INFO: [ app_begin ] --END-- [ RunTime:0.005000s ]
SQL: SHOW COLUMNS FROM `wxt_school_class` [ RunTime:0.0070s ]
NOTIC: [8] Undefined variable: join D:\phpStudy\WWW\weixiaotong2016\application\Teacher\Controller\TeacherUtilsController.class.php 第 42 行.
SQL: SELECT class.id,class.classname FROM wxt_school_class class WHERE class.schoolid = '7' AND class.grade = '0'  [ RunTime:0.0010s ]

[ 2018-08-29T16:07:33+08:00 ] 127.0.0.1 /weixiaotong2016/index.php/Teacher/StudentInfo/index/menuid/317
NOTIC: D方法实例化没找到模型类Common\Model\SchoolModel
NOTIC: D方法实例化没找到模型类Common\Model\SchoolClassModel
NOTIC: D方法实例化没找到模型类Common\Model\ClassRelationshipModel
NOTIC: D方法实例化没找到模型类Common\Model\AppellationModel
NOTIC: D方法实例化没找到模型类Common\Model\WxtuserModel
NOTIC: D方法实例化没找到模型类Common\Model\RelationStuUserModel

[ 2018-08-29T16:07:33+08:00 ] 127.0.0.1 /weixiaotong2016/index.php?g=Teacher&m=TeacherUtils&a=get_class&grade=0
INFO: [ app_begin ] --START--
INFO: Run Behavior\ReadHtmlCacheBehavior [ RunTime:0.001000s ]
INFO: Run Behavior\CheckLangBehavior [ RunTime:0.003000s ]
INFO: [ app_begin ] --END-- [ RunTime:0.004000s ]
SQL: SHOW COLUMNS FROM `wxt_school_class` [ RunTime:0.0070s ]
NOTIC: [8] Undefined variable: join D:\phpStudy\WWW\weixiaotong2016\application\Teacher\Controller\TeacherUtilsController.class.php 第 42 行.
SQL: SELECT class.id,class.classname FROM wxt_school_class class WHERE class.schoolid = '7' AND class.grade = '0'  [ RunTime:0.0010s ]

[ 2018-08-29T16:09:17+08:00 ] 127.0.0.1 /weixiaotong2016/index.php/Teacher/StudentInfo/index/menuid/317
NOTIC: D方法实例化没找到模型类Common\Model\SchoolModel
NOTIC: D方法实例化没找到模型类Common\Model\SchoolClassModel
NOTIC: D方法实例化没找到模型类Common\Model\ClassRelationshipModel
NOTIC: D方法实例化没找到模型类Common\Model\AppellationModel
NOTIC: D方法实例化没找到模型类Common\Model\WxtuserModel
NOTIC: D方法实例化没找到模型类Common\Model\RelationStuUserModel

[ 2018-08-29T16:09:17+08:00 ] 127.0.0.1 /weixiaotong2016/index.php?g=Teacher&m=TeacherUtils&a=get_class&grade=0
INFO: [ app_begin ] --START--
INFO: Run Behavior\ReadHtmlCacheBehavior [ RunTime:0.001000s ]
INFO: Run Behavior\CheckLangBehavior [ RunTime:0.002000s ]
INFO: [ app_begin ] --END-- [ RunTime:0.003000s ]
SQL: SHOW COLUMNS FROM `wxt_school_class` [ RunTime:0.0040s ]
NOTIC: [8] Undefined variable: join D:\phpStudy\WWW\weixiaotong2016\application\Teacher\Controller\TeacherUtilsController.class.php 第 42 行.
SQL: SELECT class.id,class.classname FROM wxt_school_class class WHERE class.schoolid = '7' AND class.grade = '0'  [ RunTime:0.0010s ]

[ 2018-08-29T16:10:32+08:00 ] 127.0.0.1 /weixiaotong2016/index.php/Teacher/StudentInfo/index/menuid/317
NOTIC: D方法实例化没找到模型类Common\Model\SchoolModel
NOTIC: D方法实例化没找到模型类Common\Model\SchoolClassModel
NOTIC: D方法实例化没找到模型类Common\Model\ClassRelationshipModel
NOTIC: D方法实例化没找到模型类Common\Model\AppellationModel
NOTIC: D方法实例化没找到模型类Common\Model\WxtuserModel
NOTIC: D方法实例化没找到模型类Common\Model\RelationStuUserModel

[ 2018-08-29T16:10:32+08:00 ] 127.0.0.1 /weixiaotong2016/index.php?g=Teacher&m=TeacherUtils&a=get_class&grade=0
INFO: [ app_begin ] --START--
INFO: Run Behavior\ReadHtmlCacheBehavior [ RunTime:0.001000s ]
INFO: Run Behavior\CheckLangBehavior [ RunTime:0.002000s ]
INFO: [ app_begin ] --END-- [ RunTime:0.003000s ]
SQL: SHOW COLUMNS FROM `wxt_school_class` [ RunTime:0.0090s ]
NOTIC: [8] Undefined variable: join D:\phpStudy\WWW\weixiaotong2016\application\Teacher\Controller\TeacherUtilsController.class.php 第 42 行.
SQL: SELECT class.id,class.classname FROM wxt_school_class class WHERE class.schoolid = '7' AND class.grade = '0'  [ RunTime:0.0000s ]

[ 2018-08-29T16:11:01+08:00 ] 127.0.0.1 /weixiaotong2016/index.php/Teacher/StudentInfo/index/menuid/317
NOTIC: D方法实例化没找到模型类Common\Model\SchoolModel
NOTIC: D方法实例化没找到模型类Common\Model\SchoolClassModel
NOTIC: D方法实例化没找到模型类Common\Model\ClassRelationshipModel
NOTIC: D方法实例化没找到模型类Common\Model\AppellationModel
NOTIC: D方法实例化没找到模型类Common\Model\WxtuserModel
NOTIC: D方法实例化没找到模型类Common\Model\RelationStuUserModel

[ 2018-08-29T16:11:01+08:00 ] 127.0.0.1 /weixiaotong2016/index.php?g=Teacher&m=TeacherUtils&a=get_class&grade=0
INFO: [ app_begin ] --START--
INFO: Run Behavior\ReadHtmlCacheBehavior [ RunTime:0.001000s ]
INFO: Run Behavior\CheckLangBehavior [ RunTime:0.002000s ]
INFO: [ app_begin ] --END-- [ RunTime:0.004000s ]
SQL: SHOW COLUMNS FROM `wxt_school_class` [ RunTime:0.0050s ]
NOTIC: [8] Undefined variable: join D:\phpStudy\WWW\weixiaotong2016\application\Teacher\Controller\TeacherUtilsController.class.php 第 42 行.
SQL: SELECT class.id,class.classname FROM wxt_school_class class WHERE class.schoolid = '7' AND class.grade = '0'  [ RunTime:0.0000s ]

[ 2018-08-29T16:11:48+08:00 ] 127.0.0.1 /weixiaotong2016/index.php/Teacher/StudentInfo/index/menuid/317
NOTIC: D方法实例化没找到模型类Common\Model\SchoolModel
NOTIC: D方法实例化没找到模型类Common\Model\SchoolClassModel
NOTIC: D方法实例化没找到模型类Common\Model\ClassRelationshipModel
NOTIC: D方法实例化没找到模型类Common\Model\AppellationModel
NOTIC: D方法实例化没找到模型类Common\Model\WxtuserModel
NOTIC: D方法实例化没找到模型类Common\Model\RelationStuUserModel

[ 2018-08-29T16:11:49+08:00 ] 127.0.0.1 /weixiaotong2016/index.php?g=Teacher&m=TeacherUtils&a=get_class&grade=0
INFO: [ app_begin ] --START--
INFO: Run Behavior\ReadHtmlCacheBehavior [ RunTime:0.001000s ]
INFO: Run Behavior\CheckLangBehavior [ RunTime:0.002000s ]
INFO: [ app_begin ] --END-- [ RunTime:0.003000s ]
SQL: SHOW COLUMNS FROM `wxt_school_class` [ RunTime:0.0040s ]
NOTIC: [8] Undefined variable: join D:\phpStudy\WWW\weixiaotong2016\application\Teacher\Controller\TeacherUtilsController.class.php 第 42 行.
SQL: SELECT class.id,class.classname FROM wxt_school_class class WHERE class.schoolid = '7' AND class.grade = '0'  [ RunTime:0.0000s ]

[ 2018-08-29T16:12:11+08:00 ] 127.0.0.1 /weixiaotong2016/index.php/Teacher/StudentInfo/index/menuid/317
NOTIC: D方法实例化没找到模型类Common\Model\SchoolModel
NOTIC: D方法实例化没找到模型类Common\Model\SchoolClassModel
NOTIC: D方法实例化没找到模型类Common\Model\ClassRelationshipModel
NOTIC: D方法实例化没找到模型类Common\Model\AppellationModel
NOTIC: D方法实例化没找到模型类Common\Model\WxtuserModel
NOTIC: D方法实例化没找到模型类Common\Model\RelationStuUserModel

[ 2018-08-29T16:12:12+08:00 ] 127.0.0.1 /weixiaotong2016/index.php?g=Teacher&m=TeacherUtils&a=get_class&grade=0
INFO: [ app_begin ] --START--
INFO: Run Behavior\ReadHtmlCacheBehavior [ RunTime:0.001000s ]
INFO: Run Behavior\CheckLangBehavior [ RunTime:0.002001s ]
INFO: [ app_begin ] --END-- [ RunTime:0.004001s ]
SQL: SHOW COLUMNS FROM `wxt_school_class` [ RunTime:0.0050s ]
NOTIC: [8] Undefined variable: join D:\phpStudy\WWW\weixiaotong2016\application\Teacher\Controller\TeacherUtilsController.class.php 第 42 行.
SQL: SELECT class.id,class.classname FROM wxt_school_class class WHERE class.schoolid = '7' AND class.grade = '0'  [ RunTime:0.0000s ]

[ 2018-08-29T16:20:04+08:00 ] 127.0.0.1 /weixiaotong2016/index.php/Teacher/StudentInfo/index/menuid/317
NOTIC: D方法实例化没找到模型类Common\Model\SchoolModel
NOTIC: D方法实例化没找到模型类Common\Model\SchoolClassModel
NOTIC: D方法实例化没找到模型类Common\Model\ClassRelationshipModel
NOTIC: D方法实例化没找到模型类Common\Model\AppellationModel
NOTIC: D方法实例化没找到模型类Common\Model\WxtuserModel
NOTIC: D方法实例化没找到模型类Common\Model\RelationStuUserModel

[ 2018-08-29T16:20:05+08:00 ] 127.0.0.1 /weixiaotong2016/index.php?g=Teacher&m=TeacherUtils&a=get_class&grade=0
INFO: [ app_begin ] --START--
INFO: Run Behavior\ReadHtmlCacheBehavior [ RunTime:0.001000s ]
INFO: Run Behavior\CheckLangBehavior [ RunTime:0.002001s ]
INFO: [ app_begin ] --END-- [ RunTime:0.003001s ]
SQL: SHOW COLUMNS FROM `wxt_school_class` [ RunTime:0.0040s ]
NOTIC: [8] Undefined variable: join D:\phpStudy\WWW\weixiaotong2016\application\Teacher\Controller\TeacherUtilsController.class.php 第 42 行.
SQL: SELECT class.id,class.classname FROM wxt_school_class class WHERE class.schoolid = '7' AND class.grade = '0'  [ RunTime:0.0000s ]

[ 2018-08-29T16:20:57+08:00 ] 127.0.0.1 /weixiaotong2016/index.php/Teacher/StudentInfo/index/menuid/317
NOTIC: D方法实例化没找到模型类Common\Model\SchoolModel
NOTIC: D方法实例化没找到模型类Common\Model\SchoolClassModel
NOTIC: D方法实例化没找到模型类Common\Model\ClassRelationshipModel
NOTIC: D方法实例化没找到模型类Common\Model\AppellationModel
NOTIC: D方法实例化没找到模型类Common\Model\WxtuserModel
NOTIC: D方法实例化没找到模型类Common\Model\RelationStuUserModel

[ 2018-08-29T16:20:58+08:00 ] 127.0.0.1 /weixiaotong2016/index.php?g=Teacher&m=TeacherUtils&a=get_class&grade=0
INFO: [ app_begin ] --START--
INFO: Run Behavior\ReadHtmlCacheBehavior [ RunTime:0.001000s ]
INFO: Run Behavior\CheckLangBehavior [ RunTime:0.002000s ]
INFO: [ app_begin ] --END-- [ RunTime:0.003000s ]
SQL: SHOW COLUMNS FROM `wxt_school_class` [ RunTime:0.0070s ]
NOTIC: [8] Undefined variable: join D:\phpStudy\WWW\weixiaotong2016\application\Teacher\Controller\TeacherUtilsController.class.php 第 42 行.
SQL: SELECT class.id,class.classname FROM wxt_school_class class WHERE class.schoolid = '7' AND class.grade = '0'  [ RunTime:0.0010s ]

[ 2018-08-29T16:24:53+08:00 ] 127.0.0.1 /weixiaotong2016/index.php/Teacher/Illegality/index/menuid/401
NOTIC: D方法实例化没找到模型类Common\Model\IllegalityModel
NOTIC: D方法实例化没找到模型类Common\Model\IllegalityStudentModel
NOTIC: D方法实例化没找到模型类Common\Model\IllegalityTypeDetailModel
NOTIC: D方法实例化没找到模型类Common\Model\IllegalityTypeModel
NOTIC: D方法实例化没找到模型类Common\Model\EducationTypeModel

[ 2018-08-29T16:24:53+08:00 ] 127.0.0.1 /weixiaotong2016/index.php?g=teacher&m=TeacherUtils&a=get_class&grade=0
INFO: [ app_begin ] --START--
INFO: Run Behavior\ReadHtmlCacheBehavior [ RunTime:0.001000s ]
INFO: Run Behavior\CheckLangBehavior [ RunTime:0.002001s ]
INFO: [ app_begin ] --END-- [ RunTime:0.004001s ]
SQL: SHOW COLUMNS FROM `wxt_school_class` [ RunTime:0.0040s ]
NOTIC: [8] Undefined variable: join D:\phpStudy\WWW\weixiaotong2016\application\Teacher\Controller\TeacherUtilsController.class.php 第 42 行.
SQL: SELECT class.id,class.classname FROM wxt_school_class class WHERE class.schoolid = '7' AND class.grade = '0'  [ RunTime:0.0000s ]

[ 2018-08-29T16:25:00+08:00 ] 127.0.0.1 /weixiaotong2016/index.php/Teacher/Illegality/index/menuid/401
NOTIC: D方法实例化没找到模型类Common\Model\IllegalityModel
NOTIC: D方法实例化没找到模型类Common\Model\IllegalityStudentModel
NOTIC: D方法实例化没找到模型类Common\Model\IllegalityTypeDetailModel
NOTIC: D方法实例化没找到模型类Common\Model\IllegalityTypeModel
NOTIC: D方法实例化没找到模型类Common\Model\EducationTypeModel

[ 2018-08-29T16:25:00+08:00 ] 127.0.0.1 /weixiaotong2016/index.php?g=teacher&m=TeacherUtils&a=get_class&grade=0
INFO: [ app_begin ] --START--
INFO: Run Behavior\ReadHtmlCacheBehavior [ RunTime:0.001000s ]
INFO: Run Behavior\CheckLangBehavior [ RunTime:0.002001s ]
INFO: [ app_begin ] --END-- [ RunTime:0.003001s ]
SQL: SHOW COLUMNS FROM `wxt_school_class` [ RunTime:0.0070s ]
NOTIC: [8] Undefined variable: join D:\phpStudy\WWW\weixiaotong2016\application\Teacher\Controller\TeacherUtilsController.class.php 第 42 行.
SQL: SELECT class.id,class.classname FROM wxt_school_class class WHERE class.schoolid = '7' AND class.grade = '0'  [ RunTime:0.0000s ]

