[ 2018-09-10T08:32:18+08:00 ] 127.0.0.1 /weixiaotong2016/index.php?g=Teacher&a=index
ERR: SQLSTATE[42000]: Syntax error or access violation: 1064 You have an error in your SQL syntax; check the manual that corresponds to your MySQL server version for the right syntax to use near ') LIMIT 1' at line 1

[ 2018-09-10T08:40:02+08:00 ] 127.0.0.1 /weixiaotong2016/index.php/Teacher/Main/index
NOTIC: D方法实例化没找到模型类Common\Model\WxtuserModel
NOTIC: D方法实例化没找到模型类Common\Model\ScheduleModel
NOTIC: D方法实例化没找到模型类Common\Model\EntrustModel
NOTIC: D方法实例化没找到模型类Common\Model\NoticeModel
NOTIC: D方法实例化没找到模型类Common\Model\UserMessageModel
NOTIC: D方法实例化没找到模型类Common\Model\ActivityModel
NOTIC: D方法实例化没找到模型类Common\Model\MicroblogMainModel
NOTIC: D方法实例化没找到模型类Common\Model\SchoolCoursewareModel

[ 2018-09-10T08:40:03+08:00 ] 127.0.0.1 /weixiaotong2016/index.php/Teacher/Main/js/datetime.js
NOTIC: D方法实例化没找到模型类Common\Model\WxtuserModel
NOTIC: D方法实例化没找到模型类Common\Model\ScheduleModel
NOTIC: D方法实例化没找到模型类Common\Model\EntrustModel
NOTIC: D方法实例化没找到模型类Common\Model\NoticeModel
NOTIC: D方法实例化没找到模型类Common\Model\UserMessageModel
NOTIC: D方法实例化没找到模型类Common\Model\ActivityModel
NOTIC: D方法实例化没找到模型类Common\Model\MicroblogMainModel
NOTIC: D方法实例化没找到模型类Common\Model\SchoolCoursewareModel

[ 2018-09-10T08:40:03+08:00 ] 127.0.0.1 /weixiaotong2016/index.php/Teacher/Main/js/fileinput_locale_zh.js
NOTIC: D方法实例化没找到模型类Common\Model\WxtuserModel
NOTIC: D方法实例化没找到模型类Common\Model\ScheduleModel
NOTIC: D方法实例化没找到模型类Common\Model\EntrustModel
NOTIC: D方法实例化没找到模型类Common\Model\NoticeModel
NOTIC: D方法实例化没找到模型类Common\Model\UserMessageModel
NOTIC: D方法实例化没找到模型类Common\Model\ActivityModel
NOTIC: D方法实例化没找到模型类Common\Model\MicroblogMainModel
NOTIC: D方法实例化没找到模型类Common\Model\SchoolCoursewareModel

[ 2018-09-10T08:40:03+08:00 ] 127.0.0.1 /weixiaotong2016/index.php/Teacher/Main/js/fileinput.js
NOTIC: D方法实例化没找到模型类Common\Model\WxtuserModel
NOTIC: D方法实例化没找到模型类Common\Model\ScheduleModel
NOTIC: D方法实例化没找到模型类Common\Model\EntrustModel
NOTIC: D方法实例化没找到模型类Common\Model\NoticeModel
NOTIC: D方法实例化没找到模型类Common\Model\UserMessageModel
NOTIC: D方法实例化没找到模型类Common\Model\ActivityModel
NOTIC: D方法实例化没找到模型类Common\Model\MicroblogMainModel
NOTIC: D方法实例化没找到模型类Common\Model\SchoolCoursewareModel

