[ 2018-08-30T09:12:25+08:00 ] 127.0.0.1 /weixiaotong2016/index.php/Teacher/Main/index
NOTIC: D方法实例化没找到模型类Common\Model\WxtuserModel
NOTIC: D方法实例化没找到模型类Common\Model\ScheduleModel
NOTIC: D方法实例化没找到模型类Common\Model\EntrustModel
NOTIC: D方法实例化没找到模型类Common\Model\NoticeModel
NOTIC: D方法实例化没找到模型类Common\Model\UserMessageModel
NOTIC: D方法实例化没找到模型类Common\Model\ActivityModel
NOTIC: D方法实例化没找到模型类Common\Model\MicroblogMainModel
NOTIC: D方法实例化没找到模型类Common\Model\SchoolCoursewareModel

[ 2018-08-30T09:12:25+08:00 ] 127.0.0.1 /weixiaotong2016/index.php/Teacher/Main/js/datetime.js
NOTIC: D方法实例化没找到模型类Common\Model\WxtuserModel
NOTIC: D方法实例化没找到模型类Common\Model\ScheduleModel
NOTIC: D方法实例化没找到模型类Common\Model\EntrustModel
NOTIC: D方法实例化没找到模型类Common\Model\NoticeModel
NOTIC: D方法实例化没找到模型类Common\Model\UserMessageModel
NOTIC: D方法实例化没找到模型类Common\Model\ActivityModel
NOTIC: D方法实例化没找到模型类Common\Model\MicroblogMainModel
NOTIC: D方法实例化没找到模型类Common\Model\SchoolCoursewareModel

[ 2018-08-30T09:12:25+08:00 ] 127.0.0.1 /weixiaotong2016/index.php/Teacher/Main/js/fileinput.js
NOTIC: D方法实例化没找到模型类Common\Model\WxtuserModel
NOTIC: D方法实例化没找到模型类Common\Model\ScheduleModel
NOTIC: D方法实例化没找到模型类Common\Model\EntrustModel
NOTIC: D方法实例化没找到模型类Common\Model\NoticeModel
NOTIC: D方法实例化没找到模型类Common\Model\UserMessageModel
NOTIC: D方法实例化没找到模型类Common\Model\ActivityModel
NOTIC: D方法实例化没找到模型类Common\Model\MicroblogMainModel
NOTIC: D方法实例化没找到模型类Common\Model\SchoolCoursewareModel

[ 2018-08-30T09:12:25+08:00 ] 127.0.0.1 /weixiaotong2016/index.php/Teacher/Main/js/fileinput_locale_zh.js
NOTIC: D方法实例化没找到模型类Common\Model\WxtuserModel
NOTIC: D方法实例化没找到模型类Common\Model\ScheduleModel
NOTIC: D方法实例化没找到模型类Common\Model\EntrustModel
NOTIC: D方法实例化没找到模型类Common\Model\NoticeModel
NOTIC: D方法实例化没找到模型类Common\Model\UserMessageModel
NOTIC: D方法实例化没找到模型类Common\Model\ActivityModel
NOTIC: D方法实例化没找到模型类Common\Model\MicroblogMainModel
NOTIC: D方法实例化没找到模型类Common\Model\SchoolCoursewareModel

[ 2018-08-30T11:01:43+08:00 ] 127.0.0.1 /weixiaotong2016/index.php/Teacher/Illegality/index/menuid/401
NOTIC: D方法实例化没找到模型类Common\Model\IllegalityModel
NOTIC: D方法实例化没找到模型类Common\Model\IllegalityStudentModel
NOTIC: D方法实例化没找到模型类Common\Model\IllegalityTypeDetailModel
NOTIC: D方法实例化没找到模型类Common\Model\IllegalityTypeModel
NOTIC: D方法实例化没找到模型类Common\Model\EducationTypeModel

[ 2018-08-30T11:01:43+08:00 ] 127.0.0.1 /weixiaotong2016/index.php?g=teacher&m=TeacherUtils&a=get_class&grade=0
INFO: [ app_begin ] --START--
INFO: Run Behavior\ReadHtmlCacheBehavior [ RunTime:0.001000s ]
INFO: Run Behavior\CheckLangBehavior [ RunTime:0.001000s ]
INFO: [ app_begin ] --END-- [ RunTime:0.002000s ]
SQL: SHOW COLUMNS FROM `wxt_school_class` [ RunTime:0.0120s ]
NOTIC: [8] Undefined variable: join D:\phpStudy\WWW\weixiaotong2016\application\Teacher\Controller\TeacherUtilsController.class.php 第 42 行.
SQL: SELECT class.id,class.classname FROM wxt_school_class class WHERE class.schoolid = '7' AND class.grade = '0'  [ RunTime:0.0000s ]

[ 2018-08-30T11:04:25+08:00 ] 127.0.0.1 /weixiaotong2016/index.php/Teacher/Illegality/index/menuid/401
NOTIC: D方法实例化没找到模型类Common\Model\IllegalityModel
NOTIC: D方法实例化没找到模型类Common\Model\IllegalityStudentModel
NOTIC: D方法实例化没找到模型类Common\Model\IllegalityTypeDetailModel
NOTIC: D方法实例化没找到模型类Common\Model\IllegalityTypeModel
NOTIC: D方法实例化没找到模型类Common\Model\EducationTypeModel

[ 2018-08-30T11:04:25+08:00 ] 127.0.0.1 /weixiaotong2016/index.php?g=teacher&m=TeacherUtils&a=get_class&grade=0
INFO: [ app_begin ] --START--
INFO: Run Behavior\ReadHtmlCacheBehavior [ RunTime:0.001000s ]
INFO: Run Behavior\CheckLangBehavior [ RunTime:0.002000s ]
INFO: [ app_begin ] --END-- [ RunTime:0.004000s ]
SQL: SHOW COLUMNS FROM `wxt_school_class` [ RunTime:0.0070s ]
NOTIC: [8] Undefined variable: join D:\phpStudy\WWW\weixiaotong2016\application\Teacher\Controller\TeacherUtilsController.class.php 第 42 行.
SQL: SELECT class.id,class.classname FROM wxt_school_class class WHERE class.schoolid = '7' AND class.grade = '0'  [ RunTime:0.0000s ]

[ 2018-08-30T11:04:50+08:00 ] 127.0.0.1 /weixiaotong2016/index.php/Teacher/Illegality/index/menuid/401
NOTIC: D方法实例化没找到模型类Common\Model\IllegalityModel
NOTIC: D方法实例化没找到模型类Common\Model\IllegalityStudentModel
NOTIC: D方法实例化没找到模型类Common\Model\IllegalityTypeDetailModel
NOTIC: D方法实例化没找到模型类Common\Model\IllegalityTypeModel
NOTIC: D方法实例化没找到模型类Common\Model\EducationTypeModel

[ 2018-08-30T11:04:50+08:00 ] 127.0.0.1 /weixiaotong2016/index.php?g=teacher&m=TeacherUtils&a=get_class&grade=0
INFO: [ app_begin ] --START--
INFO: Run Behavior\ReadHtmlCacheBehavior [ RunTime:0.001000s ]
INFO: Run Behavior\CheckLangBehavior [ RunTime:0.002000s ]
INFO: [ app_begin ] --END-- [ RunTime:0.003000s ]
SQL: SHOW COLUMNS FROM `wxt_school_class` [ RunTime:0.0080s ]
NOTIC: [8] Undefined variable: join D:\phpStudy\WWW\weixiaotong2016\application\Teacher\Controller\TeacherUtilsController.class.php 第 42 行.
SQL: SELECT class.id,class.classname FROM wxt_school_class class WHERE class.schoolid = '7' AND class.grade = '0'  [ RunTime:0.0010s ]

[ 2018-08-30T11:15:01+08:00 ] 127.0.0.1 /weixiaotong2016/index.php/Teacher/Illegality/index/menuid/401
NOTIC: D方法实例化没找到模型类Common\Model\IllegalityModel
NOTIC: D方法实例化没找到模型类Common\Model\IllegalityStudentModel
NOTIC: D方法实例化没找到模型类Common\Model\IllegalityTypeDetailModel
NOTIC: D方法实例化没找到模型类Common\Model\IllegalityTypeModel
NOTIC: D方法实例化没找到模型类Common\Model\EducationTypeModel

[ 2018-08-30T11:15:01+08:00 ] 127.0.0.1 /weixiaotong2016/index.php?g=teacher&m=TeacherUtils&a=get_class&grade=0
INFO: [ app_begin ] --START--
INFO: Run Behavior\ReadHtmlCacheBehavior [ RunTime:0.002000s ]
INFO: Run Behavior\CheckLangBehavior [ RunTime:0.002000s ]
INFO: [ app_begin ] --END-- [ RunTime:0.004000s ]
SQL: SHOW COLUMNS FROM `wxt_school_class` [ RunTime:0.0130s ]
NOTIC: [8] Undefined variable: join D:\phpStudy\WWW\weixiaotong2016\application\Teacher\Controller\TeacherUtilsController.class.php 第 42 行.
SQL: SELECT class.id,class.classname FROM wxt_school_class class WHERE class.schoolid = '7' AND class.grade = '0'  [ RunTime:0.0000s ]

[ 2018-08-30T11:19:09+08:00 ] 127.0.0.1 /weixiaotong2016/index.php/Teacher/Illegality/index/menuid/401
NOTIC: D方法实例化没找到模型类Common\Model\IllegalityModel
NOTIC: D方法实例化没找到模型类Common\Model\IllegalityStudentModel
NOTIC: D方法实例化没找到模型类Common\Model\IllegalityTypeDetailModel
NOTIC: D方法实例化没找到模型类Common\Model\IllegalityTypeModel
NOTIC: D方法实例化没找到模型类Common\Model\EducationTypeModel

[ 2018-08-30T11:19:09+08:00 ] 127.0.0.1 /weixiaotong2016/index.php?g=teacher&m=TeacherUtils&a=get_class&grade=0
INFO: [ app_begin ] --START--
INFO: Run Behavior\ReadHtmlCacheBehavior [ RunTime:0.001000s ]
INFO: Run Behavior\CheckLangBehavior [ RunTime:0.001001s ]
INFO: [ app_begin ] --END-- [ RunTime:0.003001s ]
SQL: SHOW COLUMNS FROM `wxt_school_class` [ RunTime:0.0120s ]
NOTIC: [8] Undefined variable: join D:\phpStudy\WWW\weixiaotong2016\application\Teacher\Controller\TeacherUtilsController.class.php 第 42 行.
SQL: SELECT class.id,class.classname FROM wxt_school_class class WHERE class.schoolid = '7' AND class.grade = '0'  [ RunTime:0.0000s ]

[ 2018-08-30T11:24:15+08:00 ] 127.0.0.1 /weixiaotong2016/index.php/Teacher/Illegality/index/menuid/401
NOTIC: D方法实例化没找到模型类Common\Model\IllegalityModel
NOTIC: D方法实例化没找到模型类Common\Model\IllegalityStudentModel
NOTIC: D方法实例化没找到模型类Common\Model\IllegalityTypeDetailModel
NOTIC: D方法实例化没找到模型类Common\Model\IllegalityTypeModel
NOTIC: D方法实例化没找到模型类Common\Model\EducationTypeModel

[ 2018-08-30T11:24:15+08:00 ] 127.0.0.1 /weixiaotong2016/index.php?g=teacher&m=TeacherUtils&a=get_class&grade=0
INFO: [ app_begin ] --START--
INFO: Run Behavior\ReadHtmlCacheBehavior [ RunTime:0.001000s ]
INFO: Run Behavior\CheckLangBehavior [ RunTime:0.001000s ]
INFO: [ app_begin ] --END-- [ RunTime:0.003000s ]
SQL: SHOW COLUMNS FROM `wxt_school_class` [ RunTime:0.0120s ]
NOTIC: [8] Undefined variable: join D:\phpStudy\WWW\weixiaotong2016\application\Teacher\Controller\TeacherUtilsController.class.php 第 42 行.
SQL: SELECT class.id,class.classname FROM wxt_school_class class WHERE class.schoolid = '7' AND class.grade = '0'  [ RunTime:0.0000s ]

[ 2018-08-30T11:27:03+08:00 ] 127.0.0.1 /weixiaotong2016/index.php/Teacher/Illegality/index/menuid/401
NOTIC: D方法实例化没找到模型类Common\Model\IllegalityModel
NOTIC: D方法实例化没找到模型类Common\Model\IllegalityStudentModel
NOTIC: D方法实例化没找到模型类Common\Model\IllegalityTypeDetailModel
NOTIC: D方法实例化没找到模型类Common\Model\IllegalityTypeModel
NOTIC: D方法实例化没找到模型类Common\Model\EducationTypeModel

[ 2018-08-30T11:27:03+08:00 ] 127.0.0.1 /weixiaotong2016/index.php?g=teacher&m=TeacherUtils&a=get_class&grade=0
INFO: [ app_begin ] --START--
INFO: Run Behavior\ReadHtmlCacheBehavior [ RunTime:0.001000s ]
INFO: Run Behavior\CheckLangBehavior [ RunTime:0.001000s ]
INFO: [ app_begin ] --END-- [ RunTime:0.003000s ]
SQL: SHOW COLUMNS FROM `wxt_school_class` [ RunTime:0.0130s ]
NOTIC: [8] Undefined variable: join D:\phpStudy\WWW\weixiaotong2016\application\Teacher\Controller\TeacherUtilsController.class.php 第 42 行.
SQL: SELECT class.id,class.classname FROM wxt_school_class class WHERE class.schoolid = '7' AND class.grade = '0'  [ RunTime:0.0000s ]

[ 2018-08-30T11:29:42+08:00 ] 127.0.0.1 /weixiaotong2016/index.php/Teacher/Illegality/index/menuid/401
NOTIC: D方法实例化没找到模型类Common\Model\IllegalityModel
NOTIC: D方法实例化没找到模型类Common\Model\IllegalityStudentModel
NOTIC: D方法实例化没找到模型类Common\Model\IllegalityTypeDetailModel
NOTIC: D方法实例化没找到模型类Common\Model\IllegalityTypeModel
NOTIC: D方法实例化没找到模型类Common\Model\EducationTypeModel

[ 2018-08-30T11:29:42+08:00 ] 127.0.0.1 /weixiaotong2016/index.php?g=teacher&m=TeacherUtils&a=get_class&grade=0
INFO: [ app_begin ] --START--
INFO: Run Behavior\ReadHtmlCacheBehavior [ RunTime:0.001000s ]
INFO: Run Behavior\CheckLangBehavior [ RunTime:0.003000s ]
INFO: [ app_begin ] --END-- [ RunTime:0.004000s ]
SQL: SHOW COLUMNS FROM `wxt_school_class` [ RunTime:0.0070s ]
NOTIC: [8] Undefined variable: join D:\phpStudy\WWW\weixiaotong2016\application\Teacher\Controller\TeacherUtilsController.class.php 第 42 行.
SQL: SELECT class.id,class.classname FROM wxt_school_class class WHERE class.schoolid = '7' AND class.grade = '0'  [ RunTime:0.0010s ]

[ 2018-08-30T15:05:05+08:00 ] 127.0.0.1 /weixiaotong2016/index.php/Teacher/Illegality/index/menuid/401
NOTIC: D方法实例化没找到模型类Common\Model\IllegalityModel
NOTIC: D方法实例化没找到模型类Common\Model\IllegalityStudentModel
NOTIC: D方法实例化没找到模型类Common\Model\IllegalityTypeDetailModel
NOTIC: D方法实例化没找到模型类Common\Model\IllegalityTypeModel
NOTIC: D方法实例化没找到模型类Common\Model\EducationTypeModel

[ 2018-08-30T15:05:05+08:00 ] 127.0.0.1 /weixiaotong2016/index.php?g=teacher&m=TeacherUtils&a=get_class&grade=0
INFO: [ app_begin ] --START--
INFO: Run Behavior\ReadHtmlCacheBehavior [ RunTime:0.001000s ]
INFO: Run Behavior\CheckLangBehavior [ RunTime:0.002000s ]
INFO: [ app_begin ] --END-- [ RunTime:0.004000s ]
SQL: SHOW COLUMNS FROM `wxt_school_class` [ RunTime:0.0070s ]
NOTIC: [8] Undefined variable: join D:\phpStudy\WWW\weixiaotong2016\application\Teacher\Controller\TeacherUtilsController.class.php 第 42 行.
SQL: SELECT class.id,class.classname FROM wxt_school_class class WHERE class.schoolid = '7' AND class.grade = '0'  [ RunTime:0.0000s ]

[ 2018-08-30T16:09:02+08:00 ] 127.0.0.1 /weixiaotong2016/index.php/Teacher/Illegality/index/menuid/401
NOTIC: D方法实例化没找到模型类Common\Model\IllegalityModel
NOTIC: D方法实例化没找到模型类Common\Model\IllegalityStudentModel
NOTIC: D方法实例化没找到模型类Common\Model\IllegalityTypeDetailModel
NOTIC: D方法实例化没找到模型类Common\Model\IllegalityTypeModel
NOTIC: D方法实例化没找到模型类Common\Model\EducationTypeModel

[ 2018-08-30T16:09:02+08:00 ] 127.0.0.1 /weixiaotong2016/index.php?g=teacher&m=TeacherUtils&a=get_class&grade=0
INFO: [ app_begin ] --START--
INFO: Run Behavior\ReadHtmlCacheBehavior [ RunTime:0.001000s ]
INFO: Run Behavior\CheckLangBehavior [ RunTime:0.002000s ]
INFO: [ app_begin ] --END-- [ RunTime:0.003000s ]
SQL: SHOW COLUMNS FROM `wxt_school_class` [ RunTime:0.0060s ]
NOTIC: [8] Undefined variable: join D:\phpStudy\WWW\weixiaotong2016\application\Teacher\Controller\TeacherUtilsController.class.php 第 42 行.
SQL: SELECT class.id,class.classname FROM wxt_school_class class WHERE class.schoolid = '7' AND class.grade = '0'  [ RunTime:0.0000s ]

[ 2018-08-30T16:14:14+08:00 ] 127.0.0.1 /weixiaotong2016/index.php/Teacher/Illegality/index/menuid/401
NOTIC: D方法实例化没找到模型类Common\Model\IllegalityModel
NOTIC: D方法实例化没找到模型类Common\Model\IllegalityStudentModel
NOTIC: D方法实例化没找到模型类Common\Model\IllegalityTypeDetailModel
NOTIC: D方法实例化没找到模型类Common\Model\IllegalityTypeModel
NOTIC: D方法实例化没找到模型类Common\Model\EducationTypeModel

[ 2018-08-30T16:14:37+08:00 ] 127.0.0.1 /weixiaotong2016/index.php/Teacher/Illegality/index/menuid/401
NOTIC: D方法实例化没找到模型类Common\Model\IllegalityModel
NOTIC: D方法实例化没找到模型类Common\Model\IllegalityStudentModel
NOTIC: D方法实例化没找到模型类Common\Model\IllegalityTypeDetailModel
NOTIC: D方法实例化没找到模型类Common\Model\IllegalityTypeModel
NOTIC: D方法实例化没找到模型类Common\Model\EducationTypeModel

[ 2018-08-30T16:14:45+08:00 ] 127.0.0.1 /weixiaotong2016/index.php/Teacher/Illegality/index/menuid/401
NOTIC: D方法实例化没找到模型类Common\Model\IllegalityModel
NOTIC: D方法实例化没找到模型类Common\Model\IllegalityStudentModel
NOTIC: D方法实例化没找到模型类Common\Model\IllegalityTypeDetailModel
NOTIC: D方法实例化没找到模型类Common\Model\IllegalityTypeModel
NOTIC: D方法实例化没找到模型类Common\Model\EducationTypeModel

[ 2018-08-30T16:14:46+08:00 ] 127.0.0.1 /weixiaotong2016/index.php/Teacher/Illegality/index/menuid/401
NOTIC: D方法实例化没找到模型类Common\Model\IllegalityModel
NOTIC: D方法实例化没找到模型类Common\Model\IllegalityStudentModel
NOTIC: D方法实例化没找到模型类Common\Model\IllegalityTypeDetailModel
NOTIC: D方法实例化没找到模型类Common\Model\IllegalityTypeModel
NOTIC: D方法实例化没找到模型类Common\Model\EducationTypeModel

[ 2018-08-30T16:14:55+08:00 ] 127.0.0.1 /weixiaotong2016/index.php/Teacher/Illegality/index/menuid/401
NOTIC: D方法实例化没找到模型类Common\Model\IllegalityModel
NOTIC: D方法实例化没找到模型类Common\Model\IllegalityStudentModel
NOTIC: D方法实例化没找到模型类Common\Model\IllegalityTypeDetailModel
NOTIC: D方法实例化没找到模型类Common\Model\IllegalityTypeModel
NOTIC: D方法实例化没找到模型类Common\Model\EducationTypeModel

[ 2018-08-30T16:14:56+08:00 ] 127.0.0.1 /weixiaotong2016/index.php?g=teacher&m=TeacherUtils&a=get_class&grade=0
INFO: [ app_begin ] --START--
INFO: Run Behavior\ReadHtmlCacheBehavior [ RunTime:0.001000s ]
INFO: Run Behavior\CheckLangBehavior [ RunTime:0.002000s ]
INFO: [ app_begin ] --END-- [ RunTime:0.004000s ]
SQL: SHOW COLUMNS FROM `wxt_school_class` [ RunTime:0.0060s ]
NOTIC: [8] Undefined variable: join D:\phpStudy\WWW\weixiaotong2016\application\Teacher\Controller\TeacherUtilsController.class.php 第 42 行.
SQL: SELECT class.id,class.classname FROM wxt_school_class class WHERE class.schoolid = '7' AND class.grade = '0'  [ RunTime:0.0010s ]

[ 2018-08-30T16:15:15+08:00 ] 127.0.0.1 /weixiaotong2016/index.php/Teacher/Illegality/index/menuid/401
NOTIC: D方法实例化没找到模型类Common\Model\IllegalityModel
NOTIC: D方法实例化没找到模型类Common\Model\IllegalityStudentModel
NOTIC: D方法实例化没找到模型类Common\Model\IllegalityTypeDetailModel
NOTIC: D方法实例化没找到模型类Common\Model\IllegalityTypeModel
NOTIC: D方法实例化没找到模型类Common\Model\EducationTypeModel

[ 2018-08-30T16:15:15+08:00 ] 127.0.0.1 /weixiaotong2016/index.php?g=teacher&m=TeacherUtils&a=get_class&grade=0
INFO: [ app_begin ] --START--
INFO: Run Behavior\ReadHtmlCacheBehavior [ RunTime:0.002000s ]
INFO: Run Behavior\CheckLangBehavior [ RunTime:0.002000s ]
INFO: [ app_begin ] --END-- [ RunTime:0.004000s ]
SQL: SHOW COLUMNS FROM `wxt_school_class` [ RunTime:0.0060s ]
NOTIC: [8] Undefined variable: join D:\phpStudy\WWW\weixiaotong2016\application\Teacher\Controller\TeacherUtilsController.class.php 第 42 行.
SQL: SELECT class.id,class.classname FROM wxt_school_class class WHERE class.schoolid = '7' AND class.grade = '0'  [ RunTime:0.0000s ]

[ 2018-08-30T16:15:23+08:00 ] 127.0.0.1 /weixiaotong2016/index.php/Teacher/Illegality/index/menuid/401
NOTIC: D方法实例化没找到模型类Common\Model\IllegalityModel
NOTIC: D方法实例化没找到模型类Common\Model\IllegalityStudentModel
NOTIC: D方法实例化没找到模型类Common\Model\IllegalityTypeDetailModel
NOTIC: D方法实例化没找到模型类Common\Model\IllegalityTypeModel
NOTIC: D方法实例化没找到模型类Common\Model\EducationTypeModel

[ 2018-08-30T16:15:23+08:00 ] 127.0.0.1 /weixiaotong2016/index.php?g=teacher&m=TeacherUtils&a=get_class&grade=0
INFO: [ app_begin ] --START--
INFO: Run Behavior\ReadHtmlCacheBehavior [ RunTime:0.001000s ]
INFO: Run Behavior\CheckLangBehavior [ RunTime:0.002000s ]
INFO: [ app_begin ] --END-- [ RunTime:0.003000s ]
SQL: SHOW COLUMNS FROM `wxt_school_class` [ RunTime:0.0060s ]
NOTIC: [8] Undefined variable: join D:\phpStudy\WWW\weixiaotong2016\application\Teacher\Controller\TeacherUtilsController.class.php 第 42 行.
SQL: SELECT class.id,class.classname FROM wxt_school_class class WHERE class.schoolid = '7' AND class.grade = '0'  [ RunTime:0.0000s ]

[ 2018-08-30T16:16:02+08:00 ] 127.0.0.1 /weixiaotong2016/index.php/Teacher/Illegality/index/menuid/401
NOTIC: D方法实例化没找到模型类Common\Model\IllegalityModel
NOTIC: D方法实例化没找到模型类Common\Model\IllegalityStudentModel
NOTIC: D方法实例化没找到模型类Common\Model\IllegalityTypeDetailModel
NOTIC: D方法实例化没找到模型类Common\Model\IllegalityTypeModel
NOTIC: D方法实例化没找到模型类Common\Model\EducationTypeModel

[ 2018-08-30T16:16:02+08:00 ] 127.0.0.1 /weixiaotong2016/index.php?g=teacher&m=TeacherUtils&a=get_class&grade=0
INFO: [ app_begin ] --START--
INFO: Run Behavior\ReadHtmlCacheBehavior [ RunTime:0.001000s ]
INFO: Run Behavior\CheckLangBehavior [ RunTime:0.002000s ]
INFO: [ app_begin ] --END-- [ RunTime:0.003000s ]
SQL: SHOW COLUMNS FROM `wxt_school_class` [ RunTime:0.0050s ]
NOTIC: [8] Undefined variable: join D:\phpStudy\WWW\weixiaotong2016\application\Teacher\Controller\TeacherUtilsController.class.php 第 42 行.
SQL: SELECT class.id,class.classname FROM wxt_school_class class WHERE class.schoolid = '7' AND class.grade = '0'  [ RunTime:0.0000s ]

[ 2018-08-30T16:16:24+08:00 ] 127.0.0.1 /weixiaotong2016/index.php/Teacher/Illegality/index/menuid/401
NOTIC: D方法实例化没找到模型类Common\Model\IllegalityModel
NOTIC: D方法实例化没找到模型类Common\Model\IllegalityStudentModel
NOTIC: D方法实例化没找到模型类Common\Model\IllegalityTypeDetailModel
NOTIC: D方法实例化没找到模型类Common\Model\IllegalityTypeModel
NOTIC: D方法实例化没找到模型类Common\Model\EducationTypeModel

[ 2018-08-30T16:16:24+08:00 ] 127.0.0.1 /weixiaotong2016/index.php?g=teacher&m=TeacherUtils&a=get_class&grade=0
INFO: [ app_begin ] --START--
INFO: Run Behavior\ReadHtmlCacheBehavior [ RunTime:0.000000s ]
INFO: Run Behavior\CheckLangBehavior [ RunTime:0.002000s ]
INFO: [ app_begin ] --END-- [ RunTime:0.004000s ]
SQL: SHOW COLUMNS FROM `wxt_school_class` [ RunTime:0.0060s ]
NOTIC: [8] Undefined variable: join D:\phpStudy\WWW\weixiaotong2016\application\Teacher\Controller\TeacherUtilsController.class.php 第 42 行.
SQL: SELECT class.id,class.classname FROM wxt_school_class class WHERE class.schoolid = '7' AND class.grade = '0'  [ RunTime:0.0010s ]

[ 2018-08-30T16:17:13+08:00 ] 127.0.0.1 /weixiaotong2016/index.php/Teacher/Illegality/index/menuid/401
NOTIC: D方法实例化没找到模型类Common\Model\IllegalityModel
NOTIC: D方法实例化没找到模型类Common\Model\IllegalityStudentModel
NOTIC: D方法实例化没找到模型类Common\Model\IllegalityTypeDetailModel
NOTIC: D方法实例化没找到模型类Common\Model\IllegalityTypeModel
NOTIC: D方法实例化没找到模型类Common\Model\EducationTypeModel

[ 2018-08-30T16:17:14+08:00 ] 127.0.0.1 /weixiaotong2016/index.php?g=teacher&m=TeacherUtils&a=get_class&grade=0
INFO: [ app_begin ] --START--
INFO: Run Behavior\ReadHtmlCacheBehavior [ RunTime:0.001000s ]
INFO: Run Behavior\CheckLangBehavior [ RunTime:0.001000s ]
INFO: [ app_begin ] --END-- [ RunTime:0.003000s ]
SQL: SHOW COLUMNS FROM `wxt_school_class` [ RunTime:0.0060s ]
NOTIC: [8] Undefined variable: join D:\phpStudy\WWW\weixiaotong2016\application\Teacher\Controller\TeacherUtilsController.class.php 第 42 行.
SQL: SELECT class.id,class.classname FROM wxt_school_class class WHERE class.schoolid = '7' AND class.grade = '0'  [ RunTime:0.0000s ]

[ 2018-08-30T16:17:22+08:00 ] 127.0.0.1 /weixiaotong2016/index.php/Teacher/Illegality/index/menuid/401
NOTIC: D方法实例化没找到模型类Common\Model\IllegalityModel
NOTIC: D方法实例化没找到模型类Common\Model\IllegalityStudentModel
NOTIC: D方法实例化没找到模型类Common\Model\IllegalityTypeDetailModel
NOTIC: D方法实例化没找到模型类Common\Model\IllegalityTypeModel
NOTIC: D方法实例化没找到模型类Common\Model\EducationTypeModel

[ 2018-08-30T16:17:23+08:00 ] 127.0.0.1 /weixiaotong2016/index.php?g=teacher&m=TeacherUtils&a=get_class&grade=0
INFO: [ app_begin ] --START--
INFO: Run Behavior\ReadHtmlCacheBehavior [ RunTime:0.001000s ]
INFO: Run Behavior\CheckLangBehavior [ RunTime:0.002000s ]
INFO: [ app_begin ] --END-- [ RunTime:0.003000s ]
SQL: SHOW COLUMNS FROM `wxt_school_class` [ RunTime:0.0060s ]
NOTIC: [8] Undefined variable: join D:\phpStudy\WWW\weixiaotong2016\application\Teacher\Controller\TeacherUtilsController.class.php 第 42 行.
SQL: SELECT class.id,class.classname FROM wxt_school_class class WHERE class.schoolid = '7' AND class.grade = '0'  [ RunTime:0.0000s ]

[ 2018-08-30T16:17:33+08:00 ] 127.0.0.1 /weixiaotong2016/index.php/Teacher/Illegality/index/menuid/401
NOTIC: D方法实例化没找到模型类Common\Model\IllegalityModel
NOTIC: D方法实例化没找到模型类Common\Model\IllegalityStudentModel
NOTIC: D方法实例化没找到模型类Common\Model\IllegalityTypeDetailModel
NOTIC: D方法实例化没找到模型类Common\Model\IllegalityTypeModel
NOTIC: D方法实例化没找到模型类Common\Model\EducationTypeModel

[ 2018-08-30T16:17:34+08:00 ] 127.0.0.1 /weixiaotong2016/index.php?g=teacher&m=TeacherUtils&a=get_class&grade=0
INFO: [ app_begin ] --START--
INFO: Run Behavior\ReadHtmlCacheBehavior [ RunTime:0.001000s ]
INFO: Run Behavior\CheckLangBehavior [ RunTime:0.001000s ]
INFO: [ app_begin ] --END-- [ RunTime:0.002000s ]
SQL: SHOW COLUMNS FROM `wxt_school_class` [ RunTime:0.0060s ]
NOTIC: [8] Undefined variable: join D:\phpStudy\WWW\weixiaotong2016\application\Teacher\Controller\TeacherUtilsController.class.php 第 42 行.
SQL: SELECT class.id,class.classname FROM wxt_school_class class WHERE class.schoolid = '7' AND class.grade = '0'  [ RunTime:0.0000s ]

[ 2018-08-30T16:20:35+08:00 ] 127.0.0.1 /weixiaotong2016/index.php/Teacher/Illegality/index/menuid/401
NOTIC: D方法实例化没找到模型类Common\Model\IllegalityModel
NOTIC: D方法实例化没找到模型类Common\Model\IllegalityStudentModel
NOTIC: D方法实例化没找到模型类Common\Model\IllegalityTypeDetailModel
NOTIC: D方法实例化没找到模型类Common\Model\IllegalityTypeModel
NOTIC: D方法实例化没找到模型类Common\Model\EducationTypeModel

[ 2018-08-30T16:20:35+08:00 ] 127.0.0.1 /weixiaotong2016/index.php?g=teacher&m=TeacherUtils&a=get_class&grade=0
INFO: [ app_begin ] --START--
INFO: Run Behavior\ReadHtmlCacheBehavior [ RunTime:0.001000s ]
INFO: Run Behavior\CheckLangBehavior [ RunTime:0.002000s ]
INFO: [ app_begin ] --END-- [ RunTime:0.003000s ]
SQL: SHOW COLUMNS FROM `wxt_school_class` [ RunTime:0.0060s ]
NOTIC: [8] Undefined variable: join D:\phpStudy\WWW\weixiaotong2016\application\Teacher\Controller\TeacherUtilsController.class.php 第 42 行.
SQL: SELECT class.id,class.classname FROM wxt_school_class class WHERE class.schoolid = '7' AND class.grade = '0'  [ RunTime:0.0010s ]

[ 2018-08-30T16:20:48+08:00 ] 127.0.0.1 /weixiaotong2016/index.php/Teacher/Illegality/index/menuid/401
NOTIC: D方法实例化没找到模型类Common\Model\IllegalityModel
NOTIC: D方法实例化没找到模型类Common\Model\IllegalityStudentModel
NOTIC: D方法实例化没找到模型类Common\Model\IllegalityTypeDetailModel
NOTIC: D方法实例化没找到模型类Common\Model\IllegalityTypeModel
NOTIC: D方法实例化没找到模型类Common\Model\EducationTypeModel

[ 2018-08-30T16:20:48+08:00 ] 127.0.0.1 /weixiaotong2016/index.php?g=teacher&m=TeacherUtils&a=get_class&grade=0
INFO: [ app_begin ] --START--
INFO: Run Behavior\ReadHtmlCacheBehavior [ RunTime:0.001000s ]
INFO: Run Behavior\CheckLangBehavior [ RunTime:0.002000s ]
INFO: [ app_begin ] --END-- [ RunTime:0.003000s ]
SQL: SHOW COLUMNS FROM `wxt_school_class` [ RunTime:0.0060s ]
NOTIC: [8] Undefined variable: join D:\phpStudy\WWW\weixiaotong2016\application\Teacher\Controller\TeacherUtilsController.class.php 第 42 行.
SQL: SELECT class.id,class.classname FROM wxt_school_class class WHERE class.schoolid = '7' AND class.grade = '0'  [ RunTime:0.0010s ]

[ 2018-08-30T16:22:44+08:00 ] 127.0.0.1 /weixiaotong2016/index.php/Teacher/Illegality/index/menuid/401
NOTIC: D方法实例化没找到模型类Common\Model\IllegalityModel
NOTIC: D方法实例化没找到模型类Common\Model\IllegalityStudentModel
NOTIC: D方法实例化没找到模型类Common\Model\IllegalityTypeDetailModel
NOTIC: D方法实例化没找到模型类Common\Model\IllegalityTypeModel
NOTIC: D方法实例化没找到模型类Common\Model\EducationTypeModel

[ 2018-08-30T16:22:44+08:00 ] 127.0.0.1 /weixiaotong2016/index.php?g=teacher&m=TeacherUtils&a=get_class&grade=0
INFO: [ app_begin ] --START--
INFO: Run Behavior\ReadHtmlCacheBehavior [ RunTime:0.001000s ]
INFO: Run Behavior\CheckLangBehavior [ RunTime:0.002000s ]
INFO: [ app_begin ] --END-- [ RunTime:0.003000s ]
SQL: SHOW COLUMNS FROM `wxt_school_class` [ RunTime:0.0060s ]
NOTIC: [8] Undefined variable: join D:\phpStudy\WWW\weixiaotong2016\application\Teacher\Controller\TeacherUtilsController.class.php 第 42 行.
SQL: SELECT class.id,class.classname FROM wxt_school_class class WHERE class.schoolid = '7' AND class.grade = '0'  [ RunTime:0.0000s ]

[ 2018-08-30T16:24:14+08:00 ] 127.0.0.1 /weixiaotong2016/index.php/Teacher/Illegality/index/menuid/401
NOTIC: D方法实例化没找到模型类Common\Model\IllegalityModel
NOTIC: D方法实例化没找到模型类Common\Model\IllegalityStudentModel
NOTIC: D方法实例化没找到模型类Common\Model\IllegalityTypeDetailModel
NOTIC: D方法实例化没找到模型类Common\Model\IllegalityTypeModel
NOTIC: D方法实例化没找到模型类Common\Model\EducationTypeModel

[ 2018-08-30T16:24:14+08:00 ] 127.0.0.1 /weixiaotong2016/index.php?g=teacher&m=TeacherUtils&a=get_class&grade=0
INFO: [ app_begin ] --START--
INFO: Run Behavior\ReadHtmlCacheBehavior [ RunTime:0.001000s ]
INFO: Run Behavior\CheckLangBehavior [ RunTime:0.002000s ]
INFO: [ app_begin ] --END-- [ RunTime:0.004001s ]
SQL: SHOW COLUMNS FROM `wxt_school_class` [ RunTime:0.0060s ]
NOTIC: [8] Undefined variable: join D:\phpStudy\WWW\weixiaotong2016\application\Teacher\Controller\TeacherUtilsController.class.php 第 42 行.
SQL: SELECT class.id,class.classname FROM wxt_school_class class WHERE class.schoolid = '7' AND class.grade = '0'  [ RunTime:0.0000s ]

[ 2018-08-30T16:24:44+08:00 ] 127.0.0.1 /weixiaotong2016/index.php/Teacher/Illegality/index/menuid/401
NOTIC: D方法实例化没找到模型类Common\Model\IllegalityModel
NOTIC: D方法实例化没找到模型类Common\Model\IllegalityStudentModel
NOTIC: D方法实例化没找到模型类Common\Model\IllegalityTypeDetailModel
NOTIC: D方法实例化没找到模型类Common\Model\IllegalityTypeModel
NOTIC: D方法实例化没找到模型类Common\Model\EducationTypeModel

[ 2018-08-30T16:24:44+08:00 ] 127.0.0.1 /weixiaotong2016/index.php?g=teacher&m=TeacherUtils&a=get_class&grade=0
INFO: [ app_begin ] --START--
INFO: Run Behavior\ReadHtmlCacheBehavior [ RunTime:0.001000s ]
INFO: Run Behavior\CheckLangBehavior [ RunTime:0.001000s ]
INFO: [ app_begin ] --END-- [ RunTime:0.003000s ]
SQL: SHOW COLUMNS FROM `wxt_school_class` [ RunTime:0.0060s ]
NOTIC: [8] Undefined variable: join D:\phpStudy\WWW\weixiaotong2016\application\Teacher\Controller\TeacherUtilsController.class.php 第 42 行.
SQL: SELECT class.id,class.classname FROM wxt_school_class class WHERE class.schoolid = '7' AND class.grade = '0'  [ RunTime:0.0010s ]

[ 2018-08-30T16:27:22+08:00 ] 127.0.0.1 /weixiaotong2016/index.php/Teacher/Illegality/index/menuid/401
NOTIC: D方法实例化没找到模型类Common\Model\IllegalityModel
NOTIC: D方法实例化没找到模型类Common\Model\IllegalityStudentModel
NOTIC: D方法实例化没找到模型类Common\Model\IllegalityTypeDetailModel
NOTIC: D方法实例化没找到模型类Common\Model\IllegalityTypeModel
NOTIC: D方法实例化没找到模型类Common\Model\EducationTypeModel

[ 2018-08-30T16:27:22+08:00 ] 127.0.0.1 /weixiaotong2016/index.php?g=teacher&m=TeacherUtils&a=get_class&grade=0
INFO: [ app_begin ] --START--
INFO: Run Behavior\ReadHtmlCacheBehavior [ RunTime:0.001000s ]
INFO: Run Behavior\CheckLangBehavior [ RunTime:0.003000s ]
INFO: [ app_begin ] --END-- [ RunTime:0.004000s ]
SQL: SHOW COLUMNS FROM `wxt_school_class` [ RunTime:0.0060s ]
NOTIC: [8] Undefined variable: join D:\phpStudy\WWW\weixiaotong2016\application\Teacher\Controller\TeacherUtilsController.class.php 第 42 行.
SQL: SELECT class.id,class.classname FROM wxt_school_class class WHERE class.schoolid = '7' AND class.grade = '0'  [ RunTime:0.0010s ]

[ 2018-08-30T16:28:29+08:00 ] 127.0.0.1 /weixiaotong2016/index.php/Teacher/Illegality/index/menuid/401
NOTIC: D方法实例化没找到模型类Common\Model\IllegalityModel
NOTIC: D方法实例化没找到模型类Common\Model\IllegalityStudentModel
NOTIC: D方法实例化没找到模型类Common\Model\IllegalityTypeDetailModel
NOTIC: D方法实例化没找到模型类Common\Model\IllegalityTypeModel
NOTIC: D方法实例化没找到模型类Common\Model\EducationTypeModel

[ 2018-08-30T16:28:29+08:00 ] 127.0.0.1 /weixiaotong2016/index.php?g=teacher&m=TeacherUtils&a=get_class&grade=0
INFO: [ app_begin ] --START--
INFO: Run Behavior\ReadHtmlCacheBehavior [ RunTime:0.001000s ]
INFO: Run Behavior\CheckLangBehavior [ RunTime:0.001000s ]
INFO: [ app_begin ] --END-- [ RunTime:0.002000s ]
SQL: SHOW COLUMNS FROM `wxt_school_class` [ RunTime:0.0060s ]
NOTIC: [8] Undefined variable: join D:\phpStudy\WWW\weixiaotong2016\application\Teacher\Controller\TeacherUtilsController.class.php 第 42 行.
SQL: SELECT class.id,class.classname FROM wxt_school_class class WHERE class.schoolid = '7' AND class.grade = '0'  [ RunTime:0.0000s ]

[ 2018-08-30T16:28:42+08:00 ] 127.0.0.1 /weixiaotong2016/index.php/Teacher/Illegality/index/menuid/401
NOTIC: D方法实例化没找到模型类Common\Model\IllegalityModel
NOTIC: D方法实例化没找到模型类Common\Model\IllegalityStudentModel
NOTIC: D方法实例化没找到模型类Common\Model\IllegalityTypeDetailModel
NOTIC: D方法实例化没找到模型类Common\Model\IllegalityTypeModel
NOTIC: D方法实例化没找到模型类Common\Model\EducationTypeModel
ERR: SQLSTATE[42S22]: Column not found: 1054 Unknown column 'name' in 'field list'

[ 2018-08-30T16:28:48+08:00 ] 127.0.0.1 /weixiaotong2016/index.php/Teacher/Illegality/index/menuid/401
NOTIC: D方法实例化没找到模型类Common\Model\IllegalityModel
NOTIC: D方法实例化没找到模型类Common\Model\IllegalityStudentModel
NOTIC: D方法实例化没找到模型类Common\Model\IllegalityTypeDetailModel
NOTIC: D方法实例化没找到模型类Common\Model\IllegalityTypeModel
NOTIC: D方法实例化没找到模型类Common\Model\EducationTypeModel

[ 2018-08-30T16:28:48+08:00 ] 127.0.0.1 /weixiaotong2016/index.php?g=teacher&m=TeacherUtils&a=get_class&grade=0
INFO: [ app_begin ] --START--
INFO: Run Behavior\ReadHtmlCacheBehavior [ RunTime:0.001000s ]
INFO: Run Behavior\CheckLangBehavior [ RunTime:0.002000s ]
INFO: [ app_begin ] --END-- [ RunTime:0.003000s ]
SQL: SHOW COLUMNS FROM `wxt_school_class` [ RunTime:0.0060s ]
NOTIC: [8] Undefined variable: join D:\phpStudy\WWW\weixiaotong2016\application\Teacher\Controller\TeacherUtilsController.class.php 第 42 行.
SQL: SELECT class.id,class.classname FROM wxt_school_class class WHERE class.schoolid = '7' AND class.grade = '0'  [ RunTime:0.0010s ]

[ 2018-08-30T16:28:56+08:00 ] 127.0.0.1 /weixiaotong2016/index.php/Teacher/Illegality/index/menuid/401
NOTIC: D方法实例化没找到模型类Common\Model\IllegalityModel
NOTIC: D方法实例化没找到模型类Common\Model\IllegalityStudentModel
NOTIC: D方法实例化没找到模型类Common\Model\IllegalityTypeDetailModel
NOTIC: D方法实例化没找到模型类Common\Model\IllegalityTypeModel
NOTIC: D方法实例化没找到模型类Common\Model\EducationTypeModel

[ 2018-08-30T16:28:57+08:00 ] 127.0.0.1 /weixiaotong2016/index.php?g=teacher&m=TeacherUtils&a=get_class&grade=0
INFO: [ app_begin ] --START--
INFO: Run Behavior\ReadHtmlCacheBehavior [ RunTime:0.001000s ]
INFO: Run Behavior\CheckLangBehavior [ RunTime:0.001000s ]
INFO: [ app_begin ] --END-- [ RunTime:0.004000s ]
SQL: SHOW COLUMNS FROM `wxt_school_class` [ RunTime:0.0060s ]
NOTIC: [8] Undefined variable: join D:\phpStudy\WWW\weixiaotong2016\application\Teacher\Controller\TeacherUtilsController.class.php 第 42 行.
SQL: SELECT class.id,class.classname FROM wxt_school_class class WHERE class.schoolid = '7' AND class.grade = '0'  [ RunTime:0.0000s ]

