[ 2018-09-09T16:59:15+08:00 ] 127.0.0.1 /weixiaotong2016/index.php/Teacher/Main/index
NOTIC: D方法实例化没找到模型类Common\Model\WxtuserModel
NOTIC: D方法实例化没找到模型类Common\Model\ScheduleModel
NOTIC: D方法实例化没找到模型类Common\Model\EntrustModel
NOTIC: D方法实例化没找到模型类Common\Model\NoticeModel
NOTIC: D方法实例化没找到模型类Common\Model\UserMessageModel
NOTIC: D方法实例化没找到模型类Common\Model\ActivityModel
NOTIC: D方法实例化没找到模型类Common\Model\MicroblogMainModel
NOTIC: D方法实例化没找到模型类Common\Model\SchoolCoursewareModel

[ 2018-09-09T16:59:16+08:00 ] 127.0.0.1 /weixiaotong2016/index.php/Teacher/Main/js/fileinput_locale_zh.js
NOTIC: D方法实例化没找到模型类Common\Model\WxtuserModel
NOTIC: D方法实例化没找到模型类Common\Model\ScheduleModel
NOTIC: D方法实例化没找到模型类Common\Model\EntrustModel
NOTIC: D方法实例化没找到模型类Common\Model\NoticeModel
NOTIC: D方法实例化没找到模型类Common\Model\UserMessageModel
NOTIC: D方法实例化没找到模型类Common\Model\ActivityModel
NOTIC: D方法实例化没找到模型类Common\Model\MicroblogMainModel
NOTIC: D方法实例化没找到模型类Common\Model\SchoolCoursewareModel

[ 2018-09-09T16:59:16+08:00 ] 127.0.0.1 /weixiaotong2016/index.php/Teacher/Main/js/fileinput.js
NOTIC: D方法实例化没找到模型类Common\Model\WxtuserModel
NOTIC: D方法实例化没找到模型类Common\Model\ScheduleModel
NOTIC: D方法实例化没找到模型类Common\Model\EntrustModel
NOTIC: D方法实例化没找到模型类Common\Model\NoticeModel
NOTIC: D方法实例化没找到模型类Common\Model\UserMessageModel
NOTIC: D方法实例化没找到模型类Common\Model\ActivityModel
NOTIC: D方法实例化没找到模型类Common\Model\MicroblogMainModel
NOTIC: D方法实例化没找到模型类Common\Model\SchoolCoursewareModel

[ 2018-09-09T16:59:16+08:00 ] 127.0.0.1 /weixiaotong2016/index.php/Teacher/Main/js/datetime.js
NOTIC: D方法实例化没找到模型类Common\Model\WxtuserModel
NOTIC: D方法实例化没找到模型类Common\Model\ScheduleModel
NOTIC: D方法实例化没找到模型类Common\Model\EntrustModel
NOTIC: D方法实例化没找到模型类Common\Model\NoticeModel
NOTIC: D方法实例化没找到模型类Common\Model\UserMessageModel
NOTIC: D方法实例化没找到模型类Common\Model\ActivityModel
NOTIC: D方法实例化没找到模型类Common\Model\MicroblogMainModel
NOTIC: D方法实例化没找到模型类Common\Model\SchoolCoursewareModel

[ 2018-09-09T16:59:18+08:00 ] 127.0.0.1 /weixiaotong2016/index.php/Teacher/TeacherScheduleSelect/index/menuid/316
NOTIC: D方法实例化没找到模型类Common\Model\TeacherScheduleModel
NOTIC: D方法实例化没找到模型类Common\Model\TeacherScheduleAttendanceModel
NOTIC: D方法实例化没找到模型类Common\Model\TeacherScheduleDetailModel
NOTIC: D方法实例化没找到模型类Common\Model\TeacherScheduleFixationModel
NOTIC: D方法实例化没找到模型类Common\Model\TeacherScheduleGroupModel
NOTIC: D方法实例化没找到模型类Common\Model\TeacherSchedulePeriodModel
NOTIC: D方法实例化没找到模型类Common\Model\TeacherSchedulePeriodDetailModel
NOTIC: D方法实例化没找到模型类Common\Model\TeacherSchedulePersonModel
NOTIC: D方法实例化没找到模型类Common\Model\TeacherSchedulePersonDetailModel

[ 2018-09-09T16:59:19+08:00 ] 127.0.0.1 /weixiaotong2016/index.php/Teacher/TeacherScheduleSelect/index/menuid/js/fileinput.js
NOTIC: D方法实例化没找到模型类Common\Model\TeacherScheduleModel
NOTIC: D方法实例化没找到模型类Common\Model\TeacherScheduleAttendanceModel
NOTIC: D方法实例化没找到模型类Common\Model\TeacherScheduleDetailModel
NOTIC: D方法实例化没找到模型类Common\Model\TeacherScheduleFixationModel
NOTIC: D方法实例化没找到模型类Common\Model\TeacherScheduleGroupModel
NOTIC: D方法实例化没找到模型类Common\Model\TeacherSchedulePeriodModel
NOTIC: D方法实例化没找到模型类Common\Model\TeacherSchedulePeriodDetailModel
NOTIC: D方法实例化没找到模型类Common\Model\TeacherSchedulePersonModel
NOTIC: D方法实例化没找到模型类Common\Model\TeacherSchedulePersonDetailModel

[ 2018-09-09T16:59:19+08:00 ] 127.0.0.1 /weixiaotong2016/index.php/Teacher/TeacherScheduleSelect/index/menuid/js/fileinput_locale_zh.js
NOTIC: D方法实例化没找到模型类Common\Model\TeacherScheduleModel
NOTIC: D方法实例化没找到模型类Common\Model\TeacherScheduleAttendanceModel
NOTIC: D方法实例化没找到模型类Common\Model\TeacherScheduleDetailModel
NOTIC: D方法实例化没找到模型类Common\Model\TeacherScheduleFixationModel
NOTIC: D方法实例化没找到模型类Common\Model\TeacherScheduleGroupModel
NOTIC: D方法实例化没找到模型类Common\Model\TeacherSchedulePeriodModel
NOTIC: D方法实例化没找到模型类Common\Model\TeacherSchedulePeriodDetailModel
NOTIC: D方法实例化没找到模型类Common\Model\TeacherSchedulePersonModel
NOTIC: D方法实例化没找到模型类Common\Model\TeacherSchedulePersonDetailModel

[ 2018-09-09T17:00:12+08:00 ] 127.0.0.1 /weixiaotong2016/index.php/Teacher/Main/index
NOTIC: D方法实例化没找到模型类Common\Model\WxtuserModel
NOTIC: D方法实例化没找到模型类Common\Model\ScheduleModel
NOTIC: D方法实例化没找到模型类Common\Model\EntrustModel
NOTIC: D方法实例化没找到模型类Common\Model\NoticeModel
NOTIC: D方法实例化没找到模型类Common\Model\UserMessageModel
NOTIC: D方法实例化没找到模型类Common\Model\ActivityModel
NOTIC: D方法实例化没找到模型类Common\Model\MicroblogMainModel
NOTIC: D方法实例化没找到模型类Common\Model\SchoolCoursewareModel

[ 2018-09-09T17:00:12+08:00 ] 127.0.0.1 /weixiaotong2016/index.php/Teacher/Main/js/datetime.js
NOTIC: D方法实例化没找到模型类Common\Model\WxtuserModel
NOTIC: D方法实例化没找到模型类Common\Model\ScheduleModel
NOTIC: D方法实例化没找到模型类Common\Model\EntrustModel
NOTIC: D方法实例化没找到模型类Common\Model\NoticeModel
NOTIC: D方法实例化没找到模型类Common\Model\UserMessageModel
NOTIC: D方法实例化没找到模型类Common\Model\ActivityModel
NOTIC: D方法实例化没找到模型类Common\Model\MicroblogMainModel
NOTIC: D方法实例化没找到模型类Common\Model\SchoolCoursewareModel

[ 2018-09-09T17:00:12+08:00 ] 127.0.0.1 /weixiaotong2016/index.php/Teacher/Main/js/fileinput.js
NOTIC: D方法实例化没找到模型类Common\Model\WxtuserModel
NOTIC: D方法实例化没找到模型类Common\Model\ScheduleModel
NOTIC: D方法实例化没找到模型类Common\Model\EntrustModel
NOTIC: D方法实例化没找到模型类Common\Model\NoticeModel
NOTIC: D方法实例化没找到模型类Common\Model\UserMessageModel
NOTIC: D方法实例化没找到模型类Common\Model\ActivityModel
NOTIC: D方法实例化没找到模型类Common\Model\MicroblogMainModel
NOTIC: D方法实例化没找到模型类Common\Model\SchoolCoursewareModel

[ 2018-09-09T17:00:12+08:00 ] 127.0.0.1 /weixiaotong2016/index.php/Teacher/Main/js/fileinput_locale_zh.js
NOTIC: D方法实例化没找到模型类Common\Model\WxtuserModel
NOTIC: D方法实例化没找到模型类Common\Model\ScheduleModel
NOTIC: D方法实例化没找到模型类Common\Model\EntrustModel
NOTIC: D方法实例化没找到模型类Common\Model\NoticeModel
NOTIC: D方法实例化没找到模型类Common\Model\UserMessageModel
NOTIC: D方法实例化没找到模型类Common\Model\ActivityModel
NOTIC: D方法实例化没找到模型类Common\Model\MicroblogMainModel
NOTIC: D方法实例化没找到模型类Common\Model\SchoolCoursewareModel

[ 2018-09-09T17:00:16+08:00 ] 127.0.0.1 /weixiaotong2016/index.php/Teacher/TeacherScheduleSelect/index/menuid/316
NOTIC: D方法实例化没找到模型类Common\Model\TeacherScheduleModel
NOTIC: D方法实例化没找到模型类Common\Model\TeacherScheduleAttendanceModel
NOTIC: D方法实例化没找到模型类Common\Model\TeacherScheduleDetailModel
NOTIC: D方法实例化没找到模型类Common\Model\TeacherScheduleFixationModel
NOTIC: D方法实例化没找到模型类Common\Model\TeacherScheduleGroupModel
NOTIC: D方法实例化没找到模型类Common\Model\TeacherSchedulePeriodModel
NOTIC: D方法实例化没找到模型类Common\Model\TeacherSchedulePeriodDetailModel
NOTIC: D方法实例化没找到模型类Common\Model\TeacherSchedulePersonModel
NOTIC: D方法实例化没找到模型类Common\Model\TeacherSchedulePersonDetailModel

[ 2018-09-09T17:00:16+08:00 ] 127.0.0.1 /weixiaotong2016/index.php/Teacher/TeacherScheduleSelect/index/menuid/js/fileinput.js
NOTIC: D方法实例化没找到模型类Common\Model\TeacherScheduleModel
NOTIC: D方法实例化没找到模型类Common\Model\TeacherScheduleAttendanceModel
NOTIC: D方法实例化没找到模型类Common\Model\TeacherScheduleDetailModel
NOTIC: D方法实例化没找到模型类Common\Model\TeacherScheduleFixationModel
NOTIC: D方法实例化没找到模型类Common\Model\TeacherScheduleGroupModel
NOTIC: D方法实例化没找到模型类Common\Model\TeacherSchedulePeriodModel
NOTIC: D方法实例化没找到模型类Common\Model\TeacherSchedulePeriodDetailModel
NOTIC: D方法实例化没找到模型类Common\Model\TeacherSchedulePersonModel
NOTIC: D方法实例化没找到模型类Common\Model\TeacherSchedulePersonDetailModel

[ 2018-09-09T17:00:17+08:00 ] 127.0.0.1 /weixiaotong2016/index.php/Teacher/TeacherScheduleSelect/index/menuid/js/fileinput_locale_zh.js
NOTIC: D方法实例化没找到模型类Common\Model\TeacherScheduleModel
NOTIC: D方法实例化没找到模型类Common\Model\TeacherScheduleAttendanceModel
NOTIC: D方法实例化没找到模型类Common\Model\TeacherScheduleDetailModel
NOTIC: D方法实例化没找到模型类Common\Model\TeacherScheduleFixationModel
NOTIC: D方法实例化没找到模型类Common\Model\TeacherScheduleGroupModel
NOTIC: D方法实例化没找到模型类Common\Model\TeacherSchedulePeriodModel
NOTIC: D方法实例化没找到模型类Common\Model\TeacherSchedulePeriodDetailModel
NOTIC: D方法实例化没找到模型类Common\Model\TeacherSchedulePersonModel
NOTIC: D方法实例化没找到模型类Common\Model\TeacherSchedulePersonDetailModel

[ 2018-09-09T17:00:18+08:00 ] 127.0.0.1 /weixiaotong2016/index.php/Teacher/TeacherScheduleSelect/edit_group/id/126
NOTIC: D方法实例化没找到模型类Common\Model\TeacherScheduleModel
NOTIC: D方法实例化没找到模型类Common\Model\TeacherScheduleAttendanceModel
NOTIC: D方法实例化没找到模型类Common\Model\TeacherScheduleDetailModel
NOTIC: D方法实例化没找到模型类Common\Model\TeacherScheduleFixationModel
NOTIC: D方法实例化没找到模型类Common\Model\TeacherScheduleGroupModel
NOTIC: D方法实例化没找到模型类Common\Model\TeacherSchedulePeriodModel
NOTIC: D方法实例化没找到模型类Common\Model\TeacherSchedulePeriodDetailModel
NOTIC: D方法实例化没找到模型类Common\Model\TeacherSchedulePersonModel
NOTIC: D方法实例化没找到模型类Common\Model\TeacherSchedulePersonDetailModel

[ 2018-09-09T17:00:19+08:00 ] 127.0.0.1 /weixiaotong2016/index.php/Teacher/TeacherScheduleSelect/edit_data?groupid=126
INFO: [ app_begin ] --START--
INFO: Run Behavior\ReadHtmlCacheBehavior [ RunTime:0.001001s ]
INFO: Run Behavior\CheckLangBehavior [ RunTime:0.004000s ]
INFO: [ app_begin ] --END-- [ RunTime:0.008001s ]
SQL: SHOW COLUMNS FROM `wxt_wxtuser` [ RunTime:0.0180s ]
SQL: SELECT * FROM `wxt_wxtuser` WHERE `id` = 2433 LIMIT 1   [ RunTime:0.0010s ]
NOTIC: D方法实例化没找到模型类Common\Model\TeacherScheduleModel
SQL: SHOW COLUMNS FROM `wxt_teacher_schedule` [ RunTime:0.0130s ]
NOTIC: D方法实例化没找到模型类Common\Model\TeacherScheduleAttendanceModel
SQL: SHOW COLUMNS FROM `wxt_teacher_schedule_attendance` [ RunTime:0.0160s ]
NOTIC: D方法实例化没找到模型类Common\Model\TeacherScheduleDetailModel
SQL: SHOW COLUMNS FROM `wxt_teacher_schedule_detail` [ RunTime:0.0160s ]
NOTIC: D方法实例化没找到模型类Common\Model\TeacherScheduleFixationModel
SQL: SHOW COLUMNS FROM `wxt_teacher_schedule_fixation` [ RunTime:0.0140s ]
NOTIC: D方法实例化没找到模型类Common\Model\TeacherScheduleGroupModel
SQL: SHOW COLUMNS FROM `wxt_teacher_schedule_group` [ RunTime:0.0150s ]
NOTIC: D方法实例化没找到模型类Common\Model\TeacherSchedulePeriodModel
SQL: SHOW COLUMNS FROM `wxt_teacher_schedule_period` [ RunTime:0.0180s ]
NOTIC: D方法实例化没找到模型类Common\Model\TeacherSchedulePeriodDetailModel
SQL: SHOW COLUMNS FROM `wxt_teacher_schedule_period_detail` [ RunTime:0.0130s ]
NOTIC: D方法实例化没找到模型类Common\Model\TeacherSchedulePersonModel
SQL: SHOW COLUMNS FROM `wxt_teacher_schedule_person` [ RunTime:0.0150s ]
NOTIC: D方法实例化没找到模型类Common\Model\TeacherSchedulePersonDetailModel
SQL: SHOW COLUMNS FROM `wxt_teacher_schedule_person_detail` [ RunTime:0.0140s ]
SQL: SELECT * FROM `wxt_teacher_schedule_group` WHERE ( id = 126 ) LIMIT 1   [ RunTime:0.0000s ]
SQL: SELECT person.type,person.is_att,info.name,person.personid,person.teacher_groupid FROM wxt_teacher_schedule_person person INNER JOIN wxt_teacher_info info ON info.id=person.personid  WHERE ( person.groupid = 126 )  [ RunTime:0.0390s ]
SQL: SELECT fixation.week,fixation.scheduleid,schedule.name FROM wxt_teacher_schedule_fixation fixation LEFT JOIN wxt_teacher_schedule schedule ON schedule.id=fixation.scheduleid  WHERE fixation.groupid = '126' ORDER BY fixation.week ASC  [ RunTime:0.0000s ]
SQL: SELECT * FROM `wxt_teacher_schedule_detail` WHERE `schoolid` = 13 AND `orderid` = 23  [ RunTime:0.0000s ]
SQL: SELECT * FROM `wxt_teacher_schedule_detail` WHERE `schoolid` = 13 AND `orderid` = 23  [ RunTime:0.0000s ]
SQL: SELECT * FROM `wxt_teacher_schedule_detail` WHERE `schoolid` = 13 AND `orderid` = 23  [ RunTime:0.0000s ]
SQL: SELECT * FROM `wxt_teacher_schedule_detail` WHERE `schoolid` = 13 AND `orderid` = 23  [ RunTime:0.0000s ]
SQL: SELECT * FROM `wxt_teacher_schedule_detail` WHERE `schoolid` = 13 AND `orderid` = 23  [ RunTime:0.0000s ]
SQL: SELECT * FROM `wxt_teacher_schedule_detail` WHERE `schoolid` = 13 AND `orderid` = 23  [ RunTime:0.0000s ]
SQL: SELECT * FROM `wxt_teacher_schedule_detail` WHERE `schoolid` = 13 AND `orderid` = 23  [ RunTime:0.0000s ]
INFO: [ app_end ] --START--
INFO: Run Behavior\ShowPageTraceBehavior [ RunTime:0.001000s ]
INFO: [ app_end ] --END-- [ RunTime:0.001000s ]

[ 2018-09-09T17:00:21+08:00 ] 127.0.0.1 /weixiaotong2016/index.php/Teacher/TeacherScheduleSelect/get_group
INFO: [ app_begin ] --START--
INFO: Run Behavior\ReadHtmlCacheBehavior [ RunTime:0.001000s ]
INFO: Run Behavior\CheckLangBehavior [ RunTime:0.002000s ]
INFO: [ app_begin ] --END-- [ RunTime:0.003000s ]
SQL: SHOW COLUMNS FROM `wxt_wxtuser` [ RunTime:0.0140s ]
SQL: SELECT * FROM `wxt_wxtuser` WHERE `id` = 2433 LIMIT 1   [ RunTime:0.0000s ]
NOTIC: D方法实例化没找到模型类Common\Model\TeacherScheduleModel
SQL: SHOW COLUMNS FROM `wxt_teacher_schedule` [ RunTime:0.0140s ]
NOTIC: D方法实例化没找到模型类Common\Model\TeacherScheduleAttendanceModel
SQL: SHOW COLUMNS FROM `wxt_teacher_schedule_attendance` [ RunTime:0.0130s ]
NOTIC: D方法实例化没找到模型类Common\Model\TeacherScheduleDetailModel
SQL: SHOW COLUMNS FROM `wxt_teacher_schedule_detail` [ RunTime:0.0140s ]
NOTIC: D方法实例化没找到模型类Common\Model\TeacherScheduleFixationModel
SQL: SHOW COLUMNS FROM `wxt_teacher_schedule_fixation` [ RunTime:0.0140s ]
NOTIC: D方法实例化没找到模型类Common\Model\TeacherScheduleGroupModel
SQL: SHOW COLUMNS FROM `wxt_teacher_schedule_group` [ RunTime:0.0140s ]
NOTIC: D方法实例化没找到模型类Common\Model\TeacherSchedulePeriodModel
SQL: SHOW COLUMNS FROM `wxt_teacher_schedule_period` [ RunTime:0.0150s ]
NOTIC: D方法实例化没找到模型类Common\Model\TeacherSchedulePeriodDetailModel
SQL: SHOW COLUMNS FROM `wxt_teacher_schedule_period_detail` [ RunTime:0.0150s ]
NOTIC: D方法实例化没找到模型类Common\Model\TeacherSchedulePersonModel
SQL: SHOW COLUMNS FROM `wxt_teacher_schedule_person` [ RunTime:0.0150s ]
NOTIC: D方法实例化没找到模型类Common\Model\TeacherSchedulePersonDetailModel
SQL: SHOW COLUMNS FROM `wxt_teacher_schedule_person_detail` [ RunTime:0.0150s ]
SQL: SHOW COLUMNS FROM `wxt_department` [ RunTime:0.0360s ]
SQL: SELECT `id`,`name`,`schoolid` FROM `wxt_department` WHERE `schoolid` = 13 AND `status` = 2  [ RunTime:0.0040s ]

[ 2018-09-09T17:00:25+08:00 ] 127.0.0.1 /weixiaotong2016/index.php/Teacher/TeacherScheduleSelect/edit_post
NOTIC: D方法实例化没找到模型类Common\Model\TeacherScheduleModel
NOTIC: D方法实例化没找到模型类Common\Model\TeacherScheduleAttendanceModel
NOTIC: D方法实例化没找到模型类Common\Model\TeacherScheduleDetailModel
NOTIC: D方法实例化没找到模型类Common\Model\TeacherScheduleFixationModel
NOTIC: D方法实例化没找到模型类Common\Model\TeacherScheduleGroupModel
NOTIC: D方法实例化没找到模型类Common\Model\TeacherSchedulePeriodModel
NOTIC: D方法实例化没找到模型类Common\Model\TeacherSchedulePeriodDetailModel
NOTIC: D方法实例化没找到模型类Common\Model\TeacherSchedulePersonModel
NOTIC: D方法实例化没找到模型类Common\Model\TeacherSchedulePersonDetailModel

[ 2018-09-09T17:02:10+08:00 ] 127.0.0.1 /weixiaotong2016/index.php/Teacher/TeacherScheduleSelect/edit_post
NOTIC: D方法实例化没找到模型类Common\Model\TeacherScheduleModel
NOTIC: D方法实例化没找到模型类Common\Model\TeacherScheduleAttendanceModel
NOTIC: D方法实例化没找到模型类Common\Model\TeacherScheduleDetailModel
NOTIC: D方法实例化没找到模型类Common\Model\TeacherScheduleFixationModel
NOTIC: D方法实例化没找到模型类Common\Model\TeacherScheduleGroupModel
NOTIC: D方法实例化没找到模型类Common\Model\TeacherSchedulePeriodModel
NOTIC: D方法实例化没找到模型类Common\Model\TeacherSchedulePeriodDetailModel
NOTIC: D方法实例化没找到模型类Common\Model\TeacherSchedulePersonModel
NOTIC: D方法实例化没找到模型类Common\Model\TeacherSchedulePersonDetailModel

[ 2018-09-09T17:02:10+08:00 ] 127.0.0.1 /weixiaotong2016/index.php/Teacher/TeacherScheduleSelect/__TMPL__assets/css/mychangestyle.css
NOTIC: D方法实例化没找到模型类Common\Model\TeacherScheduleModel
NOTIC: D方法实例化没找到模型类Common\Model\TeacherScheduleAttendanceModel
NOTIC: D方法实例化没找到模型类Common\Model\TeacherScheduleDetailModel
NOTIC: D方法实例化没找到模型类Common\Model\TeacherScheduleFixationModel
NOTIC: D方法实例化没找到模型类Common\Model\TeacherScheduleGroupModel
NOTIC: D方法实例化没找到模型类Common\Model\TeacherSchedulePeriodModel
NOTIC: D方法实例化没找到模型类Common\Model\TeacherSchedulePeriodDetailModel
NOTIC: D方法实例化没找到模型类Common\Model\TeacherSchedulePersonModel
NOTIC: D方法实例化没找到模型类Common\Model\TeacherSchedulePersonDetailModel

[ 2018-09-09T17:02:12+08:00 ] 127.0.0.1 /weixiaotong2016/index.php/Teacher/TeacherScheduleSelect/index
NOTIC: D方法实例化没找到模型类Common\Model\TeacherScheduleModel
NOTIC: D方法实例化没找到模型类Common\Model\TeacherScheduleAttendanceModel
NOTIC: D方法实例化没找到模型类Common\Model\TeacherScheduleDetailModel
NOTIC: D方法实例化没找到模型类Common\Model\TeacherScheduleFixationModel
NOTIC: D方法实例化没找到模型类Common\Model\TeacherScheduleGroupModel
NOTIC: D方法实例化没找到模型类Common\Model\TeacherSchedulePeriodModel
NOTIC: D方法实例化没找到模型类Common\Model\TeacherSchedulePeriodDetailModel
NOTIC: D方法实例化没找到模型类Common\Model\TeacherSchedulePersonModel
NOTIC: D方法实例化没找到模型类Common\Model\TeacherSchedulePersonDetailModel

[ 2018-09-09T17:02:12+08:00 ] 127.0.0.1 /weixiaotong2016/index.php/Teacher/TeacherScheduleSelect/js/fileinput.js
NOTIC: D方法实例化没找到模型类Common\Model\TeacherScheduleModel
NOTIC: D方法实例化没找到模型类Common\Model\TeacherScheduleAttendanceModel
NOTIC: D方法实例化没找到模型类Common\Model\TeacherScheduleDetailModel
NOTIC: D方法实例化没找到模型类Common\Model\TeacherScheduleFixationModel
NOTIC: D方法实例化没找到模型类Common\Model\TeacherScheduleGroupModel
NOTIC: D方法实例化没找到模型类Common\Model\TeacherSchedulePeriodModel
NOTIC: D方法实例化没找到模型类Common\Model\TeacherSchedulePeriodDetailModel
NOTIC: D方法实例化没找到模型类Common\Model\TeacherSchedulePersonModel
NOTIC: D方法实例化没找到模型类Common\Model\TeacherSchedulePersonDetailModel

[ 2018-09-09T17:02:12+08:00 ] 127.0.0.1 /weixiaotong2016/index.php/Teacher/TeacherScheduleSelect/js/fileinput_locale_zh.js
NOTIC: D方法实例化没找到模型类Common\Model\TeacherScheduleModel
NOTIC: D方法实例化没找到模型类Common\Model\TeacherScheduleAttendanceModel
NOTIC: D方法实例化没找到模型类Common\Model\TeacherScheduleDetailModel
NOTIC: D方法实例化没找到模型类Common\Model\TeacherScheduleFixationModel
NOTIC: D方法实例化没找到模型类Common\Model\TeacherScheduleGroupModel
NOTIC: D方法实例化没找到模型类Common\Model\TeacherSchedulePeriodModel
NOTIC: D方法实例化没找到模型类Common\Model\TeacherSchedulePeriodDetailModel
NOTIC: D方法实例化没找到模型类Common\Model\TeacherSchedulePersonModel
NOTIC: D方法实例化没找到模型类Common\Model\TeacherSchedulePersonDetailModel

