[ 2018-09-08T10:00:10+08:00 ] 127.0.0.1 /weixiaotong2016/index.php/Admin/public/dologin
INFO: [ app_begin ] --START--
INFO: Run Behavior\ReadHtmlCacheBehavior [ RunTime:0.001000s ]
INFO: Run Behavior\CheckLangBehavior [ RunTime:0.002000s ]
INFO: [ app_begin ] --END-- [ RunTime:0.003000s ]
SQL: SHOW COLUMNS FROM `wxt_users` [ RunTime:0.0510s ]
SQL: SELECT * FROM `wxt_users` WHERE `user_login` = 'weixiaotong' LIMIT 1   [ RunTime:0.0010s ]
SQL: SHOW COLUMNS FROM `wxt_role_user` [ RunTime:0.0310s ]
SQL: SELECT `role_id` FROM wxt_role_user a INNER JOIN wxt_role as b on a.role_id =b.id  WHERE `user_id` = '1' AND `status` = 1  [ RunTime:0.0080s ]
SQL: UPDATE `wxt_users` SET `user_login`='weixiaotong',`user_pass`='1106b40e836cb666950a9009d08e89c2e1a013751f3b2985',`user_nicename`='admin',`user_email`='zhu@xiaocool.cn',`user_url`='',`avatar`='570ca8a83c7ac.jpg',`sex`='0',`birthday`=NULL,`signature`=NULL,`last_login_ip`='127.0.0.1',`last_login_time`='2018-09-08 10:00:10',`create_time`='2015-12-31 09:08:44',`user_activation_key`='',`user_status`='1',`score`='0',`user_type`='1',`phone`=NULL WHERE `id` = 1 [ RunTime:0.0000s ]

[ 2018-09-08T10:00:12+08:00 ] 127.0.0.1 /weixiaotong2016/index.php/Admin/Student/index/menuid/246
NOTIC: D方法实例化没找到模型类Common\Model\SchoolModel
NOTIC: D方法实例化没找到模型类Common\Model\SchoolClassModel
NOTIC: D方法实例化没找到模型类Common\Model\ClassRelationshipModel
NOTIC: D方法实例化没找到模型类Common\Model\AppellationModel
NOTIC: D方法实例化没找到模型类Common\Model\WxtuserModel
NOTIC: D方法实例化没找到模型类Common\Model\RelationStuUserModel
NOTIC: D方法实例化没找到模型类Common\Model\StudentInfoModel

[ 2018-09-08T10:00:14+08:00 ] 127.0.0.1 /weixiaotong2016/index.php?g=Admin&m=AdminUtils&a=role_type&Province=2
INFO: [ app_begin ] --START--
INFO: Run Behavior\ReadHtmlCacheBehavior [ RunTime:0.001000s ]
INFO: Run Behavior\CheckLangBehavior [ RunTime:0.004000s ]
INFO: [ app_begin ] --END-- [ RunTime:0.006000s ]
SQL: SHOW COLUMNS FROM `wxt_role_user` [ RunTime:0.0110s ]
SQL: SELECT r.city FROM wxt_role_user ru INNER JOIN wxt_role r ON r.id=ru.role_id  WHERE ru.user_id = '1' LIMIT 1   [ RunTime:0.0000s ]
SQL: SHOW COLUMNS FROM `wxt_city` [ RunTime:0.0110s ]
SQL: SELECT * FROM `wxt_city` WHERE `parent` = '2'  [ RunTime:0.0010s ]
INFO: [ app_end ] --START--
INFO: Run Behavior\ShowPageTraceBehavior [ RunTime:0.001000s ]
INFO: [ app_end ] --END-- [ RunTime:0.001000s ]

[ 2018-09-08T10:00:14+08:00 ] 127.0.0.1 /weixiaotong2016/index.php?g=Admin&m=AdminUtils&a=Provinces&Province=3
INFO: [ app_begin ] --START--
INFO: Run Behavior\ReadHtmlCacheBehavior [ RunTime:0.001000s ]
INFO: Run Behavior\CheckLangBehavior [ RunTime:0.003000s ]
INFO: [ app_begin ] --END-- [ RunTime:0.005000s ]
NOTIC: D方法实例化没找到模型类Common\Model\CityModel
SQL: SHOW COLUMNS FROM `wxt_city` [ RunTime:0.0110s ]
SQL: SELECT * FROM `wxt_city` WHERE ( parent=3 )  [ RunTime:0.0000s ]
INFO: [ app_end ] --START--
INFO: Run Behavior\ShowPageTraceBehavior [ RunTime:0.001000s ]
INFO: [ app_end ] --END-- [ RunTime:0.001000s ]

[ 2018-09-08T10:00:16+08:00 ] 127.0.0.1 /weixiaotong2016/index.php/?g=Admin&m=AdminUtils&a=lookup
INFO: [ app_begin ] --START--
INFO: Run Behavior\ReadHtmlCacheBehavior [ RunTime:0.001000s ]
INFO: Run Behavior\CheckLangBehavior [ RunTime:0.003001s ]
INFO: [ app_begin ] --END-- [ RunTime:0.005001s ]
NOTIC: D方法实例化没找到模型类Common\Model\SchoolModel
SQL: SHOW COLUMNS FROM `wxt_school` [ RunTime:0.0100s ]
NOTIC: D方法实例化没找到模型类Common\Model\RoleSchoolModel
SQL: SHOW COLUMNS FROM `wxt_role_school` [ RunTime:0.0220s ]
SQL: SHOW COLUMNS FROM `wxt_role_user` [ RunTime:0.0100s ]
SQL: SELECT `role_id` FROM `wxt_role_user` WHERE ( user_id = 1 ) LIMIT 1   [ RunTime:0.0010s ]
SQL: SELECT `school_name`,`schoolid`,`schoolgradetypeid` FROM `wxt_school` WHERE ( area=7 )  [ RunTime:0.0090s ]
INFO: [ app_end ] --START--
INFO: Run Behavior\ShowPageTraceBehavior [ RunTime:0.001000s ]
INFO: [ app_end ] --END-- [ RunTime:0.001000s ]

[ 2018-09-08T10:00:17+08:00 ] 127.0.0.1 /weixiaotong2016/index.php?g=Admin&m=AdminUtils&a=showgrade&schoolid=7
INFO: [ app_begin ] --START--
INFO: Run Behavior\ReadHtmlCacheBehavior [ RunTime:0.002000s ]
INFO: Run Behavior\CheckLangBehavior [ RunTime:0.003000s ]
INFO: [ app_begin ] --END-- [ RunTime:0.005000s ]
SQL: SHOW COLUMNS FROM `wxt_school_grade` [ RunTime:0.0240s ]
SQL: SELECT `name`,`gradeid` FROM `wxt_school_grade` WHERE ( schoolid = 7 ) ORDER BY gradeid  [ RunTime:0.0080s ]

[ 2018-09-08T10:00:19+08:00 ] 127.0.0.1 /weixiaotong2016/index.php/Admin/Student/Lexcel?schoolid=7&tiaojian=0&shuzhi=&grade=0&classs=
NOTIC: D方法实例化没找到模型类Common\Model\SchoolModel
NOTIC: D方法实例化没找到模型类Common\Model\SchoolClassModel
NOTIC: D方法实例化没找到模型类Common\Model\ClassRelationshipModel
NOTIC: D方法实例化没找到模型类Common\Model\AppellationModel
NOTIC: D方法实例化没找到模型类Common\Model\WxtuserModel
NOTIC: D方法实例化没找到模型类Common\Model\RelationStuUserModel
NOTIC: D方法实例化没找到模型类Common\Model\StudentInfoModel

[ 2018-09-08T10:01:27+08:00 ] 127.0.0.1 /weixiaotong2016/index.php/Admin/Student/Lexcel?schoolid=7&tiaojian=0&shuzhi=&grade=0&classs=
NOTIC: D方法实例化没找到模型类Common\Model\SchoolModel
NOTIC: D方法实例化没找到模型类Common\Model\SchoolClassModel
NOTIC: D方法实例化没找到模型类Common\Model\ClassRelationshipModel
NOTIC: D方法实例化没找到模型类Common\Model\AppellationModel
NOTIC: D方法实例化没找到模型类Common\Model\WxtuserModel
NOTIC: D方法实例化没找到模型类Common\Model\RelationStuUserModel
NOTIC: D方法实例化没找到模型类Common\Model\StudentInfoModel

[ 2018-09-08T10:01:42+08:00 ] 127.0.0.1 /weixiaotong2016/index.php/Admin/Student/index/menuid/246
NOTIC: D方法实例化没找到模型类Common\Model\SchoolModel
NOTIC: D方法实例化没找到模型类Common\Model\SchoolClassModel
NOTIC: D方法实例化没找到模型类Common\Model\ClassRelationshipModel
NOTIC: D方法实例化没找到模型类Common\Model\AppellationModel
NOTIC: D方法实例化没找到模型类Common\Model\WxtuserModel
NOTIC: D方法实例化没找到模型类Common\Model\RelationStuUserModel
NOTIC: D方法实例化没找到模型类Common\Model\StudentInfoModel

[ 2018-09-08T10:01:49+08:00 ] 127.0.0.1 /weixiaotong2016/index.php/Admin/Student/index?province=&citys=&message_type=0&schoolid=&grade=&classs=0&tiaojian=phone&shuzhi=1385586655
NOTIC: D方法实例化没找到模型类Common\Model\SchoolModel
NOTIC: D方法实例化没找到模型类Common\Model\SchoolClassModel
NOTIC: D方法实例化没找到模型类Common\Model\ClassRelationshipModel
NOTIC: D方法实例化没找到模型类Common\Model\AppellationModel
NOTIC: D方法实例化没找到模型类Common\Model\WxtuserModel
NOTIC: D方法实例化没找到模型类Common\Model\RelationStuUserModel
NOTIC: D方法实例化没找到模型类Common\Model\StudentInfoModel

[ 2018-09-08T10:04:51+08:00 ] 127.0.0.1 /weixiaotong2016/index.php/Admin/Student/index?province=&citys=&message_type=0&schoolid=&grade=&classs=0&tiaojian=phone&shuzhi=1385586655
NOTIC: D方法实例化没找到模型类Common\Model\SchoolModel
NOTIC: D方法实例化没找到模型类Common\Model\SchoolClassModel
NOTIC: D方法实例化没找到模型类Common\Model\ClassRelationshipModel
NOTIC: D方法实例化没找到模型类Common\Model\AppellationModel
NOTIC: D方法实例化没找到模型类Common\Model\WxtuserModel
NOTIC: D方法实例化没找到模型类Common\Model\RelationStuUserModel
NOTIC: D方法实例化没找到模型类Common\Model\StudentInfoModel

[ 2018-09-08T10:04:55+08:00 ] 127.0.0.1 /weixiaotong2016/index.php/Admin/Student/index?province=&citys=&message_type=0&schoolid=&grade=&classs=0&tiaojian=phone&shuzhi=1385586655
NOTIC: D方法实例化没找到模型类Common\Model\SchoolModel
NOTIC: D方法实例化没找到模型类Common\Model\SchoolClassModel
NOTIC: D方法实例化没找到模型类Common\Model\ClassRelationshipModel
NOTIC: D方法实例化没找到模型类Common\Model\AppellationModel
NOTIC: D方法实例化没找到模型类Common\Model\WxtuserModel
NOTIC: D方法实例化没找到模型类Common\Model\RelationStuUserModel
NOTIC: D方法实例化没找到模型类Common\Model\StudentInfoModel

[ 2018-09-08T10:32:05+08:00 ] 127.0.0.1 /weixiaotong2016/index.php/Admin/Teacher/index/menuid/194
NOTIC: D方法实例化没找到模型类Common\Model\SchoolModel
NOTIC: D方法实例化没找到模型类Common\Model\SchoolClassModel
NOTIC: D方法实例化没找到模型类Common\Model\WxtuserModel
NOTIC: D方法实例化没找到模型类Common\Model\TeacherInfoModel
NOTIC: D方法实例化没找到模型类Common\Model\ClassRelationshipModel
NOTIC: D方法实例化没找到模型类Common\Model\TeacherClassModel
NOTIC: D方法实例化没找到模型类Common\Model\DepartmentModel
NOTIC: D方法实例化没找到模型类Common\Model\SchoolDutyModel
NOTIC: D方法实例化没找到模型类Common\Model\DutyTeacherModel
NOTIC: D方法实例化没找到模型类Common\Model\DepartmentTeacherModel
NOTIC: D方法实例化没找到模型类Common\Model\CityModel

[ 2018-09-08T10:32:07+08:00 ] 127.0.0.1 /weixiaotong2016/index.php?g=Admin&m=AdminUtils&a=role_type&Province=2
INFO: [ app_begin ] --START--
INFO: Run Behavior\ReadHtmlCacheBehavior [ RunTime:0.001000s ]
INFO: Run Behavior\CheckLangBehavior [ RunTime:0.002000s ]
INFO: [ app_begin ] --END-- [ RunTime:0.003000s ]
SQL: SHOW COLUMNS FROM `wxt_role_user` [ RunTime:0.0100s ]
SQL: SELECT r.city FROM wxt_role_user ru INNER JOIN wxt_role r ON r.id=ru.role_id  WHERE ru.user_id = '1' LIMIT 1   [ RunTime:0.0000s ]
SQL: SHOW COLUMNS FROM `wxt_city` [ RunTime:0.0100s ]
SQL: SELECT * FROM `wxt_city` WHERE `parent` = '2'  [ RunTime:0.0000s ]
INFO: [ app_end ] --START--
INFO: Run Behavior\ShowPageTraceBehavior [ RunTime:0.001000s ]
INFO: [ app_end ] --END-- [ RunTime:0.001000s ]

[ 2018-09-08T10:32:07+08:00 ] 127.0.0.1 /weixiaotong2016/index.php?g=Admin&m=AdminUtils&a=Provinces&Province=3
INFO: [ app_begin ] --START--
INFO: Run Behavior\ReadHtmlCacheBehavior [ RunTime:0.001000s ]
INFO: Run Behavior\CheckLangBehavior [ RunTime:0.002000s ]
INFO: [ app_begin ] --END-- [ RunTime:0.004000s ]
NOTIC: D方法实例化没找到模型类Common\Model\CityModel
SQL: SHOW COLUMNS FROM `wxt_city` [ RunTime:0.0100s ]
SQL: SELECT * FROM `wxt_city` WHERE ( parent=3 )  [ RunTime:0.0000s ]
INFO: [ app_end ] --START--
INFO: Run Behavior\ShowPageTraceBehavior [ RunTime:0.001000s ]
INFO: [ app_end ] --END-- [ RunTime:0.001000s ]

[ 2018-09-08T10:32:09+08:00 ] 127.0.0.1 /weixiaotong2016/index.php/?g=Admin&m=AdminUtils&a=lookup
INFO: [ app_begin ] --START--
INFO: Run Behavior\ReadHtmlCacheBehavior [ RunTime:0.001000s ]
INFO: Run Behavior\CheckLangBehavior [ RunTime:0.002000s ]
INFO: [ app_begin ] --END-- [ RunTime:0.004000s ]
NOTIC: D方法实例化没找到模型类Common\Model\SchoolModel
SQL: SHOW COLUMNS FROM `wxt_school` [ RunTime:0.0090s ]
NOTIC: D方法实例化没找到模型类Common\Model\RoleSchoolModel
SQL: SHOW COLUMNS FROM `wxt_role_school` [ RunTime:0.0100s ]
SQL: SHOW COLUMNS FROM `wxt_role_user` [ RunTime:0.0100s ]
SQL: SELECT `role_id` FROM `wxt_role_user` WHERE ( user_id = 1 ) LIMIT 1   [ RunTime:0.0000s ]
SQL: SELECT `school_name`,`schoolid`,`schoolgradetypeid` FROM `wxt_school` WHERE ( area=14 )  [ RunTime:0.0010s ]
INFO: [ app_end ] --START--
INFO: Run Behavior\ShowPageTraceBehavior [ RunTime:0.001000s ]
INFO: [ app_end ] --END-- [ RunTime:0.001000s ]

[ 2018-09-08T10:32:10+08:00 ] 127.0.0.1 /weixiaotong2016/index.php/Admin/Teacher/index?province=2&citys=3&message_type=14&schoolid=27&keywordtype=&keyword=
NOTIC: D方法实例化没找到模型类Common\Model\SchoolModel
NOTIC: D方法实例化没找到模型类Common\Model\SchoolClassModel
NOTIC: D方法实例化没找到模型类Common\Model\WxtuserModel
NOTIC: D方法实例化没找到模型类Common\Model\TeacherInfoModel
NOTIC: D方法实例化没找到模型类Common\Model\ClassRelationshipModel
NOTIC: D方法实例化没找到模型类Common\Model\TeacherClassModel
NOTIC: D方法实例化没找到模型类Common\Model\DepartmentModel
NOTIC: D方法实例化没找到模型类Common\Model\SchoolDutyModel
NOTIC: D方法实例化没找到模型类Common\Model\DutyTeacherModel
NOTIC: D方法实例化没找到模型类Common\Model\DepartmentTeacherModel
NOTIC: D方法实例化没找到模型类Common\Model\CityModel

[ 2018-09-08T10:32:11+08:00 ] 127.0.0.1 /weixiaotong2016/index.php?g=Admin&m=AdminUtils&a=role_type&Province=2
INFO: [ app_begin ] --START--
INFO: Run Behavior\ReadHtmlCacheBehavior [ RunTime:0.002000s ]
INFO: Run Behavior\CheckLangBehavior [ RunTime:0.003000s ]
INFO: [ app_begin ] --END-- [ RunTime:0.006000s ]
SQL: SHOW COLUMNS FROM `wxt_role_user` [ RunTime:0.0100s ]
SQL: SELECT r.city FROM wxt_role_user ru INNER JOIN wxt_role r ON r.id=ru.role_id  WHERE ru.user_id = '1' LIMIT 1   [ RunTime:0.0000s ]
SQL: SHOW COLUMNS FROM `wxt_city` [ RunTime:0.0090s ]
SQL: SELECT * FROM `wxt_city` WHERE `parent` = '2'  [ RunTime:0.0000s ]
INFO: [ app_end ] --START--
INFO: Run Behavior\ShowPageTraceBehavior [ RunTime:0.002000s ]
INFO: [ app_end ] --END-- [ RunTime:0.002000s ]

[ 2018-09-08T10:32:11+08:00 ] 127.0.0.1 /weixiaotong2016/index.php?g=Admin&m=AdminUtils&a=Provinces&Province=3
INFO: [ app_begin ] --START--
INFO: Run Behavior\ReadHtmlCacheBehavior [ RunTime:0.001000s ]
INFO: Run Behavior\CheckLangBehavior [ RunTime:0.003000s ]
INFO: [ app_begin ] --END-- [ RunTime:0.005000s ]
NOTIC: D方法实例化没找到模型类Common\Model\CityModel
SQL: SHOW COLUMNS FROM `wxt_city` [ RunTime:0.0100s ]
SQL: SELECT * FROM `wxt_city` WHERE ( parent=3 )  [ RunTime:0.0000s ]
INFO: [ app_end ] --START--
INFO: Run Behavior\ShowPageTraceBehavior [ RunTime:0.001000s ]
INFO: [ app_end ] --END-- [ RunTime:0.001000s ]

[ 2018-09-08T10:32:11+08:00 ] 127.0.0.1 /weixiaotong2016/index.php/?g=Admin&m=AdminUtils&a=lookup
INFO: [ app_begin ] --START--
INFO: Run Behavior\ReadHtmlCacheBehavior [ RunTime:0.001000s ]
INFO: Run Behavior\CheckLangBehavior [ RunTime:0.003001s ]
INFO: [ app_begin ] --END-- [ RunTime:0.005001s ]
NOTIC: D方法实例化没找到模型类Common\Model\SchoolModel
SQL: SHOW COLUMNS FROM `wxt_school` [ RunTime:0.0100s ]
NOTIC: D方法实例化没找到模型类Common\Model\RoleSchoolModel
SQL: SHOW COLUMNS FROM `wxt_role_school` [ RunTime:0.0100s ]
SQL: SHOW COLUMNS FROM `wxt_role_user` [ RunTime:0.0090s ]
SQL: SELECT `role_id` FROM `wxt_role_user` WHERE ( user_id = 1 ) LIMIT 1   [ RunTime:0.0000s ]
SQL: SELECT `school_name`,`schoolid`,`schoolgradetypeid` FROM `wxt_school` WHERE ( area=14 )  [ RunTime:0.0010s ]
INFO: [ app_end ] --START--
INFO: Run Behavior\ShowPageTraceBehavior [ RunTime:0.001000s ]
INFO: [ app_end ] --END-- [ RunTime:0.001000s ]

[ 2018-09-08T10:32:15+08:00 ] 127.0.0.1 /weixiaotong2016/index.php/Admin/Teacher/index
NOTIC: D方法实例化没找到模型类Common\Model\SchoolModel
NOTIC: D方法实例化没找到模型类Common\Model\SchoolClassModel
NOTIC: D方法实例化没找到模型类Common\Model\WxtuserModel
NOTIC: D方法实例化没找到模型类Common\Model\TeacherInfoModel
NOTIC: D方法实例化没找到模型类Common\Model\ClassRelationshipModel
NOTIC: D方法实例化没找到模型类Common\Model\TeacherClassModel
NOTIC: D方法实例化没找到模型类Common\Model\DepartmentModel
NOTIC: D方法实例化没找到模型类Common\Model\SchoolDutyModel
NOTIC: D方法实例化没找到模型类Common\Model\DutyTeacherModel
NOTIC: D方法实例化没找到模型类Common\Model\DepartmentTeacherModel
NOTIC: D方法实例化没找到模型类Common\Model\CityModel

[ 2018-09-08T10:32:18+08:00 ] 127.0.0.1 /weixiaotong2016/index.php?g=Admin&m=AdminUtils&a=role_type&Province=2
INFO: [ app_begin ] --START--
INFO: Run Behavior\ReadHtmlCacheBehavior [ RunTime:0.001000s ]
INFO: Run Behavior\CheckLangBehavior [ RunTime:0.003001s ]
INFO: [ app_begin ] --END-- [ RunTime:0.005001s ]
SQL: SHOW COLUMNS FROM `wxt_role_user` [ RunTime:0.0090s ]
SQL: SELECT r.city FROM wxt_role_user ru INNER JOIN wxt_role r ON r.id=ru.role_id  WHERE ru.user_id = '1' LIMIT 1   [ RunTime:0.0000s ]
SQL: SHOW COLUMNS FROM `wxt_city` [ RunTime:0.0090s ]
SQL: SELECT * FROM `wxt_city` WHERE `parent` = '2'  [ RunTime:0.0000s ]
INFO: [ app_end ] --START--
INFO: Run Behavior\ShowPageTraceBehavior [ RunTime:0.002000s ]
INFO: [ app_end ] --END-- [ RunTime:0.002000s ]

[ 2018-09-08T10:32:19+08:00 ] 127.0.0.1 /weixiaotong2016/index.php?g=Admin&m=AdminUtils&a=Provinces&Province=3
INFO: [ app_begin ] --START--
INFO: Run Behavior\ReadHtmlCacheBehavior [ RunTime:0.001000s ]
INFO: Run Behavior\CheckLangBehavior [ RunTime:0.004000s ]
INFO: [ app_begin ] --END-- [ RunTime:0.007000s ]
NOTIC: D方法实例化没找到模型类Common\Model\CityModel
SQL: SHOW COLUMNS FROM `wxt_city` [ RunTime:0.0090s ]
SQL: SELECT * FROM `wxt_city` WHERE ( parent=3 )  [ RunTime:0.0000s ]
INFO: [ app_end ] --START--
INFO: Run Behavior\ShowPageTraceBehavior [ RunTime:0.001000s ]
INFO: [ app_end ] --END-- [ RunTime:0.001000s ]

[ 2018-09-08T10:32:20+08:00 ] 127.0.0.1 /weixiaotong2016/index.php/?g=Admin&m=AdminUtils&a=lookup
INFO: [ app_begin ] --START--
INFO: Run Behavior\ReadHtmlCacheBehavior [ RunTime:0.001000s ]
INFO: Run Behavior\CheckLangBehavior [ RunTime:0.003000s ]
INFO: [ app_begin ] --END-- [ RunTime:0.005000s ]
NOTIC: D方法实例化没找到模型类Common\Model\SchoolModel
SQL: SHOW COLUMNS FROM `wxt_school` [ RunTime:0.0100s ]
NOTIC: D方法实例化没找到模型类Common\Model\RoleSchoolModel
SQL: SHOW COLUMNS FROM `wxt_role_school` [ RunTime:0.0100s ]
SQL: SHOW COLUMNS FROM `wxt_role_user` [ RunTime:0.0090s ]
SQL: SELECT `role_id` FROM `wxt_role_user` WHERE ( user_id = 1 ) LIMIT 1   [ RunTime:0.0010s ]
SQL: SELECT `school_name`,`schoolid`,`schoolgradetypeid` FROM `wxt_school` WHERE ( area=7 )  [ RunTime:0.0000s ]
INFO: [ app_end ] --START--
INFO: Run Behavior\ShowPageTraceBehavior [ RunTime:0.002000s ]
INFO: [ app_end ] --END-- [ RunTime:0.002000s ]

[ 2018-09-08T10:32:23+08:00 ] 127.0.0.1 /weixiaotong2016/index.php/?g=Admin&m=AdminUtils&a=lookup
INFO: [ app_begin ] --START--
INFO: Run Behavior\ReadHtmlCacheBehavior [ RunTime:0.001000s ]
INFO: Run Behavior\CheckLangBehavior [ RunTime:0.003000s ]
INFO: [ app_begin ] --END-- [ RunTime:0.005000s ]
NOTIC: D方法实例化没找到模型类Common\Model\SchoolModel
SQL: SHOW COLUMNS FROM `wxt_school` [ RunTime:0.0100s ]
NOTIC: D方法实例化没找到模型类Common\Model\RoleSchoolModel
SQL: SHOW COLUMNS FROM `wxt_role_school` [ RunTime:0.0100s ]
SQL: SHOW COLUMNS FROM `wxt_role_user` [ RunTime:0.0090s ]
SQL: SELECT `role_id` FROM `wxt_role_user` WHERE ( user_id = 1 ) LIMIT 1   [ RunTime:0.0000s ]
SQL: SELECT `school_name`,`schoolid`,`schoolgradetypeid` FROM `wxt_school` WHERE ( area=14 )  [ RunTime:0.0000s ]
INFO: [ app_end ] --START--
INFO: Run Behavior\ShowPageTraceBehavior [ RunTime:0.001000s ]
INFO: [ app_end ] --END-- [ RunTime:0.001000s ]

[ 2018-09-08T10:32:25+08:00 ] 127.0.0.1 /weixiaotong2016/index.php/Admin/Teacher/index?province=2&citys=3&message_type=14&schoolid=27&keywordtype=&keyword=
NOTIC: D方法实例化没找到模型类Common\Model\SchoolModel
NOTIC: D方法实例化没找到模型类Common\Model\SchoolClassModel
NOTIC: D方法实例化没找到模型类Common\Model\WxtuserModel
NOTIC: D方法实例化没找到模型类Common\Model\TeacherInfoModel
NOTIC: D方法实例化没找到模型类Common\Model\ClassRelationshipModel
NOTIC: D方法实例化没找到模型类Common\Model\TeacherClassModel
NOTIC: D方法实例化没找到模型类Common\Model\DepartmentModel
NOTIC: D方法实例化没找到模型类Common\Model\SchoolDutyModel
NOTIC: D方法实例化没找到模型类Common\Model\DutyTeacherModel
NOTIC: D方法实例化没找到模型类Common\Model\DepartmentTeacherModel
NOTIC: D方法实例化没找到模型类Common\Model\CityModel

[ 2018-09-08T10:32:25+08:00 ] 127.0.0.1 /weixiaotong2016/index.php?g=Admin&m=AdminUtils&a=role_type&Province=2
INFO: [ app_begin ] --START--
INFO: Run Behavior\ReadHtmlCacheBehavior [ RunTime:0.001000s ]
INFO: Run Behavior\CheckLangBehavior [ RunTime:0.002000s ]
INFO: [ app_begin ] --END-- [ RunTime:0.003000s ]
SQL: SHOW COLUMNS FROM `wxt_role_user` [ RunTime:0.0090s ]
SQL: SELECT r.city FROM wxt_role_user ru INNER JOIN wxt_role r ON r.id=ru.role_id  WHERE ru.user_id = '1' LIMIT 1   [ RunTime:0.0000s ]
SQL: SHOW COLUMNS FROM `wxt_city` [ RunTime:0.0100s ]
SQL: SELECT * FROM `wxt_city` WHERE `parent` = '2'  [ RunTime:0.0010s ]
INFO: [ app_end ] --START--
INFO: Run Behavior\ShowPageTraceBehavior [ RunTime:0.001000s ]
INFO: [ app_end ] --END-- [ RunTime:0.001000s ]

[ 2018-09-08T10:32:25+08:00 ] 127.0.0.1 /weixiaotong2016/index.php?g=Admin&m=AdminUtils&a=Provinces&Province=3
INFO: [ app_begin ] --START--
INFO: Run Behavior\ReadHtmlCacheBehavior [ RunTime:0.001000s ]
INFO: Run Behavior\CheckLangBehavior [ RunTime:0.001000s ]
INFO: [ app_begin ] --END-- [ RunTime:0.003000s ]
NOTIC: D方法实例化没找到模型类Common\Model\CityModel
SQL: SHOW COLUMNS FROM `wxt_city` [ RunTime:0.0090s ]
SQL: SELECT * FROM `wxt_city` WHERE ( parent=3 )  [ RunTime:0.0000s ]
INFO: [ app_end ] --START--
INFO: Run Behavior\ShowPageTraceBehavior [ RunTime:0.002000s ]
INFO: [ app_end ] --END-- [ RunTime:0.002000s ]

[ 2018-09-08T10:32:25+08:00 ] 127.0.0.1 /weixiaotong2016/index.php/?g=Admin&m=AdminUtils&a=lookup
INFO: [ app_begin ] --START--
INFO: Run Behavior\ReadHtmlCacheBehavior [ RunTime:0.001001s ]
INFO: Run Behavior\CheckLangBehavior [ RunTime:0.001000s ]
INFO: [ app_begin ] --END-- [ RunTime:0.003001s ]
NOTIC: D方法实例化没找到模型类Common\Model\SchoolModel
SQL: SHOW COLUMNS FROM `wxt_school` [ RunTime:0.0100s ]
NOTIC: D方法实例化没找到模型类Common\Model\RoleSchoolModel
SQL: SHOW COLUMNS FROM `wxt_role_school` [ RunTime:0.0100s ]
SQL: SHOW COLUMNS FROM `wxt_role_user` [ RunTime:0.0090s ]
SQL: SELECT `role_id` FROM `wxt_role_user` WHERE ( user_id = 1 ) LIMIT 1   [ RunTime:0.0000s ]
SQL: SELECT `school_name`,`schoolid`,`schoolgradetypeid` FROM `wxt_school` WHERE ( area=14 )  [ RunTime:0.0000s ]
INFO: [ app_end ] --START--
INFO: Run Behavior\ShowPageTraceBehavior [ RunTime:0.001000s ]
INFO: [ app_end ] --END-- [ RunTime:0.002000s ]

[ 2018-09-08T11:28:14+08:00 ] 127.0.0.1 /weixiaotong2016/index.php/Admin/Student/Lexcel?schoolid=7&tiaojian=0&shuzhi=&grade=0&classs=
NOTIC: D方法实例化没找到模型类Common\Model\SchoolModel
NOTIC: D方法实例化没找到模型类Common\Model\SchoolClassModel
NOTIC: D方法实例化没找到模型类Common\Model\ClassRelationshipModel
NOTIC: D方法实例化没找到模型类Common\Model\AppellationModel
NOTIC: D方法实例化没找到模型类Common\Model\WxtuserModel
NOTIC: D方法实例化没找到模型类Common\Model\RelationStuUserModel
NOTIC: D方法实例化没找到模型类Common\Model\StudentInfoModel

[ 2018-09-08T11:28:16+08:00 ] 127.0.0.1 /weixiaotong2016/index.php/Admin/Student/index/menuid/246
NOTIC: D方法实例化没找到模型类Common\Model\SchoolModel
NOTIC: D方法实例化没找到模型类Common\Model\SchoolClassModel
NOTIC: D方法实例化没找到模型类Common\Model\ClassRelationshipModel
NOTIC: D方法实例化没找到模型类Common\Model\AppellationModel
NOTIC: D方法实例化没找到模型类Common\Model\WxtuserModel
NOTIC: D方法实例化没找到模型类Common\Model\RelationStuUserModel
NOTIC: D方法实例化没找到模型类Common\Model\StudentInfoModel

[ 2018-09-08T11:28:55+08:00 ] 127.0.0.1 /weixiaotong2016/index.php/Admin/Student/index/menuid/246
NOTIC: D方法实例化没找到模型类Common\Model\SchoolModel
NOTIC: D方法实例化没找到模型类Common\Model\SchoolClassModel
NOTIC: D方法实例化没找到模型类Common\Model\ClassRelationshipModel
NOTIC: D方法实例化没找到模型类Common\Model\AppellationModel
NOTIC: D方法实例化没找到模型类Common\Model\WxtuserModel
NOTIC: D方法实例化没找到模型类Common\Model\RelationStuUserModel
NOTIC: D方法实例化没找到模型类Common\Model\StudentInfoModel

[ 2018-09-08T11:28:59+08:00 ] 127.0.0.1 /weixiaotong2016/index.php/Admin/Student/index/menuid/246
NOTIC: D方法实例化没找到模型类Common\Model\SchoolModel
NOTIC: D方法实例化没找到模型类Common\Model\SchoolClassModel
NOTIC: D方法实例化没找到模型类Common\Model\ClassRelationshipModel
NOTIC: D方法实例化没找到模型类Common\Model\AppellationModel
NOTIC: D方法实例化没找到模型类Common\Model\WxtuserModel
NOTIC: D方法实例化没找到模型类Common\Model\RelationStuUserModel
NOTIC: D方法实例化没找到模型类Common\Model\StudentInfoModel

[ 2018-09-08T11:29:00+08:00 ] 127.0.0.1 /weixiaotong2016/index.php/Admin/Student/index/menuid/246
NOTIC: D方法实例化没找到模型类Common\Model\SchoolModel
NOTIC: D方法实例化没找到模型类Common\Model\SchoolClassModel
NOTIC: D方法实例化没找到模型类Common\Model\ClassRelationshipModel
NOTIC: D方法实例化没找到模型类Common\Model\AppellationModel
NOTIC: D方法实例化没找到模型类Common\Model\WxtuserModel
NOTIC: D方法实例化没找到模型类Common\Model\RelationStuUserModel
NOTIC: D方法实例化没找到模型类Common\Model\StudentInfoModel

[ 2018-09-08T11:29:02+08:00 ] 127.0.0.1 /weixiaotong2016/index.php/Admin/Student/index/menuid/246
NOTIC: D方法实例化没找到模型类Common\Model\SchoolModel
NOTIC: D方法实例化没找到模型类Common\Model\SchoolClassModel
NOTIC: D方法实例化没找到模型类Common\Model\ClassRelationshipModel
NOTIC: D方法实例化没找到模型类Common\Model\AppellationModel
NOTIC: D方法实例化没找到模型类Common\Model\WxtuserModel
NOTIC: D方法实例化没找到模型类Common\Model\RelationStuUserModel
NOTIC: D方法实例化没找到模型类Common\Model\StudentInfoModel

[ 2018-09-08T11:29:03+08:00 ] 127.0.0.1 /weixiaotong2016/index.php/Admin/Student/index/menuid/246
NOTIC: D方法实例化没找到模型类Common\Model\SchoolModel
NOTIC: D方法实例化没找到模型类Common\Model\SchoolClassModel
NOTIC: D方法实例化没找到模型类Common\Model\ClassRelationshipModel
NOTIC: D方法实例化没找到模型类Common\Model\AppellationModel
NOTIC: D方法实例化没找到模型类Common\Model\WxtuserModel
NOTIC: D方法实例化没找到模型类Common\Model\RelationStuUserModel
NOTIC: D方法实例化没找到模型类Common\Model\StudentInfoModel

[ 2018-09-08T11:29:05+08:00 ] 127.0.0.1 /weixiaotong2016/index.php/Admin/Student/index/menuid/246
NOTIC: D方法实例化没找到模型类Common\Model\SchoolModel
NOTIC: D方法实例化没找到模型类Common\Model\SchoolClassModel
NOTIC: D方法实例化没找到模型类Common\Model\ClassRelationshipModel
NOTIC: D方法实例化没找到模型类Common\Model\AppellationModel
NOTIC: D方法实例化没找到模型类Common\Model\WxtuserModel
NOTIC: D方法实例化没找到模型类Common\Model\RelationStuUserModel
NOTIC: D方法实例化没找到模型类Common\Model\StudentInfoModel

[ 2018-09-08T11:29:06+08:00 ] 127.0.0.1 /weixiaotong2016/index.php/Admin/Student/index/menuid/246
NOTIC: D方法实例化没找到模型类Common\Model\SchoolModel
NOTIC: D方法实例化没找到模型类Common\Model\SchoolClassModel
NOTIC: D方法实例化没找到模型类Common\Model\ClassRelationshipModel
NOTIC: D方法实例化没找到模型类Common\Model\AppellationModel
NOTIC: D方法实例化没找到模型类Common\Model\WxtuserModel
NOTIC: D方法实例化没找到模型类Common\Model\RelationStuUserModel
NOTIC: D方法实例化没找到模型类Common\Model\StudentInfoModel

[ 2018-09-08T11:29:07+08:00 ] 127.0.0.1 /weixiaotong2016/index.php/Admin/Student/index/menuid/246
NOTIC: D方法实例化没找到模型类Common\Model\SchoolModel
NOTIC: D方法实例化没找到模型类Common\Model\SchoolClassModel
NOTIC: D方法实例化没找到模型类Common\Model\ClassRelationshipModel
NOTIC: D方法实例化没找到模型类Common\Model\AppellationModel
NOTIC: D方法实例化没找到模型类Common\Model\WxtuserModel
NOTIC: D方法实例化没找到模型类Common\Model\RelationStuUserModel
NOTIC: D方法实例化没找到模型类Common\Model\StudentInfoModel

[ 2018-09-08T11:29:09+08:00 ] 127.0.0.1 /weixiaotong2016/index.php/Admin/Student/index/menuid/246
NOTIC: D方法实例化没找到模型类Common\Model\SchoolModel
NOTIC: D方法实例化没找到模型类Common\Model\SchoolClassModel
NOTIC: D方法实例化没找到模型类Common\Model\ClassRelationshipModel
NOTIC: D方法实例化没找到模型类Common\Model\AppellationModel
NOTIC: D方法实例化没找到模型类Common\Model\WxtuserModel
NOTIC: D方法实例化没找到模型类Common\Model\RelationStuUserModel
NOTIC: D方法实例化没找到模型类Common\Model\StudentInfoModel

[ 2018-09-08T11:29:32+08:00 ] 127.0.0.1 /weixiaotong2016/index.php/Admin/Wxbindinglog/index/menuid/391
NOTIC: D方法实例化没找到模型类Common\Model\WechatMenuModel
NOTIC: D方法实例化没找到模型类Common\Model\WechatAutoReplyModel
NOTIC: D方法实例化没找到模型类Common\Model\WechatMaterialModel
NOTIC: D方法实例化没找到模型类Common\Model\CityModel

[ 2018-09-08T11:29:34+08:00 ] 127.0.0.1 /weixiaotong2016/index.php/Admin/Wxbindinglog/code_index
NOTIC: D方法实例化没找到模型类Common\Model\WechatMenuModel
NOTIC: D方法实例化没找到模型类Common\Model\WechatAutoReplyModel
NOTIC: D方法实例化没找到模型类Common\Model\WechatMaterialModel
NOTIC: D方法实例化没找到模型类Common\Model\CityModel

[ 2018-09-08T11:29:35+08:00 ] 127.0.0.1 /weixiaotong2016/index.php/Admin/Wxbindinglog/index
NOTIC: D方法实例化没找到模型类Common\Model\WechatMenuModel
NOTIC: D方法实例化没找到模型类Common\Model\WechatAutoReplyModel
NOTIC: D方法实例化没找到模型类Common\Model\WechatMaterialModel
NOTIC: D方法实例化没找到模型类Common\Model\CityModel

[ 2018-09-08T11:29:40+08:00 ] 127.0.0.1 /weixiaotong2016/index.php/Admin/Student/index/menuid/246
NOTIC: D方法实例化没找到模型类Common\Model\SchoolModel
NOTIC: D方法实例化没找到模型类Common\Model\SchoolClassModel
NOTIC: D方法实例化没找到模型类Common\Model\ClassRelationshipModel
NOTIC: D方法实例化没找到模型类Common\Model\AppellationModel
NOTIC: D方法实例化没找到模型类Common\Model\WxtuserModel
NOTIC: D方法实例化没找到模型类Common\Model\RelationStuUserModel
NOTIC: D方法实例化没找到模型类Common\Model\StudentInfoModel

[ 2018-09-08T11:30:14+08:00 ] 127.0.0.1 /weixiaotong2016/index.php/Admin/Teacher/index/menuid/194
NOTIC: D方法实例化没找到模型类Common\Model\SchoolModel
NOTIC: D方法实例化没找到模型类Common\Model\SchoolClassModel
NOTIC: D方法实例化没找到模型类Common\Model\WxtuserModel
NOTIC: D方法实例化没找到模型类Common\Model\TeacherInfoModel
NOTIC: D方法实例化没找到模型类Common\Model\ClassRelationshipModel
NOTIC: D方法实例化没找到模型类Common\Model\TeacherClassModel
NOTIC: D方法实例化没找到模型类Common\Model\DepartmentModel
NOTIC: D方法实例化没找到模型类Common\Model\SchoolDutyModel
NOTIC: D方法实例化没找到模型类Common\Model\DutyTeacherModel
NOTIC: D方法实例化没找到模型类Common\Model\DepartmentTeacherModel
NOTIC: D方法实例化没找到模型类Common\Model\CityModel

[ 2018-09-08T11:30:15+08:00 ] 127.0.0.1 /weixiaotong2016/index.php/Admin/Student/index/menuid/246
NOTIC: D方法实例化没找到模型类Common\Model\SchoolModel
NOTIC: D方法实例化没找到模型类Common\Model\SchoolClassModel
NOTIC: D方法实例化没找到模型类Common\Model\ClassRelationshipModel
NOTIC: D方法实例化没找到模型类Common\Model\AppellationModel
NOTIC: D方法实例化没找到模型类Common\Model\WxtuserModel
NOTIC: D方法实例化没找到模型类Common\Model\RelationStuUserModel
NOTIC: D方法实例化没找到模型类Common\Model\StudentInfoModel

[ 2018-09-08T11:30:16+08:00 ] 127.0.0.1 /weixiaotong2016/index.php/Admin/Student/excel_list
NOTIC: D方法实例化没找到模型类Common\Model\SchoolModel
NOTIC: D方法实例化没找到模型类Common\Model\SchoolClassModel
NOTIC: D方法实例化没找到模型类Common\Model\ClassRelationshipModel
NOTIC: D方法实例化没找到模型类Common\Model\AppellationModel
NOTIC: D方法实例化没找到模型类Common\Model\WxtuserModel
NOTIC: D方法实例化没找到模型类Common\Model\RelationStuUserModel
NOTIC: D方法实例化没找到模型类Common\Model\StudentInfoModel

[ 2018-09-08T11:31:36+08:00 ] 127.0.0.1 /weixiaotong2016/index.php/Admin/SchoolTransfer/index/menuid/377
NOTIC: D方法实例化没找到模型类Common\Model\SchoolModel
NOTIC: D方法实例化没找到模型类Common\Model\SchoolClassModel
NOTIC: D方法实例化没找到模型类Common\Model\WxtuserModel
NOTIC: D方法实例化没找到模型类Common\Model\TeacherClassModel
NOTIC: D方法实例化没找到模型类Common\Model\RelationStuUserModel
NOTIC: D方法实例化没找到模型类Common\Model\AgentModel
NOTIC: D方法实例化没找到模型类Common\Model\DepartmentModel
NOTIC: D方法实例化没找到模型类Common\Model\CityModel

[ 2018-09-08T11:32:17+08:00 ] 127.0.0.1 /weixiaotong2016/index.php/Admin/Student/index/menuid/246
NOTIC: D方法实例化没找到模型类Common\Model\SchoolModel
NOTIC: D方法实例化没找到模型类Common\Model\SchoolClassModel
NOTIC: D方法实例化没找到模型类Common\Model\ClassRelationshipModel
NOTIC: D方法实例化没找到模型类Common\Model\AppellationModel
NOTIC: D方法实例化没找到模型类Common\Model\WxtuserModel
NOTIC: D方法实例化没找到模型类Common\Model\RelationStuUserModel
NOTIC: D方法实例化没找到模型类Common\Model\StudentInfoModel

[ 2018-09-08T11:32:18+08:00 ] 127.0.0.1 /weixiaotong2016/index.php/Admin/Teacher/index/menuid/194
NOTIC: D方法实例化没找到模型类Common\Model\SchoolModel
NOTIC: D方法实例化没找到模型类Common\Model\SchoolClassModel
NOTIC: D方法实例化没找到模型类Common\Model\WxtuserModel
NOTIC: D方法实例化没找到模型类Common\Model\TeacherInfoModel
NOTIC: D方法实例化没找到模型类Common\Model\ClassRelationshipModel
NOTIC: D方法实例化没找到模型类Common\Model\TeacherClassModel
NOTIC: D方法实例化没找到模型类Common\Model\DepartmentModel
NOTIC: D方法实例化没找到模型类Common\Model\SchoolDutyModel
NOTIC: D方法实例化没找到模型类Common\Model\DutyTeacherModel
NOTIC: D方法实例化没找到模型类Common\Model\DepartmentTeacherModel
NOTIC: D方法实例化没找到模型类Common\Model\CityModel

[ 2018-09-08T11:32:20+08:00 ] 127.0.0.1 /weixiaotong2016/index.php/Admin/SchoolTransfer/index/menuid/377
NOTIC: D方法实例化没找到模型类Common\Model\SchoolModel
NOTIC: D方法实例化没找到模型类Common\Model\SchoolClassModel
NOTIC: D方法实例化没找到模型类Common\Model\WxtuserModel
NOTIC: D方法实例化没找到模型类Common\Model\TeacherClassModel
NOTIC: D方法实例化没找到模型类Common\Model\RelationStuUserModel
NOTIC: D方法实例化没找到模型类Common\Model\AgentModel
NOTIC: D方法实例化没找到模型类Common\Model\DepartmentModel
NOTIC: D方法实例化没找到模型类Common\Model\CityModel

[ 2018-09-08T11:32:37+08:00 ] 127.0.0.1 /weixiaotong2016/index.php/Admin/SchoolManage/index/menuid/192
NOTIC: D方法实例化没找到模型类Common\Model\SchoolModel
NOTIC: D方法实例化没找到模型类Common\Model\SchoolClassModel
NOTIC: D方法实例化没找到模型类Common\Model\WxtuserModel
NOTIC: D方法实例化没找到模型类Common\Model\TeacherClassModel
NOTIC: D方法实例化没找到模型类Common\Model\RelationStuUserModel
NOTIC: D方法实例化没找到模型类Common\Model\AgentModel
NOTIC: D方法实例化没找到模型类Common\Model\DepartmentModel
NOTIC: D方法实例化没找到模型类Common\Model\CityModel

