[ 2018-09-17T09:08:13+08:00 ] 127.0.0.1 /weixiaotong2016/index.php/Admin/public/dologin
INFO: [ app_begin ] --START--
INFO: Run Behavior\ReadHtmlCacheBehavior [ RunTime:0.000000s ]
INFO: Run Behavior\CheckLangBehavior [ RunTime:0.002000s ]
INFO: [ app_begin ] --END-- [ RunTime:0.003000s ]
SQL: SHOW COLUMNS FROM `wxt_users` [ RunTime:0.0210s ]
SQL: SELECT * FROM `wxt_users` WHERE `user_login` = 'weixiaotong' LIMIT 1   [ RunTime:0.0010s ]
SQL: SHOW COLUMNS FROM `wxt_role_user` [ RunTime:0.0230s ]
SQL: SELECT `role_id` FROM wxt_role_user a INNER JOIN wxt_role as b on a.role_id =b.id  WHERE `user_id` = '1' AND `status` = 1  [ RunTime:0.0140s ]
SQL: UPDATE `wxt_users` SET `user_login`='weixiaotong',`user_pass`='1106b40e836cb666950a9009d08e89c2e1a013751f3b2985',`user_nicename`='admin',`user_email`='zhu@xiaocool.cn',`user_url`='',`avatar`='570ca8a83c7ac.jpg',`sex`='0',`birthday`=NULL,`signature`=NULL,`last_login_ip`='127.0.0.1',`last_login_time`='2018-09-17 09:08:13',`create_time`='2015-12-31 09:08:44',`user_activation_key`='',`user_status`='1',`score`='0',`user_type`='1',`phone`=NULL WHERE `id` = 1 [ RunTime:0.0000s ]

[ 2018-09-17T09:08:16+08:00 ] 127.0.0.1 /weixiaotong2016/index.php/Admin/Student/index/menuid/246
NOTIC: D方法实例化没找到模型类Common\Model\SchoolModel
NOTIC: D方法实例化没找到模型类Common\Model\SchoolClassModel
NOTIC: D方法实例化没找到模型类Common\Model\ClassRelationshipModel
NOTIC: D方法实例化没找到模型类Common\Model\AppellationModel
NOTIC: D方法实例化没找到模型类Common\Model\WxtuserModel
NOTIC: D方法实例化没找到模型类Common\Model\RelationStuUserModel
NOTIC: D方法实例化没找到模型类Common\Model\StudentInfoModel

[ 2018-09-17T09:08:17+08:00 ] 127.0.0.1 /weixiaotong2016/index.php/Admin/Student/index/menuid/246
NOTIC: D方法实例化没找到模型类Common\Model\SchoolModel
NOTIC: D方法实例化没找到模型类Common\Model\SchoolClassModel
NOTIC: D方法实例化没找到模型类Common\Model\ClassRelationshipModel
NOTIC: D方法实例化没找到模型类Common\Model\AppellationModel
NOTIC: D方法实例化没找到模型类Common\Model\WxtuserModel
NOTIC: D方法实例化没找到模型类Common\Model\RelationStuUserModel
NOTIC: D方法实例化没找到模型类Common\Model\StudentInfoModel

[ 2018-09-17T09:08:27+08:00 ] 127.0.0.1 /weixiaotong2016/index.php/Admin/Student/index/menuid/246
NOTIC: D方法实例化没找到模型类Common\Model\SchoolModel
NOTIC: D方法实例化没找到模型类Common\Model\SchoolClassModel
NOTIC: D方法实例化没找到模型类Common\Model\ClassRelationshipModel
NOTIC: D方法实例化没找到模型类Common\Model\AppellationModel
NOTIC: D方法实例化没找到模型类Common\Model\WxtuserModel
NOTIC: D方法实例化没找到模型类Common\Model\RelationStuUserModel
NOTIC: D方法实例化没找到模型类Common\Model\StudentInfoModel

[ 2018-09-17T09:17:23+08:00 ] 127.0.0.1 /weixiaotong2016/index.php/Admin/Student/index/menuid/246
NOTIC: D方法实例化没找到模型类Common\Model\SchoolModel
NOTIC: D方法实例化没找到模型类Common\Model\SchoolClassModel
NOTIC: D方法实例化没找到模型类Common\Model\ClassRelationshipModel
NOTIC: D方法实例化没找到模型类Common\Model\AppellationModel
NOTIC: D方法实例化没找到模型类Common\Model\WxtuserModel
NOTIC: D方法实例化没找到模型类Common\Model\RelationStuUserModel
NOTIC: D方法实例化没找到模型类Common\Model\StudentInfoModel

[ 2018-09-17T09:19:22+08:00 ] 127.0.0.1 /weixiaotong2016/index.php/Admin/Student/index/menuid/246
NOTIC: D方法实例化没找到模型类Common\Model\SchoolModel
NOTIC: D方法实例化没找到模型类Common\Model\SchoolClassModel
NOTIC: D方法实例化没找到模型类Common\Model\ClassRelationshipModel
NOTIC: D方法实例化没找到模型类Common\Model\AppellationModel
NOTIC: D方法实例化没找到模型类Common\Model\WxtuserModel
NOTIC: D方法实例化没找到模型类Common\Model\RelationStuUserModel
NOTIC: D方法实例化没找到模型类Common\Model\StudentInfoModel

[ 2018-09-17T09:19:34+08:00 ] 127.0.0.1 /weixiaotong2016/index.php/Admin/Student/index/menuid/246
NOTIC: D方法实例化没找到模型类Common\Model\SchoolModel
NOTIC: D方法实例化没找到模型类Common\Model\SchoolClassModel
NOTIC: D方法实例化没找到模型类Common\Model\ClassRelationshipModel
NOTIC: D方法实例化没找到模型类Common\Model\AppellationModel
NOTIC: D方法实例化没找到模型类Common\Model\WxtuserModel
NOTIC: D方法实例化没找到模型类Common\Model\RelationStuUserModel
NOTIC: D方法实例化没找到模型类Common\Model\StudentInfoModel

[ 2018-09-17T09:19:41+08:00 ] 127.0.0.1 /weixiaotong2016/index.php?g=Admin&m=AdminUtils&a=role_type&Province=2
INFO: [ app_begin ] --START--
INFO: Run Behavior\ReadHtmlCacheBehavior [ RunTime:0.001000s ]
INFO: Run Behavior\CheckLangBehavior [ RunTime:0.002000s ]
INFO: [ app_begin ] --END-- [ RunTime:0.004000s ]
SQL: SHOW COLUMNS FROM `wxt_role_user` [ RunTime:0.0140s ]
SQL: SELECT r.city FROM wxt_role_user ru INNER JOIN wxt_role r ON r.id=ru.role_id  WHERE ru.user_id = '1' LIMIT 1   [ RunTime:0.0010s ]
SQL: SHOW COLUMNS FROM `wxt_city` [ RunTime:0.0130s ]
SQL: SELECT * FROM `wxt_city` WHERE `parent` = '2'  [ RunTime:0.0000s ]
INFO: [ app_end ] --START--
INFO: Run Behavior\ShowPageTraceBehavior [ RunTime:0.001000s ]
INFO: [ app_end ] --END-- [ RunTime:0.001000s ]

[ 2018-09-17T09:19:41+08:00 ] 127.0.0.1 /weixiaotong2016/index.php?g=Admin&m=AdminUtils&a=Provinces&Province=3
INFO: [ app_begin ] --START--
INFO: Run Behavior\ReadHtmlCacheBehavior [ RunTime:0.001000s ]
INFO: Run Behavior\CheckLangBehavior [ RunTime:0.002000s ]
INFO: [ app_begin ] --END-- [ RunTime:0.003000s ]
NOTIC: D方法实例化没找到模型类Common\Model\CityModel
SQL: SHOW COLUMNS FROM `wxt_city` [ RunTime:0.0130s ]
SQL: SELECT * FROM `wxt_city` WHERE ( parent=3 )  [ RunTime:0.0010s ]
INFO: [ app_end ] --START--
INFO: Run Behavior\ShowPageTraceBehavior [ RunTime:0.001000s ]
INFO: [ app_end ] --END-- [ RunTime:0.001000s ]

[ 2018-09-17T09:19:42+08:00 ] 127.0.0.1 /weixiaotong2016/index.php/?g=Admin&m=AdminUtils&a=lookup
INFO: [ app_begin ] --START--
INFO: Run Behavior\ReadHtmlCacheBehavior [ RunTime:0.001000s ]
INFO: Run Behavior\CheckLangBehavior [ RunTime:0.002000s ]
INFO: [ app_begin ] --END-- [ RunTime:0.003000s ]
NOTIC: D方法实例化没找到模型类Common\Model\SchoolModel
SQL: SHOW COLUMNS FROM `wxt_school` [ RunTime:0.0140s ]
NOTIC: D方法实例化没找到模型类Common\Model\RoleSchoolModel
SQL: SHOW COLUMNS FROM `wxt_role_school` [ RunTime:0.0330s ]
SQL: SHOW COLUMNS FROM `wxt_role_user` [ RunTime:0.0140s ]
SQL: SELECT `role_id` FROM `wxt_role_user` WHERE ( user_id = 1 ) LIMIT 1   [ RunTime:0.0000s ]
SQL: SELECT `school_name`,`schoolid`,`schoolgradetypeid` FROM `wxt_school` WHERE ( area=7 )  [ RunTime:0.0010s ]
INFO: [ app_end ] --START--
INFO: Run Behavior\ShowPageTraceBehavior [ RunTime:0.001000s ]
INFO: [ app_end ] --END-- [ RunTime:0.001000s ]

[ 2018-09-17T09:19:44+08:00 ] 127.0.0.1 /weixiaotong2016/index.php?g=Admin&m=AdminUtils&a=showgrade&schoolid=7
INFO: [ app_begin ] --START--
INFO: Run Behavior\ReadHtmlCacheBehavior [ RunTime:0.001001s ]
INFO: Run Behavior\CheckLangBehavior [ RunTime:0.002000s ]
INFO: [ app_begin ] --END-- [ RunTime:0.003001s ]
SQL: SHOW COLUMNS FROM `wxt_school_grade` [ RunTime:0.0370s ]
SQL: SELECT `name`,`gradeid` FROM `wxt_school_grade` WHERE ( schoolid = 7 ) ORDER BY gradeid  [ RunTime:0.0000s ]

[ 2018-09-17T09:19:46+08:00 ] 127.0.0.1 /weixiaotong2016/index.php?g=Admin&m=AdminUtils&a=showclass&schoolid=7&gradeid=2
INFO: [ app_begin ] --START--
INFO: Run Behavior\ReadHtmlCacheBehavior [ RunTime:0.000000s ]
INFO: Run Behavior\CheckLangBehavior [ RunTime:0.002000s ]
INFO: [ app_begin ] --END-- [ RunTime:0.003000s ]
SQL: SHOW COLUMNS FROM `wxt_school_class` [ RunTime:0.0130s ]
SQL: SELECT `id`,`classname` FROM `wxt_school_class` WHERE `schoolid` = 7 AND `grade` = 2  [ RunTime:0.0000s ]

[ 2018-09-17T09:19:48+08:00 ] 127.0.0.1 /weixiaotong2016/index.php?g=Admin&m=AdminUtils&a=showclass&schoolid=7&gradeid=3
INFO: [ app_begin ] --START--
INFO: Run Behavior\ReadHtmlCacheBehavior [ RunTime:0.001000s ]
INFO: Run Behavior\CheckLangBehavior [ RunTime:0.003000s ]
INFO: [ app_begin ] --END-- [ RunTime:0.004000s ]
SQL: SHOW COLUMNS FROM `wxt_school_class` [ RunTime:0.0130s ]
SQL: SELECT `id`,`classname` FROM `wxt_school_class` WHERE `schoolid` = 7 AND `grade` = 3  [ RunTime:0.0000s ]

[ 2018-09-17T09:19:51+08:00 ] 127.0.0.1 /weixiaotong2016/index.php/Admin/Student/index?province=2&citys=3&message_type=7&schoolid=7&grade=3&classs=37&tiaojian=0&shuzhi=
NOTIC: D方法实例化没找到模型类Common\Model\SchoolModel
NOTIC: D方法实例化没找到模型类Common\Model\SchoolClassModel
NOTIC: D方法实例化没找到模型类Common\Model\ClassRelationshipModel
NOTIC: D方法实例化没找到模型类Common\Model\AppellationModel
NOTIC: D方法实例化没找到模型类Common\Model\WxtuserModel
NOTIC: D方法实例化没找到模型类Common\Model\RelationStuUserModel
NOTIC: D方法实例化没找到模型类Common\Model\StudentInfoModel

[ 2018-09-17T09:19:51+08:00 ] 127.0.0.1 /weixiaotong2016/index.php?g=Admin&m=AdminUtils&a=role_type&Province=2
INFO: [ app_begin ] --START--
INFO: Run Behavior\ReadHtmlCacheBehavior [ RunTime:0.002000s ]
INFO: Run Behavior\CheckLangBehavior [ RunTime:0.002000s ]
INFO: [ app_begin ] --END-- [ RunTime:0.004000s ]
SQL: SHOW COLUMNS FROM `wxt_role_user` [ RunTime:0.0110s ]
SQL: SELECT r.city FROM wxt_role_user ru INNER JOIN wxt_role r ON r.id=ru.role_id  WHERE ru.user_id = '1' LIMIT 1   [ RunTime:0.0000s ]
SQL: SHOW COLUMNS FROM `wxt_city` [ RunTime:0.0120s ]
SQL: SELECT * FROM `wxt_city` WHERE `parent` = '2'  [ RunTime:0.0010s ]
INFO: [ app_end ] --START--
INFO: Run Behavior\ShowPageTraceBehavior [ RunTime:0.001000s ]
INFO: [ app_end ] --END-- [ RunTime:0.001000s ]

[ 2018-09-17T09:19:51+08:00 ] 127.0.0.1 /weixiaotong2016/index.php?g=Admin&m=AdminUtils&a=Provinces&Province=3
INFO: [ app_begin ] --START--
INFO: Run Behavior\ReadHtmlCacheBehavior [ RunTime:0.001000s ]
INFO: Run Behavior\CheckLangBehavior [ RunTime:0.001000s ]
INFO: [ app_begin ] --END-- [ RunTime:0.003000s ]
NOTIC: D方法实例化没找到模型类Common\Model\CityModel
SQL: SHOW COLUMNS FROM `wxt_city` [ RunTime:0.0130s ]
SQL: SELECT * FROM `wxt_city` WHERE ( parent=3 )  [ RunTime:0.0000s ]
INFO: [ app_end ] --START--
INFO: Run Behavior\ShowPageTraceBehavior [ RunTime:0.001000s ]
INFO: [ app_end ] --END-- [ RunTime:0.001000s ]

[ 2018-09-17T09:19:51+08:00 ] 127.0.0.1 /weixiaotong2016/index.php?g=Admin&m=AdminUtils&a=showgrade&schoolid=7
INFO: [ app_begin ] --START--
INFO: Run Behavior\ReadHtmlCacheBehavior [ RunTime:0.001000s ]
INFO: Run Behavior\CheckLangBehavior [ RunTime:0.002000s ]
INFO: [ app_begin ] --END-- [ RunTime:0.003000s ]
SQL: SHOW COLUMNS FROM `wxt_school_grade` [ RunTime:0.0140s ]
SQL: SELECT `name`,`gradeid` FROM `wxt_school_grade` WHERE ( schoolid = 7 ) ORDER BY gradeid  [ RunTime:0.0000s ]

[ 2018-09-17T09:19:51+08:00 ] 127.0.0.1 /weixiaotong2016/index.php/?g=Admin&m=AdminUtils&a=lookup
INFO: [ app_begin ] --START--
INFO: Run Behavior\ReadHtmlCacheBehavior [ RunTime:0.001000s ]
INFO: Run Behavior\CheckLangBehavior [ RunTime:0.002000s ]
INFO: [ app_begin ] --END-- [ RunTime:0.003000s ]
NOTIC: D方法实例化没找到模型类Common\Model\SchoolModel
SQL: SHOW COLUMNS FROM `wxt_school` [ RunTime:0.0140s ]
NOTIC: D方法实例化没找到模型类Common\Model\RoleSchoolModel
SQL: SHOW COLUMNS FROM `wxt_role_school` [ RunTime:0.0130s ]
SQL: SHOW COLUMNS FROM `wxt_role_user` [ RunTime:0.0130s ]
SQL: SELECT `role_id` FROM `wxt_role_user` WHERE ( user_id = 1 ) LIMIT 1   [ RunTime:0.0000s ]
SQL: SELECT `school_name`,`schoolid`,`schoolgradetypeid` FROM `wxt_school` WHERE ( area=7 )  [ RunTime:0.0010s ]
INFO: [ app_end ] --START--
INFO: Run Behavior\ShowPageTraceBehavior [ RunTime:0.001000s ]
INFO: [ app_end ] --END-- [ RunTime:0.001000s ]

[ 2018-09-17T09:19:51+08:00 ] 127.0.0.1 /weixiaotong2016/index.php?g=Admin&m=AdminUtils&a=showclass&schoolid=7&gradeid=3
INFO: [ app_begin ] --START--
INFO: Run Behavior\ReadHtmlCacheBehavior [ RunTime:0.001000s ]
INFO: Run Behavior\CheckLangBehavior [ RunTime:0.002000s ]
INFO: [ app_begin ] --END-- [ RunTime:0.003000s ]
SQL: SHOW COLUMNS FROM `wxt_school_class` [ RunTime:0.0130s ]
SQL: SELECT `id`,`classname` FROM `wxt_school_class` WHERE `schoolid` = 7 AND `grade` = 3  [ RunTime:0.0010s ]

[ 2018-09-17T09:20:25+08:00 ] 127.0.0.1 /weixiaotong2016/index.php/Admin/Student/index?province=2&citys=3&message_type=7&schoolid=7&grade=3&classs=37&tiaojian=0&shuzhi=
NOTIC: D方法实例化没找到模型类Common\Model\SchoolModel
NOTIC: D方法实例化没找到模型类Common\Model\SchoolClassModel
NOTIC: D方法实例化没找到模型类Common\Model\ClassRelationshipModel
NOTIC: D方法实例化没找到模型类Common\Model\AppellationModel
NOTIC: D方法实例化没找到模型类Common\Model\WxtuserModel
NOTIC: D方法实例化没找到模型类Common\Model\RelationStuUserModel
NOTIC: D方法实例化没找到模型类Common\Model\StudentInfoModel

[ 2018-09-17T09:20:25+08:00 ] 127.0.0.1 /weixiaotong2016/index.php?g=Admin&m=AdminUtils&a=role_type&Province=2
INFO: [ app_begin ] --START--
INFO: Run Behavior\ReadHtmlCacheBehavior [ RunTime:0.001000s ]
INFO: Run Behavior\CheckLangBehavior [ RunTime:0.002000s ]
INFO: [ app_begin ] --END-- [ RunTime:0.004000s ]
SQL: SHOW COLUMNS FROM `wxt_role_user` [ RunTime:0.0090s ]
SQL: SELECT r.city FROM wxt_role_user ru INNER JOIN wxt_role r ON r.id=ru.role_id  WHERE ru.user_id = '1' LIMIT 1   [ RunTime:0.0010s ]
SQL: SHOW COLUMNS FROM `wxt_city` [ RunTime:0.0100s ]
SQL: SELECT * FROM `wxt_city` WHERE `parent` = '2'  [ RunTime:0.0010s ]
INFO: [ app_end ] --START--
INFO: Run Behavior\ShowPageTraceBehavior [ RunTime:0.001000s ]
INFO: [ app_end ] --END-- [ RunTime:0.001000s ]

[ 2018-09-17T09:20:25+08:00 ] 127.0.0.1 /weixiaotong2016/index.php?g=Admin&m=AdminUtils&a=Provinces&Province=3
INFO: [ app_begin ] --START--
INFO: Run Behavior\ReadHtmlCacheBehavior [ RunTime:0.001000s ]
INFO: Run Behavior\CheckLangBehavior [ RunTime:0.005000s ]
INFO: [ app_begin ] --END-- [ RunTime:0.007001s ]
NOTIC: D方法实例化没找到模型类Common\Model\CityModel
SQL: SHOW COLUMNS FROM `wxt_city` [ RunTime:0.0090s ]
SQL: SELECT * FROM `wxt_city` WHERE ( parent=3 )  [ RunTime:0.0010s ]
INFO: [ app_end ] --START--
INFO: Run Behavior\ShowPageTraceBehavior [ RunTime:0.001000s ]
INFO: [ app_end ] --END-- [ RunTime:0.001000s ]

[ 2018-09-17T09:20:25+08:00 ] 127.0.0.1 /weixiaotong2016/index.php/?g=Admin&m=AdminUtils&a=lookup
INFO: [ app_begin ] --START--
INFO: Run Behavior\ReadHtmlCacheBehavior [ RunTime:0.001000s ]
INFO: Run Behavior\CheckLangBehavior [ RunTime:0.002000s ]
INFO: [ app_begin ] --END-- [ RunTime:0.004000s ]
NOTIC: D方法实例化没找到模型类Common\Model\SchoolModel
SQL: SHOW COLUMNS FROM `wxt_school` [ RunTime:0.0090s ]
NOTIC: D方法实例化没找到模型类Common\Model\RoleSchoolModel
SQL: SHOW COLUMNS FROM `wxt_role_school` [ RunTime:0.0090s ]
SQL: SHOW COLUMNS FROM `wxt_role_user` [ RunTime:0.0090s ]
SQL: SELECT `role_id` FROM `wxt_role_user` WHERE ( user_id = 1 ) LIMIT 1   [ RunTime:0.0000s ]
SQL: SELECT `school_name`,`schoolid`,`schoolgradetypeid` FROM `wxt_school` WHERE ( area=7 )  [ RunTime:0.0000s ]
INFO: [ app_end ] --START--
INFO: Run Behavior\ShowPageTraceBehavior [ RunTime:0.001000s ]
INFO: [ app_end ] --END-- [ RunTime:0.001000s ]

[ 2018-09-17T09:20:25+08:00 ] 127.0.0.1 /weixiaotong2016/index.php?g=Admin&m=AdminUtils&a=showgrade&schoolid=7
INFO: [ app_begin ] --START--
INFO: Run Behavior\ReadHtmlCacheBehavior [ RunTime:0.001000s ]
INFO: Run Behavior\CheckLangBehavior [ RunTime:0.002000s ]
INFO: [ app_begin ] --END-- [ RunTime:0.004000s ]
SQL: SHOW COLUMNS FROM `wxt_school_grade` [ RunTime:0.0090s ]
SQL: SELECT `name`,`gradeid` FROM `wxt_school_grade` WHERE ( schoolid = 7 ) ORDER BY gradeid  [ RunTime:0.0000s ]

[ 2018-09-17T09:20:25+08:00 ] 127.0.0.1 /weixiaotong2016/index.php?g=Admin&m=AdminUtils&a=showclass&schoolid=7&gradeid=3
INFO: [ app_begin ] --START--
INFO: Run Behavior\ReadHtmlCacheBehavior [ RunTime:0.001000s ]
INFO: Run Behavior\CheckLangBehavior [ RunTime:0.002000s ]
INFO: [ app_begin ] --END-- [ RunTime:0.004001s ]
SQL: SHOW COLUMNS FROM `wxt_school_class` [ RunTime:0.0100s ]
SQL: SELECT `id`,`classname` FROM `wxt_school_class` WHERE `schoolid` = 7 AND `grade` = 3  [ RunTime:0.0000s ]

[ 2018-09-17T09:20:29+08:00 ] 127.0.0.1 /weixiaotong2016/index.php/Admin/Student/index?province=2&citys=3&message_type=7&schoolid=7&grade=3&classs=37&tiaojian=0&shuzhi=
NOTIC: D方法实例化没找到模型类Common\Model\SchoolModel
NOTIC: D方法实例化没找到模型类Common\Model\SchoolClassModel
NOTIC: D方法实例化没找到模型类Common\Model\ClassRelationshipModel
NOTIC: D方法实例化没找到模型类Common\Model\AppellationModel
NOTIC: D方法实例化没找到模型类Common\Model\WxtuserModel
NOTIC: D方法实例化没找到模型类Common\Model\RelationStuUserModel
NOTIC: D方法实例化没找到模型类Common\Model\StudentInfoModel

[ 2018-09-17T09:20:29+08:00 ] 127.0.0.1 /weixiaotong2016/index.php?g=Admin&m=AdminUtils&a=role_type&Province=2
INFO: [ app_begin ] --START--
INFO: Run Behavior\ReadHtmlCacheBehavior [ RunTime:0.002001s ]
INFO: Run Behavior\CheckLangBehavior [ RunTime:0.002000s ]
INFO: [ app_begin ] --END-- [ RunTime:0.009001s ]
SQL: SHOW COLUMNS FROM `wxt_role_user` [ RunTime:0.0120s ]
SQL: SELECT r.city FROM wxt_role_user ru INNER JOIN wxt_role r ON r.id=ru.role_id  WHERE ru.user_id = '1' LIMIT 1   [ RunTime:0.0000s ]
SQL: SHOW COLUMNS FROM `wxt_city` [ RunTime:0.0100s ]
SQL: SELECT * FROM `wxt_city` WHERE `parent` = '2'  [ RunTime:0.0010s ]
INFO: [ app_end ] --START--
INFO: Run Behavior\ShowPageTraceBehavior [ RunTime:0.001000s ]
INFO: [ app_end ] --END-- [ RunTime:0.001000s ]

[ 2018-09-17T09:20:29+08:00 ] 127.0.0.1 /weixiaotong2016/index.php?g=Admin&m=AdminUtils&a=Provinces&Province=3
INFO: [ app_begin ] --START--
INFO: Run Behavior\ReadHtmlCacheBehavior [ RunTime:0.001000s ]
INFO: Run Behavior\CheckLangBehavior [ RunTime:0.002000s ]
INFO: [ app_begin ] --END-- [ RunTime:0.003000s ]
NOTIC: D方法实例化没找到模型类Common\Model\CityModel
SQL: SHOW COLUMNS FROM `wxt_city` [ RunTime:0.0100s ]
SQL: SELECT * FROM `wxt_city` WHERE ( parent=3 )  [ RunTime:0.0000s ]
INFO: [ app_end ] --START--
INFO: Run Behavior\ShowPageTraceBehavior [ RunTime:0.001000s ]
INFO: [ app_end ] --END-- [ RunTime:0.002000s ]

[ 2018-09-17T09:20:29+08:00 ] 127.0.0.1 /weixiaotong2016/index.php/?g=Admin&m=AdminUtils&a=lookup
INFO: [ app_begin ] --START--
INFO: Run Behavior\ReadHtmlCacheBehavior [ RunTime:0.000000s ]
INFO: Run Behavior\CheckLangBehavior [ RunTime:0.002000s ]
INFO: [ app_begin ] --END-- [ RunTime:0.003000s ]
NOTIC: D方法实例化没找到模型类Common\Model\SchoolModel
SQL: SHOW COLUMNS FROM `wxt_school` [ RunTime:0.0090s ]
NOTIC: D方法实例化没找到模型类Common\Model\RoleSchoolModel
SQL: SHOW COLUMNS FROM `wxt_role_school` [ RunTime:0.0100s ]
SQL: SHOW COLUMNS FROM `wxt_role_user` [ RunTime:0.0110s ]
SQL: SELECT `role_id` FROM `wxt_role_user` WHERE ( user_id = 1 ) LIMIT 1   [ RunTime:0.0000s ]
SQL: SELECT `school_name`,`schoolid`,`schoolgradetypeid` FROM `wxt_school` WHERE ( area=7 )  [ RunTime:0.0010s ]
INFO: [ app_end ] --START--
INFO: Run Behavior\ShowPageTraceBehavior [ RunTime:0.001000s ]
INFO: [ app_end ] --END-- [ RunTime:0.001000s ]

[ 2018-09-17T09:20:29+08:00 ] 127.0.0.1 /weixiaotong2016/index.php?g=Admin&m=AdminUtils&a=showgrade&schoolid=7
INFO: [ app_begin ] --START--
INFO: Run Behavior\ReadHtmlCacheBehavior [ RunTime:0.001000s ]
INFO: Run Behavior\CheckLangBehavior [ RunTime:0.003000s ]
INFO: [ app_begin ] --END-- [ RunTime:0.005000s ]
SQL: SHOW COLUMNS FROM `wxt_school_grade` [ RunTime:0.0110s ]
SQL: SELECT `name`,`gradeid` FROM `wxt_school_grade` WHERE ( schoolid = 7 ) ORDER BY gradeid  [ RunTime:0.0000s ]

[ 2018-09-17T09:20:29+08:00 ] 127.0.0.1 /weixiaotong2016/index.php?g=Admin&m=AdminUtils&a=showclass&schoolid=7&gradeid=3
INFO: [ app_begin ] --START--
INFO: Run Behavior\ReadHtmlCacheBehavior [ RunTime:0.001000s ]
INFO: Run Behavior\CheckLangBehavior [ RunTime:0.002000s ]
INFO: [ app_begin ] --END-- [ RunTime:0.004000s ]
SQL: SHOW COLUMNS FROM `wxt_school_class` [ RunTime:0.0100s ]
SQL: SELECT `id`,`classname` FROM `wxt_school_class` WHERE `schoolid` = 7 AND `grade` = 3  [ RunTime:0.0010s ]

[ 2018-09-17T09:21:01+08:00 ] 127.0.0.1 /weixiaotong2016/index.php/Admin/Student/index?province=2&citys=3&message_type=7&schoolid=7&grade=3&classs=37&tiaojian=0&shuzhi=
NOTIC: D方法实例化没找到模型类Common\Model\SchoolModel
NOTIC: D方法实例化没找到模型类Common\Model\SchoolClassModel
NOTIC: D方法实例化没找到模型类Common\Model\ClassRelationshipModel
NOTIC: D方法实例化没找到模型类Common\Model\AppellationModel
NOTIC: D方法实例化没找到模型类Common\Model\WxtuserModel
NOTIC: D方法实例化没找到模型类Common\Model\RelationStuUserModel
NOTIC: D方法实例化没找到模型类Common\Model\StudentInfoModel

[ 2018-09-17T09:21:01+08:00 ] 127.0.0.1 /weixiaotong2016/index.php?g=Admin&m=AdminUtils&a=role_type&Province=2
INFO: [ app_begin ] --START--
INFO: Run Behavior\ReadHtmlCacheBehavior [ RunTime:0.001000s ]
INFO: Run Behavior\CheckLangBehavior [ RunTime:0.002000s ]
INFO: [ app_begin ] --END-- [ RunTime:0.004000s ]
SQL: SHOW COLUMNS FROM `wxt_role_user` [ RunTime:0.0110s ]
SQL: SELECT r.city FROM wxt_role_user ru INNER JOIN wxt_role r ON r.id=ru.role_id  WHERE ru.user_id = '1' LIMIT 1   [ RunTime:0.0000s ]
SQL: SHOW COLUMNS FROM `wxt_city` [ RunTime:0.0090s ]
SQL: SELECT * FROM `wxt_city` WHERE `parent` = '2'  [ RunTime:0.0010s ]
INFO: [ app_end ] --START--
INFO: Run Behavior\ShowPageTraceBehavior [ RunTime:0.001000s ]
INFO: [ app_end ] --END-- [ RunTime:0.001000s ]

[ 2018-09-17T09:21:01+08:00 ] 127.0.0.1 /weixiaotong2016/index.php?g=Admin&m=AdminUtils&a=Provinces&Province=3
INFO: [ app_begin ] --START--
INFO: Run Behavior\ReadHtmlCacheBehavior [ RunTime:0.001000s ]
INFO: Run Behavior\CheckLangBehavior [ RunTime:0.002000s ]
INFO: [ app_begin ] --END-- [ RunTime:0.003000s ]
NOTIC: D方法实例化没找到模型类Common\Model\CityModel
SQL: SHOW COLUMNS FROM `wxt_city` [ RunTime:0.0090s ]
SQL: SELECT * FROM `wxt_city` WHERE ( parent=3 )  [ RunTime:0.0010s ]
INFO: [ app_end ] --START--
INFO: Run Behavior\ShowPageTraceBehavior [ RunTime:0.000000s ]
INFO: [ app_end ] --END-- [ RunTime:0.001000s ]

[ 2018-09-17T09:21:01+08:00 ] 127.0.0.1 /weixiaotong2016/index.php?g=Admin&m=AdminUtils&a=showgrade&schoolid=7
INFO: [ app_begin ] --START--
INFO: Run Behavior\ReadHtmlCacheBehavior [ RunTime:0.002000s ]
INFO: Run Behavior\CheckLangBehavior [ RunTime:0.003000s ]
INFO: [ app_begin ] --END-- [ RunTime:0.005000s ]
SQL: SHOW COLUMNS FROM `wxt_school_grade` [ RunTime:0.0090s ]
SQL: SELECT `name`,`gradeid` FROM `wxt_school_grade` WHERE ( schoolid = 7 ) ORDER BY gradeid  [ RunTime:0.0000s ]

[ 2018-09-17T09:21:01+08:00 ] 127.0.0.1 /weixiaotong2016/index.php/?g=Admin&m=AdminUtils&a=lookup
INFO: [ app_begin ] --START--
INFO: Run Behavior\ReadHtmlCacheBehavior [ RunTime:0.001000s ]
INFO: Run Behavior\CheckLangBehavior [ RunTime:0.002001s ]
INFO: [ app_begin ] --END-- [ RunTime:0.003001s ]
NOTIC: D方法实例化没找到模型类Common\Model\SchoolModel
SQL: SHOW COLUMNS FROM `wxt_school` [ RunTime:0.0090s ]
NOTIC: D方法实例化没找到模型类Common\Model\RoleSchoolModel
SQL: SHOW COLUMNS FROM `wxt_role_school` [ RunTime:0.0090s ]
SQL: SHOW COLUMNS FROM `wxt_role_user` [ RunTime:0.0100s ]
SQL: SELECT `role_id` FROM `wxt_role_user` WHERE ( user_id = 1 ) LIMIT 1   [ RunTime:0.0000s ]
SQL: SELECT `school_name`,`schoolid`,`schoolgradetypeid` FROM `wxt_school` WHERE ( area=7 )  [ RunTime:0.0000s ]
INFO: [ app_end ] --START--
INFO: Run Behavior\ShowPageTraceBehavior [ RunTime:0.001000s ]
INFO: [ app_end ] --END-- [ RunTime:0.001000s ]

[ 2018-09-17T09:21:01+08:00 ] 127.0.0.1 /weixiaotong2016/index.php?g=Admin&m=AdminUtils&a=showclass&schoolid=7&gradeid=3
INFO: [ app_begin ] --START--
INFO: Run Behavior\ReadHtmlCacheBehavior [ RunTime:0.002000s ]
INFO: Run Behavior\CheckLangBehavior [ RunTime:0.002000s ]
INFO: [ app_begin ] --END-- [ RunTime:0.004000s ]
SQL: SHOW COLUMNS FROM `wxt_school_class` [ RunTime:0.0080s ]
SQL: SELECT `id`,`classname` FROM `wxt_school_class` WHERE `schoolid` = 7 AND `grade` = 3  [ RunTime:0.0000s ]

[ 2018-09-17T09:21:21+08:00 ] 127.0.0.1 /weixiaotong2016/index.php/Admin/Student/index?province=2&citys=3&message_type=7&schoolid=7&grade=3&classs=37&tiaojian=0&shuzhi=
NOTIC: D方法实例化没找到模型类Common\Model\SchoolModel
NOTIC: D方法实例化没找到模型类Common\Model\SchoolClassModel
NOTIC: D方法实例化没找到模型类Common\Model\ClassRelationshipModel
NOTIC: D方法实例化没找到模型类Common\Model\AppellationModel
NOTIC: D方法实例化没找到模型类Common\Model\WxtuserModel
NOTIC: D方法实例化没找到模型类Common\Model\RelationStuUserModel
NOTIC: D方法实例化没找到模型类Common\Model\StudentInfoModel

[ 2018-09-17T09:21:21+08:00 ] 127.0.0.1 /weixiaotong2016/index.php?g=Admin&m=AdminUtils&a=role_type&Province=2
INFO: [ app_begin ] --START--
INFO: Run Behavior\ReadHtmlCacheBehavior [ RunTime:0.001000s ]
INFO: Run Behavior\CheckLangBehavior [ RunTime:0.002001s ]
INFO: [ app_begin ] --END-- [ RunTime:0.004001s ]
SQL: SHOW COLUMNS FROM `wxt_role_user` [ RunTime:0.0110s ]
SQL: SELECT r.city FROM wxt_role_user ru INNER JOIN wxt_role r ON r.id=ru.role_id  WHERE ru.user_id = '1' LIMIT 1   [ RunTime:0.0010s ]
SQL: SHOW COLUMNS FROM `wxt_city` [ RunTime:0.0090s ]
SQL: SELECT * FROM `wxt_city` WHERE `parent` = '2'  [ RunTime:0.0000s ]
INFO: [ app_end ] --START--
INFO: Run Behavior\ShowPageTraceBehavior [ RunTime:0.001000s ]
INFO: [ app_end ] --END-- [ RunTime:0.001000s ]

[ 2018-09-17T09:21:21+08:00 ] 127.0.0.1 /weixiaotong2016/index.php?g=Admin&m=AdminUtils&a=Provinces&Province=3
INFO: [ app_begin ] --START--
INFO: Run Behavior\ReadHtmlCacheBehavior [ RunTime:0.001000s ]
INFO: Run Behavior\CheckLangBehavior [ RunTime:0.002000s ]
INFO: [ app_begin ] --END-- [ RunTime:0.004000s ]
NOTIC: D方法实例化没找到模型类Common\Model\CityModel
SQL: SHOW COLUMNS FROM `wxt_city` [ RunTime:0.0090s ]
SQL: SELECT * FROM `wxt_city` WHERE ( parent=3 )  [ RunTime:0.0000s ]
INFO: [ app_end ] --START--
INFO: Run Behavior\ShowPageTraceBehavior [ RunTime:0.001000s ]
INFO: [ app_end ] --END-- [ RunTime:0.001000s ]

[ 2018-09-17T09:21:21+08:00 ] 127.0.0.1 /weixiaotong2016/index.php/?g=Admin&m=AdminUtils&a=lookup
INFO: [ app_begin ] --START--
INFO: Run Behavior\ReadHtmlCacheBehavior [ RunTime:0.001000s ]
INFO: Run Behavior\CheckLangBehavior [ RunTime:0.001000s ]
INFO: [ app_begin ] --END-- [ RunTime:0.003000s ]
NOTIC: D方法实例化没找到模型类Common\Model\SchoolModel
SQL: SHOW COLUMNS FROM `wxt_school` [ RunTime:0.0090s ]
NOTIC: D方法实例化没找到模型类Common\Model\RoleSchoolModel
SQL: SHOW COLUMNS FROM `wxt_role_school` [ RunTime:0.0100s ]
SQL: SHOW COLUMNS FROM `wxt_role_user` [ RunTime:0.0090s ]
SQL: SELECT `role_id` FROM `wxt_role_user` WHERE ( user_id = 1 ) LIMIT 1   [ RunTime:0.0000s ]
SQL: SELECT `school_name`,`schoolid`,`schoolgradetypeid` FROM `wxt_school` WHERE ( area=7 )  [ RunTime:0.0000s ]
INFO: [ app_end ] --START--
INFO: Run Behavior\ShowPageTraceBehavior [ RunTime:0.001001s ]
INFO: [ app_end ] --END-- [ RunTime:0.001001s ]

[ 2018-09-17T09:21:21+08:00 ] 127.0.0.1 /weixiaotong2016/index.php?g=Admin&m=AdminUtils&a=showgrade&schoolid=7
INFO: [ app_begin ] --START--
INFO: Run Behavior\ReadHtmlCacheBehavior [ RunTime:0.001000s ]
INFO: Run Behavior\CheckLangBehavior [ RunTime:0.003000s ]
INFO: [ app_begin ] --END-- [ RunTime:0.004000s ]
SQL: SHOW COLUMNS FROM `wxt_school_grade` [ RunTime:0.0090s ]
SQL: SELECT `name`,`gradeid` FROM `wxt_school_grade` WHERE ( schoolid = 7 ) ORDER BY gradeid  [ RunTime:0.0000s ]

[ 2018-09-17T09:21:21+08:00 ] 127.0.0.1 /weixiaotong2016/index.php?g=Admin&m=AdminUtils&a=showclass&schoolid=7&gradeid=3
INFO: [ app_begin ] --START--
INFO: Run Behavior\ReadHtmlCacheBehavior [ RunTime:0.001000s ]
INFO: Run Behavior\CheckLangBehavior [ RunTime:0.003000s ]
INFO: [ app_begin ] --END-- [ RunTime:0.004000s ]
SQL: SHOW COLUMNS FROM `wxt_school_class` [ RunTime:0.0100s ]
SQL: SELECT `id`,`classname` FROM `wxt_school_class` WHERE `schoolid` = 7 AND `grade` = 3  [ RunTime:0.0000s ]

[ 2018-09-17T09:21:26+08:00 ] 127.0.0.1 /weixiaotong2016/index.php/Admin/Student/index
NOTIC: D方法实例化没找到模型类Common\Model\SchoolModel
NOTIC: D方法实例化没找到模型类Common\Model\SchoolClassModel
NOTIC: D方法实例化没找到模型类Common\Model\ClassRelationshipModel
NOTIC: D方法实例化没找到模型类Common\Model\AppellationModel
NOTIC: D方法实例化没找到模型类Common\Model\WxtuserModel
NOTIC: D方法实例化没找到模型类Common\Model\RelationStuUserModel
NOTIC: D方法实例化没找到模型类Common\Model\StudentInfoModel

[ 2018-09-17T09:21:34+08:00 ] 127.0.0.1 /weixiaotong2016/index.php/Admin/Student/index
NOTIC: D方法实例化没找到模型类Common\Model\SchoolModel
NOTIC: D方法实例化没找到模型类Common\Model\SchoolClassModel
NOTIC: D方法实例化没找到模型类Common\Model\ClassRelationshipModel
NOTIC: D方法实例化没找到模型类Common\Model\AppellationModel
NOTIC: D方法实例化没找到模型类Common\Model\WxtuserModel
NOTIC: D方法实例化没找到模型类Common\Model\RelationStuUserModel
NOTIC: D方法实例化没找到模型类Common\Model\StudentInfoModel

[ 2018-09-17T09:22:25+08:00 ] 127.0.0.1 /weixiaotong2016/index.php/Admin/Student/index
NOTIC: D方法实例化没找到模型类Common\Model\SchoolModel
NOTIC: D方法实例化没找到模型类Common\Model\SchoolClassModel
NOTIC: D方法实例化没找到模型类Common\Model\ClassRelationshipModel
NOTIC: D方法实例化没找到模型类Common\Model\AppellationModel
NOTIC: D方法实例化没找到模型类Common\Model\WxtuserModel
NOTIC: D方法实例化没找到模型类Common\Model\RelationStuUserModel
NOTIC: D方法实例化没找到模型类Common\Model\StudentInfoModel

[ 2018-09-17T09:22:28+08:00 ] 127.0.0.1 /weixiaotong2016/index.php?g=Admin&m=AdminUtils&a=role_type&Province=2
INFO: [ app_begin ] --START--
INFO: Run Behavior\ReadHtmlCacheBehavior [ RunTime:0.001000s ]
INFO: Run Behavior\CheckLangBehavior [ RunTime:0.002000s ]
INFO: [ app_begin ] --END-- [ RunTime:0.004000s ]
SQL: SHOW COLUMNS FROM `wxt_role_user` [ RunTime:0.0090s ]
SQL: SELECT r.city FROM wxt_role_user ru INNER JOIN wxt_role r ON r.id=ru.role_id  WHERE ru.user_id = '1' LIMIT 1   [ RunTime:0.0010s ]
SQL: SHOW COLUMNS FROM `wxt_city` [ RunTime:0.0090s ]
SQL: SELECT * FROM `wxt_city` WHERE `parent` = '2'  [ RunTime:0.0000s ]
INFO: [ app_end ] --START--
INFO: Run Behavior\ShowPageTraceBehavior [ RunTime:0.001000s ]
INFO: [ app_end ] --END-- [ RunTime:0.001000s ]

[ 2018-09-17T09:22:29+08:00 ] 127.0.0.1 /weixiaotong2016/index.php?g=Admin&m=AdminUtils&a=Provinces&Province=3
INFO: [ app_begin ] --START--
INFO: Run Behavior\ReadHtmlCacheBehavior [ RunTime:0.002000s ]
INFO: Run Behavior\CheckLangBehavior [ RunTime:0.001000s ]
INFO: [ app_begin ] --END-- [ RunTime:0.003000s ]
NOTIC: D方法实例化没找到模型类Common\Model\CityModel
SQL: SHOW COLUMNS FROM `wxt_city` [ RunTime:0.0160s ]
SQL: SELECT * FROM `wxt_city` WHERE ( parent=3 )  [ RunTime:0.0010s ]
INFO: [ app_end ] --START--
INFO: Run Behavior\ShowPageTraceBehavior [ RunTime:0.002000s ]
INFO: [ app_end ] --END-- [ RunTime:0.002000s ]

[ 2018-09-17T09:22:30+08:00 ] 127.0.0.1 /weixiaotong2016/index.php/?g=Admin&m=AdminUtils&a=lookup
INFO: [ app_begin ] --START--
INFO: Run Behavior\ReadHtmlCacheBehavior [ RunTime:0.001001s ]
INFO: Run Behavior\CheckLangBehavior [ RunTime:0.002000s ]
INFO: [ app_begin ] --END-- [ RunTime:0.003001s ]
NOTIC: D方法实例化没找到模型类Common\Model\SchoolModel
SQL: SHOW COLUMNS FROM `wxt_school` [ RunTime:0.0100s ]
NOTIC: D方法实例化没找到模型类Common\Model\RoleSchoolModel
SQL: SHOW COLUMNS FROM `wxt_role_school` [ RunTime:0.0100s ]
SQL: SHOW COLUMNS FROM `wxt_role_user` [ RunTime:0.0090s ]
SQL: SELECT `role_id` FROM `wxt_role_user` WHERE ( user_id = 1 ) LIMIT 1   [ RunTime:0.0000s ]
SQL: SELECT `school_name`,`schoolid`,`schoolgradetypeid` FROM `wxt_school` WHERE ( area=7 )  [ RunTime:0.0000s ]
INFO: [ app_end ] --START--
INFO: Run Behavior\ShowPageTraceBehavior [ RunTime:0.001000s ]
INFO: [ app_end ] --END-- [ RunTime:0.001000s ]

[ 2018-09-17T09:22:31+08:00 ] 127.0.0.1 /weixiaotong2016/index.php?g=Admin&m=AdminUtils&a=showgrade&schoolid=3
INFO: [ app_begin ] --START--
INFO: Run Behavior\ReadHtmlCacheBehavior [ RunTime:0.001000s ]
INFO: Run Behavior\CheckLangBehavior [ RunTime:0.002000s ]
INFO: [ app_begin ] --END-- [ RunTime:0.003000s ]
SQL: SHOW COLUMNS FROM `wxt_school_grade` [ RunTime:0.0100s ]
SQL: SELECT `name`,`gradeid` FROM `wxt_school_grade` WHERE ( schoolid = 3 ) ORDER BY gradeid  [ RunTime:0.0000s ]

[ 2018-09-17T09:22:32+08:00 ] 127.0.0.1 /weixiaotong2016/index.php?g=Admin&m=AdminUtils&a=showclass&schoolid=3&gradeid=2
INFO: [ app_begin ] --START--
INFO: Run Behavior\ReadHtmlCacheBehavior [ RunTime:0.001000s ]
INFO: Run Behavior\CheckLangBehavior [ RunTime:0.002000s ]
INFO: [ app_begin ] --END-- [ RunTime:0.003000s ]
SQL: SHOW COLUMNS FROM `wxt_school_class` [ RunTime:0.0100s ]
SQL: SELECT `id`,`classname` FROM `wxt_school_class` WHERE `schoolid` = 3 AND `grade` = 2  [ RunTime:0.0010s ]

[ 2018-09-17T09:22:33+08:00 ] 127.0.0.1 /weixiaotong2016/index.php?g=Admin&m=AdminUtils&a=showclass&schoolid=3&gradeid=3
INFO: [ app_begin ] --START--
INFO: Run Behavior\ReadHtmlCacheBehavior [ RunTime:0.000000s ]
INFO: Run Behavior\CheckLangBehavior [ RunTime:0.002000s ]
INFO: [ app_begin ] --END-- [ RunTime:0.003000s ]
SQL: SHOW COLUMNS FROM `wxt_school_class` [ RunTime:0.0100s ]
SQL: SELECT `id`,`classname` FROM `wxt_school_class` WHERE `schoolid` = 3 AND `grade` = 3  [ RunTime:0.0000s ]

[ 2018-09-17T09:22:35+08:00 ] 127.0.0.1 /weixiaotong2016/index.php?g=Admin&m=AdminUtils&a=showgrade&schoolid=7
INFO: [ app_begin ] --START--
INFO: Run Behavior\ReadHtmlCacheBehavior [ RunTime:0.001000s ]
INFO: Run Behavior\CheckLangBehavior [ RunTime:0.002000s ]
INFO: [ app_begin ] --END-- [ RunTime:0.003000s ]
SQL: SHOW COLUMNS FROM `wxt_school_grade` [ RunTime:0.0100s ]
SQL: SELECT `name`,`gradeid` FROM `wxt_school_grade` WHERE ( schoolid = 7 ) ORDER BY gradeid  [ RunTime:0.0000s ]

[ 2018-09-17T09:22:36+08:00 ] 127.0.0.1 /weixiaotong2016/index.php?g=Admin&m=AdminUtils&a=showclass&schoolid=7&gradeid=3
INFO: [ app_begin ] --START--
INFO: Run Behavior\ReadHtmlCacheBehavior [ RunTime:0.001000s ]
INFO: Run Behavior\CheckLangBehavior [ RunTime:0.002000s ]
INFO: [ app_begin ] --END-- [ RunTime:0.003000s ]
SQL: SHOW COLUMNS FROM `wxt_school_class` [ RunTime:0.0100s ]
SQL: SELECT `id`,`classname` FROM `wxt_school_class` WHERE `schoolid` = 7 AND `grade` = 3  [ RunTime:0.0000s ]

[ 2018-09-17T09:52:03+08:00 ] 127.0.0.1 /weixiaotong2016/index.php/Admin/public/dologin
INFO: [ app_begin ] --START--
INFO: Run Behavior\ReadHtmlCacheBehavior [ RunTime:0.001000s ]
INFO: Run Behavior\CheckLangBehavior [ RunTime:0.003000s ]
INFO: [ app_begin ] --END-- [ RunTime:0.005000s ]
SQL: SHOW COLUMNS FROM `wxt_users` [ RunTime:0.0160s ]
SQL: SELECT * FROM `wxt_users` WHERE `user_login` = 'weixiaotong' LIMIT 1   [ RunTime:0.0010s ]

[ 2018-09-17T09:52:12+08:00 ] 127.0.0.1 /weixiaotong2016/index.php/Admin/public/dologin
INFO: [ app_begin ] --START--
INFO: Run Behavior\ReadHtmlCacheBehavior [ RunTime:0.001000s ]
INFO: Run Behavior\CheckLangBehavior [ RunTime:0.002000s ]
INFO: [ app_begin ] --END-- [ RunTime:0.004000s ]
SQL: SHOW COLUMNS FROM `wxt_users` [ RunTime:0.0140s ]
SQL: SELECT * FROM `wxt_users` WHERE `user_login` = 'weixiaotong' LIMIT 1   [ RunTime:0.0000s ]
SQL: SHOW COLUMNS FROM `wxt_role_user` [ RunTime:0.0150s ]
SQL: SELECT `role_id` FROM wxt_role_user a INNER JOIN wxt_role as b on a.role_id =b.id  WHERE `user_id` = '1' AND `status` = 1  [ RunTime:0.0010s ]
SQL: UPDATE `wxt_users` SET `user_login`='weixiaotong',`user_pass`='1106b40e836cb666950a9009d08e89c2e1a013751f3b2985',`user_nicename`='admin',`user_email`='zhu@xiaocool.cn',`user_url`='',`avatar`='570ca8a83c7ac.jpg',`sex`='0',`birthday`=NULL,`signature`=NULL,`last_login_ip`='127.0.0.1',`last_login_time`='2018-09-17 09:52:12',`create_time`='2015-12-31 09:08:44',`user_activation_key`='',`user_status`='1',`score`='0',`user_type`='1',`phone`=NULL WHERE `id` = 1 [ RunTime:0.0000s ]

[ 2018-09-17T09:52:16+08:00 ] 127.0.0.1 /weixiaotong2016/index.php/Admin/Student/index/menuid/246
NOTIC: D方法实例化没找到模型类Common\Model\SchoolModel
NOTIC: D方法实例化没找到模型类Common\Model\SchoolClassModel
NOTIC: D方法实例化没找到模型类Common\Model\ClassRelationshipModel
NOTIC: D方法实例化没找到模型类Common\Model\AppellationModel
NOTIC: D方法实例化没找到模型类Common\Model\WxtuserModel
NOTIC: D方法实例化没找到模型类Common\Model\RelationStuUserModel
NOTIC: D方法实例化没找到模型类Common\Model\StudentInfoModel

[ 2018-09-17T09:52:19+08:00 ] 127.0.0.1 /weixiaotong2016/index.php?g=Admin&m=AdminUtils&a=role_type&Province=2
INFO: [ app_begin ] --START--
INFO: Run Behavior\ReadHtmlCacheBehavior [ RunTime:0.001000s ]
INFO: Run Behavior\CheckLangBehavior [ RunTime:0.002001s ]
INFO: [ app_begin ] --END-- [ RunTime:0.004001s ]
SQL: SHOW COLUMNS FROM `wxt_role_user` [ RunTime:0.0140s ]
SQL: SELECT r.city FROM wxt_role_user ru INNER JOIN wxt_role r ON r.id=ru.role_id  WHERE ru.user_id = '1' LIMIT 1   [ RunTime:0.0000s ]
SQL: SHOW COLUMNS FROM `wxt_city` [ RunTime:0.0150s ]
SQL: SELECT * FROM `wxt_city` WHERE `parent` = '2'  [ RunTime:0.0000s ]
INFO: [ app_end ] --START--
INFO: Run Behavior\ShowPageTraceBehavior [ RunTime:0.002000s ]
INFO: [ app_end ] --END-- [ RunTime:0.002000s ]

[ 2018-09-17T09:52:20+08:00 ] 127.0.0.1 /weixiaotong2016/index.php?g=Admin&m=AdminUtils&a=Provinces&Province=3
INFO: [ app_begin ] --START--
INFO: Run Behavior\ReadHtmlCacheBehavior [ RunTime:0.001000s ]
INFO: Run Behavior\CheckLangBehavior [ RunTime:0.002000s ]
INFO: [ app_begin ] --END-- [ RunTime:0.004000s ]
NOTIC: D方法实例化没找到模型类Common\Model\CityModel
SQL: SHOW COLUMNS FROM `wxt_city` [ RunTime:0.0140s ]
SQL: SELECT * FROM `wxt_city` WHERE ( parent=3 )  [ RunTime:0.0010s ]
INFO: [ app_end ] --START--
INFO: Run Behavior\ShowPageTraceBehavior [ RunTime:0.001000s ]
INFO: [ app_end ] --END-- [ RunTime:0.001000s ]

[ 2018-09-17T09:52:22+08:00 ] 127.0.0.1 /weixiaotong2016/index.php/?g=Admin&m=AdminUtils&a=lookup
INFO: [ app_begin ] --START--
INFO: Run Behavior\ReadHtmlCacheBehavior [ RunTime:0.001000s ]
INFO: Run Behavior\CheckLangBehavior [ RunTime:0.002000s ]
INFO: [ app_begin ] --END-- [ RunTime:0.003000s ]
NOTIC: D方法实例化没找到模型类Common\Model\SchoolModel
SQL: SHOW COLUMNS FROM `wxt_school` [ RunTime:0.0140s ]
NOTIC: D方法实例化没找到模型类Common\Model\RoleSchoolModel
SQL: SHOW COLUMNS FROM `wxt_role_school` [ RunTime:0.0140s ]
SQL: SHOW COLUMNS FROM `wxt_role_user` [ RunTime:0.0160s ]
SQL: SELECT `role_id` FROM `wxt_role_user` WHERE ( user_id = 1 ) LIMIT 1   [ RunTime:0.0000s ]
SQL: SELECT `school_name`,`schoolid`,`schoolgradetypeid` FROM `wxt_school` WHERE ( area=7 )  [ RunTime:0.0000s ]
INFO: [ app_end ] --START--
INFO: Run Behavior\ShowPageTraceBehavior [ RunTime:0.001000s ]
INFO: [ app_end ] --END-- [ RunTime:0.001000s ]

[ 2018-09-17T09:52:23+08:00 ] 127.0.0.1 /weixiaotong2016/index.php?g=Admin&m=AdminUtils&a=showgrade&schoolid=7
INFO: [ app_begin ] --START--
INFO: Run Behavior\ReadHtmlCacheBehavior [ RunTime:0.001000s ]
INFO: Run Behavior\CheckLangBehavior [ RunTime:0.002000s ]
INFO: [ app_begin ] --END-- [ RunTime:0.003000s ]
SQL: SHOW COLUMNS FROM `wxt_school_grade` [ RunTime:0.0160s ]
SQL: SELECT `name`,`gradeid` FROM `wxt_school_grade` WHERE ( schoolid = 7 ) ORDER BY gradeid  [ RunTime:0.0000s ]

[ 2018-09-17T09:52:25+08:00 ] 127.0.0.1 /weixiaotong2016/index.php?g=Admin&m=AdminUtils&a=showclass&schoolid=7&gradeid=3
INFO: [ app_begin ] --START--
INFO: Run Behavior\ReadHtmlCacheBehavior [ RunTime:0.001000s ]
INFO: Run Behavior\CheckLangBehavior [ RunTime:0.001000s ]
INFO: [ app_begin ] --END-- [ RunTime:0.003000s ]
SQL: SHOW COLUMNS FROM `wxt_school_class` [ RunTime:0.0140s ]
SQL: SELECT `id`,`classname` FROM `wxt_school_class` WHERE `schoolid` = 7 AND `grade` = 3  [ RunTime:0.0010s ]

[ 2018-09-17T09:52:30+08:00 ] 127.0.0.1 /weixiaotong2016/index.php/Admin/Student/index?province=2&citys=3&message_type=7&schoolid=7&grade=3&classs=39&tiaojian=0&shuzhi=
NOTIC: D方法实例化没找到模型类Common\Model\SchoolModel
NOTIC: D方法实例化没找到模型类Common\Model\SchoolClassModel
NOTIC: D方法实例化没找到模型类Common\Model\ClassRelationshipModel
NOTIC: D方法实例化没找到模型类Common\Model\AppellationModel
NOTIC: D方法实例化没找到模型类Common\Model\WxtuserModel
NOTIC: D方法实例化没找到模型类Common\Model\RelationStuUserModel
NOTIC: D方法实例化没找到模型类Common\Model\StudentInfoModel

[ 2018-09-17T09:52:30+08:00 ] 127.0.0.1 /weixiaotong2016/index.php?g=Admin&m=AdminUtils&a=role_type&Province=2
INFO: [ app_begin ] --START--
INFO: Run Behavior\ReadHtmlCacheBehavior [ RunTime:0.001000s ]
INFO: Run Behavior\CheckLangBehavior [ RunTime:0.003000s ]
INFO: [ app_begin ] --END-- [ RunTime:0.004000s ]
SQL: SHOW COLUMNS FROM `wxt_role_user` [ RunTime:0.0140s ]
SQL: SELECT r.city FROM wxt_role_user ru INNER JOIN wxt_role r ON r.id=ru.role_id  WHERE ru.user_id = '1' LIMIT 1   [ RunTime:0.0000s ]
SQL: SHOW COLUMNS FROM `wxt_city` [ RunTime:0.0170s ]
SQL: SELECT * FROM `wxt_city` WHERE `parent` = '2'  [ RunTime:0.0000s ]
INFO: [ app_end ] --START--
INFO: Run Behavior\ShowPageTraceBehavior [ RunTime:0.002000s ]
INFO: [ app_end ] --END-- [ RunTime:0.002000s ]

[ 2018-09-17T09:52:30+08:00 ] 127.0.0.1 /weixiaotong2016/index.php?g=Admin&m=AdminUtils&a=Provinces&Province=3
INFO: [ app_begin ] --START--
INFO: Run Behavior\ReadHtmlCacheBehavior [ RunTime:0.001000s ]
INFO: Run Behavior\CheckLangBehavior [ RunTime:0.002000s ]
INFO: [ app_begin ] --END-- [ RunTime:0.004000s ]
NOTIC: D方法实例化没找到模型类Common\Model\CityModel
SQL: SHOW COLUMNS FROM `wxt_city` [ RunTime:0.0130s ]
SQL: SELECT * FROM `wxt_city` WHERE ( parent=3 )  [ RunTime:0.0010s ]
INFO: [ app_end ] --START--
INFO: Run Behavior\ShowPageTraceBehavior [ RunTime:0.001000s ]
INFO: [ app_end ] --END-- [ RunTime:0.001000s ]

[ 2018-09-17T09:52:30+08:00 ] 127.0.0.1 /weixiaotong2016/index.php?g=Admin&m=AdminUtils&a=showgrade&schoolid=7
INFO: [ app_begin ] --START--
INFO: Run Behavior\ReadHtmlCacheBehavior [ RunTime:0.001000s ]
INFO: Run Behavior\CheckLangBehavior [ RunTime:0.002000s ]
INFO: [ app_begin ] --END-- [ RunTime:0.003000s ]
SQL: SHOW COLUMNS FROM `wxt_school_grade` [ RunTime:0.0150s ]
SQL: SELECT `name`,`gradeid` FROM `wxt_school_grade` WHERE ( schoolid = 7 ) ORDER BY gradeid  [ RunTime:0.0000s ]

[ 2018-09-17T09:52:30+08:00 ] 127.0.0.1 /weixiaotong2016/index.php/?g=Admin&m=AdminUtils&a=lookup
INFO: [ app_begin ] --START--
INFO: Run Behavior\ReadHtmlCacheBehavior [ RunTime:0.001000s ]
INFO: Run Behavior\CheckLangBehavior [ RunTime:0.002000s ]
INFO: [ app_begin ] --END-- [ RunTime:0.004000s ]
NOTIC: D方法实例化没找到模型类Common\Model\SchoolModel
SQL: SHOW COLUMNS FROM `wxt_school` [ RunTime:0.0150s ]
NOTIC: D方法实例化没找到模型类Common\Model\RoleSchoolModel
SQL: SHOW COLUMNS FROM `wxt_role_school` [ RunTime:0.0140s ]
SQL: SHOW COLUMNS FROM `wxt_role_user` [ RunTime:0.0140s ]
SQL: SELECT `role_id` FROM `wxt_role_user` WHERE ( user_id = 1 ) LIMIT 1   [ RunTime:0.0010s ]
SQL: SELECT `school_name`,`schoolid`,`schoolgradetypeid` FROM `wxt_school` WHERE ( area=7 )  [ RunTime:0.0000s ]
INFO: [ app_end ] --START--
INFO: Run Behavior\ShowPageTraceBehavior [ RunTime:0.001000s ]
INFO: [ app_end ] --END-- [ RunTime:0.001000s ]

[ 2018-09-17T09:52:30+08:00 ] 127.0.0.1 /weixiaotong2016/index.php?g=Admin&m=AdminUtils&a=showclass&schoolid=7&gradeid=3
INFO: [ app_begin ] --START--
INFO: Run Behavior\ReadHtmlCacheBehavior [ RunTime:0.001000s ]
INFO: Run Behavior\CheckLangBehavior [ RunTime:0.002000s ]
INFO: [ app_begin ] --END-- [ RunTime:0.003000s ]
SQL: SHOW COLUMNS FROM `wxt_school_class` [ RunTime:0.0140s ]
SQL: SELECT `id`,`classname` FROM `wxt_school_class` WHERE `schoolid` = 7 AND `grade` = 3  [ RunTime:0.0000s ]

[ 2018-09-17T09:53:45+08:00 ] 127.0.0.1 /weixiaotong2016/index.php/Admin/Student/index?province=2&citys=3&message_type=7&schoolid=7&grade=3&classs=39&tiaojian=0&shuzhi=
NOTIC: D方法实例化没找到模型类Common\Model\SchoolModel
NOTIC: D方法实例化没找到模型类Common\Model\SchoolClassModel
NOTIC: D方法实例化没找到模型类Common\Model\ClassRelationshipModel
NOTIC: D方法实例化没找到模型类Common\Model\AppellationModel
NOTIC: D方法实例化没找到模型类Common\Model\WxtuserModel
NOTIC: D方法实例化没找到模型类Common\Model\RelationStuUserModel
NOTIC: D方法实例化没找到模型类Common\Model\StudentInfoModel

[ 2018-09-17T09:53:45+08:00 ] 127.0.0.1 /weixiaotong2016/index.php?g=Admin&m=AdminUtils&a=role_type&Province=2
INFO: [ app_begin ] --START--
INFO: Run Behavior\ReadHtmlCacheBehavior [ RunTime:0.001000s ]
INFO: Run Behavior\CheckLangBehavior [ RunTime:0.002000s ]
INFO: [ app_begin ] --END-- [ RunTime:0.003000s ]
SQL: SHOW COLUMNS FROM `wxt_role_user` [ RunTime:0.0140s ]
SQL: SELECT r.city FROM wxt_role_user ru INNER JOIN wxt_role r ON r.id=ru.role_id  WHERE ru.user_id = '1' LIMIT 1   [ RunTime:0.0010s ]
SQL: SHOW COLUMNS FROM `wxt_city` [ RunTime:0.0130s ]
SQL: SELECT * FROM `wxt_city` WHERE `parent` = '2'  [ RunTime:0.0000s ]
INFO: [ app_end ] --START--
INFO: Run Behavior\ShowPageTraceBehavior [ RunTime:0.001000s ]
INFO: [ app_end ] --END-- [ RunTime:0.001000s ]

[ 2018-09-17T09:53:45+08:00 ] 127.0.0.1 /weixiaotong2016/index.php?g=Admin&m=AdminUtils&a=Provinces&Province=3
INFO: [ app_begin ] --START--
INFO: Run Behavior\ReadHtmlCacheBehavior [ RunTime:0.001000s ]
INFO: Run Behavior\CheckLangBehavior [ RunTime:0.002001s ]
INFO: [ app_begin ] --END-- [ RunTime:0.003001s ]
NOTIC: D方法实例化没找到模型类Common\Model\CityModel
SQL: SHOW COLUMNS FROM `wxt_city` [ RunTime:0.0150s ]
SQL: SELECT * FROM `wxt_city` WHERE ( parent=3 )  [ RunTime:0.0000s ]
INFO: [ app_end ] --START--
INFO: Run Behavior\ShowPageTraceBehavior [ RunTime:0.002000s ]
INFO: [ app_end ] --END-- [ RunTime:0.002000s ]

[ 2018-09-17T09:53:46+08:00 ] 127.0.0.1 /weixiaotong2016/index.php/?g=Admin&m=AdminUtils&a=lookup
INFO: [ app_begin ] --START--
INFO: Run Behavior\ReadHtmlCacheBehavior [ RunTime:0.001000s ]
INFO: Run Behavior\CheckLangBehavior [ RunTime:0.002000s ]
INFO: [ app_begin ] --END-- [ RunTime:0.003000s ]
NOTIC: D方法实例化没找到模型类Common\Model\SchoolModel
SQL: SHOW COLUMNS FROM `wxt_school` [ RunTime:0.0140s ]
NOTIC: D方法实例化没找到模型类Common\Model\RoleSchoolModel
SQL: SHOW COLUMNS FROM `wxt_role_school` [ RunTime:0.0140s ]
SQL: SHOW COLUMNS FROM `wxt_role_user` [ RunTime:0.0150s ]
SQL: SELECT `role_id` FROM `wxt_role_user` WHERE ( user_id = 1 ) LIMIT 1   [ RunTime:0.0000s ]
SQL: SELECT `school_name`,`schoolid`,`schoolgradetypeid` FROM `wxt_school` WHERE ( area=7 )  [ RunTime:0.0000s ]
INFO: [ app_end ] --START--
INFO: Run Behavior\ShowPageTraceBehavior [ RunTime:0.002000s ]
INFO: [ app_end ] --END-- [ RunTime:0.002000s ]

[ 2018-09-17T09:53:46+08:00 ] 127.0.0.1 /weixiaotong2016/index.php?g=Admin&m=AdminUtils&a=showgrade&schoolid=7
INFO: [ app_begin ] --START--
INFO: Run Behavior\ReadHtmlCacheBehavior [ RunTime:0.001000s ]
INFO: Run Behavior\CheckLangBehavior [ RunTime:0.002001s ]
INFO: [ app_begin ] --END-- [ RunTime:0.004001s ]
SQL: SHOW COLUMNS FROM `wxt_school_grade` [ RunTime:0.0140s ]
SQL: SELECT `name`,`gradeid` FROM `wxt_school_grade` WHERE ( schoolid = 7 ) ORDER BY gradeid  [ RunTime:0.0000s ]

[ 2018-09-17T09:53:46+08:00 ] 127.0.0.1 /weixiaotong2016/index.php?g=Admin&m=AdminUtils&a=showclass&schoolid=7&gradeid=3
INFO: [ app_begin ] --START--
INFO: Run Behavior\ReadHtmlCacheBehavior [ RunTime:0.001000s ]
INFO: Run Behavior\CheckLangBehavior [ RunTime:0.003000s ]
INFO: [ app_begin ] --END-- [ RunTime:0.004000s ]
SQL: SHOW COLUMNS FROM `wxt_school_class` [ RunTime:0.0150s ]
SQL: SELECT `id`,`classname` FROM `wxt_school_class` WHERE `schoolid` = 7 AND `grade` = 3  [ RunTime:0.0000s ]

[ 2018-09-17T09:53:53+08:00 ] 127.0.0.1 /weixiaotong2016/index.php/Admin/Student/index?province=2&citys=3&message_type=7&schoolid=7&grade=3&classs=39&tiaojian=0&shuzhi=
NOTIC: D方法实例化没找到模型类Common\Model\SchoolModel
NOTIC: D方法实例化没找到模型类Common\Model\SchoolClassModel
NOTIC: D方法实例化没找到模型类Common\Model\ClassRelationshipModel
NOTIC: D方法实例化没找到模型类Common\Model\AppellationModel
NOTIC: D方法实例化没找到模型类Common\Model\WxtuserModel
NOTIC: D方法实例化没找到模型类Common\Model\RelationStuUserModel
NOTIC: D方法实例化没找到模型类Common\Model\StudentInfoModel

[ 2018-09-17T09:53:53+08:00 ] 127.0.0.1 /weixiaotong2016/index.php?g=Admin&m=AdminUtils&a=role_type&Province=2
INFO: [ app_begin ] --START--
INFO: Run Behavior\ReadHtmlCacheBehavior [ RunTime:0.001000s ]
INFO: Run Behavior\CheckLangBehavior [ RunTime:0.002000s ]
INFO: [ app_begin ] --END-- [ RunTime:0.003000s ]
SQL: SHOW COLUMNS FROM `wxt_role_user` [ RunTime:0.0110s ]
SQL: SELECT r.city FROM wxt_role_user ru INNER JOIN wxt_role r ON r.id=ru.role_id  WHERE ru.user_id = '1' LIMIT 1   [ RunTime:0.0000s ]
SQL: SHOW COLUMNS FROM `wxt_city` [ RunTime:0.0160s ]
SQL: SELECT * FROM `wxt_city` WHERE `parent` = '2'  [ RunTime:0.0010s ]
INFO: [ app_end ] --START--
INFO: Run Behavior\ShowPageTraceBehavior [ RunTime:0.001000s ]
INFO: [ app_end ] --END-- [ RunTime:0.001000s ]

[ 2018-09-17T09:53:53+08:00 ] 127.0.0.1 /weixiaotong2016/index.php?g=Admin&m=AdminUtils&a=Provinces&Province=3
INFO: [ app_begin ] --START--
INFO: Run Behavior\ReadHtmlCacheBehavior [ RunTime:0.000000s ]
INFO: Run Behavior\CheckLangBehavior [ RunTime:0.002001s ]
INFO: [ app_begin ] --END-- [ RunTime:0.003001s ]
NOTIC: D方法实例化没找到模型类Common\Model\CityModel
SQL: SHOW COLUMNS FROM `wxt_city` [ RunTime:0.0140s ]
SQL: SELECT * FROM `wxt_city` WHERE ( parent=3 )  [ RunTime:0.0010s ]
INFO: [ app_end ] --START--
INFO: Run Behavior\ShowPageTraceBehavior [ RunTime:0.001000s ]
INFO: [ app_end ] --END-- [ RunTime:0.001000s ]

[ 2018-09-17T09:53:54+08:00 ] 127.0.0.1 /weixiaotong2016/index.php/?g=Admin&m=AdminUtils&a=lookup
INFO: [ app_begin ] --START--
INFO: Run Behavior\ReadHtmlCacheBehavior [ RunTime:0.001000s ]
INFO: Run Behavior\CheckLangBehavior [ RunTime:0.002000s ]
INFO: [ app_begin ] --END-- [ RunTime:0.003000s ]
NOTIC: D方法实例化没找到模型类Common\Model\SchoolModel
SQL: SHOW COLUMNS FROM `wxt_school` [ RunTime:0.0140s ]
NOTIC: D方法实例化没找到模型类Common\Model\RoleSchoolModel
SQL: SHOW COLUMNS FROM `wxt_role_school` [ RunTime:0.0130s ]
SQL: SHOW COLUMNS FROM `wxt_role_user` [ RunTime:0.0150s ]
SQL: SELECT `role_id` FROM `wxt_role_user` WHERE ( user_id = 1 ) LIMIT 1   [ RunTime:0.0000s ]
SQL: SELECT `school_name`,`schoolid`,`schoolgradetypeid` FROM `wxt_school` WHERE ( area=7 )  [ RunTime:0.0010s ]
INFO: [ app_end ] --START--
INFO: Run Behavior\ShowPageTraceBehavior [ RunTime:0.001000s ]
INFO: [ app_end ] --END-- [ RunTime:0.001000s ]

[ 2018-09-17T09:53:54+08:00 ] 127.0.0.1 /weixiaotong2016/index.php?g=Admin&m=AdminUtils&a=showgrade&schoolid=7
INFO: [ app_begin ] --START--
INFO: Run Behavior\ReadHtmlCacheBehavior [ RunTime:0.001000s ]
INFO: Run Behavior\CheckLangBehavior [ RunTime:0.003000s ]
INFO: [ app_begin ] --END-- [ RunTime:0.004000s ]
SQL: SHOW COLUMNS FROM `wxt_school_grade` [ RunTime:0.0130s ]
SQL: SELECT `name`,`gradeid` FROM `wxt_school_grade` WHERE ( schoolid = 7 ) ORDER BY gradeid  [ RunTime:0.0010s ]

[ 2018-09-17T09:53:54+08:00 ] 127.0.0.1 /weixiaotong2016/index.php?g=Admin&m=AdminUtils&a=showclass&schoolid=7&gradeid=3
INFO: [ app_begin ] --START--
INFO: Run Behavior\ReadHtmlCacheBehavior [ RunTime:0.001001s ]
INFO: Run Behavior\CheckLangBehavior [ RunTime:0.002000s ]
INFO: [ app_begin ] --END-- [ RunTime:0.004001s ]
SQL: SHOW COLUMNS FROM `wxt_school_class` [ RunTime:0.0140s ]
SQL: SELECT `id`,`classname` FROM `wxt_school_class` WHERE `schoolid` = 7 AND `grade` = 3  [ RunTime:0.0000s ]

[ 2018-09-17T09:53:58+08:00 ] 127.0.0.1 /weixiaotong2016/index.php/Admin/Student/all_del_student
INFO: [ app_begin ] --START--
INFO: Run Behavior\ReadHtmlCacheBehavior [ RunTime:0.001000s ]
INFO: Run Behavior\CheckLangBehavior [ RunTime:0.002000s ]
INFO: [ app_begin ] --END-- [ RunTime:0.004000s ]
SQL: SHOW COLUMNS FROM `wxt_users` [ RunTime:0.0140s ]
SQL: SELECT * FROM `wxt_users` WHERE ( id=1 ) LIMIT 1   [ RunTime:0.0000s ]
NOTIC: D方法实例化没找到模型类Common\Model\SchoolModel
SQL: SHOW COLUMNS FROM `wxt_school` [ RunTime:0.0150s ]
NOTIC: D方法实例化没找到模型类Common\Model\SchoolClassModel
SQL: SHOW COLUMNS FROM `wxt_school_class` [ RunTime:0.0150s ]
NOTIC: D方法实例化没找到模型类Common\Model\ClassRelationshipModel
SQL: SHOW COLUMNS FROM `wxt_class_relationship` [ RunTime:0.0150s ]
NOTIC: D方法实例化没找到模型类Common\Model\AppellationModel
SQL: SHOW COLUMNS FROM `wxt_appellation` [ RunTime:0.0160s ]
NOTIC: D方法实例化没找到模型类Common\Model\WxtuserModel
SQL: SHOW COLUMNS FROM `wxt_wxtuser` [ RunTime:0.0150s ]
NOTIC: D方法实例化没找到模型类Common\Model\RelationStuUserModel
SQL: SHOW COLUMNS FROM `wxt_relation_stu_user` [ RunTime:0.0150s ]
NOTIC: D方法实例化没找到模型类Common\Model\StudentInfoModel
SQL: SHOW COLUMNS FROM `wxt_student_info` [ RunTime:0.0140s ]
SQL: SHOW COLUMNS FROM `wxt_class_relationship` [ RunTime:0.0150s ]
SQL: SELECT `userid` FROM `wxt_class_relationship` WHERE `schoolid` = 7 AND `classid` = 39  [ RunTime:0.0010s ]

[ 2018-09-17T09:54:22+08:00 ] 127.0.0.1 /weixiaotong2016/index.php/Admin/Student/index?province=2&citys=3&message_type=7&schoolid=7&grade=3&classs=39&tiaojian=0&shuzhi=
NOTIC: D方法实例化没找到模型类Common\Model\SchoolModel
NOTIC: D方法实例化没找到模型类Common\Model\SchoolClassModel
NOTIC: D方法实例化没找到模型类Common\Model\ClassRelationshipModel
NOTIC: D方法实例化没找到模型类Common\Model\AppellationModel
NOTIC: D方法实例化没找到模型类Common\Model\WxtuserModel
NOTIC: D方法实例化没找到模型类Common\Model\RelationStuUserModel
NOTIC: D方法实例化没找到模型类Common\Model\StudentInfoModel

[ 2018-09-17T09:54:22+08:00 ] 127.0.0.1 /weixiaotong2016/index.php?g=Admin&m=AdminUtils&a=role_type&Province=2
INFO: [ app_begin ] --START--
INFO: Run Behavior\ReadHtmlCacheBehavior [ RunTime:0.000000s ]
INFO: Run Behavior\CheckLangBehavior [ RunTime:0.001000s ]
INFO: [ app_begin ] --END-- [ RunTime:0.003000s ]
SQL: SHOW COLUMNS FROM `wxt_role_user` [ RunTime:0.0110s ]
SQL: SELECT r.city FROM wxt_role_user ru INNER JOIN wxt_role r ON r.id=ru.role_id  WHERE ru.user_id = '1' LIMIT 1   [ RunTime:0.0000s ]
SQL: SHOW COLUMNS FROM `wxt_city` [ RunTime:0.0110s ]
SQL: SELECT * FROM `wxt_city` WHERE `parent` = '2'  [ RunTime:0.0000s ]
INFO: [ app_end ] --START--
INFO: Run Behavior\ShowPageTraceBehavior [ RunTime:0.002000s ]
INFO: [ app_end ] --END-- [ RunTime:0.002000s ]

[ 2018-09-17T09:54:22+08:00 ] 127.0.0.1 /weixiaotong2016/index.php?g=Admin&m=AdminUtils&a=Provinces&Province=3
INFO: [ app_begin ] --START--
INFO: Run Behavior\ReadHtmlCacheBehavior [ RunTime:0.000000s ]
INFO: Run Behavior\CheckLangBehavior [ RunTime:0.001000s ]
INFO: [ app_begin ] --END-- [ RunTime:0.003000s ]
NOTIC: D方法实例化没找到模型类Common\Model\CityModel
SQL: SHOW COLUMNS FROM `wxt_city` [ RunTime:0.0160s ]
SQL: SELECT * FROM `wxt_city` WHERE ( parent=3 )  [ RunTime:0.0000s ]
INFO: [ app_end ] --START--
INFO: Run Behavior\ShowPageTraceBehavior [ RunTime:0.001000s ]
INFO: [ app_end ] --END-- [ RunTime:0.001000s ]

[ 2018-09-17T09:54:23+08:00 ] 127.0.0.1 /weixiaotong2016/index.php/?g=Admin&m=AdminUtils&a=lookup
INFO: [ app_begin ] --START--
INFO: Run Behavior\ReadHtmlCacheBehavior [ RunTime:0.001000s ]
INFO: Run Behavior\CheckLangBehavior [ RunTime:0.002000s ]
INFO: [ app_begin ] --END-- [ RunTime:0.003000s ]
NOTIC: D方法实例化没找到模型类Common\Model\SchoolModel
SQL: SHOW COLUMNS FROM `wxt_school` [ RunTime:0.0140s ]
NOTIC: D方法实例化没找到模型类Common\Model\RoleSchoolModel
SQL: SHOW COLUMNS FROM `wxt_role_school` [ RunTime:0.0180s ]
SQL: SHOW COLUMNS FROM `wxt_role_user` [ RunTime:0.0140s ]
SQL: SELECT `role_id` FROM `wxt_role_user` WHERE ( user_id = 1 ) LIMIT 1   [ RunTime:0.0000s ]
SQL: SELECT `school_name`,`schoolid`,`schoolgradetypeid` FROM `wxt_school` WHERE ( area=7 )  [ RunTime:0.0010s ]
INFO: [ app_end ] --START--
INFO: Run Behavior\ShowPageTraceBehavior [ RunTime:0.002000s ]
INFO: [ app_end ] --END-- [ RunTime:0.002000s ]

[ 2018-09-17T09:54:23+08:00 ] 127.0.0.1 /weixiaotong2016/index.php?g=Admin&m=AdminUtils&a=showgrade&schoolid=7
INFO: [ app_begin ] --START--
INFO: Run Behavior\ReadHtmlCacheBehavior [ RunTime:0.001000s ]
INFO: Run Behavior\CheckLangBehavior [ RunTime:0.002000s ]
INFO: [ app_begin ] --END-- [ RunTime:0.004000s ]
SQL: SHOW COLUMNS FROM `wxt_school_grade` [ RunTime:0.0150s ]
SQL: SELECT `name`,`gradeid` FROM `wxt_school_grade` WHERE ( schoolid = 7 ) ORDER BY gradeid  [ RunTime:0.0010s ]

[ 2018-09-17T09:54:23+08:00 ] 127.0.0.1 /weixiaotong2016/index.php?g=Admin&m=AdminUtils&a=showclass&schoolid=7&gradeid=3
INFO: [ app_begin ] --START--
INFO: Run Behavior\ReadHtmlCacheBehavior [ RunTime:0.001000s ]
INFO: Run Behavior\CheckLangBehavior [ RunTime:0.002000s ]
INFO: [ app_begin ] --END-- [ RunTime:0.004000s ]
SQL: SHOW COLUMNS FROM `wxt_school_class` [ RunTime:0.0190s ]
SQL: SELECT `id`,`classname` FROM `wxt_school_class` WHERE `schoolid` = 7 AND `grade` = 3  [ RunTime:0.0010s ]

[ 2018-09-17T09:54:25+08:00 ] 127.0.0.1 /weixiaotong2016/index.php/Admin/Student/all_del_student?schoolid=7&classid=39
INFO: [ app_begin ] --START--
INFO: Run Behavior\ReadHtmlCacheBehavior [ RunTime:0.001000s ]
INFO: Run Behavior\CheckLangBehavior [ RunTime:0.002001s ]
INFO: [ app_begin ] --END-- [ RunTime:0.004001s ]
SQL: SHOW COLUMNS FROM `wxt_users` [ RunTime:0.0140s ]
SQL: SELECT * FROM `wxt_users` WHERE ( id=1 ) LIMIT 1   [ RunTime:0.0000s ]
NOTIC: D方法实例化没找到模型类Common\Model\SchoolModel
SQL: SHOW COLUMNS FROM `wxt_school` [ RunTime:0.0150s ]
NOTIC: D方法实例化没找到模型类Common\Model\SchoolClassModel
SQL: SHOW COLUMNS FROM `wxt_school_class` [ RunTime:0.0140s ]
NOTIC: D方法实例化没找到模型类Common\Model\ClassRelationshipModel
SQL: SHOW COLUMNS FROM `wxt_class_relationship` [ RunTime:0.0140s ]
NOTIC: D方法实例化没找到模型类Common\Model\AppellationModel
SQL: SHOW COLUMNS FROM `wxt_appellation` [ RunTime:0.0130s ]
NOTIC: D方法实例化没找到模型类Common\Model\WxtuserModel
SQL: SHOW COLUMNS FROM `wxt_wxtuser` [ RunTime:0.0140s ]
NOTIC: D方法实例化没找到模型类Common\Model\RelationStuUserModel
SQL: SHOW COLUMNS FROM `wxt_relation_stu_user` [ RunTime:0.0140s ]
NOTIC: D方法实例化没找到模型类Common\Model\StudentInfoModel
SQL: SHOW COLUMNS FROM `wxt_student_info` [ RunTime:0.0150s ]
SQL: SHOW COLUMNS FROM `wxt_class_relationship` [ RunTime:0.0140s ]
SQL: SELECT `userid` FROM `wxt_class_relationship` WHERE `schoolid` = 7 AND `classid` = 39  [ RunTime:0.0010s ]

[ 2018-09-17T09:54:27+08:00 ] 127.0.0.1 /weixiaotong2016/index.php/Admin/Student/all_del_student?schoolid=7&classid=39
NOTIC: D方法实例化没找到模型类Common\Model\SchoolModel
NOTIC: D方法实例化没找到模型类Common\Model\SchoolClassModel
NOTIC: D方法实例化没找到模型类Common\Model\ClassRelationshipModel
NOTIC: D方法实例化没找到模型类Common\Model\AppellationModel
NOTIC: D方法实例化没找到模型类Common\Model\WxtuserModel
NOTIC: D方法实例化没找到模型类Common\Model\RelationStuUserModel
NOTIC: D方法实例化没找到模型类Common\Model\StudentInfoModel

[ 2018-09-17T09:54:50+08:00 ] 127.0.0.1 /weixiaotong2016/index.php/Admin/Student/all_del_student?schoolid=7&classid=39
NOTIC: D方法实例化没找到模型类Common\Model\SchoolModel
NOTIC: D方法实例化没找到模型类Common\Model\SchoolClassModel
NOTIC: D方法实例化没找到模型类Common\Model\ClassRelationshipModel
NOTIC: D方法实例化没找到模型类Common\Model\AppellationModel
NOTIC: D方法实例化没找到模型类Common\Model\WxtuserModel
NOTIC: D方法实例化没找到模型类Common\Model\RelationStuUserModel
NOTIC: D方法实例化没找到模型类Common\Model\StudentInfoModel

[ 2018-09-17T09:55:09+08:00 ] 127.0.0.1 /weixiaotong2016/index.php/Admin/Student/all_del_student?schoolid=7&classid=39
NOTIC: D方法实例化没找到模型类Common\Model\SchoolModel
NOTIC: D方法实例化没找到模型类Common\Model\SchoolClassModel
NOTIC: D方法实例化没找到模型类Common\Model\ClassRelationshipModel
NOTIC: D方法实例化没找到模型类Common\Model\AppellationModel
NOTIC: D方法实例化没找到模型类Common\Model\WxtuserModel
NOTIC: D方法实例化没找到模型类Common\Model\RelationStuUserModel
NOTIC: D方法实例化没找到模型类Common\Model\StudentInfoModel

[ 2018-09-17T09:55:16+08:00 ] 127.0.0.1 /weixiaotong2016/index.php/Admin/Student/all_del_student?schoolid=7&classid=39
NOTIC: D方法实例化没找到模型类Common\Model\SchoolModel
NOTIC: D方法实例化没找到模型类Common\Model\SchoolClassModel
NOTIC: D方法实例化没找到模型类Common\Model\ClassRelationshipModel
NOTIC: D方法实例化没找到模型类Common\Model\AppellationModel
NOTIC: D方法实例化没找到模型类Common\Model\WxtuserModel
NOTIC: D方法实例化没找到模型类Common\Model\RelationStuUserModel
NOTIC: D方法实例化没找到模型类Common\Model\StudentInfoModel

[ 2018-09-17T09:55:28+08:00 ] 127.0.0.1 /weixiaotong2016/index.php/Admin/Student/all_del_student?schoolid=7&classid=39
NOTIC: D方法实例化没找到模型类Common\Model\SchoolModel
NOTIC: D方法实例化没找到模型类Common\Model\SchoolClassModel
NOTIC: D方法实例化没找到模型类Common\Model\ClassRelationshipModel
NOTIC: D方法实例化没找到模型类Common\Model\AppellationModel
NOTIC: D方法实例化没找到模型类Common\Model\WxtuserModel
NOTIC: D方法实例化没找到模型类Common\Model\RelationStuUserModel
NOTIC: D方法实例化没找到模型类Common\Model\StudentInfoModel

[ 2018-09-17T10:01:31+08:00 ] 127.0.0.1 /weixiaotong2016/index.php/Admin/Student/index?province=2&citys=3&message_type=7&schoolid=7&grade=3&classs=39&tiaojian=0&shuzhi=
NOTIC: D方法实例化没找到模型类Common\Model\SchoolModel
NOTIC: D方法实例化没找到模型类Common\Model\SchoolClassModel
NOTIC: D方法实例化没找到模型类Common\Model\ClassRelationshipModel
NOTIC: D方法实例化没找到模型类Common\Model\AppellationModel
NOTIC: D方法实例化没找到模型类Common\Model\WxtuserModel
NOTIC: D方法实例化没找到模型类Common\Model\RelationStuUserModel
NOTIC: D方法实例化没找到模型类Common\Model\StudentInfoModel

[ 2018-09-17T10:01:31+08:00 ] 127.0.0.1 /weixiaotong2016/index.php?g=Admin&m=AdminUtils&a=role_type&Province=2
INFO: [ app_begin ] --START--
INFO: Run Behavior\ReadHtmlCacheBehavior [ RunTime:0.001000s ]
INFO: Run Behavior\CheckLangBehavior [ RunTime:0.002000s ]
INFO: [ app_begin ] --END-- [ RunTime:0.003000s ]
SQL: SHOW COLUMNS FROM `wxt_role_user` [ RunTime:0.0130s ]
SQL: SELECT r.city FROM wxt_role_user ru INNER JOIN wxt_role r ON r.id=ru.role_id  WHERE ru.user_id = '1' LIMIT 1   [ RunTime:0.0010s ]
SQL: SHOW COLUMNS FROM `wxt_city` [ RunTime:0.0160s ]
SQL: SELECT * FROM `wxt_city` WHERE `parent` = '2'  [ RunTime:0.0000s ]
INFO: [ app_end ] --START--
INFO: Run Behavior\ShowPageTraceBehavior [ RunTime:0.001000s ]
INFO: [ app_end ] --END-- [ RunTime:0.002000s ]

[ 2018-09-17T10:01:31+08:00 ] 127.0.0.1 /weixiaotong2016/index.php?g=Admin&m=AdminUtils&a=Provinces&Province=3
INFO: [ app_begin ] --START--
INFO: Run Behavior\ReadHtmlCacheBehavior [ RunTime:0.000000s ]
INFO: Run Behavior\CheckLangBehavior [ RunTime:0.002000s ]
INFO: [ app_begin ] --END-- [ RunTime:0.003001s ]
NOTIC: D方法实例化没找到模型类Common\Model\CityModel
SQL: SHOW COLUMNS FROM `wxt_city` [ RunTime:0.0150s ]
SQL: SELECT * FROM `wxt_city` WHERE ( parent=3 )  [ RunTime:0.0000s ]
INFO: [ app_end ] --START--
INFO: Run Behavior\ShowPageTraceBehavior [ RunTime:0.001001s ]
INFO: [ app_end ] --END-- [ RunTime:0.001001s ]

[ 2018-09-17T10:01:32+08:00 ] 127.0.0.1 /weixiaotong2016/index.php/?g=Admin&m=AdminUtils&a=lookup
INFO: [ app_begin ] --START--
INFO: Run Behavior\ReadHtmlCacheBehavior [ RunTime:0.001000s ]
INFO: Run Behavior\CheckLangBehavior [ RunTime:0.002000s ]
INFO: [ app_begin ] --END-- [ RunTime:0.003000s ]
NOTIC: D方法实例化没找到模型类Common\Model\SchoolModel
SQL: SHOW COLUMNS FROM `wxt_school` [ RunTime:0.0180s ]
NOTIC: D方法实例化没找到模型类Common\Model\RoleSchoolModel
SQL: SHOW COLUMNS FROM `wxt_role_school` [ RunTime:0.0160s ]
SQL: SHOW COLUMNS FROM `wxt_role_user` [ RunTime:0.0120s ]
SQL: SELECT `role_id` FROM `wxt_role_user` WHERE ( user_id = 1 ) LIMIT 1   [ RunTime:0.0000s ]
SQL: SELECT `school_name`,`schoolid`,`schoolgradetypeid` FROM `wxt_school` WHERE ( area=7 )  [ RunTime:0.0010s ]
INFO: [ app_end ] --START--
INFO: Run Behavior\ShowPageTraceBehavior [ RunTime:0.001000s ]
INFO: [ app_end ] --END-- [ RunTime:0.001000s ]

[ 2018-09-17T10:01:32+08:00 ] 127.0.0.1 /weixiaotong2016/index.php?g=Admin&m=AdminUtils&a=showgrade&schoolid=7
INFO: [ app_begin ] --START--
INFO: Run Behavior\ReadHtmlCacheBehavior [ RunTime:0.001000s ]
INFO: Run Behavior\CheckLangBehavior [ RunTime:0.003000s ]
INFO: [ app_begin ] --END-- [ RunTime:0.005000s ]
SQL: SHOW COLUMNS FROM `wxt_school_grade` [ RunTime:0.0160s ]
SQL: SELECT `name`,`gradeid` FROM `wxt_school_grade` WHERE ( schoolid = 7 ) ORDER BY gradeid  [ RunTime:0.0000s ]

[ 2018-09-17T10:01:32+08:00 ] 127.0.0.1 /weixiaotong2016/index.php?g=Admin&m=AdminUtils&a=showclass&schoolid=7&gradeid=3
INFO: [ app_begin ] --START--
INFO: Run Behavior\ReadHtmlCacheBehavior [ RunTime:0.001000s ]
INFO: Run Behavior\CheckLangBehavior [ RunTime:0.002000s ]
INFO: [ app_begin ] --END-- [ RunTime:0.004000s ]
SQL: SHOW COLUMNS FROM `wxt_school_class` [ RunTime:0.0170s ]
SQL: SELECT `id`,`classname` FROM `wxt_school_class` WHERE `schoolid` = 7 AND `grade` = 3  [ RunTime:0.0000s ]

[ 2018-09-17T10:01:35+08:00 ] 127.0.0.1 /weixiaotong2016/index.php/Admin/Student/index?province=2&citys=3&message_type=7&schoolid=7&grade=3&classs=38&tiaojian=0&shuzhi=
NOTIC: D方法实例化没找到模型类Common\Model\SchoolModel
NOTIC: D方法实例化没找到模型类Common\Model\SchoolClassModel
NOTIC: D方法实例化没找到模型类Common\Model\ClassRelationshipModel
NOTIC: D方法实例化没找到模型类Common\Model\AppellationModel
NOTIC: D方法实例化没找到模型类Common\Model\WxtuserModel
NOTIC: D方法实例化没找到模型类Common\Model\RelationStuUserModel
NOTIC: D方法实例化没找到模型类Common\Model\StudentInfoModel

[ 2018-09-17T10:01:36+08:00 ] 127.0.0.1 /weixiaotong2016/index.php?g=Admin&m=AdminUtils&a=role_type&Province=2
INFO: [ app_begin ] --START--
INFO: Run Behavior\ReadHtmlCacheBehavior [ RunTime:0.001000s ]
INFO: Run Behavior\CheckLangBehavior [ RunTime:0.002000s ]
INFO: [ app_begin ] --END-- [ RunTime:0.003000s ]
SQL: SHOW COLUMNS FROM `wxt_role_user` [ RunTime:0.0150s ]
SQL: SELECT r.city FROM wxt_role_user ru INNER JOIN wxt_role r ON r.id=ru.role_id  WHERE ru.user_id = '1' LIMIT 1   [ RunTime:0.0010s ]
SQL: SHOW COLUMNS FROM `wxt_city` [ RunTime:0.0170s ]
SQL: SELECT * FROM `wxt_city` WHERE `parent` = '2'  [ RunTime:0.0000s ]
INFO: [ app_end ] --START--
INFO: Run Behavior\ShowPageTraceBehavior [ RunTime:0.001000s ]
INFO: [ app_end ] --END-- [ RunTime:0.001000s ]

[ 2018-09-17T10:01:36+08:00 ] 127.0.0.1 /weixiaotong2016/index.php?g=Admin&m=AdminUtils&a=Provinces&Province=3
INFO: [ app_begin ] --START--
INFO: Run Behavior\ReadHtmlCacheBehavior [ RunTime:0.001000s ]
INFO: Run Behavior\CheckLangBehavior [ RunTime:0.002000s ]
INFO: [ app_begin ] --END-- [ RunTime:0.004000s ]
NOTIC: D方法实例化没找到模型类Common\Model\CityModel
SQL: SHOW COLUMNS FROM `wxt_city` [ RunTime:0.0150s ]
SQL: SELECT * FROM `wxt_city` WHERE ( parent=3 )  [ RunTime:0.0010s ]
INFO: [ app_end ] --START--
INFO: Run Behavior\ShowPageTraceBehavior [ RunTime:0.001000s ]
INFO: [ app_end ] --END-- [ RunTime:0.001000s ]

[ 2018-09-17T10:01:36+08:00 ] 127.0.0.1 /weixiaotong2016/index.php/?g=Admin&m=AdminUtils&a=lookup
INFO: [ app_begin ] --START--
INFO: Run Behavior\ReadHtmlCacheBehavior [ RunTime:0.001000s ]
INFO: Run Behavior\CheckLangBehavior [ RunTime:0.002000s ]
INFO: [ app_begin ] --END-- [ RunTime:0.003000s ]
NOTIC: D方法实例化没找到模型类Common\Model\SchoolModel
SQL: SHOW COLUMNS FROM `wxt_school` [ RunTime:0.0160s ]
NOTIC: D方法实例化没找到模型类Common\Model\RoleSchoolModel
SQL: SHOW COLUMNS FROM `wxt_role_school` [ RunTime:0.0170s ]
SQL: SHOW COLUMNS FROM `wxt_role_user` [ RunTime:0.0150s ]
SQL: SELECT `role_id` FROM `wxt_role_user` WHERE ( user_id = 1 ) LIMIT 1   [ RunTime:0.0000s ]
SQL: SELECT `school_name`,`schoolid`,`schoolgradetypeid` FROM `wxt_school` WHERE ( area=7 )  [ RunTime:0.0000s ]
INFO: [ app_end ] --START--
INFO: Run Behavior\ShowPageTraceBehavior [ RunTime:0.001000s ]
INFO: [ app_end ] --END-- [ RunTime:0.001000s ]

[ 2018-09-17T10:01:36+08:00 ] 127.0.0.1 /weixiaotong2016/index.php?g=Admin&m=AdminUtils&a=showgrade&schoolid=7
INFO: [ app_begin ] --START--
INFO: Run Behavior\ReadHtmlCacheBehavior [ RunTime:0.002000s ]
INFO: Run Behavior\CheckLangBehavior [ RunTime:0.002001s ]
INFO: [ app_begin ] --END-- [ RunTime:0.004001s ]
SQL: SHOW COLUMNS FROM `wxt_school_grade` [ RunTime:0.0160s ]
SQL: SELECT `name`,`gradeid` FROM `wxt_school_grade` WHERE ( schoolid = 7 ) ORDER BY gradeid  [ RunTime:0.0000s ]

[ 2018-09-17T10:01:36+08:00 ] 127.0.0.1 /weixiaotong2016/index.php?g=Admin&m=AdminUtils&a=showclass&schoolid=7&gradeid=3
INFO: [ app_begin ] --START--
INFO: Run Behavior\ReadHtmlCacheBehavior [ RunTime:0.001000s ]
INFO: Run Behavior\CheckLangBehavior [ RunTime:0.002000s ]
INFO: [ app_begin ] --END-- [ RunTime:0.004000s ]
SQL: SHOW COLUMNS FROM `wxt_school_class` [ RunTime:0.0160s ]
SQL: SELECT `id`,`classname` FROM `wxt_school_class` WHERE `schoolid` = 7 AND `grade` = 3  [ RunTime:0.0010s ]

[ 2018-09-17T10:01:39+08:00 ] 127.0.0.1 /weixiaotong2016/index.php/Admin/Student/index?province=2&citys=3&message_type=7&schoolid=7&grade=3&classs=37&tiaojian=0&shuzhi=
NOTIC: D方法实例化没找到模型类Common\Model\SchoolModel
NOTIC: D方法实例化没找到模型类Common\Model\SchoolClassModel
NOTIC: D方法实例化没找到模型类Common\Model\ClassRelationshipModel
NOTIC: D方法实例化没找到模型类Common\Model\AppellationModel
NOTIC: D方法实例化没找到模型类Common\Model\WxtuserModel
NOTIC: D方法实例化没找到模型类Common\Model\RelationStuUserModel
NOTIC: D方法实例化没找到模型类Common\Model\StudentInfoModel

[ 2018-09-17T10:01:39+08:00 ] 127.0.0.1 /weixiaotong2016/index.php?g=Admin&m=AdminUtils&a=role_type&Province=2
INFO: [ app_begin ] --START--
INFO: Run Behavior\ReadHtmlCacheBehavior [ RunTime:0.001000s ]
INFO: Run Behavior\CheckLangBehavior [ RunTime:0.002000s ]
INFO: [ app_begin ] --END-- [ RunTime:0.003000s ]
SQL: SHOW COLUMNS FROM `wxt_role_user` [ RunTime:0.0160s ]
SQL: SELECT r.city FROM wxt_role_user ru INNER JOIN wxt_role r ON r.id=ru.role_id  WHERE ru.user_id = '1' LIMIT 1   [ RunTime:0.0000s ]
SQL: SHOW COLUMNS FROM `wxt_city` [ RunTime:0.0160s ]
SQL: SELECT * FROM `wxt_city` WHERE `parent` = '2'  [ RunTime:0.0000s ]
INFO: [ app_end ] --START--
INFO: Run Behavior\ShowPageTraceBehavior [ RunTime:0.001000s ]
INFO: [ app_end ] --END-- [ RunTime:0.001000s ]

[ 2018-09-17T10:01:39+08:00 ] 127.0.0.1 /weixiaotong2016/index.php?g=Admin&m=AdminUtils&a=Provinces&Province=3
INFO: [ app_begin ] --START--
INFO: Run Behavior\ReadHtmlCacheBehavior [ RunTime:0.001000s ]
INFO: Run Behavior\CheckLangBehavior [ RunTime:0.002000s ]
INFO: [ app_begin ] --END-- [ RunTime:0.003000s ]
NOTIC: D方法实例化没找到模型类Common\Model\CityModel
SQL: SHOW COLUMNS FROM `wxt_city` [ RunTime:0.0150s ]
SQL: SELECT * FROM `wxt_city` WHERE ( parent=3 )  [ RunTime:0.0000s ]
INFO: [ app_end ] --START--
INFO: Run Behavior\ShowPageTraceBehavior [ RunTime:0.001000s ]
INFO: [ app_end ] --END-- [ RunTime:0.001000s ]

[ 2018-09-17T10:01:39+08:00 ] 127.0.0.1 /weixiaotong2016/index.php/?g=Admin&m=AdminUtils&a=lookup
INFO: [ app_begin ] --START--
INFO: Run Behavior\ReadHtmlCacheBehavior [ RunTime:0.001000s ]
INFO: Run Behavior\CheckLangBehavior [ RunTime:0.002000s ]
INFO: [ app_begin ] --END-- [ RunTime:0.003000s ]
NOTIC: D方法实例化没找到模型类Common\Model\SchoolModel
SQL: SHOW COLUMNS FROM `wxt_school` [ RunTime:0.0160s ]
NOTIC: D方法实例化没找到模型类Common\Model\RoleSchoolModel
SQL: SHOW COLUMNS FROM `wxt_role_school` [ RunTime:0.0140s ]
SQL: SHOW COLUMNS FROM `wxt_role_user` [ RunTime:0.0140s ]
SQL: SELECT `role_id` FROM `wxt_role_user` WHERE ( user_id = 1 ) LIMIT 1   [ RunTime:0.0000s ]
SQL: SELECT `school_name`,`schoolid`,`schoolgradetypeid` FROM `wxt_school` WHERE ( area=7 )  [ RunTime:0.0000s ]
INFO: [ app_end ] --START--
INFO: Run Behavior\ShowPageTraceBehavior [ RunTime:0.002001s ]
INFO: [ app_end ] --END-- [ RunTime:0.002001s ]

[ 2018-09-17T10:01:39+08:00 ] 127.0.0.1 /weixiaotong2016/index.php?g=Admin&m=AdminUtils&a=showgrade&schoolid=7
INFO: [ app_begin ] --START--
INFO: Run Behavior\ReadHtmlCacheBehavior [ RunTime:0.001000s ]
INFO: Run Behavior\CheckLangBehavior [ RunTime:0.003000s ]
INFO: [ app_begin ] --END-- [ RunTime:0.005000s ]
SQL: SHOW COLUMNS FROM `wxt_school_grade` [ RunTime:0.0160s ]
SQL: SELECT `name`,`gradeid` FROM `wxt_school_grade` WHERE ( schoolid = 7 ) ORDER BY gradeid  [ RunTime:0.0000s ]

[ 2018-09-17T10:01:40+08:00 ] 127.0.0.1 /weixiaotong2016/index.php?g=Admin&m=AdminUtils&a=showclass&schoolid=7&gradeid=3
INFO: [ app_begin ] --START--
INFO: Run Behavior\ReadHtmlCacheBehavior [ RunTime:0.001000s ]
INFO: Run Behavior\CheckLangBehavior [ RunTime:0.002000s ]
INFO: [ app_begin ] --END-- [ RunTime:0.004000s ]
SQL: SHOW COLUMNS FROM `wxt_school_class` [ RunTime:0.0150s ]
SQL: SELECT `id`,`classname` FROM `wxt_school_class` WHERE `schoolid` = 7 AND `grade` = 3  [ RunTime:0.0010s ]

[ 2018-09-17T10:01:41+08:00 ] 127.0.0.1 /weixiaotong2016/index.php/Admin/Student/all_del_student?schoolid=7&classid=37
INFO: [ app_begin ] --START--
INFO: Run Behavior\ReadHtmlCacheBehavior [ RunTime:0.001000s ]
INFO: Run Behavior\CheckLangBehavior [ RunTime:0.003000s ]
INFO: [ app_begin ] --END-- [ RunTime:0.004000s ]
SQL: SHOW COLUMNS FROM `wxt_users` [ RunTime:0.0150s ]
SQL: SELECT * FROM `wxt_users` WHERE ( id=1 ) LIMIT 1   [ RunTime:0.0010s ]
NOTIC: D方法实例化没找到模型类Common\Model\SchoolModel
SQL: SHOW COLUMNS FROM `wxt_school` [ RunTime:0.0150s ]
NOTIC: D方法实例化没找到模型类Common\Model\SchoolClassModel
SQL: SHOW COLUMNS FROM `wxt_school_class` [ RunTime:0.0140s ]
NOTIC: D方法实例化没找到模型类Common\Model\ClassRelationshipModel
SQL: SHOW COLUMNS FROM `wxt_class_relationship` [ RunTime:0.0140s ]
NOTIC: D方法实例化没找到模型类Common\Model\AppellationModel
SQL: SHOW COLUMNS FROM `wxt_appellation` [ RunTime:0.0140s ]
NOTIC: D方法实例化没找到模型类Common\Model\WxtuserModel
SQL: SHOW COLUMNS FROM `wxt_wxtuser` [ RunTime:0.0150s ]
NOTIC: D方法实例化没找到模型类Common\Model\RelationStuUserModel
SQL: SHOW COLUMNS FROM `wxt_relation_stu_user` [ RunTime:0.0150s ]
NOTIC: D方法实例化没找到模型类Common\Model\StudentInfoModel
SQL: SHOW COLUMNS FROM `wxt_student_info` [ RunTime:0.0140s ]
SQL: SHOW COLUMNS FROM `wxt_class_relationship` [ RunTime:0.0170s ]
SQL: SELECT `userid` FROM `wxt_class_relationship` WHERE `schoolid` = 7 AND `classid` = 37  [ RunTime:0.0010s ]

[ 2018-09-17T10:17:04+08:00 ] 127.0.0.1 /weixiaotong2016/index.php/Admin/SchoolManage/index/menuid/192
NOTIC: D方法实例化没找到模型类Common\Model\SchoolModel
NOTIC: D方法实例化没找到模型类Common\Model\SchoolClassModel
NOTIC: D方法实例化没找到模型类Common\Model\WxtuserModel
NOTIC: D方法实例化没找到模型类Common\Model\TeacherClassModel
NOTIC: D方法实例化没找到模型类Common\Model\RelationStuUserModel
NOTIC: D方法实例化没找到模型类Common\Model\AgentModel
NOTIC: D方法实例化没找到模型类Common\Model\DepartmentModel
NOTIC: D方法实例化没找到模型类Common\Model\CityModel

[ 2018-09-17T10:17:06+08:00 ] 127.0.0.1 /weixiaotong2016/index.php/Admin/SchoolManage/index/menuid/192
NOTIC: D方法实例化没找到模型类Common\Model\SchoolModel
NOTIC: D方法实例化没找到模型类Common\Model\SchoolClassModel
NOTIC: D方法实例化没找到模型类Common\Model\WxtuserModel
NOTIC: D方法实例化没找到模型类Common\Model\TeacherClassModel
NOTIC: D方法实例化没找到模型类Common\Model\RelationStuUserModel
NOTIC: D方法实例化没找到模型类Common\Model\AgentModel
NOTIC: D方法实例化没找到模型类Common\Model\DepartmentModel
NOTIC: D方法实例化没找到模型类Common\Model\CityModel

[ 2018-09-17T10:17:09+08:00 ] 127.0.0.1 /weixiaotong2016/index.php/Admin/SchoolManage/classmanage/schoolid/26/schoolname/%E7%81%B5%E6%BA%AA%E4%B8%89%E5%93%88%E5%B9%BC%E5%84%BF%E5%9B%AD
NOTIC: D方法实例化没找到模型类Common\Model\SchoolModel
NOTIC: D方法实例化没找到模型类Common\Model\SchoolClassModel
NOTIC: D方法实例化没找到模型类Common\Model\WxtuserModel
NOTIC: D方法实例化没找到模型类Common\Model\TeacherClassModel
NOTIC: D方法实例化没找到模型类Common\Model\RelationStuUserModel
NOTIC: D方法实例化没找到模型类Common\Model\AgentModel
NOTIC: D方法实例化没找到模型类Common\Model\DepartmentModel
NOTIC: D方法实例化没找到模型类Common\Model\CityModel

[ 2018-09-17T10:17:18+08:00 ] 127.0.0.1 /weixiaotong2016/index.php/Admin/SchoolManage/show_class?classid%5B%5D=177&classid%5B%5D=176&classid%5B%5D=175&classid%5B%5D=174&classid%5B%5D=173&classid%5B%5D=172
INFO: [ app_begin ] --START--
INFO: Run Behavior\ReadHtmlCacheBehavior [ RunTime:0.001000s ]
INFO: Run Behavior\CheckLangBehavior [ RunTime:0.002000s ]
INFO: [ app_begin ] --END-- [ RunTime:0.004000s ]
SQL: SHOW COLUMNS FROM `wxt_users` [ RunTime:0.0140s ]
SQL: SELECT * FROM `wxt_users` WHERE ( id=1 ) LIMIT 1   [ RunTime:0.0000s ]
NOTIC: D方法实例化没找到模型类Common\Model\SchoolModel
SQL: SHOW COLUMNS FROM `wxt_school` [ RunTime:0.0140s ]
NOTIC: D方法实例化没找到模型类Common\Model\SchoolClassModel
SQL: SHOW COLUMNS FROM `wxt_school_class` [ RunTime:0.0140s ]
NOTIC: D方法实例化没找到模型类Common\Model\WxtuserModel
SQL: SHOW COLUMNS FROM `wxt_wxtuser` [ RunTime:0.0150s ]
NOTIC: D方法实例化没找到模型类Common\Model\TeacherClassModel
SQL: SHOW COLUMNS FROM `wxt_teacher_class` [ RunTime:0.0130s ]
NOTIC: D方法实例化没找到模型类Common\Model\RelationStuUserModel
SQL: SHOW COLUMNS FROM `wxt_relation_stu_user` [ RunTime:0.0130s ]
NOTIC: D方法实例化没找到模型类Common\Model\AgentModel
SQL: SHOW COLUMNS FROM `wxt_agent` [ RunTime:0.0140s ]
NOTIC: D方法实例化没找到模型类Common\Model\DepartmentModel
SQL: SHOW COLUMNS FROM `wxt_department` [ RunTime:0.0130s ]
NOTIC: D方法实例化没找到模型类Common\Model\CityModel
SQL: SHOW COLUMNS FROM `wxt_city` [ RunTime:0.0140s ]
SQL: SELECT * FROM `wxt_school_class` WHERE `id` IN ('177','176','175','174','173','172')  [ RunTime:0.0000s ]
INFO: [ app_end ] --START--
INFO: Run Behavior\ShowPageTraceBehavior [ RunTime:0.002000s ]
INFO: [ app_end ] --END-- [ RunTime:0.002000s ]

[ 2018-09-17T10:17:48+08:00 ] 127.0.0.1 /weixiaotong2016/index.php/Admin/SchoolManage/classmanage/schoolid/26/schoolname/%E7%81%B5%E6%BA%AA%E4%B8%89%E5%93%88%E5%B9%BC%E5%84%BF%E5%9B%AD
NOTIC: D方法实例化没找到模型类Common\Model\SchoolModel
NOTIC: D方法实例化没找到模型类Common\Model\SchoolClassModel
NOTIC: D方法实例化没找到模型类Common\Model\WxtuserModel
NOTIC: D方法实例化没找到模型类Common\Model\TeacherClassModel
NOTIC: D方法实例化没找到模型类Common\Model\RelationStuUserModel
NOTIC: D方法实例化没找到模型类Common\Model\AgentModel
NOTIC: D方法实例化没找到模型类Common\Model\DepartmentModel
NOTIC: D方法实例化没找到模型类Common\Model\CityModel

[ 2018-09-17T10:18:00+08:00 ] 127.0.0.1 /weixiaotong2016/index.php/Admin/SchoolManage/show_class?classid%5B%5D=177&classid%5B%5D=176&classid%5B%5D=175&classid%5B%5D=174&classid%5B%5D=173&classid%5B%5D=172
INFO: [ app_begin ] --START--
INFO: Run Behavior\ReadHtmlCacheBehavior [ RunTime:0.001000s ]
INFO: Run Behavior\CheckLangBehavior [ RunTime:0.003000s ]
INFO: [ app_begin ] --END-- [ RunTime:0.004000s ]
SQL: SHOW COLUMNS FROM `wxt_users` [ RunTime:0.0150s ]
SQL: SELECT * FROM `wxt_users` WHERE ( id=1 ) LIMIT 1   [ RunTime:0.0000s ]
NOTIC: D方法实例化没找到模型类Common\Model\SchoolModel
SQL: SHOW COLUMNS FROM `wxt_school` [ RunTime:0.0130s ]
NOTIC: D方法实例化没找到模型类Common\Model\SchoolClassModel
SQL: SHOW COLUMNS FROM `wxt_school_class` [ RunTime:0.0150s ]
NOTIC: D方法实例化没找到模型类Common\Model\WxtuserModel
SQL: SHOW COLUMNS FROM `wxt_wxtuser` [ RunTime:0.0150s ]
NOTIC: D方法实例化没找到模型类Common\Model\TeacherClassModel
SQL: SHOW COLUMNS FROM `wxt_teacher_class` [ RunTime:0.0140s ]
NOTIC: D方法实例化没找到模型类Common\Model\RelationStuUserModel
SQL: SHOW COLUMNS FROM `wxt_relation_stu_user` [ RunTime:0.0140s ]
NOTIC: D方法实例化没找到模型类Common\Model\AgentModel
SQL: SHOW COLUMNS FROM `wxt_agent` [ RunTime:0.0150s ]
NOTIC: D方法实例化没找到模型类Common\Model\DepartmentModel
SQL: SHOW COLUMNS FROM `wxt_department` [ RunTime:0.0140s ]
NOTIC: D方法实例化没找到模型类Common\Model\CityModel
SQL: SHOW COLUMNS FROM `wxt_city` [ RunTime:0.0140s ]
SQL: SELECT * FROM `wxt_school_class` WHERE `id` IN ('177','176','175','174','173','172')  [ RunTime:0.0010s ]
INFO: [ app_end ] --START--
INFO: Run Behavior\ShowPageTraceBehavior [ RunTime:0.001000s ]
INFO: [ app_end ] --END-- [ RunTime:0.001000s ]

[ 2018-09-17T10:24:11+08:00 ] 127.0.0.1 /weixiaotong2016/index.php/Admin/SchoolManage/classmanage/schoolid/26/schoolname/%E7%81%B5%E6%BA%AA%E4%B8%89%E5%93%88%E5%B9%BC%E5%84%BF%E5%9B%AD
NOTIC: D方法实例化没找到模型类Common\Model\SchoolModel
NOTIC: D方法实例化没找到模型类Common\Model\SchoolClassModel
NOTIC: D方法实例化没找到模型类Common\Model\WxtuserModel
NOTIC: D方法实例化没找到模型类Common\Model\TeacherClassModel
NOTIC: D方法实例化没找到模型类Common\Model\RelationStuUserModel
NOTIC: D方法实例化没找到模型类Common\Model\AgentModel
NOTIC: D方法实例化没找到模型类Common\Model\DepartmentModel
NOTIC: D方法实例化没找到模型类Common\Model\CityModel

[ 2018-09-17T10:24:18+08:00 ] 127.0.0.1 /weixiaotong2016/index.php/Admin/SchoolManage/show_class?classid%5B%5D=177&classid%5B%5D=176&classid%5B%5D=175&classid%5B%5D=174&classid%5B%5D=173&classid%5B%5D=172
INFO: [ app_begin ] --START--
INFO: Run Behavior\ReadHtmlCacheBehavior [ RunTime:0.001000s ]
INFO: Run Behavior\CheckLangBehavior [ RunTime:0.002001s ]
INFO: [ app_begin ] --END-- [ RunTime:0.003001s ]
SQL: SHOW COLUMNS FROM `wxt_users` [ RunTime:0.0110s ]
SQL: SELECT * FROM `wxt_users` WHERE ( id=1 ) LIMIT 1   [ RunTime:0.0000s ]
NOTIC: D方法实例化没找到模型类Common\Model\SchoolModel
SQL: SHOW COLUMNS FROM `wxt_school` [ RunTime:0.0090s ]
NOTIC: D方法实例化没找到模型类Common\Model\SchoolClassModel
SQL: SHOW COLUMNS FROM `wxt_school_class` [ RunTime:0.0100s ]
NOTIC: D方法实例化没找到模型类Common\Model\WxtuserModel
SQL: SHOW COLUMNS FROM `wxt_wxtuser` [ RunTime:0.0100s ]
NOTIC: D方法实例化没找到模型类Common\Model\TeacherClassModel
SQL: SHOW COLUMNS FROM `wxt_teacher_class` [ RunTime:0.0100s ]
NOTIC: D方法实例化没找到模型类Common\Model\RelationStuUserModel
SQL: SHOW COLUMNS FROM `wxt_relation_stu_user` [ RunTime:0.0110s ]
NOTIC: D方法实例化没找到模型类Common\Model\AgentModel
SQL: SHOW COLUMNS FROM `wxt_agent` [ RunTime:0.0100s ]
NOTIC: D方法实例化没找到模型类Common\Model\DepartmentModel
SQL: SHOW COLUMNS FROM `wxt_department` [ RunTime:0.0090s ]
NOTIC: D方法实例化没找到模型类Common\Model\CityModel
SQL: SHOW COLUMNS FROM `wxt_city` [ RunTime:0.0100s ]
SQL: SELECT * FROM `wxt_school_class` WHERE `id` IN ('177','176','175','174','173','172')  [ RunTime:0.0000s ]
INFO: [ app_end ] --START--
INFO: Run Behavior\ShowPageTraceBehavior [ RunTime:0.001000s ]
INFO: [ app_end ] --END-- [ RunTime:0.001000s ]

[ 2018-09-17T10:24:58+08:00 ] 127.0.0.1 /weixiaotong2016/index.php/Admin/SchoolManage/classmanage/schoolid/26/schoolname/%E7%81%B5%E6%BA%AA%E4%B8%89%E5%93%88%E5%B9%BC%E5%84%BF%E5%9B%AD
NOTIC: D方法实例化没找到模型类Common\Model\SchoolModel
NOTIC: D方法实例化没找到模型类Common\Model\SchoolClassModel
NOTIC: D方法实例化没找到模型类Common\Model\WxtuserModel
NOTIC: D方法实例化没找到模型类Common\Model\TeacherClassModel
NOTIC: D方法实例化没找到模型类Common\Model\RelationStuUserModel
NOTIC: D方法实例化没找到模型类Common\Model\AgentModel
NOTIC: D方法实例化没找到模型类Common\Model\DepartmentModel
NOTIC: D方法实例化没找到模型类Common\Model\CityModel

[ 2018-09-17T10:25:44+08:00 ] 127.0.0.1 /weixiaotong2016/index.php/Admin/SchoolManage/index/menuid/192
NOTIC: D方法实例化没找到模型类Common\Model\SchoolModel
NOTIC: D方法实例化没找到模型类Common\Model\SchoolClassModel
NOTIC: D方法实例化没找到模型类Common\Model\WxtuserModel
NOTIC: D方法实例化没找到模型类Common\Model\TeacherClassModel
NOTIC: D方法实例化没找到模型类Common\Model\RelationStuUserModel
NOTIC: D方法实例化没找到模型类Common\Model\AgentModel
NOTIC: D方法实例化没找到模型类Common\Model\DepartmentModel
NOTIC: D方法实例化没找到模型类Common\Model\CityModel

[ 2018-09-17T10:25:46+08:00 ] 127.0.0.1 /weixiaotong2016/index.php/Admin/SchoolManage/classmanage/schoolid/26/schoolname/%E7%81%B5%E6%BA%AA%E4%B8%89%E5%93%88%E5%B9%BC%E5%84%BF%E5%9B%AD
NOTIC: D方法实例化没找到模型类Common\Model\SchoolModel
NOTIC: D方法实例化没找到模型类Common\Model\SchoolClassModel
NOTIC: D方法实例化没找到模型类Common\Model\WxtuserModel
NOTIC: D方法实例化没找到模型类Common\Model\TeacherClassModel
NOTIC: D方法实例化没找到模型类Common\Model\RelationStuUserModel
NOTIC: D方法实例化没找到模型类Common\Model\AgentModel
NOTIC: D方法实例化没找到模型类Common\Model\DepartmentModel
NOTIC: D方法实例化没找到模型类Common\Model\CityModel

[ 2018-09-17T10:25:51+08:00 ] 127.0.0.1 /weixiaotong2016/index.php/Admin/SchoolManage/show_class?classid%5B%5D=177
INFO: [ app_begin ] --START--
INFO: Run Behavior\ReadHtmlCacheBehavior [ RunTime:0.001000s ]
INFO: Run Behavior\CheckLangBehavior [ RunTime:0.003000s ]
INFO: [ app_begin ] --END-- [ RunTime:0.004000s ]
SQL: SHOW COLUMNS FROM `wxt_users` [ RunTime:0.0160s ]
SQL: SELECT * FROM `wxt_users` WHERE ( id=1 ) LIMIT 1   [ RunTime:0.0000s ]
NOTIC: D方法实例化没找到模型类Common\Model\SchoolModel
SQL: SHOW COLUMNS FROM `wxt_school` [ RunTime:0.0150s ]
NOTIC: D方法实例化没找到模型类Common\Model\SchoolClassModel
SQL: SHOW COLUMNS FROM `wxt_school_class` [ RunTime:0.0150s ]
NOTIC: D方法实例化没找到模型类Common\Model\WxtuserModel
SQL: SHOW COLUMNS FROM `wxt_wxtuser` [ RunTime:0.0150s ]
NOTIC: D方法实例化没找到模型类Common\Model\TeacherClassModel
SQL: SHOW COLUMNS FROM `wxt_teacher_class` [ RunTime:0.0150s ]
NOTIC: D方法实例化没找到模型类Common\Model\RelationStuUserModel
SQL: SHOW COLUMNS FROM `wxt_relation_stu_user` [ RunTime:0.0170s ]
NOTIC: D方法实例化没找到模型类Common\Model\AgentModel
SQL: SHOW COLUMNS FROM `wxt_agent` [ RunTime:0.0170s ]
NOTIC: D方法实例化没找到模型类Common\Model\DepartmentModel
SQL: SHOW COLUMNS FROM `wxt_department` [ RunTime:0.0150s ]
NOTIC: D方法实例化没找到模型类Common\Model\CityModel
SQL: SHOW COLUMNS FROM `wxt_city` [ RunTime:0.0160s ]
SQL: SELECT * FROM `wxt_school_class` WHERE `id` IN ('177')  [ RunTime:0.0000s ]
INFO: [ app_end ] --START--
INFO: Run Behavior\ShowPageTraceBehavior [ RunTime:0.001000s ]
INFO: [ app_end ] --END-- [ RunTime:0.001000s ]

[ 2018-09-17T10:25:57+08:00 ] 127.0.0.1 /weixiaotong2016/index.php/Admin/SchoolManage/classmanage/schoolid/26/schoolname/%E7%81%B5%E6%BA%AA%E4%B8%89%E5%93%88%E5%B9%BC%E5%84%BF%E5%9B%AD
NOTIC: D方法实例化没找到模型类Common\Model\SchoolModel
NOTIC: D方法实例化没找到模型类Common\Model\SchoolClassModel
NOTIC: D方法实例化没找到模型类Common\Model\WxtuserModel
NOTIC: D方法实例化没找到模型类Common\Model\TeacherClassModel
NOTIC: D方法实例化没找到模型类Common\Model\RelationStuUserModel
NOTIC: D方法实例化没找到模型类Common\Model\AgentModel
NOTIC: D方法实例化没找到模型类Common\Model\DepartmentModel
NOTIC: D方法实例化没找到模型类Common\Model\CityModel

[ 2018-09-17T10:27:50+08:00 ] 127.0.0.1 /weixiaotong2016/index.php/Admin/SchoolManage/classmanage/schoolid/26/schoolname/%E7%81%B5%E6%BA%AA%E4%B8%89%E5%93%88%E5%B9%BC%E5%84%BF%E5%9B%AD
NOTIC: D方法实例化没找到模型类Common\Model\SchoolModel
NOTIC: D方法实例化没找到模型类Common\Model\SchoolClassModel
NOTIC: D方法实例化没找到模型类Common\Model\WxtuserModel
NOTIC: D方法实例化没找到模型类Common\Model\TeacherClassModel
NOTIC: D方法实例化没找到模型类Common\Model\RelationStuUserModel
NOTIC: D方法实例化没找到模型类Common\Model\AgentModel
NOTIC: D方法实例化没找到模型类Common\Model\DepartmentModel
NOTIC: D方法实例化没找到模型类Common\Model\CityModel

[ 2018-09-17T10:30:49+08:00 ] 127.0.0.1 /weixiaotong2016/index.php/Admin/SchoolManage/classmanage/schoolid/26/schoolname/%E7%81%B5%E6%BA%AA%E4%B8%89%E5%93%88%E5%B9%BC%E5%84%BF%E5%9B%AD
NOTIC: D方法实例化没找到模型类Common\Model\SchoolModel
NOTIC: D方法实例化没找到模型类Common\Model\SchoolClassModel
NOTIC: D方法实例化没找到模型类Common\Model\WxtuserModel
NOTIC: D方法实例化没找到模型类Common\Model\TeacherClassModel
NOTIC: D方法实例化没找到模型类Common\Model\RelationStuUserModel
NOTIC: D方法实例化没找到模型类Common\Model\AgentModel
NOTIC: D方法实例化没找到模型类Common\Model\DepartmentModel
NOTIC: D方法实例化没找到模型类Common\Model\CityModel

[ 2018-09-17T10:30:52+08:00 ] 127.0.0.1 /weixiaotong2016/index.php/Admin/SchoolManage/show_class?classid%5B%5D=177&classid%5B%5D=176&classid%5B%5D=175&classid%5B%5D=174&classid%5B%5D=173&classid%5B%5D=172
INFO: [ app_begin ] --START--
INFO: Run Behavior\ReadHtmlCacheBehavior [ RunTime:0.001000s ]
INFO: Run Behavior\CheckLangBehavior [ RunTime:0.002001s ]
INFO: [ app_begin ] --END-- [ RunTime:0.003001s ]
SQL: SHOW COLUMNS FROM `wxt_users` [ RunTime:0.0110s ]
SQL: SELECT * FROM `wxt_users` WHERE ( id=1 ) LIMIT 1   [ RunTime:0.0010s ]
NOTIC: D方法实例化没找到模型类Common\Model\SchoolModel
SQL: SHOW COLUMNS FROM `wxt_school` [ RunTime:0.0100s ]
NOTIC: D方法实例化没找到模型类Common\Model\SchoolClassModel
SQL: SHOW COLUMNS FROM `wxt_school_class` [ RunTime:0.0100s ]
NOTIC: D方法实例化没找到模型类Common\Model\WxtuserModel
SQL: SHOW COLUMNS FROM `wxt_wxtuser` [ RunTime:0.0100s ]
NOTIC: D方法实例化没找到模型类Common\Model\TeacherClassModel
SQL: SHOW COLUMNS FROM `wxt_teacher_class` [ RunTime:0.0100s ]
NOTIC: D方法实例化没找到模型类Common\Model\RelationStuUserModel
SQL: SHOW COLUMNS FROM `wxt_relation_stu_user` [ RunTime:0.0110s ]
NOTIC: D方法实例化没找到模型类Common\Model\AgentModel
SQL: SHOW COLUMNS FROM `wxt_agent` [ RunTime:0.0100s ]
NOTIC: D方法实例化没找到模型类Common\Model\DepartmentModel
SQL: SHOW COLUMNS FROM `wxt_department` [ RunTime:0.0090s ]
NOTIC: D方法实例化没找到模型类Common\Model\CityModel
SQL: SHOW COLUMNS FROM `wxt_city` [ RunTime:0.0100s ]
SQL: SELECT * FROM `wxt_school_class` WHERE `id` IN ('177','176','175','174','173','172') ORDER BY id ASC  [ RunTime:0.0010s ]
INFO: [ app_end ] --START--
INFO: Run Behavior\ShowPageTraceBehavior [ RunTime:0.001000s ]
INFO: [ app_end ] --END-- [ RunTime:0.001000s ]

[ 2018-09-17T10:31:00+08:00 ] 127.0.0.1 /weixiaotong2016/index.php/Admin/SchoolManage/show_class?classid%5B%5D=177&classid%5B%5D=176&classid%5B%5D=175&classid%5B%5D=174&classid%5B%5D=173&classid%5B%5D=172
INFO: [ app_begin ] --START--
INFO: Run Behavior\ReadHtmlCacheBehavior [ RunTime:0.001000s ]
INFO: Run Behavior\CheckLangBehavior [ RunTime:0.003000s ]
INFO: [ app_begin ] --END-- [ RunTime:0.004000s ]
SQL: SHOW COLUMNS FROM `wxt_users` [ RunTime:0.0110s ]
SQL: SELECT * FROM `wxt_users` WHERE ( id=1 ) LIMIT 1   [ RunTime:0.0010s ]
NOTIC: D方法实例化没找到模型类Common\Model\SchoolModel
SQL: SHOW COLUMNS FROM `wxt_school` [ RunTime:0.0100s ]
NOTIC: D方法实例化没找到模型类Common\Model\SchoolClassModel
SQL: SHOW COLUMNS FROM `wxt_school_class` [ RunTime:0.0100s ]
NOTIC: D方法实例化没找到模型类Common\Model\WxtuserModel
SQL: SHOW COLUMNS FROM `wxt_wxtuser` [ RunTime:0.0100s ]
NOTIC: D方法实例化没找到模型类Common\Model\TeacherClassModel
SQL: SHOW COLUMNS FROM `wxt_teacher_class` [ RunTime:0.0100s ]
NOTIC: D方法实例化没找到模型类Common\Model\RelationStuUserModel
SQL: SHOW COLUMNS FROM `wxt_relation_stu_user` [ RunTime:0.0090s ]
NOTIC: D方法实例化没找到模型类Common\Model\AgentModel
SQL: SHOW COLUMNS FROM `wxt_agent` [ RunTime:0.0100s ]
NOTIC: D方法实例化没找到模型类Common\Model\DepartmentModel
SQL: SHOW COLUMNS FROM `wxt_department` [ RunTime:0.0100s ]
NOTIC: D方法实例化没找到模型类Common\Model\CityModel
SQL: SHOW COLUMNS FROM `wxt_city` [ RunTime:0.0110s ]
SQL: SELECT * FROM `wxt_school_class` WHERE `id` IN ('177','176','175','174','173','172') ORDER BY id ASC  [ RunTime:0.0000s ]
INFO: [ app_end ] --START--
INFO: Run Behavior\ShowPageTraceBehavior [ RunTime:0.002000s ]
INFO: [ app_end ] --END-- [ RunTime:0.002000s ]

[ 2018-09-17T10:31:28+08:00 ] 127.0.0.1 /weixiaotong2016/index.php/Admin/SchoolManage/classmanage/schoolid/26/schoolname/%E7%81%B5%E6%BA%AA%E4%B8%89%E5%93%88%E5%B9%BC%E5%84%BF%E5%9B%AD
NOTIC: D方法实例化没找到模型类Common\Model\SchoolModel
NOTIC: D方法实例化没找到模型类Common\Model\SchoolClassModel
NOTIC: D方法实例化没找到模型类Common\Model\WxtuserModel
NOTIC: D方法实例化没找到模型类Common\Model\TeacherClassModel
NOTIC: D方法实例化没找到模型类Common\Model\RelationStuUserModel
NOTIC: D方法实例化没找到模型类Common\Model\AgentModel
NOTIC: D方法实例化没找到模型类Common\Model\DepartmentModel
NOTIC: D方法实例化没找到模型类Common\Model\CityModel

[ 2018-09-17T13:20:52+08:00 ] 127.0.0.1 /weixiaotong2016/index.php/Admin/Student/index
NOTIC: D方法实例化没找到模型类Common\Model\SchoolModel
NOTIC: D方法实例化没找到模型类Common\Model\SchoolClassModel
NOTIC: D方法实例化没找到模型类Common\Model\ClassRelationshipModel
NOTIC: D方法实例化没找到模型类Common\Model\AppellationModel
NOTIC: D方法实例化没找到模型类Common\Model\WxtuserModel
NOTIC: D方法实例化没找到模型类Common\Model\RelationStuUserModel
NOTIC: D方法实例化没找到模型类Common\Model\StudentInfoModel

[ 2018-09-17T13:20:58+08:00 ] 127.0.0.1 /weixiaotong2016/index.php/Admin/Student/index
NOTIC: D方法实例化没找到模型类Common\Model\SchoolModel
NOTIC: D方法实例化没找到模型类Common\Model\SchoolClassModel
NOTIC: D方法实例化没找到模型类Common\Model\ClassRelationshipModel
NOTIC: D方法实例化没找到模型类Common\Model\AppellationModel
NOTIC: D方法实例化没找到模型类Common\Model\WxtuserModel
NOTIC: D方法实例化没找到模型类Common\Model\RelationStuUserModel
NOTIC: D方法实例化没找到模型类Common\Model\StudentInfoModel

[ 2018-09-17T13:20:59+08:00 ] 127.0.0.1 /weixiaotong2016/index.php/Admin/SchoolManage/index/menuid/192
NOTIC: D方法实例化没找到模型类Common\Model\SchoolModel
NOTIC: D方法实例化没找到模型类Common\Model\SchoolClassModel
NOTIC: D方法实例化没找到模型类Common\Model\WxtuserModel
NOTIC: D方法实例化没找到模型类Common\Model\TeacherClassModel
NOTIC: D方法实例化没找到模型类Common\Model\RelationStuUserModel
NOTIC: D方法实例化没找到模型类Common\Model\AgentModel
NOTIC: D方法实例化没找到模型类Common\Model\DepartmentModel
NOTIC: D方法实例化没找到模型类Common\Model\CityModel

[ 2018-09-17T13:21:00+08:00 ] 127.0.0.1 /weixiaotong2016/index.php/Admin/SchoolManage/index/menuid/192
NOTIC: D方法实例化没找到模型类Common\Model\SchoolModel
NOTIC: D方法实例化没找到模型类Common\Model\SchoolClassModel
NOTIC: D方法实例化没找到模型类Common\Model\WxtuserModel
NOTIC: D方法实例化没找到模型类Common\Model\TeacherClassModel
NOTIC: D方法实例化没找到模型类Common\Model\RelationStuUserModel
NOTIC: D方法实例化没找到模型类Common\Model\AgentModel
NOTIC: D方法实例化没找到模型类Common\Model\DepartmentModel
NOTIC: D方法实例化没找到模型类Common\Model\CityModel

[ 2018-09-17T13:21:01+08:00 ] 127.0.0.1 /weixiaotong2016/index.php/Admin/SchoolManage/classmanage/schoolid/27/schoolname/%E6%B0%B8%E5%98%89%E5%8E%BF%E7%93%AF%E5%8C%97%E9%95%87%E7%BD%97%E6%B5%AE%E5%B9%BC%E5%84%BF%E5%9B%AD
NOTIC: D方法实例化没找到模型类Common\Model\SchoolModel
NOTIC: D方法实例化没找到模型类Common\Model\SchoolClassModel
NOTIC: D方法实例化没找到模型类Common\Model\WxtuserModel
NOTIC: D方法实例化没找到模型类Common\Model\TeacherClassModel
NOTIC: D方法实例化没找到模型类Common\Model\RelationStuUserModel
NOTIC: D方法实例化没找到模型类Common\Model\AgentModel
NOTIC: D方法实例化没找到模型类Common\Model\DepartmentModel
NOTIC: D方法实例化没找到模型类Common\Model\CityModel

[ 2018-09-17T13:21:03+08:00 ] 127.0.0.1 /weixiaotong2016/index.php/Admin/SchoolManage/index
NOTIC: D方法实例化没找到模型类Common\Model\SchoolModel
NOTIC: D方法实例化没找到模型类Common\Model\SchoolClassModel
NOTIC: D方法实例化没找到模型类Common\Model\WxtuserModel
NOTIC: D方法实例化没找到模型类Common\Model\TeacherClassModel
NOTIC: D方法实例化没找到模型类Common\Model\RelationStuUserModel
NOTIC: D方法实例化没找到模型类Common\Model\AgentModel
NOTIC: D方法实例化没找到模型类Common\Model\DepartmentModel
NOTIC: D方法实例化没找到模型类Common\Model\CityModel

[ 2018-09-17T13:21:04+08:00 ] 127.0.0.1 /weixiaotong2016/index.php/Admin/SchoolManage/index
NOTIC: D方法实例化没找到模型类Common\Model\SchoolModel
NOTIC: D方法实例化没找到模型类Common\Model\SchoolClassModel
NOTIC: D方法实例化没找到模型类Common\Model\WxtuserModel
NOTIC: D方法实例化没找到模型类Common\Model\TeacherClassModel
NOTIC: D方法实例化没找到模型类Common\Model\RelationStuUserModel
NOTIC: D方法实例化没找到模型类Common\Model\AgentModel
NOTIC: D方法实例化没找到模型类Common\Model\DepartmentModel
NOTIC: D方法实例化没找到模型类Common\Model\CityModel

[ 2018-09-17T13:21:10+08:00 ] 127.0.0.1 /weixiaotong2016/index.php/Admin/SchoolManage/index
NOTIC: D方法实例化没找到模型类Common\Model\SchoolModel
NOTIC: D方法实例化没找到模型类Common\Model\SchoolClassModel
NOTIC: D方法实例化没找到模型类Common\Model\WxtuserModel
NOTIC: D方法实例化没找到模型类Common\Model\TeacherClassModel
NOTIC: D方法实例化没找到模型类Common\Model\RelationStuUserModel
NOTIC: D方法实例化没找到模型类Common\Model\AgentModel
NOTIC: D方法实例化没找到模型类Common\Model\DepartmentModel
NOTIC: D方法实例化没找到模型类Common\Model\CityModel

[ 2018-09-17T13:21:59+08:00 ] 127.0.0.1 /weixiaotong2016/index.php/Admin/Student/index
NOTIC: D方法实例化没找到模型类Common\Model\SchoolModel
NOTIC: D方法实例化没找到模型类Common\Model\SchoolClassModel
NOTIC: D方法实例化没找到模型类Common\Model\ClassRelationshipModel
NOTIC: D方法实例化没找到模型类Common\Model\AppellationModel
NOTIC: D方法实例化没找到模型类Common\Model\WxtuserModel
NOTIC: D方法实例化没找到模型类Common\Model\RelationStuUserModel
NOTIC: D方法实例化没找到模型类Common\Model\StudentInfoModel

[ 2018-09-17T14:07:54+08:00 ] 127.0.0.1 /weixiaotong2016/index.php/Admin/Student/all_del_student?schoolid=7&classid=39
NOTIC: D方法实例化没找到模型类Common\Model\SchoolModel
NOTIC: D方法实例化没找到模型类Common\Model\SchoolClassModel
NOTIC: D方法实例化没找到模型类Common\Model\ClassRelationshipModel
NOTIC: D方法实例化没找到模型类Common\Model\AppellationModel
NOTIC: D方法实例化没找到模型类Common\Model\WxtuserModel
NOTIC: D方法实例化没找到模型类Common\Model\RelationStuUserModel
NOTIC: D方法实例化没找到模型类Common\Model\StudentInfoModel

