[ 2018-09-05T09:29:05+08:00 ] 127.0.0.1 /weixiaotong2016/index.php/Admin/public/dologin
INFO: [ app_begin ] --START--
INFO: Run Behavior\ReadHtmlCacheBehavior [ RunTime:0.001000s ]
INFO: Run Behavior\CheckLangBehavior [ RunTime:0.002000s ]
INFO: [ app_begin ] --END-- [ RunTime:0.004000s ]
SQL: SHOW COLUMNS FROM `wxt_users` [ RunTime:0.0070s ]
SQL: SELECT * FROM `wxt_users` WHERE `user_login` = 'weixiaotong' LIMIT 1   [ RunTime:0.0010s ]
SQL: SHOW COLUMNS FROM `wxt_role_user` [ RunTime:0.0300s ]
SQL: SELECT `role_id` FROM wxt_role_user a INNER JOIN wxt_role as b on a.role_id =b.id  WHERE `user_id` = '1' AND `status` = 1  [ RunTime:0.0070s ]
SQL: UPDATE `wxt_users` SET `user_login`='weixiaotong',`user_pass`='1106b40e836cb666950a9009d08e89c2e1a013751f3b2985',`user_nicename`='admin',`user_email`='zhu@xiaocool.cn',`user_url`='',`avatar`='570ca8a83c7ac.jpg',`sex`='0',`birthday`=NULL,`signature`=NULL,`last_login_ip`='127.0.0.1',`last_login_time`='2018-09-05 09:29:05',`create_time`='2015-12-31 09:08:44',`user_activation_key`='',`user_status`='1',`score`='0',`user_type`='1',`phone`=NULL WHERE `id` = 1 [ RunTime:0.0000s ]

[ 2018-09-05T09:29:09+08:00 ] 127.0.0.1 /weixiaotong2016/index.php/Admin/Student/index/menuid/246
NOTIC: D方法实例化没找到模型类Common\Model\SchoolModel
NOTIC: D方法实例化没找到模型类Common\Model\SchoolClassModel
NOTIC: D方法实例化没找到模型类Common\Model\ClassRelationshipModel
NOTIC: D方法实例化没找到模型类Common\Model\AppellationModel
NOTIC: D方法实例化没找到模型类Common\Model\WxtuserModel
NOTIC: D方法实例化没找到模型类Common\Model\RelationStuUserModel
NOTIC: D方法实例化没找到模型类Common\Model\StudentInfoModel

[ 2018-09-05T09:29:11+08:00 ] 127.0.0.1 /weixiaotong2016/index.php/Admin/Teacher/index/menuid/194
NOTIC: D方法实例化没找到模型类Common\Model\SchoolModel
NOTIC: D方法实例化没找到模型类Common\Model\SchoolClassModel
NOTIC: D方法实例化没找到模型类Common\Model\WxtuserModel
NOTIC: D方法实例化没找到模型类Common\Model\TeacherInfoModel
NOTIC: D方法实例化没找到模型类Common\Model\ClassRelationshipModel
NOTIC: D方法实例化没找到模型类Common\Model\TeacherClassModel
NOTIC: D方法实例化没找到模型类Common\Model\DepartmentModel
NOTIC: D方法实例化没找到模型类Common\Model\SchoolDutyModel
NOTIC: D方法实例化没找到模型类Common\Model\DutyTeacherModel
NOTIC: D方法实例化没找到模型类Common\Model\DepartmentTeacherModel
NOTIC: D方法实例化没找到模型类Common\Model\CityModel

[ 2018-09-05T09:29:12+08:00 ] 127.0.0.1 /weixiaotong2016/index.php/Admin/Teacher/add
NOTIC: D方法实例化没找到模型类Common\Model\SchoolModel
NOTIC: D方法实例化没找到模型类Common\Model\SchoolClassModel
NOTIC: D方法实例化没找到模型类Common\Model\WxtuserModel
NOTIC: D方法实例化没找到模型类Common\Model\TeacherInfoModel
NOTIC: D方法实例化没找到模型类Common\Model\ClassRelationshipModel
NOTIC: D方法实例化没找到模型类Common\Model\TeacherClassModel
NOTIC: D方法实例化没找到模型类Common\Model\DepartmentModel
NOTIC: D方法实例化没找到模型类Common\Model\SchoolDutyModel
NOTIC: D方法实例化没找到模型类Common\Model\DutyTeacherModel
NOTIC: D方法实例化没找到模型类Common\Model\DepartmentTeacherModel
NOTIC: D方法实例化没找到模型类Common\Model\CityModel

[ 2018-09-05T09:29:14+08:00 ] 127.0.0.1 /weixiaotong2016/index.php/Admin/Teacher/index
NOTIC: D方法实例化没找到模型类Common\Model\SchoolModel
NOTIC: D方法实例化没找到模型类Common\Model\SchoolClassModel
NOTIC: D方法实例化没找到模型类Common\Model\WxtuserModel
NOTIC: D方法实例化没找到模型类Common\Model\TeacherInfoModel
NOTIC: D方法实例化没找到模型类Common\Model\ClassRelationshipModel
NOTIC: D方法实例化没找到模型类Common\Model\TeacherClassModel
NOTIC: D方法实例化没找到模型类Common\Model\DepartmentModel
NOTIC: D方法实例化没找到模型类Common\Model\SchoolDutyModel
NOTIC: D方法实例化没找到模型类Common\Model\DutyTeacherModel
NOTIC: D方法实例化没找到模型类Common\Model\DepartmentTeacherModel
NOTIC: D方法实例化没找到模型类Common\Model\CityModel

[ 2018-09-05T09:29:20+08:00 ] 127.0.0.1 /weixiaotong2016/index.php/Admin/Teacher/index?province=&citys=0&message_type=0&schoolid=&keywordtype=phone&keyword=13022682231
NOTIC: D方法实例化没找到模型类Common\Model\SchoolModel
NOTIC: D方法实例化没找到模型类Common\Model\SchoolClassModel
NOTIC: D方法实例化没找到模型类Common\Model\WxtuserModel
NOTIC: D方法实例化没找到模型类Common\Model\TeacherInfoModel
NOTIC: D方法实例化没找到模型类Common\Model\ClassRelationshipModel
NOTIC: D方法实例化没找到模型类Common\Model\TeacherClassModel
NOTIC: D方法实例化没找到模型类Common\Model\DepartmentModel
NOTIC: D方法实例化没找到模型类Common\Model\SchoolDutyModel
NOTIC: D方法实例化没找到模型类Common\Model\DutyTeacherModel
NOTIC: D方法实例化没找到模型类Common\Model\DepartmentTeacherModel
NOTIC: D方法实例化没找到模型类Common\Model\CityModel

[ 2018-09-05T09:30:14+08:00 ] 127.0.0.1 /weixiaotong2016/index.php/Admin/Teacher/index?province=&citys=0&message_type=0&schoolid=&keywordtype=phone&keyword=13022682231
NOTIC: D方法实例化没找到模型类Common\Model\SchoolModel
NOTIC: D方法实例化没找到模型类Common\Model\SchoolClassModel
NOTIC: D方法实例化没找到模型类Common\Model\WxtuserModel
NOTIC: D方法实例化没找到模型类Common\Model\TeacherInfoModel
NOTIC: D方法实例化没找到模型类Common\Model\ClassRelationshipModel
NOTIC: D方法实例化没找到模型类Common\Model\TeacherClassModel
NOTIC: D方法实例化没找到模型类Common\Model\DepartmentModel
NOTIC: D方法实例化没找到模型类Common\Model\SchoolDutyModel
NOTIC: D方法实例化没找到模型类Common\Model\DutyTeacherModel
NOTIC: D方法实例化没找到模型类Common\Model\DepartmentTeacherModel
NOTIC: D方法实例化没找到模型类Common\Model\CityModel

[ 2018-09-05T09:31:04+08:00 ] 127.0.0.1 /weixiaotong2016/index.php?g=Admin&m=AdminUtils&a=role_type&Province=1
INFO: [ app_begin ] --START--
INFO: Run Behavior\ReadHtmlCacheBehavior [ RunTime:0.001000s ]
INFO: Run Behavior\CheckLangBehavior [ RunTime:0.001000s ]
INFO: [ app_begin ] --END-- [ RunTime:0.002000s ]
SQL: SHOW COLUMNS FROM `wxt_role_user` [ RunTime:0.0060s ]
SQL: SELECT r.city FROM wxt_role_user ru INNER JOIN wxt_role r ON r.id=ru.role_id  WHERE ru.user_id = '1' LIMIT 1   [ RunTime:0.0000s ]
SQL: SHOW COLUMNS FROM `wxt_city` [ RunTime:0.0070s ]
SQL: SELECT * FROM `wxt_city` WHERE `parent` = '1'  [ RunTime:0.0000s ]
INFO: [ app_end ] --START--
INFO: Run Behavior\ShowPageTraceBehavior [ RunTime:0.001000s ]
INFO: [ app_end ] --END-- [ RunTime:0.001000s ]

[ 2018-09-05T09:31:05+08:00 ] 127.0.0.1 /weixiaotong2016/index.php?g=Admin&m=AdminUtils&a=role_type&Province=2
INFO: [ app_begin ] --START--
INFO: Run Behavior\ReadHtmlCacheBehavior [ RunTime:0.000000s ]
INFO: Run Behavior\CheckLangBehavior [ RunTime:0.001000s ]
INFO: [ app_begin ] --END-- [ RunTime:0.002000s ]
SQL: SHOW COLUMNS FROM `wxt_role_user` [ RunTime:0.0070s ]
SQL: SELECT r.city FROM wxt_role_user ru INNER JOIN wxt_role r ON r.id=ru.role_id  WHERE ru.user_id = '1' LIMIT 1   [ RunTime:0.0000s ]
SQL: SHOW COLUMNS FROM `wxt_city` [ RunTime:0.0070s ]
SQL: SELECT * FROM `wxt_city` WHERE `parent` = '2'  [ RunTime:0.0000s ]
INFO: [ app_end ] --START--
INFO: Run Behavior\ShowPageTraceBehavior [ RunTime:0.001000s ]
INFO: [ app_end ] --END-- [ RunTime:0.001000s ]

[ 2018-09-05T09:31:06+08:00 ] 127.0.0.1 /weixiaotong2016/index.php?g=Admin&m=AdminUtils&a=Provinces&Province=3
INFO: [ app_begin ] --START--
INFO: Run Behavior\ReadHtmlCacheBehavior [ RunTime:0.001000s ]
INFO: Run Behavior\CheckLangBehavior [ RunTime:0.001000s ]
INFO: [ app_begin ] --END-- [ RunTime:0.002000s ]
NOTIC: D方法实例化没找到模型类Common\Model\CityModel
SQL: SHOW COLUMNS FROM `wxt_city` [ RunTime:0.0070s ]
SQL: SELECT * FROM `wxt_city` WHERE ( parent=3 )  [ RunTime:0.0000s ]
INFO: [ app_end ] --START--
INFO: Run Behavior\ShowPageTraceBehavior [ RunTime:0.001000s ]
INFO: [ app_end ] --END-- [ RunTime:0.001000s ]

[ 2018-09-05T09:31:08+08:00 ] 127.0.0.1 /weixiaotong2016/index.php/?g=Admin&m=AdminUtils&a=lookup
INFO: [ app_begin ] --START--
INFO: Run Behavior\ReadHtmlCacheBehavior [ RunTime:0.001000s ]
INFO: Run Behavior\CheckLangBehavior [ RunTime:0.002000s ]
INFO: [ app_begin ] --END-- [ RunTime:0.003000s ]
NOTIC: D方法实例化没找到模型类Common\Model\SchoolModel
SQL: SHOW COLUMNS FROM `wxt_school` [ RunTime:0.0070s ]
NOTIC: D方法实例化没找到模型类Common\Model\RoleSchoolModel
SQL: SHOW COLUMNS FROM `wxt_role_school` [ RunTime:0.0420s ]
SQL: SHOW COLUMNS FROM `wxt_role_user` [ RunTime:0.0120s ]
SQL: SELECT `role_id` FROM `wxt_role_user` WHERE ( user_id = 1 ) LIMIT 1   [ RunTime:0.0000s ]
SQL: SELECT `school_name`,`schoolid`,`schoolgradetypeid` FROM `wxt_school` WHERE ( area=11 )  [ RunTime:0.0000s ]
INFO: [ app_end ] --START--
INFO: Run Behavior\ShowPageTraceBehavior [ RunTime:0.002000s ]
INFO: [ app_end ] --END-- [ RunTime:0.002000s ]

[ 2018-09-05T09:31:11+08:00 ] 127.0.0.1 /weixiaotong2016/index.php/?g=Admin&m=AdminUtils&a=lookup
INFO: [ app_begin ] --START--
INFO: Run Behavior\ReadHtmlCacheBehavior [ RunTime:0.000000s ]
INFO: Run Behavior\CheckLangBehavior [ RunTime:0.002000s ]
INFO: [ app_begin ] --END-- [ RunTime:0.003000s ]
NOTIC: D方法实例化没找到模型类Common\Model\SchoolModel
SQL: SHOW COLUMNS FROM `wxt_school` [ RunTime:0.0070s ]
NOTIC: D方法实例化没找到模型类Common\Model\RoleSchoolModel
SQL: SHOW COLUMNS FROM `wxt_role_school` [ RunTime:0.0070s ]
SQL: SHOW COLUMNS FROM `wxt_role_user` [ RunTime:0.0070s ]
SQL: SELECT `role_id` FROM `wxt_role_user` WHERE ( user_id = 1 ) LIMIT 1   [ RunTime:0.0000s ]
SQL: SELECT `school_name`,`schoolid`,`schoolgradetypeid` FROM `wxt_school` WHERE ( area=7 )  [ RunTime:0.0000s ]
INFO: [ app_end ] --START--
INFO: Run Behavior\ShowPageTraceBehavior [ RunTime:0.001000s ]
INFO: [ app_end ] --END-- [ RunTime:0.001000s ]

[ 2018-09-05T09:31:13+08:00 ] 127.0.0.1 /weixiaotong2016/index.php?g=Admin&m=AdminUtils&a=showgrade&schoolid=7
INFO: [ app_begin ] --START--
INFO: Run Behavior\ReadHtmlCacheBehavior [ RunTime:0.000000s ]
INFO: Run Behavior\CheckLangBehavior [ RunTime:0.001000s ]
INFO: [ app_begin ] --END-- [ RunTime:0.002000s ]
SQL: SHOW COLUMNS FROM `wxt_school_grade` [ RunTime:0.0270s ]
SQL: SELECT `name`,`gradeid` FROM `wxt_school_grade` WHERE ( schoolid = 7 ) ORDER BY gradeid  [ RunTime:0.0010s ]

[ 2018-09-05T09:31:43+08:00 ] 127.0.0.1 /weixiaotong2016/index.php?g=Admin&m=AdminUtils&a=showgrade&schoolid=15
INFO: [ app_begin ] --START--
INFO: Run Behavior\ReadHtmlCacheBehavior [ RunTime:0.000000s ]
INFO: Run Behavior\CheckLangBehavior [ RunTime:0.002001s ]
INFO: [ app_begin ] --END-- [ RunTime:0.003001s ]
SQL: SHOW COLUMNS FROM `wxt_school_grade` [ RunTime:0.0070s ]
SQL: SELECT `name`,`gradeid` FROM `wxt_school_grade` WHERE ( schoolid = 15 ) ORDER BY gradeid  [ RunTime:0.0000s ]

[ 2018-09-05T09:31:51+08:00 ] 127.0.0.1 /weixiaotong2016/index.php?g=Admin&m=AdminUtils&a=showgrade&schoolid=9
INFO: [ app_begin ] --START--
INFO: Run Behavior\ReadHtmlCacheBehavior [ RunTime:0.000000s ]
INFO: Run Behavior\CheckLangBehavior [ RunTime:0.002000s ]
INFO: [ app_begin ] --END-- [ RunTime:0.003000s ]
SQL: SHOW COLUMNS FROM `wxt_school_grade` [ RunTime:0.0070s ]
SQL: SELECT `name`,`gradeid` FROM `wxt_school_grade` WHERE ( schoolid = 9 ) ORDER BY gradeid  [ RunTime:0.0000s ]

[ 2018-09-05T09:31:53+08:00 ] 127.0.0.1 /weixiaotong2016/index.php?g=Admin&m=AdminUtils&a=showgrade&schoolid=7
INFO: [ app_begin ] --START--
INFO: Run Behavior\ReadHtmlCacheBehavior [ RunTime:0.001000s ]
INFO: Run Behavior\CheckLangBehavior [ RunTime:0.001000s ]
INFO: [ app_begin ] --END-- [ RunTime:0.002000s ]
SQL: SHOW COLUMNS FROM `wxt_school_grade` [ RunTime:0.0070s ]
SQL: SELECT `name`,`gradeid` FROM `wxt_school_grade` WHERE ( schoolid = 7 ) ORDER BY gradeid  [ RunTime:0.0000s ]

[ 2018-09-05T09:31:54+08:00 ] 127.0.0.1 /weixiaotong2016/index.php/Admin/Student/index?province=2&citys=3&message_type=7&schoolid=7&grade=0&classs=&tiaojian=0&shuzhi=
NOTIC: D方法实例化没找到模型类Common\Model\SchoolModel
NOTIC: D方法实例化没找到模型类Common\Model\SchoolClassModel
NOTIC: D方法实例化没找到模型类Common\Model\ClassRelationshipModel
NOTIC: D方法实例化没找到模型类Common\Model\AppellationModel
NOTIC: D方法实例化没找到模型类Common\Model\WxtuserModel
NOTIC: D方法实例化没找到模型类Common\Model\RelationStuUserModel
NOTIC: D方法实例化没找到模型类Common\Model\StudentInfoModel

[ 2018-09-05T09:31:54+08:00 ] 127.0.0.1 /weixiaotong2016/index.php?g=Admin&m=AdminUtils&a=role_type&Province=2
INFO: [ app_begin ] --START--
INFO: Run Behavior\ReadHtmlCacheBehavior [ RunTime:0.001000s ]
INFO: Run Behavior\CheckLangBehavior [ RunTime:0.001000s ]
INFO: [ app_begin ] --END-- [ RunTime:0.002000s ]
SQL: SHOW COLUMNS FROM `wxt_role_user` [ RunTime:0.0070s ]
SQL: SELECT r.city FROM wxt_role_user ru INNER JOIN wxt_role r ON r.id=ru.role_id  WHERE ru.user_id = '1' LIMIT 1   [ RunTime:0.0000s ]
SQL: SHOW COLUMNS FROM `wxt_city` [ RunTime:0.0080s ]
SQL: SELECT * FROM `wxt_city` WHERE `parent` = '2'  [ RunTime:0.0000s ]
INFO: [ app_end ] --START--
INFO: Run Behavior\ShowPageTraceBehavior [ RunTime:0.001000s ]
INFO: [ app_end ] --END-- [ RunTime:0.001000s ]

[ 2018-09-05T09:31:54+08:00 ] 127.0.0.1 /weixiaotong2016/index.php?g=Admin&m=AdminUtils&a=Provinces&Province=3
INFO: [ app_begin ] --START--
INFO: Run Behavior\ReadHtmlCacheBehavior [ RunTime:0.001000s ]
INFO: Run Behavior\CheckLangBehavior [ RunTime:0.001000s ]
INFO: [ app_begin ] --END-- [ RunTime:0.003000s ]
NOTIC: D方法实例化没找到模型类Common\Model\CityModel
SQL: SHOW COLUMNS FROM `wxt_city` [ RunTime:0.0070s ]
SQL: SELECT * FROM `wxt_city` WHERE ( parent=3 )  [ RunTime:0.0010s ]
INFO: [ app_end ] --START--
INFO: Run Behavior\ShowPageTraceBehavior [ RunTime:0.001000s ]
INFO: [ app_end ] --END-- [ RunTime:0.001000s ]

[ 2018-09-05T09:31:54+08:00 ] 127.0.0.1 /weixiaotong2016/index.php/?g=Admin&m=AdminUtils&a=lookup
INFO: [ app_begin ] --START--
INFO: Run Behavior\ReadHtmlCacheBehavior [ RunTime:0.001000s ]
INFO: Run Behavior\CheckLangBehavior [ RunTime:0.001000s ]
INFO: [ app_begin ] --END-- [ RunTime:0.002000s ]
NOTIC: D方法实例化没找到模型类Common\Model\SchoolModel
SQL: SHOW COLUMNS FROM `wxt_school` [ RunTime:0.0070s ]
NOTIC: D方法实例化没找到模型类Common\Model\RoleSchoolModel
SQL: SHOW COLUMNS FROM `wxt_role_school` [ RunTime:0.0070s ]
SQL: SHOW COLUMNS FROM `wxt_role_user` [ RunTime:0.0060s ]
SQL: SELECT `role_id` FROM `wxt_role_user` WHERE ( user_id = 1 ) LIMIT 1   [ RunTime:0.0000s ]
SQL: SELECT `school_name`,`schoolid`,`schoolgradetypeid` FROM `wxt_school` WHERE ( area=7 )  [ RunTime:0.0000s ]
INFO: [ app_end ] --START--
INFO: Run Behavior\ShowPageTraceBehavior [ RunTime:0.001000s ]
INFO: [ app_end ] --END-- [ RunTime:0.001000s ]

[ 2018-09-05T09:31:54+08:00 ] 127.0.0.1 /weixiaotong2016/index.php?g=Admin&m=AdminUtils&a=showgrade&schoolid=7
INFO: [ app_begin ] --START--
INFO: Run Behavior\ReadHtmlCacheBehavior [ RunTime:0.001000s ]
INFO: Run Behavior\CheckLangBehavior [ RunTime:0.001000s ]
INFO: [ app_begin ] --END-- [ RunTime:0.003000s ]
SQL: SHOW COLUMNS FROM `wxt_school_grade` [ RunTime:0.0070s ]
SQL: SELECT `name`,`gradeid` FROM `wxt_school_grade` WHERE ( schoolid = 7 ) ORDER BY gradeid  [ RunTime:0.0010s ]

