[ 2018-09-14T09:09:37+08:00 ] 127.0.0.1 /weixiaotong2016/index.php/Admin/public/dologin
INFO: [ app_begin ] --START--
INFO: Run Behavior\ReadHtmlCacheBehavior [ RunTime:0.000000s ]
INFO: Run Behavior\CheckLangBehavior [ RunTime:0.002001s ]
INFO: [ app_begin ] --END-- [ RunTime:0.003001s ]
SQL: SHOW COLUMNS FROM `wxt_users` [ RunTime:0.0120s ]
SQL: SELECT * FROM `wxt_users` WHERE `user_login` = 'weixiaotong' LIMIT 1   [ RunTime:0.0010s ]
SQL: SHOW COLUMNS FROM `wxt_role_user` [ RunTime:0.0270s ]
SQL: SELECT `role_id` FROM wxt_role_user a INNER JOIN wxt_role as b on a.role_id =b.id  WHERE `user_id` = '1' AND `status` = 1  [ RunTime:0.0170s ]
SQL: UPDATE `wxt_users` SET `user_login`='weixiaotong',`user_pass`='1106b40e836cb666950a9009d08e89c2e1a013751f3b2985',`user_nicename`='admin',`user_email`='zhu@xiaocool.cn',`user_url`='',`avatar`='570ca8a83c7ac.jpg',`sex`='0',`birthday`=NULL,`signature`=NULL,`last_login_ip`='127.0.0.1',`last_login_time`='2018-09-14 09:09:37',`create_time`='2015-12-31 09:08:44',`user_activation_key`='',`user_status`='1',`score`='0',`user_type`='1',`phone`=NULL WHERE `id` = 1 [ RunTime:0.0000s ]

[ 2018-09-14T09:11:01+08:00 ] 127.0.0.1 /weixiaotong2016/index.php/Admin/AdminUtils/schoolclass?schoolid=5
INFO: [ app_begin ] --START--
INFO: Run Behavior\ReadHtmlCacheBehavior [ RunTime:0.001000s ]
INFO: Run Behavior\CheckLangBehavior [ RunTime:0.002000s ]
INFO: [ app_begin ] --END-- [ RunTime:0.003000s ]
SQL: SHOW COLUMNS FROM `wxt_school_class` [ RunTime:0.0160s ]
SQL: SELECT * FROM `wxt_school_class` WHERE ( schoolid = 5 )  [ RunTime:0.0000s ]

[ 2018-09-14T09:11:02+08:00 ] 127.0.0.1 /weixiaotong2016/index.php/Admin/MonitorStudentWeb/getStudent?schoolid=5&classid=32
INFO: [ app_begin ] --START--
INFO: Run Behavior\ReadHtmlCacheBehavior [ RunTime:0.001001s ]
INFO: Run Behavior\CheckLangBehavior [ RunTime:0.001000s ]
INFO: [ app_begin ] --END-- [ RunTime:0.003001s ]
SQL: SHOW COLUMNS FROM `wxt_users` [ RunTime:0.0050s ]
SQL: SELECT * FROM `wxt_users` WHERE ( id=1 ) LIMIT 1   [ RunTime:0.0000s ]
SQL: SHOW COLUMNS FROM `wxt_student_info` [ RunTime:0.0040s ]
SQL: SELECT userid as id,stu_name as name FROM `wxt_student_info` WHERE ( schoollid = 5 and classid = 32 )  [ RunTime:0.0020s ]
INFO: [ app_end ] --START--
INFO: Run Behavior\ShowPageTraceBehavior [ RunTime:0.001000s ]
INFO: [ app_end ] --END-- [ RunTime:0.001000s ]

[ 2018-09-14T15:34:25+08:00 ] 127.0.0.1 /weixiaotong2016/index.php/Admin/AdminUtils/schoolclass?schoolid=7
INFO: [ app_begin ] --START--
INFO: Run Behavior\ReadHtmlCacheBehavior [ RunTime:0.001000s ]
INFO: Run Behavior\CheckLangBehavior [ RunTime:0.002000s ]
INFO: [ app_begin ] --END-- [ RunTime:0.004000s ]
SQL: SHOW COLUMNS FROM `wxt_school_class` [ RunTime:0.0100s ]
SQL: SELECT * FROM `wxt_school_class` WHERE ( schoolid = 7 )  [ RunTime:0.0000s ]

[ 2018-09-14T15:34:27+08:00 ] 127.0.0.1 /weixiaotong2016/index.php/Admin/MonitorStudentWeb/getStudent?schoolid=7&classid=39
INFO: [ app_begin ] --START--
INFO: Run Behavior\ReadHtmlCacheBehavior [ RunTime:0.001000s ]
INFO: Run Behavior\CheckLangBehavior [ RunTime:0.003000s ]
INFO: [ app_begin ] --END-- [ RunTime:0.005000s ]
SQL: SHOW COLUMNS FROM `wxt_users` [ RunTime:0.0110s ]
SQL: SELECT * FROM `wxt_users` WHERE ( id=1 ) LIMIT 1   [ RunTime:0.0010s ]
SQL: SHOW COLUMNS FROM `wxt_student_info` [ RunTime:0.0090s ]
SQL: SELECT userid as id,stu_name as name FROM `wxt_student_info` WHERE ( schoollid = 7 and classid = 39 )  [ RunTime:0.0030s ]
INFO: [ app_end ] --START--
INFO: Run Behavior\ShowPageTraceBehavior [ RunTime:0.001000s ]
INFO: [ app_end ] --END-- [ RunTime:0.001000s ]

[ 2018-09-14T15:40:34+08:00 ] 127.0.0.1 /weixiaotong2016/index.php/Admin/AdminUtils/schoolclass?schoolid=4
INFO: [ app_begin ] --START--
INFO: Run Behavior\ReadHtmlCacheBehavior [ RunTime:0.002001s ]
INFO: Run Behavior\CheckLangBehavior [ RunTime:0.002000s ]
INFO: [ app_begin ] --END-- [ RunTime:0.004001s ]
SQL: SHOW COLUMNS FROM `wxt_school_class` [ RunTime:0.0100s ]
SQL: SELECT * FROM `wxt_school_class` WHERE ( schoolid = 4 )  [ RunTime:0.0050s ]

[ 2018-09-14T15:40:40+08:00 ] 127.0.0.1 /weixiaotong2016/index.php/Admin/AdminUtils/schoolclass?schoolid=6
INFO: [ app_begin ] --START--
INFO: Run Behavior\ReadHtmlCacheBehavior [ RunTime:0.001000s ]
INFO: Run Behavior\CheckLangBehavior [ RunTime:0.003000s ]
INFO: [ app_begin ] --END-- [ RunTime:0.005000s ]
SQL: SHOW COLUMNS FROM `wxt_school_class` [ RunTime:0.0090s ]
SQL: SELECT * FROM `wxt_school_class` WHERE ( schoolid = 6 )  [ RunTime:0.0000s ]

[ 2018-09-14T15:40:40+08:00 ] 127.0.0.1 /weixiaotong2016/index.php/Admin/MonitorStudentWeb/getStudent?schoolid=6&classid=44
INFO: [ app_begin ] --START--
INFO: Run Behavior\ReadHtmlCacheBehavior [ RunTime:0.001000s ]
INFO: Run Behavior\CheckLangBehavior [ RunTime:0.002000s ]
INFO: [ app_begin ] --END-- [ RunTime:0.003000s ]
SQL: SHOW COLUMNS FROM `wxt_users` [ RunTime:0.0090s ]
SQL: SELECT * FROM `wxt_users` WHERE ( id=1 ) LIMIT 1   [ RunTime:0.0010s ]
SQL: SHOW COLUMNS FROM `wxt_student_info` [ RunTime:0.0100s ]
SQL: SELECT userid as id,stu_name as name FROM `wxt_student_info` WHERE ( schoollid = 6 and classid = 44 )  [ RunTime:0.0030s ]
INFO: [ app_end ] --START--
INFO: Run Behavior\ShowPageTraceBehavior [ RunTime:0.001000s ]
INFO: [ app_end ] --END-- [ RunTime:0.001000s ]

[ 2018-09-14T15:45:29+08:00 ] 127.0.0.1 /weixiaotong2016/index.php/Admin/SchoolManage/index/menuid/192
NOTIC: D方法实例化没找到模型类Common\Model\SchoolModel
NOTIC: D方法实例化没找到模型类Common\Model\SchoolClassModel
NOTIC: D方法实例化没找到模型类Common\Model\WxtuserModel
NOTIC: D方法实例化没找到模型类Common\Model\TeacherClassModel
NOTIC: D方法实例化没找到模型类Common\Model\RelationStuUserModel
NOTIC: D方法实例化没找到模型类Common\Model\AgentModel
NOTIC: D方法实例化没找到模型类Common\Model\DepartmentModel
NOTIC: D方法实例化没找到模型类Common\Model\CityModel

[ 2018-09-14T15:47:20+08:00 ] 127.0.0.1 /weixiaotong2016/index.php/Admin/MonitorTeacherWeb/getVideoBySchoolId
INFO: [ app_begin ] --START--
INFO: Run Behavior\ReadHtmlCacheBehavior [ RunTime:0.001000s ]
INFO: Run Behavior\CheckLangBehavior [ RunTime:0.003000s ]
INFO: [ app_begin ] --END-- [ RunTime:0.005000s ]
SQL: SHOW COLUMNS FROM `wxt_users` [ RunTime:0.0100s ]
SQL: SELECT * FROM `wxt_users` WHERE ( id=1 ) LIMIT 1   [ RunTime:0.0010s ]
SQL: SHOW COLUMNS FROM `wxt_monitor_live` [ RunTime:0.0080s ]
SQL: SELECT * FROM `wxt_monitor_live` WHERE ( school_id = 5 )  [ RunTime:0.0010s ]
INFO: [ app_end ] --START--
INFO: Run Behavior\ShowPageTraceBehavior [ RunTime:0.001000s ]
INFO: [ app_end ] --END-- [ RunTime:0.001000s ]

[ 2018-09-14T15:47:20+08:00 ] 127.0.0.1 /weixiaotong2016/index.php/Admin/MonitorTeacher/getTeacher?schoolid=5
INFO: [ app_begin ] --START--
INFO: Run Behavior\ReadHtmlCacheBehavior [ RunTime:0.001000s ]
INFO: Run Behavior\CheckLangBehavior [ RunTime:0.002000s ]
INFO: [ app_begin ] --END-- [ RunTime:0.004000s ]
SQL: SHOW COLUMNS FROM `wxt_users` [ RunTime:0.0080s ]
SQL: SELECT * FROM `wxt_users` WHERE ( id=1 ) LIMIT 1   [ RunTime:0.0000s ]
SQL: SHOW COLUMNS FROM `wxt_teacher_info` [ RunTime:0.0090s ]
SQL: SELECT w.id,w.name FROM wxt_teacher_info i INNER JOIN wxt_wxtuser as w on i.teacherid=w.id  WHERE ( i.schoolid = 5 )  [ RunTime:0.0080s ]
INFO: [ app_end ] --START--
INFO: Run Behavior\ShowPageTraceBehavior [ RunTime:0.002000s ]
INFO: [ app_end ] --END-- [ RunTime:0.002000s ]

[ 2018-09-14T15:51:11+08:00 ] 127.0.0.1 /weixiaotong2016/index.php/Admin/AdminUtils/schoolclass?schoolid=4
INFO: [ app_begin ] --START--
INFO: Run Behavior\ReadHtmlCacheBehavior [ RunTime:0.002000s ]
INFO: Run Behavior\CheckLangBehavior [ RunTime:0.002000s ]
INFO: [ app_begin ] --END-- [ RunTime:0.004000s ]
SQL: SHOW COLUMNS FROM `wxt_school_class` [ RunTime:0.0090s ]
SQL: SELECT * FROM `wxt_school_class` WHERE ( schoolid = 4 )  [ RunTime:0.0000s ]

[ 2018-09-14T15:51:55+08:00 ] 127.0.0.1 /weixiaotong2016/index.php/Admin/AdminUtils/schoolclass?schoolid=5
INFO: [ app_begin ] --START--
INFO: Run Behavior\ReadHtmlCacheBehavior [ RunTime:0.001000s ]
INFO: Run Behavior\CheckLangBehavior [ RunTime:0.001000s ]
INFO: [ app_begin ] --END-- [ RunTime:0.003000s ]
SQL: SHOW COLUMNS FROM `wxt_school_class` [ RunTime:0.0090s ]
SQL: SELECT * FROM `wxt_school_class` WHERE ( schoolid = 5 )  [ RunTime:0.0000s ]

[ 2018-09-14T15:56:04+08:00 ] 127.0.0.1 /weixiaotong2016/index.php/Admin/AdminUtils/schoolclass?schoolid=4
INFO: [ app_begin ] --START--
INFO: Run Behavior\ReadHtmlCacheBehavior [ RunTime:0.002000s ]
INFO: Run Behavior\CheckLangBehavior [ RunTime:0.002001s ]
INFO: [ app_begin ] --END-- [ RunTime:0.004001s ]
SQL: SHOW COLUMNS FROM `wxt_school_class` [ RunTime:0.0090s ]
SQL: SELECT * FROM `wxt_school_class` WHERE ( schoolid = 4 )  [ RunTime:0.0000s ]

[ 2018-09-14T15:56:45+08:00 ] 127.0.0.1 /weixiaotong2016/index.php/Admin/AdminUtils/schoolclass?schoolid=4
INFO: [ app_begin ] --START--
INFO: Run Behavior\ReadHtmlCacheBehavior [ RunTime:0.002000s ]
INFO: Run Behavior\CheckLangBehavior [ RunTime:0.002001s ]
INFO: [ app_begin ] --END-- [ RunTime:0.004001s ]
SQL: SHOW COLUMNS FROM `wxt_school_class` [ RunTime:0.0100s ]
SQL: SELECT * FROM `wxt_school_class` WHERE ( schoolid = 4 )  [ RunTime:0.0010s ]

[ 2018-09-14T15:56:48+08:00 ] 127.0.0.1 /weixiaotong2016/index.php/Admin/AdminUtils/schoolclass?schoolid=4
INFO: [ app_begin ] --START--
INFO: Run Behavior\ReadHtmlCacheBehavior [ RunTime:0.001000s ]
INFO: Run Behavior\CheckLangBehavior [ RunTime:0.002000s ]
INFO: [ app_begin ] --END-- [ RunTime:0.004000s ]
SQL: SHOW COLUMNS FROM `wxt_school_class` [ RunTime:0.0090s ]
SQL: SELECT * FROM `wxt_school_class` WHERE ( schoolid = 4 )  [ RunTime:0.0010s ]

[ 2018-09-14T15:57:50+08:00 ] 127.0.0.1 /weixiaotong2016/index.php/Admin/AdminUtils/schoolclass?schoolid=4
INFO: [ app_begin ] --START--
INFO: Run Behavior\ReadHtmlCacheBehavior [ RunTime:0.001000s ]
INFO: Run Behavior\CheckLangBehavior [ RunTime:0.002000s ]
INFO: [ app_begin ] --END-- [ RunTime:0.004000s ]
SQL: SHOW COLUMNS FROM `wxt_school_class` [ RunTime:0.0100s ]
SQL: SELECT * FROM `wxt_school_class` WHERE ( schoolid = 4 )  [ RunTime:0.0010s ]

[ 2018-09-14T15:59:31+08:00 ] 127.0.0.1 /weixiaotong2016/index.php/Admin/AdminUtils/schoolclass?schoolid=7
INFO: [ app_begin ] --START--
INFO: Run Behavior\ReadHtmlCacheBehavior [ RunTime:0.001000s ]
INFO: Run Behavior\CheckLangBehavior [ RunTime:0.002000s ]
INFO: [ app_begin ] --END-- [ RunTime:0.004000s ]
SQL: SHOW COLUMNS FROM `wxt_school_class` [ RunTime:0.0090s ]
SQL: SELECT * FROM `wxt_school_class` WHERE ( schoolid = 7 )  [ RunTime:0.0000s ]

[ 2018-09-14T16:00:24+08:00 ] 127.0.0.1 /weixiaotong2016/index.php/Admin/MonitorStudentWeb/add_post
ERR: SQLSTATE[42000]: Syntax error or access violation: 1064 You have an error in your SQL syntax; check the manual that corresponds to your MySQL server version for the right syntax to use near ') LIMIT 1' at line 1

[ 2018-09-14T16:00:36+08:00 ] 127.0.0.1 /weixiaotong2016/index.php/Admin/MonitorStudentWeb/add_post
ERR: SQLSTATE[42000]: Syntax error or access violation: 1064 You have an error in your SQL syntax; check the manual that corresponds to your MySQL server version for the right syntax to use near ') LIMIT 1' at line 1

[ 2018-09-14T16:01:09+08:00 ] 127.0.0.1 /weixiaotong2016/index.php/Admin/AdminUtils/schoolclass?schoolid=4
INFO: [ app_begin ] --START--
INFO: Run Behavior\ReadHtmlCacheBehavior [ RunTime:0.002000s ]
INFO: Run Behavior\CheckLangBehavior [ RunTime:0.002000s ]
INFO: [ app_begin ] --END-- [ RunTime:0.004000s ]
SQL: SHOW COLUMNS FROM `wxt_school_class` [ RunTime:0.0100s ]
SQL: SELECT * FROM `wxt_school_class` WHERE ( schoolid = 4 )  [ RunTime:0.0000s ]

[ 2018-09-14T16:02:55+08:00 ] 127.0.0.1 /weixiaotong2016/index.php/Admin/AdminUtils/schoolclass?schoolid=7
INFO: [ app_begin ] --START--
INFO: Run Behavior\ReadHtmlCacheBehavior [ RunTime:0.001000s ]
INFO: Run Behavior\CheckLangBehavior [ RunTime:0.002000s ]
INFO: [ app_begin ] --END-- [ RunTime:0.004000s ]
SQL: SHOW COLUMNS FROM `wxt_school_class` [ RunTime:0.0080s ]
SQL: SELECT * FROM `wxt_school_class` WHERE ( schoolid = 7 )  [ RunTime:0.0010s ]

[ 2018-09-14T16:05:02+08:00 ] 127.0.0.1 /weixiaotong2016/index.php/Admin/AdminUtils/schoolclass?schoolid=9
INFO: [ app_begin ] --START--
INFO: Run Behavior\ReadHtmlCacheBehavior [ RunTime:0.001000s ]
INFO: Run Behavior\CheckLangBehavior [ RunTime:0.002000s ]
INFO: [ app_begin ] --END-- [ RunTime:0.004000s ]
SQL: SHOW COLUMNS FROM `wxt_school_class` [ RunTime:0.0100s ]
SQL: SELECT * FROM `wxt_school_class` WHERE ( schoolid = 9 )  [ RunTime:0.0000s ]

[ 2018-09-14T16:05:28+08:00 ] 127.0.0.1 /weixiaotong2016/index.php/Admin/AdminUtils/schoolclass?schoolid=4
INFO: [ app_begin ] --START--
INFO: Run Behavior\ReadHtmlCacheBehavior [ RunTime:0.001001s ]
INFO: Run Behavior\CheckLangBehavior [ RunTime:0.002000s ]
INFO: [ app_begin ] --END-- [ RunTime:0.004001s ]
SQL: SHOW COLUMNS FROM `wxt_school_class` [ RunTime:0.0090s ]
SQL: SELECT * FROM `wxt_school_class` WHERE ( schoolid = 4 )  [ RunTime:0.0000s ]

[ 2018-09-14T16:05:30+08:00 ] 127.0.0.1 /weixiaotong2016/index.php/Admin/MonitorStudentWeb/getStudent?schoolid=4&classid=21
INFO: [ app_begin ] --START--
INFO: Run Behavior\ReadHtmlCacheBehavior [ RunTime:0.001000s ]
INFO: Run Behavior\CheckLangBehavior [ RunTime:0.003000s ]
INFO: [ app_begin ] --END-- [ RunTime:0.005000s ]
SQL: SHOW COLUMNS FROM `wxt_users` [ RunTime:0.0100s ]
SQL: SELECT * FROM `wxt_users` WHERE ( id=1 ) LIMIT 1   [ RunTime:0.0010s ]
SQL: SHOW COLUMNS FROM `wxt_student_info` [ RunTime:0.0090s ]
SQL: SELECT userid as id,stu_name as name FROM `wxt_student_info` WHERE ( schoollid = 4 and classid = 21 )  [ RunTime:0.0020s ]
INFO: [ app_end ] --START--
INFO: Run Behavior\ShowPageTraceBehavior [ RunTime:0.001000s ]
INFO: [ app_end ] --END-- [ RunTime:0.001000s ]

[ 2018-09-14T16:12:30+08:00 ] 127.0.0.1 /weixiaotong2016/index.php/Admin/AdminUtils/schoolclass?schoolid=7
INFO: [ app_begin ] --START--
INFO: Run Behavior\ReadHtmlCacheBehavior [ RunTime:0.001000s ]
INFO: Run Behavior\CheckLangBehavior [ RunTime:0.002000s ]
INFO: [ app_begin ] --END-- [ RunTime:0.004000s ]
SQL: SHOW COLUMNS FROM `wxt_school_class` [ RunTime:0.0100s ]
SQL: SELECT * FROM `wxt_school_class` WHERE ( schoolid = 7 )  [ RunTime:0.0000s ]

[ 2018-09-14T16:12:31+08:00 ] 127.0.0.1 /weixiaotong2016/index.php/Admin/MonitorStudentWeb/getStudent?schoolid=7&classid=40
INFO: [ app_begin ] --START--
INFO: Run Behavior\ReadHtmlCacheBehavior [ RunTime:0.001000s ]
INFO: Run Behavior\CheckLangBehavior [ RunTime:0.002000s ]
INFO: [ app_begin ] --END-- [ RunTime:0.004000s ]
SQL: SHOW COLUMNS FROM `wxt_users` [ RunTime:0.0090s ]
SQL: SELECT * FROM `wxt_users` WHERE ( id=1 ) LIMIT 1   [ RunTime:0.0000s ]
SQL: SHOW COLUMNS FROM `wxt_student_info` [ RunTime:0.0100s ]
SQL: SELECT userid as id,stu_name as name FROM `wxt_student_info` WHERE ( schoollid = 7 and classid = 40 )  [ RunTime:0.0030s ]
INFO: [ app_end ] --START--
INFO: Run Behavior\ShowPageTraceBehavior [ RunTime:0.001000s ]
INFO: [ app_end ] --END-- [ RunTime:0.001000s ]

[ 2018-09-14T16:12:42+08:00 ] 127.0.0.1 /weixiaotong2016/index.php/Admin/AdminUtils/schoolclass?schoolid=8
INFO: [ app_begin ] --START--
INFO: Run Behavior\ReadHtmlCacheBehavior [ RunTime:0.001000s ]
INFO: Run Behavior\CheckLangBehavior [ RunTime:0.001000s ]
INFO: [ app_begin ] --END-- [ RunTime:0.004000s ]
SQL: SHOW COLUMNS FROM `wxt_school_class` [ RunTime:0.0080s ]
SQL: SELECT * FROM `wxt_school_class` WHERE ( schoolid = 8 )  [ RunTime:0.0000s ]

[ 2018-09-14T16:12:46+08:00 ] 127.0.0.1 /weixiaotong2016/index.php/Admin/AdminUtils/schoolclass?schoolid=5
INFO: [ app_begin ] --START--
INFO: Run Behavior\ReadHtmlCacheBehavior [ RunTime:0.001000s ]
INFO: Run Behavior\CheckLangBehavior [ RunTime:0.002000s ]
INFO: [ app_begin ] --END-- [ RunTime:0.004000s ]
SQL: SHOW COLUMNS FROM `wxt_school_class` [ RunTime:0.0090s ]
SQL: SELECT * FROM `wxt_school_class` WHERE ( schoolid = 5 )  [ RunTime:0.0000s ]

[ 2018-09-14T16:12:47+08:00 ] 127.0.0.1 /weixiaotong2016/index.php/Admin/AdminUtils/schoolclass?schoolid=8
INFO: [ app_begin ] --START--
INFO: Run Behavior\ReadHtmlCacheBehavior [ RunTime:0.001000s ]
INFO: Run Behavior\CheckLangBehavior [ RunTime:0.002000s ]
INFO: [ app_begin ] --END-- [ RunTime:0.004000s ]
SQL: SHOW COLUMNS FROM `wxt_school_class` [ RunTime:0.0070s ]
SQL: SELECT * FROM `wxt_school_class` WHERE ( schoolid = 8 )  [ RunTime:0.0010s ]

[ 2018-09-14T16:12:48+08:00 ] 127.0.0.1 /weixiaotong2016/index.php/Admin/AdminUtils/schoolclass?schoolid=5
INFO: [ app_begin ] --START--
INFO: Run Behavior\ReadHtmlCacheBehavior [ RunTime:0.001000s ]
INFO: Run Behavior\CheckLangBehavior [ RunTime:0.002000s ]
INFO: [ app_begin ] --END-- [ RunTime:0.004000s ]
SQL: SHOW COLUMNS FROM `wxt_school_class` [ RunTime:0.0090s ]
SQL: SELECT * FROM `wxt_school_class` WHERE ( schoolid = 5 )  [ RunTime:0.0000s ]

[ 2018-09-14T16:12:56+08:00 ] 127.0.0.1 /weixiaotong2016/index.php/Admin/AdminUtils/schoolclass?schoolid=6
INFO: [ app_begin ] --START--
INFO: Run Behavior\ReadHtmlCacheBehavior [ RunTime:0.002000s ]
INFO: Run Behavior\CheckLangBehavior [ RunTime:0.002000s ]
INFO: [ app_begin ] --END-- [ RunTime:0.004000s ]
SQL: SHOW COLUMNS FROM `wxt_school_class` [ RunTime:0.0090s ]
SQL: SELECT * FROM `wxt_school_class` WHERE ( schoolid = 6 )  [ RunTime:0.0010s ]

[ 2018-09-14T16:12:57+08:00 ] 127.0.0.1 /weixiaotong2016/index.php/Admin/MonitorStudentWeb/getStudent?schoolid=6&classid=43
INFO: [ app_begin ] --START--
INFO: Run Behavior\ReadHtmlCacheBehavior [ RunTime:0.001000s ]
INFO: Run Behavior\CheckLangBehavior [ RunTime:0.002000s ]
INFO: [ app_begin ] --END-- [ RunTime:0.004000s ]
SQL: SHOW COLUMNS FROM `wxt_users` [ RunTime:0.0090s ]
SQL: SELECT * FROM `wxt_users` WHERE ( id=1 ) LIMIT 1   [ RunTime:0.0000s ]
SQL: SHOW COLUMNS FROM `wxt_student_info` [ RunTime:0.0100s ]
SQL: SELECT userid as id,stu_name as name FROM `wxt_student_info` WHERE ( schoollid = 6 and classid = 43 )  [ RunTime:0.0020s ]
INFO: [ app_end ] --START--
INFO: Run Behavior\ShowPageTraceBehavior [ RunTime:0.001000s ]
INFO: [ app_end ] --END-- [ RunTime:0.001000s ]

[ 2018-09-14T16:15:00+08:00 ] 127.0.0.1 /weixiaotong2016/index.php/Admin/AdminUtils/schoolclass?schoolid=5
INFO: [ app_begin ] --START--
INFO: Run Behavior\ReadHtmlCacheBehavior [ RunTime:0.002000s ]
INFO: Run Behavior\CheckLangBehavior [ RunTime:0.002000s ]
INFO: [ app_begin ] --END-- [ RunTime:0.004000s ]
SQL: SHOW COLUMNS FROM `wxt_school_class` [ RunTime:0.0090s ]
SQL: SELECT * FROM `wxt_school_class` WHERE ( schoolid = 5 )  [ RunTime:0.0010s ]

[ 2018-09-14T16:18:05+08:00 ] 127.0.0.1 /weixiaotong2016/index.php/Admin/AdminUtils/schoolclass?schoolid=7
INFO: [ app_begin ] --START--
INFO: Run Behavior\ReadHtmlCacheBehavior [ RunTime:0.002000s ]
INFO: Run Behavior\CheckLangBehavior [ RunTime:0.002001s ]
INFO: [ app_begin ] --END-- [ RunTime:0.005001s ]
SQL: SHOW COLUMNS FROM `wxt_school_class` [ RunTime:0.0080s ]
SQL: SELECT * FROM `wxt_school_class` WHERE ( schoolid = 7 )  [ RunTime:0.0010s ]

[ 2018-09-14T16:18:06+08:00 ] 127.0.0.1 /weixiaotong2016/index.php/Admin/MonitorStudentWeb/getStudent?schoolid=7&classid=40
INFO: [ app_begin ] --START--
INFO: Run Behavior\ReadHtmlCacheBehavior [ RunTime:0.001000s ]
INFO: Run Behavior\CheckLangBehavior [ RunTime:0.002001s ]
INFO: [ app_begin ] --END-- [ RunTime:0.004001s ]
SQL: SHOW COLUMNS FROM `wxt_users` [ RunTime:0.0080s ]
SQL: SELECT * FROM `wxt_users` WHERE ( id=1 ) LIMIT 1   [ RunTime:0.0000s ]
SQL: SHOW COLUMNS FROM `wxt_student_info` [ RunTime:0.0090s ]
SQL: SELECT userid as id,stu_name as name FROM `wxt_student_info` WHERE ( schoollid = 7 and classid = 40 )  [ RunTime:0.0020s ]
INFO: [ app_end ] --START--
INFO: Run Behavior\ShowPageTraceBehavior [ RunTime:0.001000s ]
INFO: [ app_end ] --END-- [ RunTime:0.001000s ]

[ 2018-09-14T16:21:56+08:00 ] 127.0.0.1 /weixiaotong2016/index.php/Admin/AdminUtils/schoolclass?schoolid=4
INFO: [ app_begin ] --START--
INFO: Run Behavior\ReadHtmlCacheBehavior [ RunTime:0.001000s ]
INFO: Run Behavior\CheckLangBehavior [ RunTime:0.002000s ]
INFO: [ app_begin ] --END-- [ RunTime:0.004000s ]
SQL: SHOW COLUMNS FROM `wxt_school_class` [ RunTime:0.0090s ]
SQL: SELECT * FROM `wxt_school_class` WHERE ( schoolid = 4 )  [ RunTime:0.0000s ]

[ 2018-09-14T16:22:06+08:00 ] 127.0.0.1 /weixiaotong2016/index.php/Admin/MonitorStudentWeb/getStudent?schoolid=4&classid=18
INFO: [ app_begin ] --START--
INFO: Run Behavior\ReadHtmlCacheBehavior [ RunTime:0.001000s ]
INFO: Run Behavior\CheckLangBehavior [ RunTime:0.002000s ]
INFO: [ app_begin ] --END-- [ RunTime:0.003000s ]
SQL: SHOW COLUMNS FROM `wxt_users` [ RunTime:0.0090s ]
SQL: SELECT * FROM `wxt_users` WHERE ( id=1 ) LIMIT 1   [ RunTime:0.0000s ]
SQL: SHOW COLUMNS FROM `wxt_student_info` [ RunTime:0.0090s ]
SQL: SELECT userid as id,stu_name as name FROM `wxt_student_info` WHERE ( schoollid = 4 and classid = 18 )  [ RunTime:0.0020s ]
INFO: [ app_end ] --START--
INFO: Run Behavior\ShowPageTraceBehavior [ RunTime:0.002000s ]
INFO: [ app_end ] --END-- [ RunTime:0.002000s ]

[ 2018-09-14T16:22:24+08:00 ] 127.0.0.1 /weixiaotong2016/index.php/Admin/AdminUtils/schoolclass?schoolid=5
INFO: [ app_begin ] --START--
INFO: Run Behavior\ReadHtmlCacheBehavior [ RunTime:0.001000s ]
INFO: Run Behavior\CheckLangBehavior [ RunTime:0.002000s ]
INFO: [ app_begin ] --END-- [ RunTime:0.004000s ]
SQL: SHOW COLUMNS FROM `wxt_school_class` [ RunTime:0.0080s ]
SQL: SELECT * FROM `wxt_school_class` WHERE ( schoolid = 5 )  [ RunTime:0.0000s ]

[ 2018-09-14T16:22:28+08:00 ] 127.0.0.1 /weixiaotong2016/index.php/Admin/AdminUtils/schoolclass?schoolid=7
INFO: [ app_begin ] --START--
INFO: Run Behavior\ReadHtmlCacheBehavior [ RunTime:0.001000s ]
INFO: Run Behavior\CheckLangBehavior [ RunTime:0.002000s ]
INFO: [ app_begin ] --END-- [ RunTime:0.003000s ]
SQL: SHOW COLUMNS FROM `wxt_school_class` [ RunTime:0.0090s ]
SQL: SELECT * FROM `wxt_school_class` WHERE ( schoolid = 7 )  [ RunTime:0.0000s ]

[ 2018-09-14T16:22:54+08:00 ] 127.0.0.1 /weixiaotong2016/index.php/Admin/AdminUtils/schoolclass?schoolid=7
INFO: [ app_begin ] --START--
INFO: Run Behavior\ReadHtmlCacheBehavior [ RunTime:0.001000s ]
INFO: Run Behavior\CheckLangBehavior [ RunTime:0.003001s ]
INFO: [ app_begin ] --END-- [ RunTime:0.004001s ]
SQL: SHOW COLUMNS FROM `wxt_school_class` [ RunTime:0.0090s ]
SQL: SELECT * FROM `wxt_school_class` WHERE ( schoolid = 7 )  [ RunTime:0.0000s ]

[ 2018-09-14T16:22:56+08:00 ] 127.0.0.1 /weixiaotong2016/index.php/Admin/MonitorStudentWeb/getStudent?schoolid=7&classid=40
INFO: [ app_begin ] --START--
INFO: Run Behavior\ReadHtmlCacheBehavior [ RunTime:0.002000s ]
INFO: Run Behavior\CheckLangBehavior [ RunTime:0.002000s ]
INFO: [ app_begin ] --END-- [ RunTime:0.004000s ]
SQL: SHOW COLUMNS FROM `wxt_users` [ RunTime:0.0090s ]
SQL: SELECT * FROM `wxt_users` WHERE ( id=1 ) LIMIT 1   [ RunTime:0.0010s ]
SQL: SHOW COLUMNS FROM `wxt_student_info` [ RunTime:0.0090s ]
SQL: SELECT userid as id,stu_name as name FROM `wxt_student_info` WHERE ( schoollid = 7 and classid = 40 )  [ RunTime:0.0020s ]
INFO: [ app_end ] --START--
INFO: Run Behavior\ShowPageTraceBehavior [ RunTime:0.001000s ]
INFO: [ app_end ] --END-- [ RunTime:0.001000s ]

[ 2018-09-14T16:23:12+08:00 ] 127.0.0.1 /weixiaotong2016/index.php/Admin/AdminUtils/schoolclass?schoolid=4
INFO: [ app_begin ] --START--
INFO: Run Behavior\ReadHtmlCacheBehavior [ RunTime:0.001000s ]
INFO: Run Behavior\CheckLangBehavior [ RunTime:0.002000s ]
INFO: [ app_begin ] --END-- [ RunTime:0.004000s ]
SQL: SHOW COLUMNS FROM `wxt_school_class` [ RunTime:0.0090s ]
SQL: SELECT * FROM `wxt_school_class` WHERE ( schoolid = 4 )  [ RunTime:0.0000s ]

[ 2018-09-14T16:23:13+08:00 ] 127.0.0.1 /weixiaotong2016/index.php/Admin/MonitorStudentWeb/getStudent?schoolid=4&classid=20
INFO: [ app_begin ] --START--
INFO: Run Behavior\ReadHtmlCacheBehavior [ RunTime:0.001000s ]
INFO: Run Behavior\CheckLangBehavior [ RunTime:0.002000s ]
INFO: [ app_begin ] --END-- [ RunTime:0.004000s ]
SQL: SHOW COLUMNS FROM `wxt_users` [ RunTime:0.0090s ]
SQL: SELECT * FROM `wxt_users` WHERE ( id=1 ) LIMIT 1   [ RunTime:0.0000s ]
SQL: SHOW COLUMNS FROM `wxt_student_info` [ RunTime:0.0080s ]
SQL: SELECT userid as id,stu_name as name FROM `wxt_student_info` WHERE ( schoollid = 4 and classid = 20 )  [ RunTime:0.0020s ]
INFO: [ app_end ] --START--
INFO: Run Behavior\ShowPageTraceBehavior [ RunTime:0.001000s ]
INFO: [ app_end ] --END-- [ RunTime:0.001000s ]

[ 2018-09-14T16:23:35+08:00 ] 127.0.0.1 /weixiaotong2016/index.php/Admin/AdminUtils/schoolclass?schoolid=4
INFO: [ app_begin ] --START--
INFO: Run Behavior\ReadHtmlCacheBehavior [ RunTime:0.001000s ]
INFO: Run Behavior\CheckLangBehavior [ RunTime:0.002000s ]
INFO: [ app_begin ] --END-- [ RunTime:0.004000s ]
SQL: SHOW COLUMNS FROM `wxt_school_class` [ RunTime:0.0080s ]
SQL: SELECT * FROM `wxt_school_class` WHERE ( schoolid = 4 )  [ RunTime:0.0000s ]

[ 2018-09-14T16:23:36+08:00 ] 127.0.0.1 /weixiaotong2016/index.php/Admin/MonitorStudentWeb/getStudent?schoolid=4&classid=21
INFO: [ app_begin ] --START--
INFO: Run Behavior\ReadHtmlCacheBehavior [ RunTime:0.001000s ]
INFO: Run Behavior\CheckLangBehavior [ RunTime:0.002000s ]
INFO: [ app_begin ] --END-- [ RunTime:0.004000s ]
SQL: SHOW COLUMNS FROM `wxt_users` [ RunTime:0.0090s ]
SQL: SELECT * FROM `wxt_users` WHERE ( id=1 ) LIMIT 1   [ RunTime:0.0000s ]
SQL: SHOW COLUMNS FROM `wxt_student_info` [ RunTime:0.0090s ]
SQL: SELECT userid as id,stu_name as name FROM `wxt_student_info` WHERE ( schoollid = 4 and classid = 21 )  [ RunTime:0.0030s ]
INFO: [ app_end ] --START--
INFO: Run Behavior\ShowPageTraceBehavior [ RunTime:0.001000s ]
INFO: [ app_end ] --END-- [ RunTime:0.001000s ]

[ 2018-09-14T16:23:42+08:00 ] 127.0.0.1 /weixiaotong2016/index.php/Admin/MonitorStudentWeb/add_post
ERR: SQLSTATE[23000]: Integrity constraint violation: 1048 Column 'usermanage_id' cannot be null

[ 2018-09-14T16:23:57+08:00 ] 127.0.0.1 /weixiaotong2016/index.php/Admin/AdminUtils/schoolclass?schoolid=7
INFO: [ app_begin ] --START--
INFO: Run Behavior\ReadHtmlCacheBehavior [ RunTime:0.001000s ]
INFO: Run Behavior\CheckLangBehavior [ RunTime:0.002000s ]
INFO: [ app_begin ] --END-- [ RunTime:0.004000s ]
SQL: SHOW COLUMNS FROM `wxt_school_class` [ RunTime:0.0090s ]
SQL: SELECT * FROM `wxt_school_class` WHERE ( schoolid = 7 )  [ RunTime:0.0000s ]

[ 2018-09-14T16:23:58+08:00 ] 127.0.0.1 /weixiaotong2016/index.php/Admin/MonitorStudentWeb/getStudent?schoolid=7&classid=39
INFO: [ app_begin ] --START--
INFO: Run Behavior\ReadHtmlCacheBehavior [ RunTime:0.001000s ]
INFO: Run Behavior\CheckLangBehavior [ RunTime:0.002000s ]
INFO: [ app_begin ] --END-- [ RunTime:0.004000s ]
SQL: SHOW COLUMNS FROM `wxt_users` [ RunTime:0.0090s ]
SQL: SELECT * FROM `wxt_users` WHERE ( id=1 ) LIMIT 1   [ RunTime:0.0010s ]
SQL: SHOW COLUMNS FROM `wxt_student_info` [ RunTime:0.0080s ]
SQL: SELECT userid as id,stu_name as name FROM `wxt_student_info` WHERE ( schoollid = 7 and classid = 39 )  [ RunTime:0.0020s ]
INFO: [ app_end ] --START--
INFO: Run Behavior\ShowPageTraceBehavior [ RunTime:0.001000s ]
INFO: [ app_end ] --END-- [ RunTime:0.001000s ]

[ 2018-09-14T16:26:41+08:00 ] 127.0.0.1 /weixiaotong2016/index.php/Admin/Student/index/menuid/246
NOTIC: D方法实例化没找到模型类Common\Model\SchoolModel
NOTIC: D方法实例化没找到模型类Common\Model\SchoolClassModel
NOTIC: D方法实例化没找到模型类Common\Model\ClassRelationshipModel
NOTIC: D方法实例化没找到模型类Common\Model\AppellationModel
NOTIC: D方法实例化没找到模型类Common\Model\WxtuserModel
NOTIC: D方法实例化没找到模型类Common\Model\RelationStuUserModel
NOTIC: D方法实例化没找到模型类Common\Model\StudentInfoModel

[ 2018-09-14T16:26:45+08:00 ] 127.0.0.1 /weixiaotong2016/index.php/Admin/Student/idupload
NOTIC: D方法实例化没找到模型类Common\Model\SchoolModel
NOTIC: D方法实例化没找到模型类Common\Model\SchoolClassModel
NOTIC: D方法实例化没找到模型类Common\Model\ClassRelationshipModel
NOTIC: D方法实例化没找到模型类Common\Model\AppellationModel
NOTIC: D方法实例化没找到模型类Common\Model\WxtuserModel
NOTIC: D方法实例化没找到模型类Common\Model\RelationStuUserModel
NOTIC: D方法实例化没找到模型类Common\Model\StudentInfoModel

[ 2018-09-14T16:26:47+08:00 ] 127.0.0.1 /weixiaotong2016/index.php/Admin/Student/index
NOTIC: D方法实例化没找到模型类Common\Model\SchoolModel
NOTIC: D方法实例化没找到模型类Common\Model\SchoolClassModel
NOTIC: D方法实例化没找到模型类Common\Model\ClassRelationshipModel
NOTIC: D方法实例化没找到模型类Common\Model\AppellationModel
NOTIC: D方法实例化没找到模型类Common\Model\WxtuserModel
NOTIC: D方法实例化没找到模型类Common\Model\RelationStuUserModel
NOTIC: D方法实例化没找到模型类Common\Model\StudentInfoModel

[ 2018-09-14T16:26:48+08:00 ] 127.0.0.1 /weixiaotong2016/index.php/Admin/AdjustClass/index/menuid/327
NOTIC: D方法实例化没找到模型类Common\Model\SchoolModel
NOTIC: D方法实例化没找到模型类Common\Model\SchoolClassModel
NOTIC: D方法实例化没找到模型类Common\Model\ClassRelationshipModel
NOTIC: D方法实例化没找到模型类Common\Model\AppellationModel
NOTIC: D方法实例化没找到模型类Common\Model\WxtuserModel
NOTIC: D方法实例化没找到模型类Common\Model\RelationStuUserModel

[ 2018-09-14T16:26:51+08:00 ] 127.0.0.1 /weixiaotong2016/index.php/Admin/AdjustClass/index/menuid/327
NOTIC: D方法实例化没找到模型类Common\Model\SchoolModel
NOTIC: D方法实例化没找到模型类Common\Model\SchoolClassModel
NOTIC: D方法实例化没找到模型类Common\Model\ClassRelationshipModel
NOTIC: D方法实例化没找到模型类Common\Model\AppellationModel
NOTIC: D方法实例化没找到模型类Common\Model\WxtuserModel
NOTIC: D方法实例化没找到模型类Common\Model\RelationStuUserModel

[ 2018-09-14T16:27:04+08:00 ] 127.0.0.1 /weixiaotong2016/index.php/Admin/Teacher/index/menuid/194
NOTIC: D方法实例化没找到模型类Common\Model\SchoolModel
NOTIC: D方法实例化没找到模型类Common\Model\SchoolClassModel
NOTIC: D方法实例化没找到模型类Common\Model\WxtuserModel
NOTIC: D方法实例化没找到模型类Common\Model\TeacherInfoModel
NOTIC: D方法实例化没找到模型类Common\Model\ClassRelationshipModel
NOTIC: D方法实例化没找到模型类Common\Model\TeacherClassModel
NOTIC: D方法实例化没找到模型类Common\Model\DepartmentModel
NOTIC: D方法实例化没找到模型类Common\Model\SchoolDutyModel
NOTIC: D方法实例化没找到模型类Common\Model\DutyTeacherModel
NOTIC: D方法实例化没找到模型类Common\Model\DepartmentTeacherModel
NOTIC: D方法实例化没找到模型类Common\Model\CityModel

[ 2018-09-14T16:27:06+08:00 ] 127.0.0.1 /weixiaotong2016/index.php/Admin/Teacher/index/menuid/194
NOTIC: D方法实例化没找到模型类Common\Model\SchoolModel
NOTIC: D方法实例化没找到模型类Common\Model\SchoolClassModel
NOTIC: D方法实例化没找到模型类Common\Model\WxtuserModel
NOTIC: D方法实例化没找到模型类Common\Model\TeacherInfoModel
NOTIC: D方法实例化没找到模型类Common\Model\ClassRelationshipModel
NOTIC: D方法实例化没找到模型类Common\Model\TeacherClassModel
NOTIC: D方法实例化没找到模型类Common\Model\DepartmentModel
NOTIC: D方法实例化没找到模型类Common\Model\SchoolDutyModel
NOTIC: D方法实例化没找到模型类Common\Model\DutyTeacherModel
NOTIC: D方法实例化没找到模型类Common\Model\DepartmentTeacherModel
NOTIC: D方法实例化没找到模型类Common\Model\CityModel

[ 2018-09-14T16:27:09+08:00 ] 127.0.0.1 /weixiaotong2016/index.php/Admin/Student/student
NOTIC: D方法实例化没找到模型类Common\Model\SchoolModel
NOTIC: D方法实例化没找到模型类Common\Model\SchoolClassModel
NOTIC: D方法实例化没找到模型类Common\Model\ClassRelationshipModel
NOTIC: D方法实例化没找到模型类Common\Model\AppellationModel
NOTIC: D方法实例化没找到模型类Common\Model\WxtuserModel
NOTIC: D方法实例化没找到模型类Common\Model\RelationStuUserModel
NOTIC: D方法实例化没找到模型类Common\Model\StudentInfoModel

