[ 2018-09-11T09:27:04+08:00 ] 127.0.0.1 /weixiaotong2016/index.php?g=user&m=Login&a=write_user_session
INFO: [ app_begin ] --START--
INFO: Run Behavior\ReadHtmlCacheBehavior [ RunTime:0.001000s ]
INFO: Run Behavior\CheckLangBehavior [ RunTime:0.002000s ]
INFO: [ app_begin ] --END-- [ RunTime:0.004000s ]
NOTIC: [8] A session had already been started - ignoring session_start() D:\phpStudy\WWW\weixiaotong2016\application\User\Controller\LoginController.class.php 第 85 行.
SQL: SHOW COLUMNS FROM `wxt_duty_teacher` [ RunTime:0.0150s ]
SQL: SELECT school_duty.level FROM wxt_duty_teacher teacher INNER JOIN wxt_school_duty school_duty ON teacher.duty_id = school_duty.id  WHERE teacher.schoolid = '7' AND teacher.teacher_id = '2433' ORDER BY school_duty.level ASC LIMIT 1   [ RunTime:0.0190s ]

[ 2018-09-11T18:36:47+08:00 ] 127.0.0.1 /weixiaotong2016/index.php?g=user&m=Login&a=write_user_session
INFO: [ app_begin ] --START--
INFO: Run Behavior\ReadHtmlCacheBehavior [ RunTime:0.001000s ]
INFO: Run Behavior\CheckLangBehavior [ RunTime:0.002000s ]
INFO: [ app_begin ] --END-- [ RunTime:0.003000s ]
NOTIC: [8] A session had already been started - ignoring session_start() D:\phpStudy\WWW\weixiaotong2016\application\User\Controller\LoginController.class.php 第 85 行.
SQL: SHOW COLUMNS FROM `wxt_duty_teacher` [ RunTime:0.0080s ]
SQL: SELECT school_duty.level FROM wxt_duty_teacher teacher INNER JOIN wxt_school_duty school_duty ON teacher.duty_id = school_duty.id  WHERE teacher.schoolid = '7' AND teacher.teacher_id = '2433' ORDER BY school_duty.level ASC LIMIT 1   [ RunTime:0.0040s ]

[ 2018-09-11T18:36:47+08:00 ] 127.0.0.1 /weixiaotong2016/index.php?g=user&m=Login&a=write_user_session
INFO: [ app_begin ] --START--
INFO: Run Behavior\ReadHtmlCacheBehavior [ RunTime:0.001000s ]
INFO: Run Behavior\CheckLangBehavior [ RunTime:0.002000s ]
INFO: [ app_begin ] --END-- [ RunTime:0.004000s ]
NOTIC: [8] A session had already been started - ignoring session_start() D:\phpStudy\WWW\weixiaotong2016\application\User\Controller\LoginController.class.php 第 85 行.
SQL: SHOW COLUMNS FROM `wxt_duty_teacher` [ RunTime:0.0080s ]
SQL: SELECT school_duty.level FROM wxt_duty_teacher teacher INNER JOIN wxt_school_duty school_duty ON teacher.duty_id = school_duty.id  WHERE teacher.schoolid = '7' AND teacher.teacher_id = '2433' ORDER BY school_duty.level ASC LIMIT 1   [ RunTime:0.0010s ]

